INFO	[2012-09-06 17:32:48:785] <9472> ===============================================================
INFO	[2012-09-06 17:32:48:785] <9472> START AgsPay40 php (OS:Linux2.6.18-238.9.1.el5xen,PHP:5.2.17)
INFO	[2012-09-06 17:32:48:785] <9472> card Pay Start!
INFO	[2012-09-06 17:32:48:786] <9472> AgsPayHome:/mnt/DATA/WWW/scomdcom.com/loveholic/agspay/
INFO	[2012-09-06 17:32:48:786] <9472> StoreId:aegis
INFO	[2012-09-06 17:32:48:786] <9472> log:true
INFO	[2012-09-06 17:32:48:786] <9472> logLevel:INFO
INFO	[2012-09-06 17:32:48:786] <9472> UseNetCancel:true
INFO	[2012-09-06 17:32:48:786] <9472> Type:Pay
INFO	[2012-09-06 17:32:48:786] <9472> RecvLen:7
INFO	[2012-09-06 17:32:48:786] <9472> AuthTy:card
INFO	[2012-09-06 17:32:48:786] <9472> SubTy:visa3d
INFO	[2012-09-06 17:32:48:786] <9472> OrdNo:100000009
INFO	[2012-09-06 17:32:48:786] <9472> Amt:16000
INFO	[2012-09-06 17:32:48:786] <9472> UserEmail:noff@naver.com
INFO	[2012-09-06 17:32:48:786] <9472> ProdNm:Î†àÎìúÌè≠Ïä§
INFO	[2012-09-06 17:32:48:786] <9472> MallUrl:http://www.scomdcom.com
INFO	[2012-09-06 17:32:48:786] <9472> UserId:
INFO	[2012-09-06 17:32:48:786] <9472> OrdNm:Î∞ïÏö©ÎÇ®
INFO	[2012-09-06 17:32:48:786] <9472> OrdPhone:010-2717-8221
INFO	[2012-09-06 17:32:48:787] <9472> OrdAddr:ÏÑúÏö∏ ÏÑúÎåÄÎ¨∏Íµ¨ Ï∞ΩÏ≤úÎèô 122
INFO	[2012-09-06 17:32:48:787] <9472> RcpNm:Î∞ïÏö©ÎÇ®
INFO	[2012-09-06 17:32:48:787] <9472> RcpPhone:010-2717-8221
INFO	[2012-09-06 17:32:48:787] <9472> DlvAddr:ÏÑúÏö∏ ÏÑúÎåÄÎ¨∏Íµ¨ Ï∞ΩÏ≤úÎèô 122
INFO	[2012-09-06 17:32:48:787] <9472> Remark:dd
INFO	[2012-09-06 17:32:48:787] <9472> DeviId:9000400001
INFO	[2012-09-06 17:32:48:787] <9472> AuthYn:N;211.48.34.44;N;;16000;;null;;;
INFO	[2012-09-06 17:32:48:787] <9472> Instmt:00
INFO	[2012-09-06 17:32:48:787] <9472> UserIp:211.48.34.44
INFO	[2012-09-06 17:32:48:787] <9472> partial_mm:
INFO	[2012-09-06 17:32:48:787] <9472> noIntMonth:
INFO	[2012-09-06 17:32:48:787] <9472> KVP_CURRENCY:WON
INFO	[2012-09-06 17:32:48:787] <9472> KVP_CARDCODE:
INFO	[2012-09-06 17:32:48:787] <9472> KVP_SESSIONKEY:
INFO	[2012-09-06 17:32:48:787] <9472> KVP_ENCDATA:
INFO	[2012-09-06 17:32:48:787] <9472> KVP_CONAME:
INFO	[2012-09-06 17:32:48:787] <9472> KVP_NOINT:
INFO	[2012-09-06 17:32:48:787] <9472> KVP_QUOTA:
INFO	[2012-09-06 17:32:48:788] <9472> CardNo:4374360069657003
INFO	[2012-09-06 17:32:48:788] <9472> MPI_CAVV:AAABAUaBQSASCQYXMoFBAAAAAAA=
INFO	[2012-09-06 17:32:48:788] <9472> MPI_ECI:05
INFO	[2012-09-06 17:32:48:788] <9472> MPI_MD64:MjAxMjA5MDYxNzMyMDk2NDExMDY=
INFO	[2012-09-06 17:32:48:788] <9472> ExpMon:12
INFO	[2012-09-06 17:32:48:788] <9472> ExpYear:2049
INFO	[2012-09-06 17:32:48:788] <9472> Passwd:
INFO	[2012-09-06 17:32:48:788] <9472> SocId:
INFO	[2012-09-06 17:32:48:788] <9472> ICHE_OUTBANKNAME:
INFO	[2012-09-06 17:32:48:788] <9472> ICHE_OUTACCTNO:
INFO	[2012-09-06 17:32:48:788] <9472> ICHE_OUTBANKMASTER:
INFO	[2012-09-06 17:32:48:788] <9472> ICHE_AMOUNT:
INFO	[2012-09-06 17:32:48:788] <9472> HP_SERVERINFO:
INFO	[2012-09-06 17:32:48:788] <9472> HP_HANDPHONE:
INFO	[2012-09-06 17:32:48:788] <9472> HP_COMPANY:
INFO	[2012-09-06 17:32:48:788] <9472> HP_ID:
INFO	[2012-09-06 17:32:48:788] <9472> HP_SUBID:
INFO	[2012-09-06 17:32:48:788] <9472> HP_UNITType:2
INFO	[2012-09-06 17:32:48:789] <9472> HP_IDEN:
INFO	[2012-09-06 17:32:48:789] <9472> HP_IPADDR:
INFO	[2012-09-06 17:32:48:789] <9472> ARS_NAME:
INFO	[2012-09-06 17:32:48:789] <9472> ARS_PHONE:
INFO	[2012-09-06 17:32:48:789] <9472> VIRTUAL_CENTERCD:99
INFO	[2012-09-06 17:32:48:789] <9472> VIRTUAL_DEPODT:
INFO	[2012-09-06 17:32:48:789] <9472> ZuminCode:
INFO	[2012-09-06 17:32:48:789] <9472> MallPage:/mall/AGS_VirAcctResult.php
INFO	[2012-09-06 17:32:48:789] <9472> VIRTUAL_NO:
INFO	[2012-09-06 17:32:48:789] <9472> ES_SENDNO:
INFO	[2012-09-06 17:32:48:789] <9472> ICHE_SOCKETYN:Y
INFO	[2012-09-06 17:32:48:789] <9472> ICHE_POSMTID:
INFO	[2012-09-06 17:32:48:789] <9472> ICHE_FNBCMTID:
INFO	[2012-09-06 17:32:48:789] <9472> ICHE_APTRTS:
INFO	[2012-09-06 17:32:48:789] <9472> ICHE_REMARK1:
INFO	[2012-09-06 17:32:48:789] <9472> ICHE_REMARK2:
INFO	[2012-09-06 17:32:48:789] <9472> ICHE_ECWYN:
INFO	[2012-09-06 17:32:48:790] <9472> ICHE_ECWID:
INFO	[2012-09-06 17:32:48:790] <9472> ICHE_ECWAMT1:
INFO	[2012-09-06 17:32:48:790] <9472> ICHE_ECWAMT2:
INFO	[2012-09-06 17:32:48:790] <9472> ICHE_CASHYN:N
INFO	[2012-09-06 17:32:48:790] <9472> ICHE_CASHGUBUN_CD:
INFO	[2012-09-06 17:32:48:790] <9472> ICHE_CASHID_NO:
INFO	[2012-09-06 17:32:48:790] <9472> ICHEARS_SOCKETYN:Y
INFO	[2012-09-06 17:32:48:790] <9472> ICHEARS_ADMNO:
INFO	[2012-09-06 17:32:48:790] <9472> ICHEARS_POSMTID:
INFO	[2012-09-06 17:32:48:790] <9472> ICHEARS_CENTERCD:
INFO	[2012-09-06 17:32:48:790] <9472> ICHEARS_HPNO:
INFO	[2012-09-06 17:32:48:790] <9472> Make NetCancel ID Start
INFO	[2012-09-06 17:32:48:790] <9472> AEGIS_VISAaegis_20120906173248790131
INFO	[2012-09-06 17:32:48:790] <9472> Make NetCancel ID End
INFO	[2012-09-06 17:32:48:790] <9472> Make NetCancelID OK
INFO	[2012-09-06 17:32:48:790] <9472> Make Msg Start
INFO	[2012-09-06 17:32:48:790] <9472> Encrypt Start
INFO	[2012-09-06 17:32:48:791] <9472> Encrypt End
INFO	[2012-09-06 17:32:48:791] <9472> Encrypt Start
INFO	[2012-09-06 17:32:48:791] <9472> Encrypt End
INFO	[2012-09-06 17:32:48:791] <9472> Encrypt Start
INFO	[2012-09-06 17:32:48:791] <9472> Encrypt End
INFO	[2012-09-06 17:32:48:791] <9472> Encrypt Start
INFO	[2012-09-06 17:32:48:791] <9472> Encrypt End
INFO	[2012-09-06 17:32:48:791] <9472> card-visa3d Make MSG OK 
INFO	[2012-09-06 17:32:48:791] <9472> Make Msg End
INFO	[2012-09-06 17:32:48:791] <9472> Make Pay Msg OK
INFO	[2012-09-06 17:32:48:791] <9472> Send & Recv Msg Start
INFO	[2012-09-06 17:32:48:791] <9472> Send Data To PG Start [ 
INFO	[2012-09-06 17:32:48:791] <9472> 0:0003430plug15
INFO	[2012-09-06 17:32:48:791] <9472> 1:aegis
INFO	[2012-09-06 17:32:48:791] <9472> 2:
INFO	[2012-09-06 17:32:48:791] <9472> 3:16000
INFO	[2012-09-06 17:32:48:791] <9472> 4:100000009
INFO	[2012-09-06 17:32:48:791] <9472> 5:9000400001
INFO	[2012-09-06 17:32:48:791] <9472> 6:3748311563608819
INFO	[2012-09-06 17:32:48:791] <9472> 7:283587
INFO	[2012-09-06 17:32:48:791] <9472> 8:00
INFO	[2012-09-06 17:32:48:791] <9472> 9:N;211.48.34.44;N;;16000;;null;;;
INFO	[2012-09-06 17:32:48:791] <9472> 10:
INFO	[2012-09-06 17:32:48:791] <9472> 11:
INFO	[2012-09-06 17:32:48:791] <9472> 12:Î∞ïÏö©ÎÇ®
INFO	[2012-09-06 17:32:48:791] <9472> 13:010-2717-8221
INFO	[2012-09-06 17:32:48:791] <9472> 14:ÏÑúÏö∏ ÏÑúÎåÄÎ¨∏Íµ¨ Ï∞ΩÏ≤úÎèô 122
INFO	[2012-09-06 17:32:48:791] <9472> 15:Î∞ïÏö©ÎÇ®
INFO	[2012-09-06 17:32:48:791] <9472> 16:211.48.34.44;010-2717-8221
INFO	[2012-09-06 17:32:48:791] <9472> 17:noff@naver.com;dd
INFO	[2012-09-06 17:32:48:791] <9472> 18:Î†àÎìúÌè≠Ïä§
INFO	[2012-09-06 17:32:48:791] <9472> 19:AAABAUaBQSASCQYXMoFBAAAAAAA=
INFO	[2012-09-06 17:32:48:791] <9472> 20:MjAxMjA5MDYxNzMyMDk2NDExMDY=
INFO	[2012-09-06 17:32:48:791] <9472> 21:05
INFO	[2012-09-06 17:32:48:791] <9472> 22:noff@naver.com
INFO	[2012-09-06 17:32:48:791] <9472> 23:AEGIS_VISAaegis_20120906173248790131
INFO	[2012-09-06 17:32:48:791] <9472> 24:
INFO	[2012-09-06 17:32:48:791] <9472> ] Send Data To PG End 
INFO	[2012-09-06 17:32:48:792] <9472> SendMsg : [0003430plug15|aegis||16000|100000009|9000400001|3748311563608819|283587|00|N;211.48.34.44;N;;16000;;null;;;|||Î∞ïÏö©ÎÇ®|010-2717-8221|ÏÑúÏö∏ ÏÑúÎåÄÎ¨∏Íµ¨ Ï∞ΩÏ≤úÎèô 122|Î∞ïÏö©ÎÇ®|211.48.34.44;010-2717-8221|noff@naver.com;dd|Î†àÎìúÌè≠Ïä§|AAABAUaBQSASCQYXMoFBAAAAAAA=|MjAxMjA5MDYxNzMyMDk2NDExMDY=|05|noff@naver.com|AEGIS_VISAaegis_20120906173248790131|]
INFO	[2012-09-06 17:32:48:792] <9472> Connect IP:[220.85.12.3] Port:[29760]
INFO	[2012-09-06 17:32:48:811] <9472> Socket Open OK
INFO	[2012-09-06 17:32:49:842] <9472> RecvMsg Length : [000106]
INFO	[2012-09-06 17:32:49:843] <9472> RecvMsg : [aegis|0610|100000009|10056037|000000016000|y|¡§ªÛΩ¬¿Œ|Ω≈«—|20120906173249|0500|18570317|0500|Ω≈«—|510455|
]
INFO	[2012-09-06 17:32:49:843] <9472> Socket Close OK
INFO	[2012-09-06 17:32:49:843] <9472> RecvMsg Length Check OK
INFO	[2012-09-06 17:32:49:843] <9472> Send & Recv Msg End
INFO	[2012-09-06 17:32:49:843] <9472> Send & Recv Msg OK
INFO	[2012-09-06 17:32:49:843] <9472> Parse Msg Start
INFO	[2012-09-06 17:32:49:843] <9472> card-visa3d RECV MSG Parsing OK 
INFO	[2012-09-06 17:32:49:843] <9472> Parse Msg End
INFO	[2012-09-06 17:32:49:843] <9472> Msg Parsing OK
INFO	[2012-09-06 17:32:49:843] <9472> card Pay Result Value [
INFO	[2012-09-06 17:32:49:843] <9472> NetCancID:AEGIS_VISAaegis_20120906173248790131
INFO	[2012-09-06 17:32:49:843] <9472> rStoreId:aegis
INFO	[2012-09-06 17:32:49:843] <9472> rBusiCd:0610
INFO	[2012-09-06 17:32:49:843] <9472> rOrdNo:100000009
INFO	[2012-09-06 17:32:49:843] <9472> rApprNo:10056037
INFO	[2012-09-06 17:32:49:844] <9472> rInstmt:00
INFO	[2012-09-06 17:32:49:844] <9472> rAmt:000000016000
INFO	[2012-09-06 17:32:49:844] <9472> rSuccYn:y
INFO	[2012-09-06 17:32:49:844] <9472> rResMsg:¡§ªÛΩ¬¿Œ
INFO	[2012-09-06 17:32:49:844] <9472> rCardNm:Ω≈«—
INFO	[2012-09-06 17:32:49:844] <9472> rApprTm:20120906173249
INFO	[2012-09-06 17:32:49:844] <9472> rCardCd:0500
INFO	[2012-09-06 17:32:49:844] <9472> rMembNo:18570317
INFO	[2012-09-06 17:32:49:844] <9472> rAquiCd:0500
INFO	[2012-09-06 17:32:49:844] <9472> rAquiNm:Ω≈«—
INFO	[2012-09-06 17:32:49:844] <9472> rDealNo:510455
INFO	[2012-09-06 17:32:49:844] <9472> rProdNm:Î†àÎìúÌè≠Ïä§
INFO	[2012-09-06 17:32:49:844] <9472> ]
INFO	[2012-09-06 17:32:49:844] <9472> END  ¡§ªÛΩ¬¿Œ Transaction time:[1.087sec]
INFO	[2012-09-06 17:32:49:844] <9472> ===============================================================
