INFO	[2012-08-28 15:35:22:133] <12732> ===============================================================
INFO	[2012-08-28 15:35:22:133] <12732> START AgsPay40 php (OS:Darwin12.0.0,PHP:5.3.5)
INFO	[2012-08-28 15:36:11:272] <14095> ===============================================================
INFO	[2012-08-28 15:36:11:272] <14095> START AgsPay40 php (OS:Darwin12.0.0,PHP:5.3.5)
INFO	[2012-08-28 15:38:42:958] <12798> ===============================================================
INFO	[2012-08-28 15:38:42:958] <12798> START AgsPay40 php (OS:Darwin12.0.0,PHP:5.3.5)
INFO	[2012-08-28 15:38:42:958] <12798> card Pay Start!
INFO	[2012-08-28 15:38:42:958] <12798> AgsPayHome:/Applications/MAMP/htdocs/loveholic/agspay/
INFO	[2012-08-28 15:38:42:958] <12798> StoreId:aegis
INFO	[2012-08-28 15:38:42:958] <12798> log:true
INFO	[2012-08-28 15:38:42:958] <12798> logLevel:INFO
INFO	[2012-08-28 15:38:42:958] <12798> UseNetCancel:true
INFO	[2012-08-28 15:38:42:958] <12798> Type:Pay
INFO	[2012-08-28 15:38:42:959] <12798> RecvLen:7
INFO	[2012-08-28 15:38:42:959] <12798> AuthTy:card
INFO	[2012-08-28 15:38:42:959] <12798> SubTy:visa3d
INFO	[2012-08-28 15:38:42:959] <12798> OrdNo:1000000001
INFO	[2012-08-28 15:38:42:959] <12798> Amt:1000
INFO	[2012-08-28 15:38:42:959] <12798> UserEmail:test@test.com
INFO	[2012-08-28 15:38:42:959] <12798> ProdNm:마우스
INFO	[2012-08-28 15:38:42:959] <12798> MallUrl:http://www.allthegate.com
INFO	[2012-08-28 15:38:42:959] <12798> UserId:test
INFO	[2012-08-28 15:38:42:959] <12798> OrdNm:홍길동
INFO	[2012-08-28 15:38:42:959] <12798> OrdPhone:02-111-1111
INFO	[2012-08-28 15:38:42:959] <12798> OrdAddr:서울시 강남구 청담동
INFO	[2012-08-28 15:38:42:959] <12798> RcpNm:김길동
INFO	[2012-08-28 15:38:42:959] <12798> RcpPhone:02-111-1111
INFO	[2012-08-28 15:38:42:959] <12798> DlvAddr:서울시 강남구 청담동
INFO	[2012-08-28 15:38:42:959] <12798> Remark:오후에 배송요망
INFO	[2012-08-28 15:38:42:959] <12798> DeviId:9000400001
INFO	[2012-08-28 15:38:42:959] <12798> AuthYn:N;211.48.34.44;N;;1000;;null;;;
INFO	[2012-08-28 15:38:42:959] <12798> Instmt:00
INFO	[2012-08-28 15:38:42:959] <12798> UserIp:192.168.0.1
INFO	[2012-08-28 15:38:42:959] <12798> partial_mm:
INFO	[2012-08-28 15:38:42:959] <12798> noIntMonth:
INFO	[2012-08-28 15:38:42:959] <12798> KVP_CURRENCY:WON
INFO	[2012-08-28 15:38:42:959] <12798> KVP_CARDCODE:
INFO	[2012-08-28 15:38:42:959] <12798> KVP_SESSIONKEY:
INFO	[2012-08-28 15:38:42:959] <12798> KVP_ENCDATA:
INFO	[2012-08-28 15:38:42:959] <12798> KVP_CONAME:
INFO	[2012-08-28 15:38:42:959] <12798> KVP_NOINT:
INFO	[2012-08-28 15:38:42:959] <12798> KVP_QUOTA:
INFO	[2012-08-28 15:38:42:959] <12798> CardNo:9409511202360073
INFO	[2012-08-28 15:38:42:959] <12798> MPI_CAVV:AAABBjB5ACASCCh4InkAAAAAAAA=
INFO	[2012-08-28 15:38:42:959] <12798> MPI_ECI:05
INFO	[2012-08-28 15:38:42:959] <12798> MPI_MD64:MjAxMjA4MjgxNTM4MTUxODcxMDY=
INFO	[2012-08-28 15:38:42:959] <12798> ExpMon:12
INFO	[2012-08-28 15:38:42:959] <12798> ExpYear:2049
INFO	[2012-08-28 15:38:42:959] <12798> Passwd:
INFO	[2012-08-28 15:38:42:959] <12798> SocId:
INFO	[2012-08-28 15:38:42:960] <12798> ICHE_OUTBANKNAME:
INFO	[2012-08-28 15:38:42:960] <12798> ICHE_OUTACCTNO:
INFO	[2012-08-28 15:38:42:960] <12798> ICHE_OUTBANKMASTER:
INFO	[2012-08-28 15:38:42:960] <12798> ICHE_AMOUNT:
INFO	[2012-08-28 15:38:42:960] <12798> HP_SERVERINFO:
INFO	[2012-08-28 15:38:42:960] <12798> HP_HANDPHONE:
INFO	[2012-08-28 15:38:42:960] <12798> HP_COMPANY:
INFO	[2012-08-28 15:38:42:960] <12798> HP_ID:
INFO	[2012-08-28 15:38:42:960] <12798> HP_SUBID:
INFO	[2012-08-28 15:38:42:960] <12798> HP_UNITType:1
INFO	[2012-08-28 15:38:42:960] <12798> HP_IDEN:
INFO	[2012-08-28 15:38:42:960] <12798> HP_IPADDR:
INFO	[2012-08-28 15:38:42:960] <12798> ARS_NAME:
INFO	[2012-08-28 15:38:42:960] <12798> ARS_PHONE:
INFO	[2012-08-28 15:38:42:960] <12798> VIRTUAL_CENTERCD:99
INFO	[2012-08-28 15:38:42:960] <12798> VIRTUAL_DEPODT:
INFO	[2012-08-28 15:38:42:960] <12798> ZuminCode:
INFO	[2012-08-28 15:38:42:960] <12798> MallPage:/mall/AGS_VirAcctResult.php
INFO	[2012-08-28 15:38:42:960] <12798> VIRTUAL_NO:
INFO	[2012-08-28 15:38:42:960] <12798> ES_SENDNO:
INFO	[2012-08-28 15:38:42:960] <12798> ICHE_SOCKETYN:Y
INFO	[2012-08-28 15:38:42:960] <12798> ICHE_POSMTID:
INFO	[2012-08-28 15:38:42:960] <12798> ICHE_FNBCMTID:
INFO	[2012-08-28 15:38:42:960] <12798> ICHE_APTRTS:
INFO	[2012-08-28 15:38:42:960] <12798> ICHE_REMARK1:
INFO	[2012-08-28 15:38:42:960] <12798> ICHE_REMARK2:
INFO	[2012-08-28 15:38:42:960] <12798> ICHE_ECWYN:
INFO	[2012-08-28 15:38:42:960] <12798> ICHE_ECWID:
INFO	[2012-08-28 15:38:42:960] <12798> ICHE_ECWAMT1:
INFO	[2012-08-28 15:38:42:960] <12798> ICHE_ECWAMT2:
INFO	[2012-08-28 15:38:42:960] <12798> ICHE_CASHYN:N
INFO	[2012-08-28 15:38:42:960] <12798> ICHE_CASHGUBUN_CD:
INFO	[2012-08-28 15:38:42:960] <12798> ICHE_CASHID_NO:
INFO	[2012-08-28 15:38:42:960] <12798> ICHEARS_SOCKETYN:Y
INFO	[2012-08-28 15:38:42:960] <12798> ICHEARS_ADMNO:
INFO	[2012-08-28 15:38:42:960] <12798> ICHEARS_POSMTID:
INFO	[2012-08-28 15:38:42:961] <12798> ICHEARS_CENTERCD:
INFO	[2012-08-28 15:38:42:961] <12798> ICHEARS_HPNO:
INFO	[2012-08-28 15:38:42:961] <12798> Make NetCancel ID Start
INFO	[2012-08-28 15:38:42:961] <12798> AEGIS_VISAaegis_20120828153842961423
INFO	[2012-08-28 15:38:42:961] <12798> Make NetCancel ID End
INFO	[2012-08-28 15:38:42:961] <12798> Make NetCancelID OK
INFO	[2012-08-28 15:38:42:961] <12798> Make Msg Start
INFO	[2012-08-28 15:38:42:961] <12798> Encrypt Start
INFO	[2012-08-28 15:38:42:961] <12798> Encrypt End
INFO	[2012-08-28 15:38:42:961] <12798> Encrypt Start
INFO	[2012-08-28 15:38:42:961] <12798> Encrypt End
INFO	[2012-08-28 15:38:42:961] <12798> Encrypt Start
INFO	[2012-08-28 15:38:42:961] <12798> Encrypt End
INFO	[2012-08-28 15:38:42:961] <12798> Encrypt Start
INFO	[2012-08-28 15:38:42:961] <12798> Encrypt End
INFO	[2012-08-28 15:38:42:961] <12798> card-visa3d Make MSG OK 
INFO	[2012-08-28 15:38:42:961] <12798> Make Msg End
INFO	[2012-08-28 15:38:42:961] <12798> Make Pay Msg OK
INFO	[2012-08-28 15:38:42:961] <12798> Send & Recv Msg Start
INFO	[2012-08-28 15:38:42:961] <12798> Send Data To PG Start [ 
INFO	[2012-08-28 15:38:42:961] <12798> 0:0003270plug15
INFO	[2012-08-28 15:38:42:961] <12798> 1:aegis
INFO	[2012-08-28 15:38:42:961] <12798> 2:test
INFO	[2012-08-28 15:38:42:961] <12798> 3:1000
INFO	[2012-08-28 15:38:42:961] <12798> 4:1000000001
INFO	[2012-08-28 15:38:42:961] <12798> 5:9000400001
INFO	[2012-08-28 15:38:42:961] <12798> 6:3441484984123124
INFO	[2012-08-28 15:38:42:961] <12798> 7:283587
INFO	[2012-08-28 15:38:42:961] <12798> 8:00
INFO	[2012-08-28 15:38:42:961] <12798> 9:N;211.48.34.44;N;;1000;;null;;;
INFO	[2012-08-28 15:38:42:961] <12798> 10:
INFO	[2012-08-28 15:38:42:961] <12798> 11:
INFO	[2012-08-28 15:38:42:961] <12798> 12:김길동
INFO	[2012-08-28 15:38:42:961] <12798> 13:02-111-1111
INFO	[2012-08-28 15:38:42:961] <12798> 14:서울시 강남구 청담동
INFO	[2012-08-28 15:38:42:961] <12798> 15:홍길동
INFO	[2012-08-28 15:38:42:961] <12798> 16:192.168.0.1;02-111-1111
INFO	[2012-08-28 15:38:42:961] <12798> 17:test@test.com;오후에 배송요망
INFO	[2012-08-28 15:38:42:961] <12798> 18:마우스
INFO	[2012-08-28 15:38:42:961] <12798> 19:AAABBjB5ACASCCh4InkAAAAAAAA=
INFO	[2012-08-28 15:38:42:961] <12798> 20:MjAxMjA4MjgxNTM4MTUxODcxMDY=
INFO	[2012-08-28 15:38:42:961] <12798> 21:05
INFO	[2012-08-28 15:38:42:961] <12798> 22:test@test.com
INFO	[2012-08-28 15:38:42:961] <12798> 23:AEGIS_VISAaegis_20120828153842961423
INFO	[2012-08-28 15:38:42:961] <12798> 24:
INFO	[2012-08-28 15:38:42:961] <12798> ] Send Data To PG End 
INFO	[2012-08-28 15:38:42:961] <12798> SendMsg : [0003270plug15|aegis|test|1000|1000000001|9000400001|3441484984123124|283587|00|N;211.48.34.44;N;;1000;;null;;;|||김길동|02-111-1111|서울시 강남구 청담동|홍길동|192.168.0.1;02-111-1111|test@test.com;오후에 배송요망|마우스|AAABBjB5ACASCCh4InkAAAAAAAA=|MjAxMjA4MjgxNTM4MTUxODcxMDY=|05|test@test.com|AEGIS_VISAaegis_20120828153842961423|]
INFO	[2012-08-28 15:38:42:962] <12798> Connect IP:[220.85.12.3] Port:[29760]
INFO	[2012-08-28 15:38:42:966] <12798> Socket Open OK
INFO	[2012-08-28 15:38:44:51] <12798> RecvMsg Length : [000109]
INFO	[2012-08-28 15:38:44:51] <12798> RecvMsg : [aegis|0610|1000000001|10055514|000000001000|y|정상승인|롯데|20120828153843|0900|9157057001|0900|롯데|508910|
]
INFO	[2012-08-28 15:38:44:51] <12798> Socket Close OK
INFO	[2012-08-28 15:38:44:51] <12798> RecvMsg Length Check OK
INFO	[2012-08-28 15:38:44:51] <12798> Send & Recv Msg End
INFO	[2012-08-28 15:38:44:51] <12798> Send & Recv Msg OK
INFO	[2012-08-28 15:38:44:51] <12798> Parse Msg Start
INFO	[2012-08-28 15:38:44:51] <12798> card-visa3d RECV MSG Parsing OK 
INFO	[2012-08-28 15:38:44:51] <12798> Parse Msg End
INFO	[2012-08-28 15:38:44:51] <12798> Msg Parsing OK
INFO	[2012-08-28 15:38:44:51] <12798> card Pay Result Value [
INFO	[2012-08-28 15:38:44:51] <12798> NetCancID:AEGIS_VISAaegis_20120828153842961423
INFO	[2012-08-28 15:38:44:51] <12798> rStoreId:aegis
INFO	[2012-08-28 15:38:44:51] <12798> rBusiCd:0610
INFO	[2012-08-28 15:38:44:51] <12798> rOrdNo:1000000001
INFO	[2012-08-28 15:38:44:51] <12798> rApprNo:10055514
INFO	[2012-08-28 15:38:44:51] <12798> rInstmt:00
INFO	[2012-08-28 15:38:44:51] <12798> rAmt:000000001000
INFO	[2012-08-28 15:38:44:51] <12798> rSuccYn:y
INFO	[2012-08-28 15:38:44:52] <12798> rResMsg:정상승인
INFO	[2012-08-28 15:38:44:52] <12798> rCardNm:롯데
INFO	[2012-08-28 15:38:44:52] <12798> rApprTm:20120828153843
INFO	[2012-08-28 15:38:44:52] <12798> rCardCd:0900
INFO	[2012-08-28 15:38:44:52] <12798> rMembNo:9157057001
INFO	[2012-08-28 15:38:44:52] <12798> rAquiCd:0900
INFO	[2012-08-28 15:38:44:52] <12798> rAquiNm:롯데
INFO	[2012-08-28 15:38:44:52] <12798> rDealNo:508910
INFO	[2012-08-28 15:38:44:52] <12798> rProdNm:마우스
INFO	[2012-08-28 15:38:44:52] <12798> ]
INFO	[2012-08-28 15:38:44:52] <12798> END  정상승인 Transaction time:[1.09sec]
INFO	[2012-08-28 15:38:44:52] <12798> ===============================================================
INFO	[2012-08-28 16:01:57:840] <12733> ===============================================================
INFO	[2012-08-28 16:01:57:841] <12733> START AgsPay40 php (OS:Darwin12.0.0,PHP:5.3.5)
INFO	[2012-08-28 16:02:32:337] <12710> ===============================================================
INFO	[2012-08-28 16:02:32:337] <12710> START AgsPay40 php (OS:Darwin12.0.0,PHP:5.3.5)
INFO	[2012-08-28 18:33:26:962] <14591> ===============================================================
INFO	[2012-08-28 18:33:26:973] <14591> START AgsPay40 php (OS:Darwin12.0.0,PHP:5.3.5)
INFO	[2012-08-28 18:40:56:564] <14095> ===============================================================
INFO	[2012-08-28 18:40:56:564] <14095> START AgsPay40 php (OS:Darwin12.0.0,PHP:5.3.5)
INFO	[2012-08-28 18:41:52:589] <12712> ===============================================================
INFO	[2012-08-28 18:41:52:589] <12712> START AgsPay40 php (OS:Darwin12.0.0,PHP:5.3.5)
