INFO	[2012-10-10 16:53:51:39] <10518> ===============================================================
INFO	[2012-10-10 16:53:51:39] <10518> START AgsPay40 php (OS:Linux2.6.18-238.9.1.el5xen,PHP:5.2.17)
INFO	[2012-10-10 16:53:51:39] <10518> card Pay Start!
INFO	[2012-10-10 16:53:51:39] <10518> AgsPayHome:/mnt/DATA/WWW/scomdcom.com/loveholic/agspay/
INFO	[2012-10-10 16:53:51:40] <10518> StoreId:yulabs79
INFO	[2012-10-10 16:53:51:40] <10518> log:true
INFO	[2012-10-10 16:53:51:40] <10518> logLevel:INFO
INFO	[2012-10-10 16:53:51:40] <10518> UseNetCancel:true
INFO	[2012-10-10 16:53:51:40] <10518> Type:Pay
INFO	[2012-10-10 16:53:51:40] <10518> RecvLen:7
INFO	[2012-10-10 16:53:51:40] <10518> AuthTy:card
INFO	[2012-10-10 16:53:51:40] <10518> SubTy:visa3d
INFO	[2012-10-10 16:53:51:40] <10518> OrdNo:1000000158
INFO	[2012-10-10 16:53:51:40] <10518> Amt:8800
INFO	[2012-10-10 16:53:51:40] <10518> UserEmail:noff@naver.com
INFO	[2012-10-10 16:53:51:40] <10518> ProdNm:오카모토 슬림
INFO	[2012-10-10 16:53:51:40] <10518> MallUrl:http://www.scomdcom.com
INFO	[2012-10-10 16:53:51:40] <10518> UserId:16
INFO	[2012-10-10 16:53:51:40] <10518> OrdNm:박용남
INFO	[2012-10-10 16:53:51:40] <10518> OrdPhone:010-2717-8221
INFO	[2012-10-10 16:53:51:41] <10518> OrdAddr:서울 서대문구 창천동 122
INFO	[2012-10-10 16:53:51:41] <10518> RcpNm:박용남
INFO	[2012-10-10 16:53:51:41] <10518> RcpPhone:010-2717-8221
INFO	[2012-10-10 16:53:51:41] <10518> DlvAddr:서울 서대문구 창천동 122
INFO	[2012-10-10 16:53:51:41] <10518> Remark:dd
INFO	[2012-10-10 16:53:51:41] <10518> DeviId:9000400001
INFO	[2012-10-10 16:53:51:41] <10518> AuthYn:N;211.48.34.44;N;;8800;;null;;;
INFO	[2012-10-10 16:53:51:41] <10518> Instmt:00
INFO	[2012-10-10 16:53:51:41] <10518> UserIp:211.48.34.44
INFO	[2012-10-10 16:53:51:41] <10518> partial_mm:
INFO	[2012-10-10 16:53:51:41] <10518> noIntMonth:
INFO	[2012-10-10 16:53:51:41] <10518> KVP_CURRENCY:WON
INFO	[2012-10-10 16:53:51:41] <10518> KVP_CARDCODE:
INFO	[2012-10-10 16:53:51:41] <10518> KVP_SESSIONKEY:
INFO	[2012-10-10 16:53:51:41] <10518> KVP_ENCDATA:
INFO	[2012-10-10 16:53:51:41] <10518> KVP_CONAME:
INFO	[2012-10-10 16:53:51:42] <10518> KVP_NOINT:
INFO	[2012-10-10 16:53:51:42] <10518> KVP_QUOTA:
INFO	[2012-10-10 16:53:51:42] <10518> CardNo:4374360069657003
INFO	[2012-10-10 16:53:51:42] <10518> MPI_CAVV:AAABB2iXZCASEBAWU5dkAAAAAAA=
INFO	[2012-10-10 16:53:51:42] <10518> MPI_ECI:05
INFO	[2012-10-10 16:53:51:42] <10518> MPI_MD64:MjAxMjEwMTAxNjUzMDE1NzAxMDY=
INFO	[2012-10-10 16:53:51:42] <10518> ExpMon:12
INFO	[2012-10-10 16:53:51:42] <10518> ExpYear:2049
INFO	[2012-10-10 16:53:51:42] <10518> Passwd:
INFO	[2012-10-10 16:53:51:42] <10518> SocId:
INFO	[2012-10-10 16:53:51:42] <10518> ICHE_OUTBANKNAME:
INFO	[2012-10-10 16:53:51:42] <10518> ICHE_OUTACCTNO:
INFO	[2012-10-10 16:53:51:42] <10518> ICHE_OUTBANKMASTER:
INFO	[2012-10-10 16:53:51:42] <10518> ICHE_AMOUNT:
INFO	[2012-10-10 16:53:51:42] <10518> HP_SERVERINFO:
INFO	[2012-10-10 16:53:51:42] <10518> HP_HANDPHONE:
INFO	[2012-10-10 16:53:51:43] <10518> HP_COMPANY:
INFO	[2012-10-10 16:53:51:43] <10518> HP_ID:
INFO	[2012-10-10 16:53:51:43] <10518> HP_SUBID:
INFO	[2012-10-10 16:53:51:43] <10518> HP_UNITType:2
INFO	[2012-10-10 16:53:51:43] <10518> HP_IDEN:
INFO	[2012-10-10 16:53:51:43] <10518> HP_IPADDR:
INFO	[2012-10-10 16:53:51:43] <10518> ARS_NAME:
INFO	[2012-10-10 16:53:51:43] <10518> ARS_PHONE:
INFO	[2012-10-10 16:53:51:43] <10518> VIRTUAL_CENTERCD:99
INFO	[2012-10-10 16:53:51:43] <10518> VIRTUAL_DEPODT:
INFO	[2012-10-10 16:53:51:43] <10518> ZuminCode:
INFO	[2012-10-10 16:53:51:43] <10518> MallPage:/loveholic/agspay/AGS_VirAcctResult.php
INFO	[2012-10-10 16:53:51:43] <10518> VIRTUAL_NO:
INFO	[2012-10-10 16:53:51:43] <10518> ES_SENDNO:
INFO	[2012-10-10 16:53:51:44] <10518> ICHE_SOCKETYN:Y
INFO	[2012-10-10 16:53:51:44] <10518> ICHE_POSMTID:
INFO	[2012-10-10 16:53:51:44] <10518> ICHE_FNBCMTID:
INFO	[2012-10-10 16:53:51:44] <10518> ICHE_APTRTS:
INFO	[2012-10-10 16:53:51:44] <10518> ICHE_REMARK1:
INFO	[2012-10-10 16:53:51:44] <10518> ICHE_REMARK2:
INFO	[2012-10-10 16:53:51:44] <10518> ICHE_ECWYN:
INFO	[2012-10-10 16:53:51:44] <10518> ICHE_ECWID:
INFO	[2012-10-10 16:53:51:44] <10518> ICHE_ECWAMT1:
INFO	[2012-10-10 16:53:51:44] <10518> ICHE_ECWAMT2:
INFO	[2012-10-10 16:53:51:44] <10518> ICHE_CASHYN:N
INFO	[2012-10-10 16:53:51:44] <10518> ICHE_CASHGUBUN_CD:
INFO	[2012-10-10 16:53:51:44] <10518> ICHE_CASHID_NO:
INFO	[2012-10-10 16:53:51:44] <10518> ICHEARS_SOCKETYN:Y
INFO	[2012-10-10 16:53:51:44] <10518> ICHEARS_ADMNO:
INFO	[2012-10-10 16:53:51:44] <10518> ICHEARS_POSMTID:
INFO	[2012-10-10 16:53:51:45] <10518> ICHEARS_CENTERCD:
INFO	[2012-10-10 16:53:51:45] <10518> ICHEARS_HPNO:
INFO	[2012-10-10 16:53:51:45] <10518> Make NetCancel ID Start
INFO	[2012-10-10 16:53:51:45] <10518> AEGIS_VISAyulabs79_20121010165351045322
INFO	[2012-10-10 16:53:51:45] <10518> Make NetCancel ID End
INFO	[2012-10-10 16:53:51:45] <10518> Make NetCancelID OK
INFO	[2012-10-10 16:53:51:45] <10518> Make Msg Start
INFO	[2012-10-10 16:53:51:45] <10518> Encrypt Start
INFO	[2012-10-10 16:53:51:45] <10518> Encrypt End
INFO	[2012-10-10 16:53:51:45] <10518> Encrypt Start
INFO	[2012-10-10 16:53:51:45] <10518> Encrypt End
INFO	[2012-10-10 16:53:51:45] <10518> Encrypt Start
INFO	[2012-10-10 16:53:51:45] <10518> Encrypt End
INFO	[2012-10-10 16:53:51:45] <10518> Encrypt Start
INFO	[2012-10-10 16:53:51:46] <10518> Encrypt End
INFO	[2012-10-10 16:53:51:46] <10518> card-visa3d Make MSG OK 
INFO	[2012-10-10 16:53:51:46] <10518> Make Msg End
INFO	[2012-10-10 16:53:51:46] <10518> Make Pay Msg OK
INFO	[2012-10-10 16:53:51:46] <10518> Send & Recv Msg Start
INFO	[2012-10-10 16:53:51:46] <10518> Send Data To PG Start [ 
INFO	[2012-10-10 16:53:51:46] <10518> 0:0003360plug15
INFO	[2012-10-10 16:53:51:46] <10518> 1:yulabs79
INFO	[2012-10-10 16:53:51:46] <10518> 2:16
INFO	[2012-10-10 16:53:51:46] <10518> 3:8800
INFO	[2012-10-10 16:53:51:46] <10518> 4:1000000158
INFO	[2012-10-10 16:53:51:46] <10518> 5:9000400001
INFO	[2012-10-10 16:53:51:46] <10518> 6:3748311563608819
INFO	[2012-10-10 16:53:51:46] <10518> 7:283587
INFO	[2012-10-10 16:53:51:46] <10518> 8:00
INFO	[2012-10-10 16:53:51:46] <10518> 9:N;211.48.34.44;N;;8800;;null;;;
INFO	[2012-10-10 16:53:51:46] <10518> 10:
INFO	[2012-10-10 16:53:51:46] <10518> 11:
INFO	[2012-10-10 16:53:51:46] <10518> 12:박용남
INFO	[2012-10-10 16:53:51:46] <10518> 13:010-2717-8221
INFO	[2012-10-10 16:53:51:46] <10518> 14:서울 서대문구 창천동 122
INFO	[2012-10-10 16:53:51:46] <10518> 15:박용남
INFO	[2012-10-10 16:53:51:46] <10518> 16:211.48.34.44;010-2717-8221
INFO	[2012-10-10 16:53:51:46] <10518> 17:noff@naver.com;dd
INFO	[2012-10-10 16:53:51:46] <10518> 18:오카모토 슬림
INFO	[2012-10-10 16:53:51:46] <10518> 19:AAABB2iXZCASEBAWU5dkAAAAAAA=
INFO	[2012-10-10 16:53:51:46] <10518> 20:MjAxMjEwMTAxNjUzMDE1NzAxMDY=
INFO	[2012-10-10 16:53:51:46] <10518> 21:05
INFO	[2012-10-10 16:53:51:46] <10518> 22:noff@naver.com
INFO	[2012-10-10 16:53:51:46] <10518> 23:AEGIS_VISAyulabs79_20121010165351045322
INFO	[2012-10-10 16:53:51:46] <10518> 24:
INFO	[2012-10-10 16:53:51:46] <10518> ] Send Data To PG End 
INFO	[2012-10-10 16:53:51:46] <10518> SendMsg : [0003360plug15|yulabs79|16|8800|1000000158|9000400001|3748311563608819|283587|00|N;211.48.34.44;N;;8800;;null;;;|||박용남|010-2717-8221|서울 서대문구 창천동 122|박용남|211.48.34.44;010-2717-8221|noff@naver.com;dd|오카모토 슬림|AAABB2iXZCASEBAWU5dkAAAAAAA=|MjAxMjEwMTAxNjUzMDE1NzAxMDY=|05|noff@naver.com|AEGIS_VISAyulabs79_20121010165351045322|]
INFO	[2012-10-10 16:53:51:46] <10518> Connect IP:[220.85.12.3] Port:[29760]
INFO	[2012-10-10 16:53:51:51] <10518> Socket Open OK
INFO	[2012-10-10 16:53:54:199] <10518> RecvMsg Length : [000110]
INFO	[2012-10-10 16:53:54:199] <10518> RecvMsg : [yulabs79|0610|1000000158|44106182|000000008800|y|정상승인|신한|20121010165351|0500|18570317|0500|신한|522192|
]
INFO	[2012-10-10 16:53:54:200] <10518> Socket Close OK
INFO	[2012-10-10 16:53:54:200] <10518> RecvMsg Length Check OK
INFO	[2012-10-10 16:53:54:200] <10518> Send & Recv Msg End
INFO	[2012-10-10 16:53:54:200] <10518> Send & Recv Msg OK
INFO	[2012-10-10 16:53:54:200] <10518> Parse Msg Start
INFO	[2012-10-10 16:53:54:200] <10518> card-visa3d RECV MSG Parsing OK 
INFO	[2012-10-10 16:53:54:200] <10518> Parse Msg End
INFO	[2012-10-10 16:53:54:200] <10518> Msg Parsing OK
INFO	[2012-10-10 16:53:54:200] <10518> card Pay Result Value [
INFO	[2012-10-10 16:53:54:200] <10518> NetCancID:AEGIS_VISAyulabs79_20121010165351045322
INFO	[2012-10-10 16:53:54:200] <10518> rStoreId:yulabs79
INFO	[2012-10-10 16:53:54:200] <10518> rBusiCd:0610
INFO	[2012-10-10 16:53:54:200] <10518> rOrdNo:1000000158
INFO	[2012-10-10 16:53:54:200] <10518> rApprNo:44106182
INFO	[2012-10-10 16:53:54:201] <10518> rInstmt:00
INFO	[2012-10-10 16:53:54:201] <10518> rAmt:000000008800
INFO	[2012-10-10 16:53:54:201] <10518> rSuccYn:y
INFO	[2012-10-10 16:53:54:201] <10518> rResMsg:정상승인
INFO	[2012-10-10 16:53:54:201] <10518> rCardNm:신한
INFO	[2012-10-10 16:53:54:201] <10518> rApprTm:20121010165351
INFO	[2012-10-10 16:53:54:201] <10518> rCardCd:0500
INFO	[2012-10-10 16:53:54:201] <10518> rMembNo:18570317
INFO	[2012-10-10 16:53:54:201] <10518> rAquiCd:0500
INFO	[2012-10-10 16:53:54:201] <10518> rAquiNm:신한
INFO	[2012-10-10 16:53:54:201] <10518> rDealNo:522192
INFO	[2012-10-10 16:53:54:201] <10518> rProdNm:오카모토 슬림
INFO	[2012-10-10 16:53:54:201] <10518> ]
INFO	[2012-10-10 16:53:54:201] <10518> END  정상승인 Transaction time:[3.162sec]
INFO	[2012-10-10 16:53:54:201] <10518> ===============================================================
