INFO	[2012-10-11 19:59:58:338] <10517> ===============================================================
INFO	[2012-10-11 19:59:58:338] <10517> START AgsPay40 php (OS:Linux2.6.18-238.9.1.el5xen,PHP:5.2.17)
INFO	[2012-10-11 19:59:58:338] <10517> virtual Pay Start!
INFO	[2012-10-11 19:59:58:338] <10517> AgsPayHome:/mnt/DATA/WWW/scomdcom.com/loveholic/agspay/
INFO	[2012-10-11 19:59:58:338] <10517> StoreId:yulabs79
INFO	[2012-10-11 19:59:58:338] <10517> log:true
INFO	[2012-10-11 19:59:58:338] <10517> logLevel:INFO
INFO	[2012-10-11 19:59:58:338] <10517> UseNetCancel:true
INFO	[2012-10-11 19:59:58:338] <10517> Type:Pay
INFO	[2012-10-11 19:59:58:338] <10517> RecvLen:7
INFO	[2012-10-11 19:59:58:338] <10517> AuthTy:virtual
INFO	[2012-10-11 19:59:58:338] <10517> SubTy:vir_v
INFO	[2012-10-11 19:59:58:338] <10517> OrdNo:1000000191
INFO	[2012-10-11 19:59:58:339] <10517> Amt:105350
INFO	[2012-10-11 19:59:58:339] <10517> UserEmail:z8roma@gmail.com
INFO	[2012-10-11 19:59:58:339] <10517> ProdNm:크리스탈
INFO	[2012-10-11 19:59:58:339] <10517> MallUrl:http://www.scomdcom.com
INFO	[2012-10-11 19:59:58:339] <10517> UserId:14
INFO	[2012-10-11 19:59:58:339] <10517> OrdNm:윤체필
INFO	[2012-10-11 19:59:58:339] <10517> OrdPhone:010-3366-8016
INFO	[2012-10-11 19:59:58:339] <10517> OrdAddr:서울 중구 충무로2가 라이온스빌딩
INFO	[2012-10-11 19:59:58:339] <10517> RcpNm:윤체필
INFO	[2012-10-11 19:59:58:339] <10517> RcpPhone:010-3366-8016
INFO	[2012-10-11 19:59:58:339] <10517> DlvAddr:서울 중구 충무로2가 라이온스빌딩
INFO	[2012-10-11 19:59:58:339] <10517> Remark:
INFO	[2012-10-11 19:59:58:339] <10517> DeviId:9000400001
INFO	[2012-10-11 19:59:58:339] <10517> AuthYn:N;211.48.34.44
INFO	[2012-10-11 19:59:58:339] <10517> Instmt:
INFO	[2012-10-11 19:59:58:339] <10517> UserIp:211.48.34.44
INFO	[2012-10-11 19:59:58:340] <10517> partial_mm:
INFO	[2012-10-11 19:59:58:340] <10517> noIntMonth:
INFO	[2012-10-11 19:59:58:340] <10517> KVP_CURRENCY:WON
INFO	[2012-10-11 19:59:58:340] <10517> KVP_CARDCODE:
INFO	[2012-10-11 19:59:58:340] <10517> KVP_SESSIONKEY:
INFO	[2012-10-11 19:59:58:340] <10517> KVP_ENCDATA:
INFO	[2012-10-11 19:59:58:340] <10517> KVP_CONAME:
INFO	[2012-10-11 19:59:58:340] <10517> KVP_NOINT:
INFO	[2012-10-11 19:59:58:340] <10517> KVP_QUOTA:
INFO	[2012-10-11 19:59:58:340] <10517> CardNo:
INFO	[2012-10-11 19:59:58:340] <10517> MPI_CAVV:
INFO	[2012-10-11 19:59:58:340] <10517> MPI_ECI:
INFO	[2012-10-11 19:59:58:340] <10517> MPI_MD64:
INFO	[2012-10-11 19:59:58:340] <10517> ExpMon:
INFO	[2012-10-11 19:59:58:340] <10517> ExpYear:
INFO	[2012-10-11 19:59:58:340] <10517> Passwd:
INFO	[2012-10-11 19:59:58:341] <10517> SocId:
INFO	[2012-10-11 19:59:58:341] <10517> ICHE_OUTBANKNAME:
INFO	[2012-10-11 19:59:58:341] <10517> ICHE_OUTACCTNO:
INFO	[2012-10-11 19:59:58:341] <10517> ICHE_OUTBANKMASTER:
INFO	[2012-10-11 19:59:58:341] <10517> ICHE_AMOUNT:
INFO	[2012-10-11 19:59:58:341] <10517> HP_SERVERINFO:
INFO	[2012-10-11 19:59:58:341] <10517> HP_HANDPHONE:
INFO	[2012-10-11 19:59:58:341] <10517> HP_COMPANY:
INFO	[2012-10-11 19:59:58:341] <10517> HP_ID:
INFO	[2012-10-11 19:59:58:341] <10517> HP_SUBID:
INFO	[2012-10-11 19:59:58:341] <10517> HP_UNITType:2
INFO	[2012-10-11 19:59:58:341] <10517> HP_IDEN:
INFO	[2012-10-11 19:59:58:341] <10517> HP_IPADDR:
INFO	[2012-10-11 19:59:58:341] <10517> ARS_NAME:
INFO	[2012-10-11 19:59:58:341] <10517> ARS_PHONE:
INFO	[2012-10-11 19:59:58:341] <10517> VIRTUAL_CENTERCD:03
INFO	[2012-10-11 19:59:58:342] <10517> VIRTUAL_DEPODT:20121016
INFO	[2012-10-11 19:59:58:342] <10517> ZuminCode:1212121234567;192.168.0.19;
INFO	[2012-10-11 19:59:58:342] <10517> MallPage:/loveholic/agspay/AGS_VirAcctResult.php;N;;105350;;
INFO	[2012-10-11 19:59:58:342] <10517> VIRTUAL_NO:13700002897864
INFO	[2012-10-11 19:59:58:342] <10517> ES_SENDNO:
INFO	[2012-10-11 19:59:58:342] <10517> ICHE_SOCKETYN:N
INFO	[2012-10-11 19:59:58:342] <10517> ICHE_POSMTID:
INFO	[2012-10-11 19:59:58:342] <10517> ICHE_FNBCMTID:
INFO	[2012-10-11 19:59:58:342] <10517> ICHE_APTRTS:
INFO	[2012-10-11 19:59:58:342] <10517> ICHE_REMARK1:
INFO	[2012-10-11 19:59:58:342] <10517> ICHE_REMARK2:
INFO	[2012-10-11 19:59:58:342] <10517> ICHE_ECWYN:
INFO	[2012-10-11 19:59:58:342] <10517> ICHE_ECWID:
INFO	[2012-10-11 19:59:58:342] <10517> ICHE_ECWAMT1:
INFO	[2012-10-11 19:59:58:342] <10517> ICHE_ECWAMT2:
INFO	[2012-10-11 19:59:58:342] <10517> ICHE_CASHYN:N
INFO	[2012-10-11 19:59:58:343] <10517> ICHE_CASHGUBUN_CD:
INFO	[2012-10-11 19:59:58:343] <10517> ICHE_CASHID_NO:
INFO	[2012-10-11 19:59:58:343] <10517> ICHEARS_SOCKETYN:N
INFO	[2012-10-11 19:59:58:343] <10517> ICHEARS_ADMNO:
INFO	[2012-10-11 19:59:58:343] <10517> ICHEARS_POSMTID:
INFO	[2012-10-11 19:59:58:343] <10517> ICHEARS_CENTERCD:
INFO	[2012-10-11 19:59:58:343] <10517> ICHEARS_HPNO:
INFO	[2012-10-11 19:59:58:343] <10517> Make NetCancel ID Start
INFO	[2012-10-11 19:59:58:343] <10517> AEGIS_VIR_yulabs79_20121011195958343519
INFO	[2012-10-11 19:59:58:343] <10517> Make NetCancel ID End
INFO	[2012-10-11 19:59:58:343] <10517> Make NetCancelID OK
INFO	[2012-10-11 19:59:58:343] <10517> Make Msg Start
INFO	[2012-10-11 19:59:58:343] <10517> virtual Make MSG OK 
INFO	[2012-10-11 19:59:58:343] <10517> Make Msg End
INFO	[2012-10-11 19:59:58:344] <10517> Make Pay Msg OK
INFO	[2012-10-11 19:59:58:344] <10517> Send & Recv Msg Start
INFO	[2012-10-11 19:59:58:344] <10517> Send Data To PG Start [ 
INFO	[2012-10-11 19:59:58:344] <10517> 0:000340Vvir_n
INFO	[2012-10-11 19:59:58:344] <10517> 1:yulabs79
INFO	[2012-10-11 19:59:58:344] <10517> 2:1000000191
INFO	[2012-10-11 19:59:58:344] <10517> 3:03
INFO	[2012-10-11 19:59:58:344] <10517> 4:13700002897864
INFO	[2012-10-11 19:59:58:344] <10517> 5:105350
INFO	[2012-10-11 19:59:58:344] <10517> 6:20121016
INFO	[2012-10-11 19:59:58:344] <10517> 7:윤체필
INFO	[2012-10-11 19:59:58:344] <10517> 8:1212121234567;192.168.0.19;
INFO	[2012-10-11 19:59:58:344] <10517> 9:010-3366-8016
INFO	[2012-10-11 19:59:58:344] <10517> 10:z8roma@gmail.com
INFO	[2012-10-11 19:59:58:344] <10517> 11:서울 중구 충무로2가 라이온스빌딩
INFO	[2012-10-11 19:59:58:344] <10517> 12:윤체필
INFO	[2012-10-11 19:59:58:344] <10517> 13:010-3366-8016
INFO	[2012-10-11 19:59:58:344] <10517> 14:서울 중구 충무로2가 라이온스빌딩
INFO	[2012-10-11 19:59:58:344] <10517> 15:크리스탈
INFO	[2012-10-11 19:59:58:344] <10517> 16:
INFO	[2012-10-11 19:59:58:344] <10517> 17:http://www.scomdcom.com
INFO	[2012-10-11 19:59:58:344] <10517> 18:/loveholic/agspay/AGS_VirAcctResult.php;N;;105350;;
INFO	[2012-10-11 19:59:58:344] <10517> 19:AEGIS_VIR_yulabs79_20121011195958343519
INFO	[2012-10-11 19:59:58:344] <10517> 20:
INFO	[2012-10-11 19:59:58:344] <10517> ] Send Data To PG End 
INFO	[2012-10-11 19:59:58:344] <10517> SendMsg : [000340Vvir_n|yulabs79|1000000191|03|13700002897864|105350|20121016|윤체필|1212121234567;192.168.0.19;|010-3366-8016|z8roma@gmail.com|서울 중구 충무로2가 라이온스빌딩|윤체필|010-3366-8016|서울 중구 충무로2가 라이온스빌딩|크리스탈||http://www.scomdcom.com|/loveholic/agspay/AGS_VirAcctResult.php;N;;105350;;|AEGIS_VIR_yulabs79_20121011195958343519|]
INFO	[2012-10-11 19:59:58:344] <10517> Connect IP:[220.85.12.3] Port:[29760]
INFO	[2012-10-11 19:59:58:349] <10517> Socket Open OK
INFO	[2012-10-11 19:59:58:615] <10517> RecvMsg Length : [000056]
INFO	[2012-10-11 19:59:58:615] <10517> RecvMsg : [vir_n|yulabs79|20121011195957|13700002897864|y|정상배포|]
INFO	[2012-10-11 19:59:58:615] <10517> Socket Close OK
INFO	[2012-10-11 19:59:58:615] <10517> RecvMsg Length Check OK
INFO	[2012-10-11 19:59:58:615] <10517> Send & Recv Msg End
INFO	[2012-10-11 19:59:58:615] <10517> Send & Recv Msg OK
INFO	[2012-10-11 19:59:58:615] <10517> Parse Msg Start
INFO	[2012-10-11 19:59:58:615] <10517> virtual RECV MSG Parsing OK 
INFO	[2012-10-11 19:59:58:615] <10517> Parse Msg End
INFO	[2012-10-11 19:59:58:615] <10517> Msg Parsing OK
INFO	[2012-10-11 19:59:58:615] <10517> virtual Pay Result Value [
INFO	[2012-10-11 19:59:58:616] <10517> NetCancID:AEGIS_VIR_yulabs79_20121011195958343519
INFO	[2012-10-11 19:59:58:616] <10517> rAuthTy:vir_n
INFO	[2012-10-11 19:59:58:616] <10517> rStoreId:yulabs79
INFO	[2012-10-11 19:59:58:616] <10517> rApprTm:20121011195957
INFO	[2012-10-11 19:59:58:616] <10517> rVirNo:13700002897864
INFO	[2012-10-11 19:59:58:616] <10517> rSuccYn:y
INFO	[2012-10-11 19:59:58:616] <10517> rResMsg:정상배포
INFO	[2012-10-11 19:59:58:616] <10517> rOrdNo:1000000191
INFO	[2012-10-11 19:59:58:616] <10517> rProdNm:크리스탈
INFO	[2012-10-11 19:59:58:616] <10517> rAmt:105350
INFO	[2012-10-11 19:59:58:616] <10517> ]
INFO	[2012-10-11 19:59:58:616] <10517> END  정상배포 Transaction time:[0.279sec]
INFO	[2012-10-11 19:59:58:616] <10517> ===============================================================
