INFO	[2012-10-15 11:28:03:80] <24804> ===============================================================
INFO	[2012-10-15 11:28:03:80] <24804> START AgsPay40 php (OS:Linux2.6.18-238.9.1.el5xen,PHP:5.2.17)
INFO	[2012-10-15 11:28:03:80] <24804> card Pay Start!
INFO	[2012-10-15 11:28:03:80] <24804> AgsPayHome:/mnt/DATA/WWW/scomdcom.com/loveholic/agspay/
INFO	[2012-10-15 11:28:03:80] <24804> StoreId:yulabs79
INFO	[2012-10-15 11:28:03:80] <24804> log:true
INFO	[2012-10-15 11:28:03:80] <24804> logLevel:INFO
INFO	[2012-10-15 11:28:03:80] <24804> UseNetCancel:true
INFO	[2012-10-15 11:28:03:80] <24804> Type:Pay
INFO	[2012-10-15 11:28:03:80] <24804> RecvLen:7
INFO	[2012-10-15 11:28:03:80] <24804> AuthTy:card
INFO	[2012-10-15 11:28:03:81] <24804> SubTy:visa3d
INFO	[2012-10-15 11:28:03:81] <24804> OrdNo:1000000195
INFO	[2012-10-15 11:28:03:81] <24804> Amt:6300
INFO	[2012-10-15 11:28:03:81] <24804> UserEmail:noff@naver.com
INFO	[2012-10-15 11:28:03:81] <24804> ProdNm:레드폭스
INFO	[2012-10-15 11:28:03:81] <24804> MallUrl:http://www.scomdcom.com
INFO	[2012-10-15 11:28:03:81] <24804> UserId:16
INFO	[2012-10-15 11:28:03:81] <24804> OrdNm:박용남
INFO	[2012-10-15 11:28:03:81] <24804> OrdPhone:010-2717-8221
INFO	[2012-10-15 11:28:03:81] <24804> OrdAddr:서울 서대문구 창천동 122
INFO	[2012-10-15 11:28:03:81] <24804> RcpNm:박용남
INFO	[2012-10-15 11:28:03:81] <24804> RcpPhone:010-2717-8221
INFO	[2012-10-15 11:28:03:81] <24804> DlvAddr:서울 서대문구 창천동 122
INFO	[2012-10-15 11:28:03:82] <24804> Remark:ㅇ
INFO	[2012-10-15 11:28:03:82] <24804> DeviId:9000400001
INFO	[2012-10-15 11:28:03:82] <24804> AuthYn:N;211.48.34.44;N;;6300;;null;;;
INFO	[2012-10-15 11:28:03:82] <24804> Instmt:00
INFO	[2012-10-15 11:28:03:82] <24804> UserIp:211.48.34.44
INFO	[2012-10-15 11:28:03:82] <24804> partial_mm:
INFO	[2012-10-15 11:28:03:82] <24804> noIntMonth:
INFO	[2012-10-15 11:28:03:82] <24804> KVP_CURRENCY:WON
INFO	[2012-10-15 11:28:03:82] <24804> KVP_CARDCODE:
INFO	[2012-10-15 11:28:03:82] <24804> KVP_SESSIONKEY:
INFO	[2012-10-15 11:28:03:82] <24804> KVP_ENCDATA:
INFO	[2012-10-15 11:28:03:82] <24804> KVP_CONAME:
INFO	[2012-10-15 11:28:03:82] <24804> KVP_NOINT:
INFO	[2012-10-15 11:28:03:82] <24804> KVP_QUOTA:
INFO	[2012-10-15 11:28:03:82] <24804> CardNo:4374360069657003
INFO	[2012-10-15 11:28:03:83] <24804> MPI_CAVV:AAABCRYzOSASEBURJzM5AAAAAAA=
INFO	[2012-10-15 11:28:03:83] <24804> MPI_ECI:05
INFO	[2012-10-15 11:28:03:83] <24804> MPI_MD64:MjAxMjEwMTUxMTI2MzU0NDYxMDY=
INFO	[2012-10-15 11:28:03:83] <24804> ExpMon:12
INFO	[2012-10-15 11:28:03:83] <24804> ExpYear:2049
INFO	[2012-10-15 11:28:03:83] <24804> Passwd:
INFO	[2012-10-15 11:28:03:83] <24804> SocId:
INFO	[2012-10-15 11:28:03:83] <24804> ICHE_OUTBANKNAME:
INFO	[2012-10-15 11:28:03:83] <24804> ICHE_OUTACCTNO:
INFO	[2012-10-15 11:28:03:83] <24804> ICHE_OUTBANKMASTER:
INFO	[2012-10-15 11:28:03:83] <24804> ICHE_AMOUNT:
INFO	[2012-10-15 11:28:03:83] <24804> HP_SERVERINFO:
INFO	[2012-10-15 11:28:03:83] <24804> HP_HANDPHONE:
INFO	[2012-10-15 11:28:03:83] <24804> HP_COMPANY:
INFO	[2012-10-15 11:28:03:83] <24804> HP_ID:
INFO	[2012-10-15 11:28:03:83] <24804> HP_SUBID:
INFO	[2012-10-15 11:28:03:84] <24804> HP_UNITType:2
INFO	[2012-10-15 11:28:03:84] <24804> HP_IDEN:
INFO	[2012-10-15 11:28:03:84] <24804> HP_IPADDR:
INFO	[2012-10-15 11:28:03:84] <24804> ARS_NAME:
INFO	[2012-10-15 11:28:03:84] <24804> ARS_PHONE:
INFO	[2012-10-15 11:28:03:84] <24804> VIRTUAL_CENTERCD:99
INFO	[2012-10-15 11:28:03:84] <24804> VIRTUAL_DEPODT:
INFO	[2012-10-15 11:28:03:84] <24804> ZuminCode:
INFO	[2012-10-15 11:28:03:84] <24804> MallPage:/loveholic/agspay/AGS_VirAcctResult.php
INFO	[2012-10-15 11:28:03:84] <24804> VIRTUAL_NO:
INFO	[2012-10-15 11:28:03:84] <24804> ES_SENDNO:
INFO	[2012-10-15 11:28:03:84] <24804> ICHE_SOCKETYN:Y
INFO	[2012-10-15 11:28:03:84] <24804> ICHE_POSMTID:
INFO	[2012-10-15 11:28:03:84] <24804> ICHE_FNBCMTID:
INFO	[2012-10-15 11:28:03:84] <24804> ICHE_APTRTS:
INFO	[2012-10-15 11:28:03:84] <24804> ICHE_REMARK1:
INFO	[2012-10-15 11:28:03:85] <24804> ICHE_REMARK2:
INFO	[2012-10-15 11:28:03:85] <24804> ICHE_ECWYN:
INFO	[2012-10-15 11:28:03:85] <24804> ICHE_ECWID:
INFO	[2012-10-15 11:28:03:85] <24804> ICHE_ECWAMT1:
INFO	[2012-10-15 11:28:03:85] <24804> ICHE_ECWAMT2:
INFO	[2012-10-15 11:28:03:85] <24804> ICHE_CASHYN:N
INFO	[2012-10-15 11:28:03:85] <24804> ICHE_CASHGUBUN_CD:
INFO	[2012-10-15 11:28:03:85] <24804> ICHE_CASHID_NO:
INFO	[2012-10-15 11:28:03:85] <24804> ICHEARS_SOCKETYN:Y
INFO	[2012-10-15 11:28:03:85] <24804> ICHEARS_ADMNO:
INFO	[2012-10-15 11:28:03:85] <24804> ICHEARS_POSMTID:
INFO	[2012-10-15 11:28:03:85] <24804> ICHEARS_CENTERCD:
INFO	[2012-10-15 11:28:03:85] <24804> ICHEARS_HPNO:
INFO	[2012-10-15 11:28:03:85] <24804> Make NetCancel ID Start
INFO	[2012-10-15 11:28:03:85] <24804> AEGIS_VISAyulabs79_20121015112803085110
INFO	[2012-10-15 11:28:03:86] <24804> Make NetCancel ID End
INFO	[2012-10-15 11:28:03:86] <24804> Make NetCancelID OK
INFO	[2012-10-15 11:28:03:86] <24804> Make Msg Start
INFO	[2012-10-15 11:28:03:86] <24804> Encrypt Start
INFO	[2012-10-15 11:28:03:86] <24804> Encrypt End
INFO	[2012-10-15 11:28:03:86] <24804> Encrypt Start
INFO	[2012-10-15 11:28:03:86] <24804> Encrypt End
INFO	[2012-10-15 11:28:03:86] <24804> Encrypt Start
INFO	[2012-10-15 11:28:03:86] <24804> Encrypt End
INFO	[2012-10-15 11:28:03:86] <24804> Encrypt Start
INFO	[2012-10-15 11:28:03:86] <24804> Encrypt End
INFO	[2012-10-15 11:28:03:86] <24804> card-visa3d Make MSG OK 
INFO	[2012-10-15 11:28:03:86] <24804> Make Msg End
INFO	[2012-10-15 11:28:03:86] <24804> Make Pay Msg OK
INFO	[2012-10-15 11:28:03:86] <24804> Send & Recv Msg Start
INFO	[2012-10-15 11:28:03:87] <24804> Send Data To PG Start [ 
INFO	[2012-10-15 11:28:03:87] <24804> 0:0003310plug15
INFO	[2012-10-15 11:28:03:87] <24804> 1:yulabs79
INFO	[2012-10-15 11:28:03:87] <24804> 2:16
INFO	[2012-10-15 11:28:03:87] <24804> 3:6300
INFO	[2012-10-15 11:28:03:87] <24804> 4:1000000195
INFO	[2012-10-15 11:28:03:87] <24804> 5:9000400001
INFO	[2012-10-15 11:28:03:87] <24804> 6:3748311563608819
INFO	[2012-10-15 11:28:03:87] <24804> 7:283587
INFO	[2012-10-15 11:28:03:87] <24804> 8:00
INFO	[2012-10-15 11:28:03:87] <24804> 9:N;211.48.34.44;N;;6300;;null;;;
INFO	[2012-10-15 11:28:03:87] <24804> 10:
INFO	[2012-10-15 11:28:03:87] <24804> 11:
INFO	[2012-10-15 11:28:03:87] <24804> 12:박용남
INFO	[2012-10-15 11:28:03:87] <24804> 13:010-2717-8221
INFO	[2012-10-15 11:28:03:87] <24804> 14:서울 서대문구 창천동 122
INFO	[2012-10-15 11:28:03:87] <24804> 15:박용남
INFO	[2012-10-15 11:28:03:87] <24804> 16:211.48.34.44;010-2717-8221
INFO	[2012-10-15 11:28:03:87] <24804> 17:noff@naver.com;ㅇ
INFO	[2012-10-15 11:28:03:87] <24804> 18:레드폭스
INFO	[2012-10-15 11:28:03:87] <24804> 19:AAABCRYzOSASEBURJzM5AAAAAAA=
INFO	[2012-10-15 11:28:03:87] <24804> 20:MjAxMjEwMTUxMTI2MzU0NDYxMDY=
INFO	[2012-10-15 11:28:03:87] <24804> 21:05
INFO	[2012-10-15 11:28:03:87] <24804> 22:noff@naver.com
INFO	[2012-10-15 11:28:03:87] <24804> 23:AEGIS_VISAyulabs79_20121015112803085110
INFO	[2012-10-15 11:28:03:87] <24804> 24:
INFO	[2012-10-15 11:28:03:87] <24804> ] Send Data To PG End 
INFO	[2012-10-15 11:28:03:87] <24804> SendMsg : [0003310plug15|yulabs79|16|6300|1000000195|9000400001|3748311563608819|283587|00|N;211.48.34.44;N;;6300;;null;;;|||박용남|010-2717-8221|서울 서대문구 창천동 122|박용남|211.48.34.44;010-2717-8221|noff@naver.com;ㅇ|레드폭스|AAABCRYzOSASEBURJzM5AAAAAAA=|MjAxMjEwMTUxMTI2MzU0NDYxMDY=|05|noff@naver.com|AEGIS_VISAyulabs79_20121015112803085110|]
INFO	[2012-10-15 11:28:03:87] <24804> Connect IP:[220.85.12.3] Port:[29760]
INFO	[2012-10-15 11:28:03:112] <24804> Socket Open OK
INFO	[2012-10-15 11:28:05:495] <24804> RecvMsg Length : [000110]
INFO	[2012-10-15 11:28:05:495] <24804> RecvMsg : [yulabs79|0610|1000000195|24272187|000000006300|y|정상승인|신한|20121015112802|0500|18570317|0500|신한|507048|
]
INFO	[2012-10-15 11:28:05:495] <24804> Socket Close OK
INFO	[2012-10-15 11:28:05:495] <24804> RecvMsg Length Check OK
INFO	[2012-10-15 11:28:05:495] <24804> Send & Recv Msg End
INFO	[2012-10-15 11:28:05:495] <24804> Send & Recv Msg OK
INFO	[2012-10-15 11:28:05:495] <24804> Parse Msg Start
INFO	[2012-10-15 11:28:05:495] <24804> card-visa3d RECV MSG Parsing OK 
INFO	[2012-10-15 11:28:05:495] <24804> Parse Msg End
INFO	[2012-10-15 11:28:05:496] <24804> Msg Parsing OK
INFO	[2012-10-15 11:28:05:496] <24804> card Pay Result Value [
INFO	[2012-10-15 11:28:05:496] <24804> NetCancID:AEGIS_VISAyulabs79_20121015112803085110
INFO	[2012-10-15 11:28:05:496] <24804> rStoreId:yulabs79
INFO	[2012-10-15 11:28:05:496] <24804> rBusiCd:0610
INFO	[2012-10-15 11:28:05:496] <24804> rOrdNo:1000000195
INFO	[2012-10-15 11:28:05:496] <24804> rApprNo:24272187
INFO	[2012-10-15 11:28:05:496] <24804> rInstmt:00
INFO	[2012-10-15 11:28:05:496] <24804> rAmt:000000006300
INFO	[2012-10-15 11:28:05:496] <24804> rSuccYn:y
INFO	[2012-10-15 11:28:05:496] <24804> rResMsg:정상승인
INFO	[2012-10-15 11:28:05:496] <24804> rCardNm:신한
INFO	[2012-10-15 11:28:05:496] <24804> rApprTm:20121015112802
INFO	[2012-10-15 11:28:05:496] <24804> rCardCd:0500
INFO	[2012-10-15 11:28:05:496] <24804> rMembNo:18570317
INFO	[2012-10-15 11:28:05:496] <24804> rAquiCd:0500
INFO	[2012-10-15 11:28:05:497] <24804> rAquiNm:신한
INFO	[2012-10-15 11:28:05:497] <24804> rDealNo:507048
INFO	[2012-10-15 11:28:05:497] <24804> rProdNm:레드폭스
INFO	[2012-10-15 11:28:05:497] <24804> ]
INFO	[2012-10-15 11:28:05:497] <24804> END  정상승인 Transaction time:[2.432sec]
INFO	[2012-10-15 11:28:05:497] <24804> ===============================================================
