INFO	[2012-09-17 20:13:38:263] <21182> ===============================================================
INFO	[2012-09-17 20:13:38:263] <21182> START AgsPay40 php (OS:Linux2.6.18-238.9.1.el5xen,PHP:5.2.17)
INFO	[2012-09-17 20:13:38:263] <21182> card Pay Start!
INFO	[2012-09-17 20:13:38:263] <21182> AgsPayHome:/mnt/DATA/WWW/scomdcom.com/loveholic/agspay/
INFO	[2012-09-17 20:13:38:263] <21182> StoreId:yulabs79
INFO	[2012-09-17 20:13:38:263] <21182> log:true
INFO	[2012-09-17 20:13:38:263] <21182> logLevel:INFO
INFO	[2012-09-17 20:13:38:264] <21182> UseNetCancel:true
INFO	[2012-09-17 20:13:38:264] <21182> Type:Pay
INFO	[2012-09-17 20:13:38:264] <21182> RecvLen:7
INFO	[2012-09-17 20:13:38:264] <21182> AuthTy:card
INFO	[2012-09-17 20:13:38:264] <21182> SubTy:visa3d
INFO	[2012-09-17 20:13:38:264] <21182> OrdNo:1000000006
INFO	[2012-09-17 20:13:38:264] <21182> Amt:18700
INFO	[2012-09-17 20:13:38:264] <21182> UserEmail:noff@cultstory.com
INFO	[2012-09-17 20:13:38:264] <21182> ProdNm:Ïö¥ÏàòÎåÄÌÜµ
INFO	[2012-09-17 20:13:38:264] <21182> MallUrl:http://www.scomdcom.com
INFO	[2012-09-17 20:13:38:264] <21182> UserId:
INFO	[2012-09-17 20:13:38:264] <21182> OrdNm:Î∞ïÏö©ÎÇ®
INFO	[2012-09-17 20:13:38:264] <21182> OrdPhone:010-2717-8221
INFO	[2012-09-17 20:13:38:264] <21182> OrdAddr:ÏÑúÏö∏ Ï§ëÍµ¨ Ï∂©Î¨¥Î°ú2Í∞Ä 50-6 ÎùºÏù¥Ïò®Ïä§ÎπåÎî© 1003Ìò∏
INFO	[2012-09-17 20:13:38:264] <21182> RcpNm:Î∞ïÏö©ÎÇ®
INFO	[2012-09-17 20:13:38:264] <21182> RcpPhone:010-2717-8221
INFO	[2012-09-17 20:13:38:265] <21182> DlvAddr:ÏÑúÏö∏ Ï§ëÍµ¨ Ï∂©Î¨¥Î°ú2Í∞Ä 50-6 ÎùºÏù¥Ïò®Ïä§ÎπåÎî© 1003Ìò∏
INFO	[2012-09-17 20:13:38:265] <21182> Remark:Î∂ÄÏû¨Ïãú Ï†ÑÌôîÏ£ºÏÑ∏Ïöî
INFO	[2012-09-17 20:13:38:265] <21182> DeviId:9000400001
INFO	[2012-09-17 20:13:38:265] <21182> AuthYn:N;211.48.34.44;N;;18700;;null;;;
INFO	[2012-09-17 20:13:38:265] <21182> Instmt:00
INFO	[2012-09-17 20:13:38:265] <21182> UserIp:211.48.34.44
INFO	[2012-09-17 20:13:38:265] <21182> partial_mm:
INFO	[2012-09-17 20:13:38:265] <21182> noIntMonth:
INFO	[2012-09-17 20:13:38:265] <21182> KVP_CURRENCY:WON
INFO	[2012-09-17 20:13:38:265] <21182> KVP_CARDCODE:
INFO	[2012-09-17 20:13:38:265] <21182> KVP_SESSIONKEY:
INFO	[2012-09-17 20:13:38:265] <21182> KVP_ENCDATA:
INFO	[2012-09-17 20:13:38:265] <21182> KVP_CONAME:
INFO	[2012-09-17 20:13:38:265] <21182> KVP_NOINT:
INFO	[2012-09-17 20:13:38:265] <21182> KVP_QUOTA:
INFO	[2012-09-17 20:13:38:266] <21182> CardNo:4374360069657003
INFO	[2012-09-17 20:13:38:266] <21182> MPI_CAVV:AAABCYA2FyASCRcZIDYXAAAAAAA=
INFO	[2012-09-17 20:13:38:266] <21182> MPI_ECI:05
INFO	[2012-09-17 20:13:38:266] <21182> MPI_MD64:MjAxMjA5MTcyMDEyMjE5NjIxMDY=
INFO	[2012-09-17 20:13:38:266] <21182> ExpMon:12
INFO	[2012-09-17 20:13:38:266] <21182> ExpYear:2049
INFO	[2012-09-17 20:13:38:266] <21182> Passwd:
INFO	[2012-09-17 20:13:38:266] <21182> SocId:
INFO	[2012-09-17 20:13:38:266] <21182> ICHE_OUTBANKNAME:
INFO	[2012-09-17 20:13:38:266] <21182> ICHE_OUTACCTNO:
INFO	[2012-09-17 20:13:38:266] <21182> ICHE_OUTBANKMASTER:
INFO	[2012-09-17 20:13:38:266] <21182> ICHE_AMOUNT:
INFO	[2012-09-17 20:13:38:266] <21182> HP_SERVERINFO:
INFO	[2012-09-17 20:13:38:266] <21182> HP_HANDPHONE:
INFO	[2012-09-17 20:13:38:266] <21182> HP_COMPANY:
INFO	[2012-09-17 20:13:38:266] <21182> HP_ID:
INFO	[2012-09-17 20:13:38:267] <21182> HP_SUBID:
INFO	[2012-09-17 20:13:38:267] <21182> HP_UNITType:2
INFO	[2012-09-17 20:13:38:267] <21182> HP_IDEN:
INFO	[2012-09-17 20:13:38:267] <21182> HP_IPADDR:
INFO	[2012-09-17 20:13:38:267] <21182> ARS_NAME:
INFO	[2012-09-17 20:13:38:267] <21182> ARS_PHONE:
INFO	[2012-09-17 20:13:38:267] <21182> VIRTUAL_CENTERCD:99
INFO	[2012-09-17 20:13:38:267] <21182> VIRTUAL_DEPODT:
INFO	[2012-09-17 20:13:38:267] <21182> ZuminCode:
INFO	[2012-09-17 20:13:38:267] <21182> MallPage:/mall/AGS_VirAcctResult.php
INFO	[2012-09-17 20:13:38:267] <21182> VIRTUAL_NO:
INFO	[2012-09-17 20:13:38:267] <21182> ES_SENDNO:
INFO	[2012-09-17 20:13:38:267] <21182> ICHE_SOCKETYN:Y
INFO	[2012-09-17 20:13:38:267] <21182> ICHE_POSMTID:
INFO	[2012-09-17 20:13:38:267] <21182> ICHE_FNBCMTID:
INFO	[2012-09-17 20:13:38:267] <21182> ICHE_APTRTS:
INFO	[2012-09-17 20:13:38:268] <21182> ICHE_REMARK1:
INFO	[2012-09-17 20:13:38:268] <21182> ICHE_REMARK2:
INFO	[2012-09-17 20:13:38:268] <21182> ICHE_ECWYN:
INFO	[2012-09-17 20:13:38:268] <21182> ICHE_ECWID:
INFO	[2012-09-17 20:13:38:268] <21182> ICHE_ECWAMT1:
INFO	[2012-09-17 20:13:38:268] <21182> ICHE_ECWAMT2:
INFO	[2012-09-17 20:13:38:268] <21182> ICHE_CASHYN:N
INFO	[2012-09-17 20:13:38:268] <21182> ICHE_CASHGUBUN_CD:
INFO	[2012-09-17 20:13:38:268] <21182> ICHE_CASHID_NO:
INFO	[2012-09-17 20:13:38:268] <21182> ICHEARS_SOCKETYN:Y
INFO	[2012-09-17 20:13:38:268] <21182> ICHEARS_ADMNO:
INFO	[2012-09-17 20:13:38:268] <21182> ICHEARS_POSMTID:
INFO	[2012-09-17 20:13:38:268] <21182> ICHEARS_CENTERCD:
INFO	[2012-09-17 20:13:38:268] <21182> ICHEARS_HPNO:
INFO	[2012-09-17 20:13:38:268] <21182> Make NetCancel ID Start
INFO	[2012-09-17 20:13:38:269] <21182> AEGIS_VISAyulabs79_20120917201338269863
INFO	[2012-09-17 20:13:38:269] <21182> Make NetCancel ID End
INFO	[2012-09-17 20:13:38:269] <21182> Make NetCancelID OK
INFO	[2012-09-17 20:13:38:269] <21182> Make Msg Start
INFO	[2012-09-17 20:13:38:269] <21182> Encrypt Start
INFO	[2012-09-17 20:13:38:269] <21182> Encrypt End
INFO	[2012-09-17 20:13:38:269] <21182> Encrypt Start
INFO	[2012-09-17 20:13:38:269] <21182> Encrypt End
INFO	[2012-09-17 20:13:38:269] <21182> Encrypt Start
INFO	[2012-09-17 20:13:38:269] <21182> Encrypt End
INFO	[2012-09-17 20:13:38:269] <21182> Encrypt Start
INFO	[2012-09-17 20:13:38:269] <21182> Encrypt End
INFO	[2012-09-17 20:13:38:269] <21182> card-visa3d Make MSG OK 
INFO	[2012-09-17 20:13:38:269] <21182> Make Msg End
INFO	[2012-09-17 20:13:38:270] <21182> Make Pay Msg OK
INFO	[2012-09-17 20:13:38:270] <21182> Send & Recv Msg Start
INFO	[2012-09-17 20:13:38:270] <21182> Send Data To PG Start [ 
INFO	[2012-09-17 20:13:38:270] <21182> 0:0004070plug15
INFO	[2012-09-17 20:13:38:270] <21182> 1:yulabs79
INFO	[2012-09-17 20:13:38:270] <21182> 2:
INFO	[2012-09-17 20:13:38:270] <21182> 3:18700
INFO	[2012-09-17 20:13:38:270] <21182> 4:1000000006
INFO	[2012-09-17 20:13:38:270] <21182> 5:9000400001
INFO	[2012-09-17 20:13:38:270] <21182> 6:3748311563608819
INFO	[2012-09-17 20:13:38:270] <21182> 7:283587
INFO	[2012-09-17 20:13:38:270] <21182> 8:00
INFO	[2012-09-17 20:13:38:270] <21182> 9:N;211.48.34.44;N;;18700;;null;;;
INFO	[2012-09-17 20:13:38:270] <21182> 10:
INFO	[2012-09-17 20:13:38:270] <21182> 11:
INFO	[2012-09-17 20:13:38:270] <21182> 12:Î∞ïÏö©ÎÇ®
INFO	[2012-09-17 20:13:38:270] <21182> 13:010-2717-8221
INFO	[2012-09-17 20:13:38:270] <21182> 14:ÏÑúÏö∏ Ï§ëÍµ¨ Ï∂©Î¨¥Î°ú2Í∞Ä 50-6 ÎùºÏù¥Ïò®Ïä§ÎπåÎî© 1003Ìò∏
INFO	[2012-09-17 20:13:38:270] <21182> 15:Î∞ïÏö©ÎÇ®
INFO	[2012-09-17 20:13:38:270] <21182> 16:211.48.34.44;010-2717-8221
INFO	[2012-09-17 20:13:38:270] <21182> 17:noff@cultstory.com;Î∂ÄÏû¨Ïãú Ï†ÑÌôîÏ£ºÏÑ∏Ïöî
INFO	[2012-09-17 20:13:38:270] <21182> 18:Ïö¥ÏàòÎåÄÌÜµ
INFO	[2012-09-17 20:13:38:270] <21182> 19:AAABCYA2FyASCRcZIDYXAAAAAAA=
INFO	[2012-09-17 20:13:38:270] <21182> 20:MjAxMjA5MTcyMDEyMjE5NjIxMDY=
INFO	[2012-09-17 20:13:38:270] <21182> 21:05
INFO	[2012-09-17 20:13:38:270] <21182> 22:noff@cultstory.com
INFO	[2012-09-17 20:13:38:270] <21182> 23:AEGIS_VISAyulabs79_20120917201338269863
INFO	[2012-09-17 20:13:38:270] <21182> 24:
INFO	[2012-09-17 20:13:38:270] <21182> ] Send Data To PG End 
INFO	[2012-09-17 20:13:38:270] <21182> SendMsg : [0004070plug15|yulabs79||18700|1000000006|9000400001|3748311563608819|283587|00|N;211.48.34.44;N;;18700;;null;;;|||Î∞ïÏö©ÎÇ®|010-2717-8221|ÏÑúÏö∏ Ï§ëÍµ¨ Ï∂©Î¨¥Î°ú2Í∞Ä 50-6 ÎùºÏù¥Ïò®Ïä§ÎπåÎî© 1003Ìò∏|Î∞ïÏö©ÎÇ®|211.48.34.44;010-2717-8221|noff@cultstory.com;Î∂ÄÏû¨Ïãú Ï†ÑÌôîÏ£ºÏÑ∏Ïöî|Ïö¥ÏàòÎåÄÌÜµ|AAABCYA2FyASCRcZIDYXAAAAAAA=|MjAxMjA5MTcyMDEyMjE5NjIxMDY=|05|noff@cultstory.com|AEGIS_VISAyulabs79_20120917201338269863|]
INFO	[2012-09-17 20:13:38:270] <21182> Connect IP:[220.85.12.3] Port:[29760]
INFO	[2012-09-17 20:13:38:275] <21182> Socket Open OK
INFO	[2012-09-17 20:13:39:450] <21182> RecvMsg Length : [000100]
INFO	[2012-09-17 20:13:39:451] <21182> RecvMsg : [yulabs79|0610|1000000006|        |000000018700|n|77-ƒ´µÂªÁ¿¸»≠ø‰∏¡||20120917201338|0500||0||523015|
]
INFO	[2012-09-17 20:13:39:451] <21182> Socket Close OK
INFO	[2012-09-17 20:13:39:451] <21182> RecvMsg Length Check OK
INFO	[2012-09-17 20:13:39:451] <21182> Send & Recv Msg End
INFO	[2012-09-17 20:13:39:451] <21182> Send & Recv Msg OK
INFO	[2012-09-17 20:13:39:451] <21182> Parse Msg Start
INFO	[2012-09-17 20:13:39:451] <21182> card-visa3d RECV MSG Parsing OK 
INFO	[2012-09-17 20:13:39:451] <21182> Parse Msg End
INFO	[2012-09-17 20:13:39:451] <21182> Msg Parsing OK
INFO	[2012-09-17 20:13:39:451] <21182> card Pay Result Value [
INFO	[2012-09-17 20:13:39:451] <21182> NetCancID:AEGIS_VISAyulabs79_20120917201338269863
INFO	[2012-09-17 20:13:39:451] <21182> rStoreId:yulabs79
INFO	[2012-09-17 20:13:39:451] <21182> rBusiCd:0610
INFO	[2012-09-17 20:13:39:452] <21182> rOrdNo:1000000006
INFO	[2012-09-17 20:13:39:452] <21182> rApprNo:        
INFO	[2012-09-17 20:13:39:452] <21182> rInstmt:00
INFO	[2012-09-17 20:13:39:452] <21182> rAmt:000000018700
INFO	[2012-09-17 20:13:39:452] <21182> rSuccYn:n
INFO	[2012-09-17 20:13:39:452] <21182> rResMsg:77-ƒ´µÂªÁ¿¸»≠ø‰∏¡
INFO	[2012-09-17 20:13:39:452] <21182> rCardNm:
INFO	[2012-09-17 20:13:39:452] <21182> rApprTm:20120917201338
INFO	[2012-09-17 20:13:39:452] <21182> rCardCd:0500
INFO	[2012-09-17 20:13:39:452] <21182> rMembNo:
INFO	[2012-09-17 20:13:39:452] <21182> rAquiCd:0
INFO	[2012-09-17 20:13:39:452] <21182> rAquiNm:
INFO	[2012-09-17 20:13:39:452] <21182> rDealNo:523015
INFO	[2012-09-17 20:13:39:452] <21182> rProdNm:Ïö¥ÏàòÎåÄÌÜµ
INFO	[2012-09-17 20:13:39:452] <21182> ]
INFO	[2012-09-17 20:13:39:452] <21182> END  77-ƒ´µÂªÁ¿¸»≠ø‰∏¡ Transaction time:[1.219sec]
INFO	[2012-09-17 20:13:39:453] <21182> ===============================================================
