INFO	[2012-10-09 14:34:26:114] <10516> ===============================================================
INFO	[2012-10-09 14:34:26:114] <10516> START AgsPay40 php (OS:Linux2.6.18-238.9.1.el5xen,PHP:5.2.17)
INFO	[2012-10-09 14:34:26:114] <10516> card Pay Start!
INFO	[2012-10-09 14:34:26:114] <10516> AgsPayHome:/mnt/DATA/WWW/scomdcom.com/loveholic/agspay/
INFO	[2012-10-09 14:34:26:114] <10516> StoreId:yulabs79
INFO	[2012-10-09 14:34:26:114] <10516> log:true
INFO	[2012-10-09 14:34:26:114] <10516> logLevel:INFO
INFO	[2012-10-09 14:34:26:114] <10516> UseNetCancel:true
INFO	[2012-10-09 14:34:26:114] <10516> Type:Pay
INFO	[2012-10-09 14:34:26:114] <10516> RecvLen:7
INFO	[2012-10-09 14:34:26:114] <10516> AuthTy:card
INFO	[2012-10-09 14:34:26:115] <10516> SubTy:visa3d
INFO	[2012-10-09 14:34:26:115] <10516> OrdNo:1000000148
INFO	[2012-10-09 14:34:26:115] <10516> Amt:8350
INFO	[2012-10-09 14:34:26:115] <10516> UserEmail:dd
INFO	[2012-10-09 14:34:26:115] <10516> ProdNm:롱러브9p
INFO	[2012-10-09 14:34:26:115] <10516> MallUrl:http://www.scomdcom.com
INFO	[2012-10-09 14:34:26:115] <10516> UserId:16
INFO	[2012-10-09 14:34:26:115] <10516> OrdNm:박용남
INFO	[2012-10-09 14:34:26:115] <10516> OrdPhone:010-2717-8221
INFO	[2012-10-09 14:34:26:115] <10516> OrdAddr:서울 서대문구 창천동 GS강남타워 3333
INFO	[2012-10-09 14:34:26:115] <10516> RcpNm:박용남
INFO	[2012-10-09 14:34:26:115] <10516> RcpPhone:010-2717-8221
INFO	[2012-10-09 14:34:26:115] <10516> DlvAddr:서울 서대문구 창천동 GS강남타워 3333
INFO	[2012-10-09 14:34:26:115] <10516> Remark:
INFO	[2012-10-09 14:34:26:115] <10516> DeviId:9000400001
INFO	[2012-10-09 14:34:26:115] <10516> AuthYn:N;211.48.34.44;N;;8350;;null;;;
INFO	[2012-10-09 14:34:26:116] <10516> Instmt:00
INFO	[2012-10-09 14:34:26:116] <10516> UserIp:211.48.34.44
INFO	[2012-10-09 14:34:26:116] <10516> partial_mm:
INFO	[2012-10-09 14:34:26:116] <10516> noIntMonth:
INFO	[2012-10-09 14:34:26:116] <10516> KVP_CURRENCY:WON
INFO	[2012-10-09 14:34:26:116] <10516> KVP_CARDCODE:
INFO	[2012-10-09 14:34:26:116] <10516> KVP_SESSIONKEY:
INFO	[2012-10-09 14:34:26:116] <10516> KVP_ENCDATA:
INFO	[2012-10-09 14:34:26:116] <10516> KVP_CONAME:
INFO	[2012-10-09 14:34:26:116] <10516> KVP_NOINT:
INFO	[2012-10-09 14:34:26:116] <10516> KVP_QUOTA:
INFO	[2012-10-09 14:34:26:116] <10516> CardNo:4374360069657003
INFO	[2012-10-09 14:34:26:116] <10516> MPI_CAVV:AAABBoaESCASEAkUNIRIAAAAAAA=
INFO	[2012-10-09 14:34:26:116] <10516> MPI_ECI:05
INFO	[2012-10-09 14:34:26:116] <10516> MPI_MD64:MjAxMjEwMDkxNDMzMTQxMTcxMDY=
INFO	[2012-10-09 14:34:26:116] <10516> ExpMon:12
INFO	[2012-10-09 14:34:26:117] <10516> ExpYear:2049
INFO	[2012-10-09 14:34:26:117] <10516> Passwd:
INFO	[2012-10-09 14:34:26:117] <10516> SocId:
INFO	[2012-10-09 14:34:26:117] <10516> ICHE_OUTBANKNAME:
INFO	[2012-10-09 14:34:26:117] <10516> ICHE_OUTACCTNO:
INFO	[2012-10-09 14:34:26:117] <10516> ICHE_OUTBANKMASTER:
INFO	[2012-10-09 14:34:26:117] <10516> ICHE_AMOUNT:
INFO	[2012-10-09 14:34:26:117] <10516> HP_SERVERINFO:
INFO	[2012-10-09 14:34:26:117] <10516> HP_HANDPHONE:
INFO	[2012-10-09 14:34:26:117] <10516> HP_COMPANY:
INFO	[2012-10-09 14:34:26:117] <10516> HP_ID:
INFO	[2012-10-09 14:34:26:117] <10516> HP_SUBID:
INFO	[2012-10-09 14:34:26:117] <10516> HP_UNITType:2
INFO	[2012-10-09 14:34:26:117] <10516> HP_IDEN:
INFO	[2012-10-09 14:34:26:117] <10516> HP_IPADDR:
INFO	[2012-10-09 14:34:26:117] <10516> ARS_NAME:
INFO	[2012-10-09 14:34:26:118] <10516> ARS_PHONE:
INFO	[2012-10-09 14:34:26:118] <10516> VIRTUAL_CENTERCD:99
INFO	[2012-10-09 14:34:26:118] <10516> VIRTUAL_DEPODT:
INFO	[2012-10-09 14:34:26:118] <10516> ZuminCode:
INFO	[2012-10-09 14:34:26:118] <10516> MallPage:/loveholic/agspay/AGS_VirAcctResult.php
INFO	[2012-10-09 14:34:26:118] <10516> VIRTUAL_NO:
INFO	[2012-10-09 14:34:26:118] <10516> ES_SENDNO:
INFO	[2012-10-09 14:34:26:118] <10516> ICHE_SOCKETYN:Y
INFO	[2012-10-09 14:34:26:118] <10516> ICHE_POSMTID:
INFO	[2012-10-09 14:34:26:118] <10516> ICHE_FNBCMTID:
INFO	[2012-10-09 14:34:26:118] <10516> ICHE_APTRTS:
INFO	[2012-10-09 14:34:26:118] <10516> ICHE_REMARK1:
INFO	[2012-10-09 14:34:26:118] <10516> ICHE_REMARK2:
INFO	[2012-10-09 14:34:26:118] <10516> ICHE_ECWYN:
INFO	[2012-10-09 14:34:26:118] <10516> ICHE_ECWID:
INFO	[2012-10-09 14:34:26:119] <10516> ICHE_ECWAMT1:
INFO	[2012-10-09 14:34:26:119] <10516> ICHE_ECWAMT2:
INFO	[2012-10-09 14:34:26:119] <10516> ICHE_CASHYN:N
INFO	[2012-10-09 14:34:26:119] <10516> ICHE_CASHGUBUN_CD:
INFO	[2012-10-09 14:34:26:119] <10516> ICHE_CASHID_NO:
INFO	[2012-10-09 14:34:26:119] <10516> ICHEARS_SOCKETYN:Y
INFO	[2012-10-09 14:34:26:119] <10516> ICHEARS_ADMNO:
INFO	[2012-10-09 14:34:26:119] <10516> ICHEARS_POSMTID:
INFO	[2012-10-09 14:34:26:119] <10516> ICHEARS_CENTERCD:
INFO	[2012-10-09 14:34:26:119] <10516> ICHEARS_HPNO:
INFO	[2012-10-09 14:34:26:119] <10516> Make NetCancel ID Start
INFO	[2012-10-09 14:34:26:119] <10516> AEGIS_VISAyulabs79_20121009143426119202
INFO	[2012-10-09 14:34:26:119] <10516> Make NetCancel ID End
INFO	[2012-10-09 14:34:26:119] <10516> Make NetCancelID OK
INFO	[2012-10-09 14:34:26:119] <10516> Make Msg Start
INFO	[2012-10-09 14:34:26:120] <10516> Encrypt Start
INFO	[2012-10-09 14:34:26:120] <10516> Encrypt End
INFO	[2012-10-09 14:34:26:120] <10516> Encrypt Start
INFO	[2012-10-09 14:34:26:120] <10516> Encrypt End
INFO	[2012-10-09 14:34:26:120] <10516> Encrypt Start
INFO	[2012-10-09 14:34:26:120] <10516> Encrypt End
INFO	[2012-10-09 14:34:26:120] <10516> Encrypt Start
INFO	[2012-10-09 14:34:26:120] <10516> Encrypt End
INFO	[2012-10-09 14:34:26:120] <10516> card-visa3d Make MSG OK 
INFO	[2012-10-09 14:34:26:120] <10516> Make Msg End
INFO	[2012-10-09 14:34:26:120] <10516> Make Pay Msg OK
INFO	[2012-10-09 14:34:26:120] <10516> Send & Recv Msg Start
INFO	[2012-10-09 14:34:26:120] <10516> Send Data To PG Start [ 
INFO	[2012-10-09 14:34:26:120] <10516> 0:0003170plug15
INFO	[2012-10-09 14:34:26:120] <10516> 1:yulabs79
INFO	[2012-10-09 14:34:26:120] <10516> 2:16
INFO	[2012-10-09 14:34:26:120] <10516> 3:8350
INFO	[2012-10-09 14:34:26:120] <10516> 4:1000000148
INFO	[2012-10-09 14:34:26:120] <10516> 5:9000400001
INFO	[2012-10-09 14:34:26:120] <10516> 6:3748311563608819
INFO	[2012-10-09 14:34:26:120] <10516> 7:283587
INFO	[2012-10-09 14:34:26:120] <10516> 8:00
INFO	[2012-10-09 14:34:26:120] <10516> 9:N;211.48.34.44;N;;8350;;null;;;
INFO	[2012-10-09 14:34:26:120] <10516> 10:
INFO	[2012-10-09 14:34:26:120] <10516> 11:
INFO	[2012-10-09 14:34:26:120] <10516> 12:박용남
INFO	[2012-10-09 14:34:26:120] <10516> 13:010-2717-8221
INFO	[2012-10-09 14:34:26:120] <10516> 14:서울 서대문구 창천동 GS강남타워 3333
INFO	[2012-10-09 14:34:26:120] <10516> 15:박용남
INFO	[2012-10-09 14:34:26:120] <10516> 16:211.48.34.44;010-2717-8221
INFO	[2012-10-09 14:34:26:120] <10516> 17:dd;
INFO	[2012-10-09 14:34:26:120] <10516> 18:롱러브9p
INFO	[2012-10-09 14:34:26:120] <10516> 19:AAABBoaESCASEAkUNIRIAAAAAAA=
INFO	[2012-10-09 14:34:26:120] <10516> 20:MjAxMjEwMDkxNDMzMTQxMTcxMDY=
INFO	[2012-10-09 14:34:26:120] <10516> 21:05
INFO	[2012-10-09 14:34:26:120] <10516> 22:dd
INFO	[2012-10-09 14:34:26:120] <10516> 23:AEGIS_VISAyulabs79_20121009143426119202
INFO	[2012-10-09 14:34:26:120] <10516> 24:
INFO	[2012-10-09 14:34:26:121] <10516> ] Send Data To PG End 
INFO	[2012-10-09 14:34:26:121] <10516> SendMsg : [0003170plug15|yulabs79|16|8350|1000000148|9000400001|3748311563608819|283587|00|N;211.48.34.44;N;;8350;;null;;;|||박용남|010-2717-8221|서울 서대문구 창천동 GS강남타워 3333|박용남|211.48.34.44;010-2717-8221|dd;|롱러브9p|AAABBoaESCASEAkUNIRIAAAAAAA=|MjAxMjEwMDkxNDMzMTQxMTcxMDY=|05|dd|AEGIS_VISAyulabs79_20121009143426119202|]
INFO	[2012-10-09 14:34:26:121] <10516> Connect IP:[220.85.12.3] Port:[29760]
INFO	[2012-10-09 14:34:26:126] <10516> Socket Open OK
INFO	[2012-10-09 14:34:27:666] <10516> RecvMsg Length : [000110]
INFO	[2012-10-09 14:34:27:666] <10516> RecvMsg : [yulabs79|0610|1000000148|37964715|000000008350|y|정상승인|신한|20121009143427|0500|18570317|0500|신한|507038|
]
INFO	[2012-10-09 14:34:27:666] <10516> Socket Close OK
INFO	[2012-10-09 14:34:27:666] <10516> RecvMsg Length Check OK
INFO	[2012-10-09 14:34:27:666] <10516> Send & Recv Msg End
INFO	[2012-10-09 14:34:27:666] <10516> Send & Recv Msg OK
INFO	[2012-10-09 14:34:27:666] <10516> Parse Msg Start
INFO	[2012-10-09 14:34:27:666] <10516> card-visa3d RECV MSG Parsing OK 
INFO	[2012-10-09 14:34:27:666] <10516> Parse Msg End
INFO	[2012-10-09 14:34:27:666] <10516> Msg Parsing OK
INFO	[2012-10-09 14:34:27:667] <10516> card Pay Result Value [
INFO	[2012-10-09 14:34:27:667] <10516> NetCancID:AEGIS_VISAyulabs79_20121009143426119202
INFO	[2012-10-09 14:34:27:667] <10516> rStoreId:yulabs79
INFO	[2012-10-09 14:34:27:667] <10516> rBusiCd:0610
INFO	[2012-10-09 14:34:27:667] <10516> rOrdNo:1000000148
INFO	[2012-10-09 14:34:27:667] <10516> rApprNo:37964715
INFO	[2012-10-09 14:34:27:667] <10516> rInstmt:00
INFO	[2012-10-09 14:34:27:667] <10516> rAmt:000000008350
INFO	[2012-10-09 14:34:27:667] <10516> rSuccYn:y
INFO	[2012-10-09 14:34:27:667] <10516> rResMsg:정상승인
INFO	[2012-10-09 14:34:27:667] <10516> rCardNm:신한
INFO	[2012-10-09 14:34:27:667] <10516> rApprTm:20121009143427
INFO	[2012-10-09 14:34:27:667] <10516> rCardCd:0500
INFO	[2012-10-09 14:34:27:667] <10516> rMembNo:18570317
INFO	[2012-10-09 14:34:27:667] <10516> rAquiCd:0500
INFO	[2012-10-09 14:34:27:668] <10516> rAquiNm:신한
INFO	[2012-10-09 14:34:27:668] <10516> rDealNo:507038
INFO	[2012-10-09 14:34:27:668] <10516> rProdNm:롱러브9p
INFO	[2012-10-09 14:34:27:668] <10516> ]
INFO	[2012-10-09 14:34:27:668] <10516> END  정상승인 Transaction time:[1.554sec]
INFO	[2012-10-09 14:34:27:668] <10516> ===============================================================
INFO	[2012-10-09 14:43:28:453] <9895> ===============================================================
INFO	[2012-10-09 14:43:28:453] <9895> START AgsPay40 php (OS:Linux2.6.18-238.9.1.el5xen,PHP:5.2.17)
INFO	[2012-10-09 14:43:28:453] <9895> card Pay Start!
INFO	[2012-10-09 14:43:28:453] <9895> AgsPayHome:/mnt/DATA/WWW/scomdcom.com/loveholic/agspay/
INFO	[2012-10-09 14:43:28:454] <9895> StoreId:yulabs79
INFO	[2012-10-09 14:43:28:454] <9895> log:true
INFO	[2012-10-09 14:43:28:454] <9895> logLevel:INFO
INFO	[2012-10-09 14:43:28:454] <9895> UseNetCancel:true
INFO	[2012-10-09 14:43:28:454] <9895> Type:Pay
INFO	[2012-10-09 14:43:28:454] <9895> RecvLen:7
INFO	[2012-10-09 14:43:28:454] <9895> AuthTy:card
INFO	[2012-10-09 14:43:28:454] <9895> SubTy:visa3d
INFO	[2012-10-09 14:43:28:454] <9895> OrdNo:1000000149
INFO	[2012-10-09 14:43:28:454] <9895> Amt:6000
INFO	[2012-10-09 14:43:28:454] <9895> UserEmail:dd
INFO	[2012-10-09 14:43:28:454] <9895> ProdNm:슬림
INFO	[2012-10-09 14:43:28:454] <9895> MallUrl:http://www.scomdcom.com
INFO	[2012-10-09 14:43:28:454] <9895> UserId:16
INFO	[2012-10-09 14:43:28:454] <9895> OrdNm:박용남
INFO	[2012-10-09 14:43:28:454] <9895> OrdPhone:010-2717-8221
INFO	[2012-10-09 14:43:28:455] <9895> OrdAddr:서울 서대문구 창천동 122
INFO	[2012-10-09 14:43:28:455] <9895> RcpNm:박용남
INFO	[2012-10-09 14:43:28:455] <9895> RcpPhone:010-2717-8221
INFO	[2012-10-09 14:43:28:455] <9895> DlvAddr:서울 서대문구 창천동 122
INFO	[2012-10-09 14:43:28:455] <9895> Remark:
INFO	[2012-10-09 14:43:28:455] <9895> DeviId:9000400001
INFO	[2012-10-09 14:43:28:455] <9895> AuthYn:N;211.48.34.44;N;;6000;;null;;;
INFO	[2012-10-09 14:43:28:455] <9895> Instmt:00
INFO	[2012-10-09 14:43:28:455] <9895> UserIp:211.48.34.44
INFO	[2012-10-09 14:43:28:455] <9895> partial_mm:
INFO	[2012-10-09 14:43:28:455] <9895> noIntMonth:
INFO	[2012-10-09 14:43:28:455] <9895> KVP_CURRENCY:WON
INFO	[2012-10-09 14:43:28:455] <9895> KVP_CARDCODE:
INFO	[2012-10-09 14:43:28:455] <9895> KVP_SESSIONKEY:
INFO	[2012-10-09 14:43:28:455] <9895> KVP_ENCDATA:
INFO	[2012-10-09 14:43:28:455] <9895> KVP_CONAME:
INFO	[2012-10-09 14:43:28:456] <9895> KVP_NOINT:
INFO	[2012-10-09 14:43:28:456] <9895> KVP_QUOTA:
INFO	[2012-10-09 14:43:28:456] <9895> CardNo:4374360069657003
INFO	[2012-10-09 14:43:28:456] <9895> MPI_CAVV:AAABCAKQRyASEAkUQ5BHAAAAAAA=
INFO	[2012-10-09 14:43:28:456] <9895> MPI_ECI:05
INFO	[2012-10-09 14:43:28:456] <9895> MPI_MD64:MjAxMjEwMDkxNDQyNTY4MDcxMDY=
INFO	[2012-10-09 14:43:28:456] <9895> ExpMon:12
INFO	[2012-10-09 14:43:28:456] <9895> ExpYear:2049
INFO	[2012-10-09 14:43:28:456] <9895> Passwd:
INFO	[2012-10-09 14:43:28:456] <9895> SocId:
INFO	[2012-10-09 14:43:28:456] <9895> ICHE_OUTBANKNAME:
INFO	[2012-10-09 14:43:28:456] <9895> ICHE_OUTACCTNO:
INFO	[2012-10-09 14:43:28:456] <9895> ICHE_OUTBANKMASTER:
INFO	[2012-10-09 14:43:28:456] <9895> ICHE_AMOUNT:
INFO	[2012-10-09 14:43:28:456] <9895> HP_SERVERINFO:
INFO	[2012-10-09 14:43:28:456] <9895> HP_HANDPHONE:
INFO	[2012-10-09 14:43:28:457] <9895> HP_COMPANY:
INFO	[2012-10-09 14:43:28:457] <9895> HP_ID:
INFO	[2012-10-09 14:43:28:457] <9895> HP_SUBID:
INFO	[2012-10-09 14:43:28:457] <9895> HP_UNITType:2
INFO	[2012-10-09 14:43:28:457] <9895> HP_IDEN:
INFO	[2012-10-09 14:43:28:457] <9895> HP_IPADDR:
INFO	[2012-10-09 14:43:28:457] <9895> ARS_NAME:
INFO	[2012-10-09 14:43:28:457] <9895> ARS_PHONE:
INFO	[2012-10-09 14:43:28:457] <9895> VIRTUAL_CENTERCD:99
INFO	[2012-10-09 14:43:28:457] <9895> VIRTUAL_DEPODT:
INFO	[2012-10-09 14:43:28:457] <9895> ZuminCode:
INFO	[2012-10-09 14:43:28:457] <9895> MallPage:/loveholic/agspay/AGS_VirAcctResult.php
INFO	[2012-10-09 14:43:28:457] <9895> VIRTUAL_NO:
INFO	[2012-10-09 14:43:28:457] <9895> ES_SENDNO:
INFO	[2012-10-09 14:43:28:457] <9895> ICHE_SOCKETYN:Y
INFO	[2012-10-09 14:43:28:457] <9895> ICHE_POSMTID:
INFO	[2012-10-09 14:43:28:457] <9895> ICHE_FNBCMTID:
INFO	[2012-10-09 14:43:28:457] <9895> ICHE_APTRTS:
INFO	[2012-10-09 14:43:28:458] <9895> ICHE_REMARK1:
INFO	[2012-10-09 14:43:28:458] <9895> ICHE_REMARK2:
INFO	[2012-10-09 14:43:28:458] <9895> ICHE_ECWYN:
INFO	[2012-10-09 14:43:28:458] <9895> ICHE_ECWID:
INFO	[2012-10-09 14:43:28:458] <9895> ICHE_ECWAMT1:
INFO	[2012-10-09 14:43:28:458] <9895> ICHE_ECWAMT2:
INFO	[2012-10-09 14:43:28:458] <9895> ICHE_CASHYN:N
INFO	[2012-10-09 14:43:28:458] <9895> ICHE_CASHGUBUN_CD:
INFO	[2012-10-09 14:43:28:458] <9895> ICHE_CASHID_NO:
INFO	[2012-10-09 14:43:28:458] <9895> ICHEARS_SOCKETYN:Y
INFO	[2012-10-09 14:43:28:458] <9895> ICHEARS_ADMNO:
INFO	[2012-10-09 14:43:28:458] <9895> ICHEARS_POSMTID:
INFO	[2012-10-09 14:43:28:458] <9895> ICHEARS_CENTERCD:
INFO	[2012-10-09 14:43:28:458] <9895> ICHEARS_HPNO:
INFO	[2012-10-09 14:43:28:458] <9895> Make NetCancel ID Start
INFO	[2012-10-09 14:43:28:458] <9895> AEGIS_VISAyulabs79_20121009144328458830
INFO	[2012-10-09 14:43:28:458] <9895> Make NetCancel ID End
INFO	[2012-10-09 14:43:28:459] <9895> Make NetCancelID OK
INFO	[2012-10-09 14:43:28:459] <9895> Make Msg Start
INFO	[2012-10-09 14:43:28:459] <9895> Encrypt Start
INFO	[2012-10-09 14:43:28:459] <9895> Encrypt End
INFO	[2012-10-09 14:43:28:459] <9895> Encrypt Start
INFO	[2012-10-09 14:43:28:459] <9895> Encrypt End
INFO	[2012-10-09 14:43:28:459] <9895> Encrypt Start
INFO	[2012-10-09 14:43:28:459] <9895> Encrypt End
INFO	[2012-10-09 14:43:28:459] <9895> Encrypt Start
INFO	[2012-10-09 14:43:28:459] <9895> Encrypt End
INFO	[2012-10-09 14:43:28:459] <9895> card-visa3d Make MSG OK 
INFO	[2012-10-09 14:43:28:459] <9895> Make Msg End
INFO	[2012-10-09 14:43:28:459] <9895> Make Pay Msg OK
INFO	[2012-10-09 14:43:28:459] <9895> Send & Recv Msg Start
INFO	[2012-10-09 14:43:28:459] <9895> Send Data To PG Start [ 
INFO	[2012-10-09 14:43:28:459] <9895> 0:0003010plug15
INFO	[2012-10-09 14:43:28:459] <9895> 1:yulabs79
INFO	[2012-10-09 14:43:28:459] <9895> 2:16
INFO	[2012-10-09 14:43:28:459] <9895> 3:6000
INFO	[2012-10-09 14:43:28:459] <9895> 4:1000000149
INFO	[2012-10-09 14:43:28:459] <9895> 5:9000400001
INFO	[2012-10-09 14:43:28:459] <9895> 6:3748311563608819
INFO	[2012-10-09 14:43:28:459] <9895> 7:283587
INFO	[2012-10-09 14:43:28:459] <9895> 8:00
INFO	[2012-10-09 14:43:28:459] <9895> 9:N;211.48.34.44;N;;6000;;null;;;
INFO	[2012-10-09 14:43:28:459] <9895> 10:
INFO	[2012-10-09 14:43:28:459] <9895> 11:
INFO	[2012-10-09 14:43:28:459] <9895> 12:박용남
INFO	[2012-10-09 14:43:28:459] <9895> 13:010-2717-8221
INFO	[2012-10-09 14:43:28:459] <9895> 14:서울 서대문구 창천동 122
INFO	[2012-10-09 14:43:28:459] <9895> 15:박용남
INFO	[2012-10-09 14:43:28:459] <9895> 16:211.48.34.44;010-2717-8221
INFO	[2012-10-09 14:43:28:459] <9895> 17:dd;
INFO	[2012-10-09 14:43:28:459] <9895> 18:슬림
INFO	[2012-10-09 14:43:28:459] <9895> 19:AAABCAKQRyASEAkUQ5BHAAAAAAA=
INFO	[2012-10-09 14:43:28:459] <9895> 20:MjAxMjEwMDkxNDQyNTY4MDcxMDY=
INFO	[2012-10-09 14:43:28:459] <9895> 21:05
INFO	[2012-10-09 14:43:28:459] <9895> 22:dd
INFO	[2012-10-09 14:43:28:459] <9895> 23:AEGIS_VISAyulabs79_20121009144328458830
INFO	[2012-10-09 14:43:28:459] <9895> 24:
INFO	[2012-10-09 14:43:28:460] <9895> ] Send Data To PG End 
INFO	[2012-10-09 14:43:28:460] <9895> SendMsg : [0003010plug15|yulabs79|16|6000|1000000149|9000400001|3748311563608819|283587|00|N;211.48.34.44;N;;6000;;null;;;|||박용남|010-2717-8221|서울 서대문구 창천동 122|박용남|211.48.34.44;010-2717-8221|dd;|슬림|AAABCAKQRyASEAkUQ5BHAAAAAAA=|MjAxMjEwMDkxNDQyNTY4MDcxMDY=|05|dd|AEGIS_VISAyulabs79_20121009144328458830|]
INFO	[2012-10-09 14:43:28:460] <9895> Connect IP:[220.85.12.3] Port:[29760]
INFO	[2012-10-09 14:43:28:466] <9895> Socket Open OK
INFO	[2012-10-09 14:43:30:258] <9895> RecvMsg Length : [000110]
INFO	[2012-10-09 14:43:30:258] <9895> RecvMsg : [yulabs79|0610|1000000149|38009142|000000006000|y|정상승인|신한|20121009144329|0500|18570317|0500|신한|507191|
]
INFO	[2012-10-09 14:43:30:259] <9895> Socket Close OK
INFO	[2012-10-09 14:43:30:259] <9895> RecvMsg Length Check OK
INFO	[2012-10-09 14:43:30:259] <9895> Send & Recv Msg End
INFO	[2012-10-09 14:43:30:259] <9895> Send & Recv Msg OK
INFO	[2012-10-09 14:43:30:259] <9895> Parse Msg Start
INFO	[2012-10-09 14:43:30:259] <9895> card-visa3d RECV MSG Parsing OK 
INFO	[2012-10-09 14:43:30:259] <9895> Parse Msg End
INFO	[2012-10-09 14:43:30:259] <9895> Msg Parsing OK
INFO	[2012-10-09 14:43:30:259] <9895> card Pay Result Value [
INFO	[2012-10-09 14:43:30:259] <9895> NetCancID:AEGIS_VISAyulabs79_20121009144328458830
INFO	[2012-10-09 14:43:30:259] <9895> rStoreId:yulabs79
INFO	[2012-10-09 14:43:30:259] <9895> rBusiCd:0610
INFO	[2012-10-09 14:43:30:259] <9895> rOrdNo:1000000149
INFO	[2012-10-09 14:43:30:259] <9895> rApprNo:38009142
INFO	[2012-10-09 14:43:30:259] <9895> rInstmt:00
INFO	[2012-10-09 14:43:30:259] <9895> rAmt:000000006000
INFO	[2012-10-09 14:43:30:259] <9895> rSuccYn:y
INFO	[2012-10-09 14:43:30:260] <9895> rResMsg:정상승인
INFO	[2012-10-09 14:43:30:260] <9895> rCardNm:신한
INFO	[2012-10-09 14:43:30:260] <9895> rApprTm:20121009144329
INFO	[2012-10-09 14:43:30:260] <9895> rCardCd:0500
INFO	[2012-10-09 14:43:30:260] <9895> rMembNo:18570317
INFO	[2012-10-09 14:43:30:260] <9895> rAquiCd:0500
INFO	[2012-10-09 14:43:30:260] <9895> rAquiNm:신한
INFO	[2012-10-09 14:43:30:260] <9895> rDealNo:507191
INFO	[2012-10-09 14:43:30:260] <9895> rProdNm:슬림
INFO	[2012-10-09 14:43:30:260] <9895> ]
INFO	[2012-10-09 14:43:30:260] <9895> END  정상승인 Transaction time:[1.807sec]
INFO	[2012-10-09 14:43:30:260] <9895> ===============================================================
INFO	[2012-10-09 14:54:26:625] <2510> ===============================================================
INFO	[2012-10-09 14:54:26:626] <2510> START AgsPay40 php (OS:Linux2.6.18-238.9.1.el5xen,PHP:5.2.17)
INFO	[2012-10-09 14:54:26:626] <2510> card Pay Start!
INFO	[2012-10-09 14:54:26:626] <2510> AgsPayHome:/mnt/DATA/WWW/scomdcom.com/loveholic/agspay/
INFO	[2012-10-09 14:54:26:626] <2510> StoreId:yulabs79
INFO	[2012-10-09 14:54:26:626] <2510> log:true
INFO	[2012-10-09 14:54:26:626] <2510> logLevel:INFO
INFO	[2012-10-09 14:54:26:626] <2510> UseNetCancel:true
INFO	[2012-10-09 14:54:26:626] <2510> Type:Pay
INFO	[2012-10-09 14:54:26:626] <2510> RecvLen:7
INFO	[2012-10-09 14:54:26:626] <2510> AuthTy:card
INFO	[2012-10-09 14:54:26:626] <2510> SubTy:visa3d
INFO	[2012-10-09 14:54:26:626] <2510> OrdNo:1000000150
INFO	[2012-10-09 14:54:26:626] <2510> Amt:6300
INFO	[2012-10-09 14:54:26:626] <2510> UserEmail:dd
INFO	[2012-10-09 14:54:26:626] <2510> ProdNm:오카모토
INFO	[2012-10-09 14:54:26:626] <2510> MallUrl:http://www.scomdcom.com
INFO	[2012-10-09 14:54:26:626] <2510> UserId:16
INFO	[2012-10-09 14:54:26:627] <2510> OrdNm:박용남
INFO	[2012-10-09 14:54:26:627] <2510> OrdPhone:010-2717-8221
INFO	[2012-10-09 14:54:26:627] <2510> OrdAddr:서울 서대문구 창천동 122
INFO	[2012-10-09 14:54:26:627] <2510> RcpNm:박용남
INFO	[2012-10-09 14:54:26:627] <2510> RcpPhone:010-2717-8221
INFO	[2012-10-09 14:54:26:627] <2510> DlvAddr:서울 서대문구 창천동 122
INFO	[2012-10-09 14:54:26:627] <2510> Remark:
INFO	[2012-10-09 14:54:26:627] <2510> DeviId:9000400001
INFO	[2012-10-09 14:54:26:627] <2510> AuthYn:N;211.48.34.44;N;;6300;;null;;;
INFO	[2012-10-09 14:54:26:627] <2510> Instmt:00
INFO	[2012-10-09 14:54:26:627] <2510> UserIp:211.48.34.44
INFO	[2012-10-09 14:54:26:627] <2510> partial_mm:
INFO	[2012-10-09 14:54:26:627] <2510> noIntMonth:
INFO	[2012-10-09 14:54:26:627] <2510> KVP_CURRENCY:WON
INFO	[2012-10-09 14:54:26:627] <2510> KVP_CARDCODE:
INFO	[2012-10-09 14:54:26:627] <2510> KVP_SESSIONKEY:
INFO	[2012-10-09 14:54:26:628] <2510> KVP_ENCDATA:
INFO	[2012-10-09 14:54:26:628] <2510> KVP_CONAME:
INFO	[2012-10-09 14:54:26:628] <2510> KVP_NOINT:
INFO	[2012-10-09 14:54:26:628] <2510> KVP_QUOTA:
INFO	[2012-10-09 14:54:26:628] <2510> CardNo:4374360069657003
INFO	[2012-10-09 14:54:26:628] <2510> MPI_CAVV:AAABBjGXIiASEAkUVJciAAAAAAA=
INFO	[2012-10-09 14:54:26:628] <2510> MPI_ECI:05
INFO	[2012-10-09 14:54:26:628] <2510> MPI_MD64:MjAxMjEwMDkxNDUzNDYxNzcxMDY=
INFO	[2012-10-09 14:54:26:628] <2510> ExpMon:12
INFO	[2012-10-09 14:54:26:628] <2510> ExpYear:2049
INFO	[2012-10-09 14:54:26:628] <2510> Passwd:
INFO	[2012-10-09 14:54:26:628] <2510> SocId:
INFO	[2012-10-09 14:54:26:628] <2510> ICHE_OUTBANKNAME:
INFO	[2012-10-09 14:54:26:628] <2510> ICHE_OUTACCTNO:
INFO	[2012-10-09 14:54:26:629] <2510> ICHE_OUTBANKMASTER:
INFO	[2012-10-09 14:54:26:629] <2510> ICHE_AMOUNT:
INFO	[2012-10-09 14:54:26:629] <2510> HP_SERVERINFO:
INFO	[2012-10-09 14:54:26:629] <2510> HP_HANDPHONE:
INFO	[2012-10-09 14:54:26:629] <2510> HP_COMPANY:
INFO	[2012-10-09 14:54:26:629] <2510> HP_ID:
INFO	[2012-10-09 14:54:26:629] <2510> HP_SUBID:
INFO	[2012-10-09 14:54:26:629] <2510> HP_UNITType:2
INFO	[2012-10-09 14:54:26:629] <2510> HP_IDEN:
INFO	[2012-10-09 14:54:26:629] <2510> HP_IPADDR:
INFO	[2012-10-09 14:54:26:629] <2510> ARS_NAME:
INFO	[2012-10-09 14:54:26:629] <2510> ARS_PHONE:
INFO	[2012-10-09 14:54:26:629] <2510> VIRTUAL_CENTERCD:99
INFO	[2012-10-09 14:54:26:629] <2510> VIRTUAL_DEPODT:
INFO	[2012-10-09 14:54:26:629] <2510> ZuminCode:
INFO	[2012-10-09 14:54:26:629] <2510> MallPage:/loveholic/agspay/AGS_VirAcctResult.php
INFO	[2012-10-09 14:54:26:630] <2510> VIRTUAL_NO:
INFO	[2012-10-09 14:54:26:630] <2510> ES_SENDNO:
INFO	[2012-10-09 14:54:26:630] <2510> ICHE_SOCKETYN:Y
INFO	[2012-10-09 14:54:26:630] <2510> ICHE_POSMTID:
INFO	[2012-10-09 14:54:26:630] <2510> ICHE_FNBCMTID:
INFO	[2012-10-09 14:54:26:630] <2510> ICHE_APTRTS:
INFO	[2012-10-09 14:54:26:630] <2510> ICHE_REMARK1:
INFO	[2012-10-09 14:54:26:630] <2510> ICHE_REMARK2:
INFO	[2012-10-09 14:54:26:630] <2510> ICHE_ECWYN:
INFO	[2012-10-09 14:54:26:630] <2510> ICHE_ECWID:
INFO	[2012-10-09 14:54:26:630] <2510> ICHE_ECWAMT1:
INFO	[2012-10-09 14:54:26:630] <2510> ICHE_ECWAMT2:
INFO	[2012-10-09 14:54:26:630] <2510> ICHE_CASHYN:N
INFO	[2012-10-09 14:54:26:630] <2510> ICHE_CASHGUBUN_CD:
INFO	[2012-10-09 14:54:26:630] <2510> ICHE_CASHID_NO:
INFO	[2012-10-09 14:54:26:630] <2510> ICHEARS_SOCKETYN:Y
INFO	[2012-10-09 14:54:26:631] <2510> ICHEARS_ADMNO:
INFO	[2012-10-09 14:54:26:631] <2510> ICHEARS_POSMTID:
INFO	[2012-10-09 14:54:26:631] <2510> ICHEARS_CENTERCD:
INFO	[2012-10-09 14:54:26:631] <2510> ICHEARS_HPNO:
INFO	[2012-10-09 14:54:26:631] <2510> Make NetCancel ID Start
INFO	[2012-10-09 14:54:26:631] <2510> AEGIS_VISAyulabs79_20121009145426631688
INFO	[2012-10-09 14:54:26:631] <2510> Make NetCancel ID End
INFO	[2012-10-09 14:54:26:631] <2510> Make NetCancelID OK
INFO	[2012-10-09 14:54:26:631] <2510> Make Msg Start
INFO	[2012-10-09 14:54:26:631] <2510> Encrypt Start
INFO	[2012-10-09 14:54:26:631] <2510> Encrypt End
INFO	[2012-10-09 14:54:26:631] <2510> Encrypt Start
INFO	[2012-10-09 14:54:26:631] <2510> Encrypt End
INFO	[2012-10-09 14:54:26:632] <2510> Encrypt Start
INFO	[2012-10-09 14:54:26:632] <2510> Encrypt End
INFO	[2012-10-09 14:54:26:632] <2510> Encrypt Start
INFO	[2012-10-09 14:54:26:632] <2510> Encrypt End
INFO	[2012-10-09 14:54:26:632] <2510> card-visa3d Make MSG OK 
INFO	[2012-10-09 14:54:26:632] <2510> Make Msg End
INFO	[2012-10-09 14:54:26:632] <2510> Make Pay Msg OK
INFO	[2012-10-09 14:54:26:632] <2510> Send & Recv Msg Start
INFO	[2012-10-09 14:54:26:632] <2510> Send Data To PG Start [ 
INFO	[2012-10-09 14:54:26:632] <2510> 0:0003050plug15
INFO	[2012-10-09 14:54:26:632] <2510> 1:yulabs79
INFO	[2012-10-09 14:54:26:632] <2510> 2:16
INFO	[2012-10-09 14:54:26:632] <2510> 3:6300
INFO	[2012-10-09 14:54:26:632] <2510> 4:1000000150
INFO	[2012-10-09 14:54:26:632] <2510> 5:9000400001
INFO	[2012-10-09 14:54:26:632] <2510> 6:3748311563608819
INFO	[2012-10-09 14:54:26:632] <2510> 7:283587
INFO	[2012-10-09 14:54:26:632] <2510> 8:00
INFO	[2012-10-09 14:54:26:632] <2510> 9:N;211.48.34.44;N;;6300;;null;;;
INFO	[2012-10-09 14:54:26:632] <2510> 10:
INFO	[2012-10-09 14:54:26:632] <2510> 11:
INFO	[2012-10-09 14:54:26:632] <2510> 12:박용남
INFO	[2012-10-09 14:54:26:632] <2510> 13:010-2717-8221
INFO	[2012-10-09 14:54:26:632] <2510> 14:서울 서대문구 창천동 122
INFO	[2012-10-09 14:54:26:632] <2510> 15:박용남
INFO	[2012-10-09 14:54:26:632] <2510> 16:211.48.34.44;010-2717-8221
INFO	[2012-10-09 14:54:26:632] <2510> 17:dd;
INFO	[2012-10-09 14:54:26:632] <2510> 18:오카모토
INFO	[2012-10-09 14:54:26:632] <2510> 19:AAABBjGXIiASEAkUVJciAAAAAAA=
INFO	[2012-10-09 14:54:26:632] <2510> 20:MjAxMjEwMDkxNDUzNDYxNzcxMDY=
INFO	[2012-10-09 14:54:26:632] <2510> 21:05
INFO	[2012-10-09 14:54:26:632] <2510> 22:dd
INFO	[2012-10-09 14:54:26:632] <2510> 23:AEGIS_VISAyulabs79_20121009145426631688
INFO	[2012-10-09 14:54:26:632] <2510> 24:
INFO	[2012-10-09 14:54:26:632] <2510> ] Send Data To PG End 
INFO	[2012-10-09 14:54:26:632] <2510> SendMsg : [0003050plug15|yulabs79|16|6300|1000000150|9000400001|3748311563608819|283587|00|N;211.48.34.44;N;;6300;;null;;;|||박용남|010-2717-8221|서울 서대문구 창천동 122|박용남|211.48.34.44;010-2717-8221|dd;|오카모토|AAABBjGXIiASEAkUVJciAAAAAAA=|MjAxMjEwMDkxNDUzNDYxNzcxMDY=|05|dd|AEGIS_VISAyulabs79_20121009145426631688|]
INFO	[2012-10-09 14:54:26:632] <2510> Connect IP:[220.85.12.3] Port:[29760]
INFO	[2012-10-09 14:54:26:638] <2510> Socket Open OK
INFO	[2012-10-09 14:54:28:427] <2510> RecvMsg Length : [000110]
INFO	[2012-10-09 14:54:28:427] <2510> RecvMsg : [yulabs79|0610|1000000150|38069171|000000006300|y|정상승인|신한|20121009145427|0500|18570317|0500|신한|507389|
]
INFO	[2012-10-09 14:54:28:427] <2510> Socket Close OK
INFO	[2012-10-09 14:54:28:427] <2510> RecvMsg Length Check OK
INFO	[2012-10-09 14:54:28:427] <2510> Send & Recv Msg End
INFO	[2012-10-09 14:54:28:428] <2510> Send & Recv Msg OK
INFO	[2012-10-09 14:54:28:428] <2510> Parse Msg Start
INFO	[2012-10-09 14:54:28:428] <2510> card-visa3d RECV MSG Parsing OK 
INFO	[2012-10-09 14:54:28:428] <2510> Parse Msg End
INFO	[2012-10-09 14:54:28:428] <2510> Msg Parsing OK
INFO	[2012-10-09 14:54:28:428] <2510> card Pay Result Value [
INFO	[2012-10-09 14:54:28:428] <2510> NetCancID:AEGIS_VISAyulabs79_20121009145426631688
INFO	[2012-10-09 14:54:28:428] <2510> rStoreId:yulabs79
INFO	[2012-10-09 14:54:28:428] <2510> rBusiCd:0610
INFO	[2012-10-09 14:54:28:428] <2510> rOrdNo:1000000150
INFO	[2012-10-09 14:54:28:429] <2510> rApprNo:38069171
INFO	[2012-10-09 14:54:28:429] <2510> rInstmt:00
INFO	[2012-10-09 14:54:28:429] <2510> rAmt:000000006300
INFO	[2012-10-09 14:54:28:429] <2510> rSuccYn:y
INFO	[2012-10-09 14:54:28:429] <2510> rResMsg:정상승인
INFO	[2012-10-09 14:54:28:429] <2510> rCardNm:신한
INFO	[2012-10-09 14:54:28:429] <2510> rApprTm:20121009145427
INFO	[2012-10-09 14:54:28:429] <2510> rCardCd:0500
INFO	[2012-10-09 14:54:28:429] <2510> rMembNo:18570317
INFO	[2012-10-09 14:54:28:429] <2510> rAquiCd:0500
INFO	[2012-10-09 14:54:28:429] <2510> rAquiNm:신한
INFO	[2012-10-09 14:54:28:430] <2510> rDealNo:507389
INFO	[2012-10-09 14:54:28:430] <2510> rProdNm:오카모토
INFO	[2012-10-09 14:54:28:430] <2510> ]
INFO	[2012-10-09 14:54:28:430] <2510> END  정상승인 Transaction time:[1.805sec]
INFO	[2012-10-09 14:54:28:430] <2510> ===============================================================
INFO	[2012-10-09 14:59:21:921] <10531> ===============================================================
INFO	[2012-10-09 14:59:21:921] <10531> START AgsPay40 php (OS:Linux2.6.18-238.9.1.el5xen,PHP:5.2.17)
INFO	[2012-10-09 14:59:21:921] <10531> card Pay Start!
INFO	[2012-10-09 14:59:21:921] <10531> AgsPayHome:/mnt/DATA/WWW/scomdcom.com/loveholic/agspay/
INFO	[2012-10-09 14:59:21:921] <10531> StoreId:yulabs79
INFO	[2012-10-09 14:59:21:921] <10531> log:true
INFO	[2012-10-09 14:59:21:921] <10531> logLevel:INFO
INFO	[2012-10-09 14:59:21:921] <10531> UseNetCancel:true
INFO	[2012-10-09 14:59:21:921] <10531> Type:Pay
INFO	[2012-10-09 14:59:21:921] <10531> RecvLen:7
INFO	[2012-10-09 14:59:21:922] <10531> AuthTy:card
INFO	[2012-10-09 14:59:21:922] <10531> SubTy:visa3d
INFO	[2012-10-09 14:59:21:922] <10531> OrdNo:1000000151
INFO	[2012-10-09 14:59:21:922] <10531> Amt:6300
INFO	[2012-10-09 14:59:21:922] <10531> UserEmail:dd
INFO	[2012-10-09 14:59:21:922] <10531> ProdNm:롱러브9p
INFO	[2012-10-09 14:59:21:922] <10531> MallUrl:http://www.scomdcom.com
INFO	[2012-10-09 14:59:21:922] <10531> UserId:16
INFO	[2012-10-09 14:59:21:922] <10531> OrdNm:박용남
INFO	[2012-10-09 14:59:21:922] <10531> OrdPhone:010-2717-8221
INFO	[2012-10-09 14:59:21:922] <10531> OrdAddr:서울 서대문구 창천동 122
INFO	[2012-10-09 14:59:21:922] <10531> RcpNm:박용남
INFO	[2012-10-09 14:59:21:922] <10531> RcpPhone:010-2717-8221
INFO	[2012-10-09 14:59:21:922] <10531> DlvAddr:서울 서대문구 창천동 122
INFO	[2012-10-09 14:59:21:922] <10531> Remark:
INFO	[2012-10-09 14:59:21:923] <10531> DeviId:9000400001
INFO	[2012-10-09 14:59:21:923] <10531> AuthYn:N;211.48.34.44;N;;6300;;null;;;
INFO	[2012-10-09 14:59:21:923] <10531> Instmt:00
INFO	[2012-10-09 14:59:21:923] <10531> UserIp:211.48.34.44
INFO	[2012-10-09 14:59:21:923] <10531> partial_mm:
INFO	[2012-10-09 14:59:21:923] <10531> noIntMonth:
INFO	[2012-10-09 14:59:21:923] <10531> KVP_CURRENCY:WON
INFO	[2012-10-09 14:59:21:923] <10531> KVP_CARDCODE:
INFO	[2012-10-09 14:59:21:923] <10531> KVP_SESSIONKEY:
INFO	[2012-10-09 14:59:21:923] <10531> KVP_ENCDATA:
INFO	[2012-10-09 14:59:21:923] <10531> KVP_CONAME:
INFO	[2012-10-09 14:59:21:923] <10531> KVP_NOINT:
INFO	[2012-10-09 14:59:21:923] <10531> KVP_QUOTA:
INFO	[2012-10-09 14:59:21:923] <10531> CardNo:4374360069657003
INFO	[2012-10-09 14:59:21:923] <10531> MPI_CAVV:AAABCRAXQiASEAkUWRdCAAAAAAA=
INFO	[2012-10-09 14:59:21:923] <10531> MPI_ECI:05
INFO	[2012-10-09 14:59:21:924] <10531> MPI_MD64:MjAxMjEwMDkxNDU4NDIwMDcxMDY=
INFO	[2012-10-09 14:59:21:924] <10531> ExpMon:12
INFO	[2012-10-09 14:59:21:924] <10531> ExpYear:2049
INFO	[2012-10-09 14:59:21:924] <10531> Passwd:
INFO	[2012-10-09 14:59:21:924] <10531> SocId:
INFO	[2012-10-09 14:59:21:924] <10531> ICHE_OUTBANKNAME:
INFO	[2012-10-09 14:59:21:924] <10531> ICHE_OUTACCTNO:
INFO	[2012-10-09 14:59:21:924] <10531> ICHE_OUTBANKMASTER:
INFO	[2012-10-09 14:59:21:924] <10531> ICHE_AMOUNT:
INFO	[2012-10-09 14:59:21:924] <10531> HP_SERVERINFO:
INFO	[2012-10-09 14:59:21:924] <10531> HP_HANDPHONE:
INFO	[2012-10-09 14:59:21:924] <10531> HP_COMPANY:
INFO	[2012-10-09 14:59:21:924] <10531> HP_ID:
INFO	[2012-10-09 14:59:21:924] <10531> HP_SUBID:
INFO	[2012-10-09 14:59:21:924] <10531> HP_UNITType:2
INFO	[2012-10-09 14:59:21:924] <10531> HP_IDEN:
INFO	[2012-10-09 14:59:21:925] <10531> HP_IPADDR:
INFO	[2012-10-09 14:59:21:925] <10531> ARS_NAME:
INFO	[2012-10-09 14:59:21:925] <10531> ARS_PHONE:
INFO	[2012-10-09 14:59:21:925] <10531> VIRTUAL_CENTERCD:99
INFO	[2012-10-09 14:59:21:925] <10531> VIRTUAL_DEPODT:
INFO	[2012-10-09 14:59:21:925] <10531> ZuminCode:
INFO	[2012-10-09 14:59:21:925] <10531> MallPage:/loveholic/agspay/AGS_VirAcctResult.php
INFO	[2012-10-09 14:59:21:925] <10531> VIRTUAL_NO:
INFO	[2012-10-09 14:59:21:925] <10531> ES_SENDNO:
INFO	[2012-10-09 14:59:21:925] <10531> ICHE_SOCKETYN:Y
INFO	[2012-10-09 14:59:21:925] <10531> ICHE_POSMTID:
INFO	[2012-10-09 14:59:21:925] <10531> ICHE_FNBCMTID:
INFO	[2012-10-09 14:59:21:925] <10531> ICHE_APTRTS:
INFO	[2012-10-09 14:59:21:925] <10531> ICHE_REMARK1:
INFO	[2012-10-09 14:59:21:925] <10531> ICHE_REMARK2:
INFO	[2012-10-09 14:59:21:926] <10531> ICHE_ECWYN:
INFO	[2012-10-09 14:59:21:926] <10531> ICHE_ECWID:
INFO	[2012-10-09 14:59:21:926] <10531> ICHE_ECWAMT1:
INFO	[2012-10-09 14:59:21:926] <10531> ICHE_ECWAMT2:
INFO	[2012-10-09 14:59:21:926] <10531> ICHE_CASHYN:N
INFO	[2012-10-09 14:59:21:926] <10531> ICHE_CASHGUBUN_CD:
INFO	[2012-10-09 14:59:21:926] <10531> ICHE_CASHID_NO:
INFO	[2012-10-09 14:59:21:926] <10531> ICHEARS_SOCKETYN:Y
INFO	[2012-10-09 14:59:21:926] <10531> ICHEARS_ADMNO:
INFO	[2012-10-09 14:59:21:926] <10531> ICHEARS_POSMTID:
INFO	[2012-10-09 14:59:21:926] <10531> ICHEARS_CENTERCD:
INFO	[2012-10-09 14:59:21:926] <10531> ICHEARS_HPNO:
INFO	[2012-10-09 14:59:21:926] <10531> Make NetCancel ID Start
INFO	[2012-10-09 14:59:21:926] <10531> AEGIS_VISAyulabs79_20121009145921926214
INFO	[2012-10-09 14:59:21:926] <10531> Make NetCancel ID End
INFO	[2012-10-09 14:59:21:927] <10531> Make NetCancelID OK
INFO	[2012-10-09 14:59:21:927] <10531> Make Msg Start
INFO	[2012-10-09 14:59:21:927] <10531> Encrypt Start
INFO	[2012-10-09 14:59:21:927] <10531> Encrypt End
INFO	[2012-10-09 14:59:21:927] <10531> Encrypt Start
INFO	[2012-10-09 14:59:21:927] <10531> Encrypt End
INFO	[2012-10-09 14:59:21:927] <10531> Encrypt Start
INFO	[2012-10-09 14:59:21:927] <10531> Encrypt End
INFO	[2012-10-09 14:59:21:927] <10531> Encrypt Start
INFO	[2012-10-09 14:59:21:927] <10531> Encrypt End
INFO	[2012-10-09 14:59:21:927] <10531> card-visa3d Make MSG OK 
INFO	[2012-10-09 14:59:21:927] <10531> Make Msg End
INFO	[2012-10-09 14:59:21:927] <10531> Make Pay Msg OK
INFO	[2012-10-09 14:59:21:927] <10531> Send & Recv Msg Start
INFO	[2012-10-09 14:59:21:927] <10531> Send Data To PG Start [ 
INFO	[2012-10-09 14:59:21:928] <10531> 0:0003050plug15
INFO	[2012-10-09 14:59:21:928] <10531> 1:yulabs79
INFO	[2012-10-09 14:59:21:928] <10531> 2:16
INFO	[2012-10-09 14:59:21:928] <10531> 3:6300
INFO	[2012-10-09 14:59:21:928] <10531> 4:1000000151
INFO	[2012-10-09 14:59:21:928] <10531> 5:9000400001
INFO	[2012-10-09 14:59:21:928] <10531> 6:3748311563608819
INFO	[2012-10-09 14:59:21:928] <10531> 7:283587
INFO	[2012-10-09 14:59:21:928] <10531> 8:00
INFO	[2012-10-09 14:59:21:928] <10531> 9:N;211.48.34.44;N;;6300;;null;;;
INFO	[2012-10-09 14:59:21:928] <10531> 10:
INFO	[2012-10-09 14:59:21:928] <10531> 11:
INFO	[2012-10-09 14:59:21:928] <10531> 12:박용남
INFO	[2012-10-09 14:59:21:928] <10531> 13:010-2717-8221
INFO	[2012-10-09 14:59:21:928] <10531> 14:서울 서대문구 창천동 122
INFO	[2012-10-09 14:59:21:928] <10531> 15:박용남
INFO	[2012-10-09 14:59:21:928] <10531> 16:211.48.34.44;010-2717-8221
INFO	[2012-10-09 14:59:21:928] <10531> 17:dd;
INFO	[2012-10-09 14:59:21:928] <10531> 18:롱러브9p
INFO	[2012-10-09 14:59:21:928] <10531> 19:AAABCRAXQiASEAkUWRdCAAAAAAA=
INFO	[2012-10-09 14:59:21:928] <10531> 20:MjAxMjEwMDkxNDU4NDIwMDcxMDY=
INFO	[2012-10-09 14:59:21:928] <10531> 21:05
INFO	[2012-10-09 14:59:21:928] <10531> 22:dd
INFO	[2012-10-09 14:59:21:928] <10531> 23:AEGIS_VISAyulabs79_20121009145921926214
INFO	[2012-10-09 14:59:21:928] <10531> 24:
INFO	[2012-10-09 14:59:21:928] <10531> ] Send Data To PG End 
INFO	[2012-10-09 14:59:21:928] <10531> SendMsg : [0003050plug15|yulabs79|16|6300|1000000151|9000400001|3748311563608819|283587|00|N;211.48.34.44;N;;6300;;null;;;|||박용남|010-2717-8221|서울 서대문구 창천동 122|박용남|211.48.34.44;010-2717-8221|dd;|롱러브9p|AAABCRAXQiASEAkUWRdCAAAAAAA=|MjAxMjEwMDkxNDU4NDIwMDcxMDY=|05|dd|AEGIS_VISAyulabs79_20121009145921926214|]
INFO	[2012-10-09 14:59:21:928] <10531> Connect IP:[220.85.12.3] Port:[29760]
INFO	[2012-10-09 14:59:21:933] <10531> Socket Open OK
INFO	[2012-10-09 14:59:23:87] <10531> RecvMsg Length : [000110]
INFO	[2012-10-09 14:59:23:87] <10531> RecvMsg : [yulabs79|0610|1000000151|38102875|000000006300|y|정상승인|신한|20121009145922|0500|18570317|0500|신한|507489|
]
INFO	[2012-10-09 14:59:23:87] <10531> Socket Close OK
INFO	[2012-10-09 14:59:23:87] <10531> RecvMsg Length Check OK
INFO	[2012-10-09 14:59:23:87] <10531> Send & Recv Msg End
INFO	[2012-10-09 14:59:23:87] <10531> Send & Recv Msg OK
INFO	[2012-10-09 14:59:23:87] <10531> Parse Msg Start
INFO	[2012-10-09 14:59:23:87] <10531> card-visa3d RECV MSG Parsing OK 
INFO	[2012-10-09 14:59:23:87] <10531> Parse Msg End
INFO	[2012-10-09 14:59:23:88] <10531> Msg Parsing OK
INFO	[2012-10-09 14:59:23:88] <10531> card Pay Result Value [
INFO	[2012-10-09 14:59:23:88] <10531> NetCancID:AEGIS_VISAyulabs79_20121009145921926214
INFO	[2012-10-09 14:59:23:88] <10531> rStoreId:yulabs79
INFO	[2012-10-09 14:59:23:88] <10531> rBusiCd:0610
INFO	[2012-10-09 14:59:23:88] <10531> rOrdNo:1000000151
INFO	[2012-10-09 14:59:23:88] <10531> rApprNo:38102875
INFO	[2012-10-09 14:59:23:88] <10531> rInstmt:00
INFO	[2012-10-09 14:59:23:88] <10531> rAmt:000000006300
INFO	[2012-10-09 14:59:23:88] <10531> rSuccYn:y
INFO	[2012-10-09 14:59:23:88] <10531> rResMsg:정상승인
INFO	[2012-10-09 14:59:23:88] <10531> rCardNm:신한
INFO	[2012-10-09 14:59:23:88] <10531> rApprTm:20121009145922
INFO	[2012-10-09 14:59:23:88] <10531> rCardCd:0500
INFO	[2012-10-09 14:59:23:88] <10531> rMembNo:18570317
INFO	[2012-10-09 14:59:23:89] <10531> rAquiCd:0500
INFO	[2012-10-09 14:59:23:89] <10531> rAquiNm:신한
INFO	[2012-10-09 14:59:23:89] <10531> rDealNo:507489
INFO	[2012-10-09 14:59:23:89] <10531> rProdNm:롱러브9p
INFO	[2012-10-09 14:59:23:89] <10531> ]
INFO	[2012-10-09 14:59:23:89] <10531> END  정상승인 Transaction time:[1.168sec]
INFO	[2012-10-09 14:59:23:89] <10531> ===============================================================
INFO	[2012-10-09 15:10:08:519] <10480> ===============================================================
INFO	[2012-10-09 15:10:08:519] <10480> START AgsPay40 php (OS:Linux2.6.18-238.9.1.el5xen,PHP:5.2.17)
INFO	[2012-10-09 15:10:08:519] <10480> card Pay Start!
INFO	[2012-10-09 15:10:08:519] <10480> AgsPayHome:/mnt/DATA/WWW/scomdcom.com/loveholic/agspay/
INFO	[2012-10-09 15:10:08:519] <10480> StoreId:yulabs79
INFO	[2012-10-09 15:10:08:520] <10480> log:true
INFO	[2012-10-09 15:10:08:520] <10480> logLevel:INFO
INFO	[2012-10-09 15:10:08:520] <10480> UseNetCancel:true
INFO	[2012-10-09 15:10:08:520] <10480> Type:Pay
INFO	[2012-10-09 15:10:08:520] <10480> RecvLen:7
INFO	[2012-10-09 15:10:08:520] <10480> AuthTy:card
INFO	[2012-10-09 15:10:08:520] <10480> SubTy:visa3d
INFO	[2012-10-09 15:10:08:520] <10480> OrdNo:1000000153
INFO	[2012-10-09 15:10:08:520] <10480> Amt:15550
INFO	[2012-10-09 15:10:08:520] <10480> UserEmail:dd
INFO	[2012-10-09 15:10:08:520] <10480> ProdNm:와우 2박스
INFO	[2012-10-09 15:10:08:520] <10480> MallUrl:http://www.scomdcom.com
INFO	[2012-10-09 15:10:08:520] <10480> UserId:16
INFO	[2012-10-09 15:10:08:521] <10480> OrdNm:박용남
INFO	[2012-10-09 15:10:08:521] <10480> OrdPhone:010-2717-8221
INFO	[2012-10-09 15:10:08:521] <10480> OrdAddr:서울 서대문구 창천동 122
INFO	[2012-10-09 15:10:08:521] <10480> RcpNm:박용남
INFO	[2012-10-09 15:10:08:521] <10480> RcpPhone:010-2717-8221
INFO	[2012-10-09 15:10:08:521] <10480> DlvAddr:서울 서대문구 창천동 122
INFO	[2012-10-09 15:10:08:521] <10480> Remark:
INFO	[2012-10-09 15:10:08:521] <10480> DeviId:9000400001
INFO	[2012-10-09 15:10:08:521] <10480> AuthYn:N;211.48.34.44;N;;15550;;null;;;
INFO	[2012-10-09 15:10:08:521] <10480> Instmt:00
INFO	[2012-10-09 15:10:08:521] <10480> UserIp:211.48.34.44
INFO	[2012-10-09 15:10:08:521] <10480> partial_mm:
INFO	[2012-10-09 15:10:08:521] <10480> noIntMonth:
INFO	[2012-10-09 15:10:08:521] <10480> KVP_CURRENCY:WON
INFO	[2012-10-09 15:10:08:521] <10480> KVP_CARDCODE:
INFO	[2012-10-09 15:10:08:521] <10480> KVP_SESSIONKEY:
INFO	[2012-10-09 15:10:08:522] <10480> KVP_ENCDATA:
INFO	[2012-10-09 15:10:08:522] <10480> KVP_CONAME:
INFO	[2012-10-09 15:10:08:522] <10480> KVP_NOINT:
INFO	[2012-10-09 15:10:08:522] <10480> KVP_QUOTA:
INFO	[2012-10-09 15:10:08:522] <10480> CardNo:4374360069657003
INFO	[2012-10-09 15:10:08:522] <10480> MPI_CAVV:AAABCCQIByASEAkVEAgHAAAAAAA=
INFO	[2012-10-09 15:10:08:522] <10480> MPI_ECI:05
INFO	[2012-10-09 15:10:08:522] <10480> MPI_MD64:MjAxMjEwMDkxNTA5MzEyNTUxMDY=
INFO	[2012-10-09 15:10:08:522] <10480> ExpMon:12
INFO	[2012-10-09 15:10:08:522] <10480> ExpYear:2049
INFO	[2012-10-09 15:10:08:522] <10480> Passwd:
INFO	[2012-10-09 15:10:08:522] <10480> SocId:
INFO	[2012-10-09 15:10:08:522] <10480> ICHE_OUTBANKNAME:
INFO	[2012-10-09 15:10:08:522] <10480> ICHE_OUTACCTNO:
INFO	[2012-10-09 15:10:08:522] <10480> ICHE_OUTBANKMASTER:
INFO	[2012-10-09 15:10:08:522] <10480> ICHE_AMOUNT:
INFO	[2012-10-09 15:10:08:523] <10480> HP_SERVERINFO:
INFO	[2012-10-09 15:10:08:523] <10480> HP_HANDPHONE:
INFO	[2012-10-09 15:10:08:523] <10480> HP_COMPANY:
INFO	[2012-10-09 15:10:08:523] <10480> HP_ID:
INFO	[2012-10-09 15:10:08:523] <10480> HP_SUBID:
INFO	[2012-10-09 15:10:08:523] <10480> HP_UNITType:2
INFO	[2012-10-09 15:10:08:523] <10480> HP_IDEN:
INFO	[2012-10-09 15:10:08:523] <10480> HP_IPADDR:
INFO	[2012-10-09 15:10:08:523] <10480> ARS_NAME:
INFO	[2012-10-09 15:10:08:523] <10480> ARS_PHONE:
INFO	[2012-10-09 15:10:08:523] <10480> VIRTUAL_CENTERCD:99
INFO	[2012-10-09 15:10:08:523] <10480> VIRTUAL_DEPODT:
INFO	[2012-10-09 15:10:08:523] <10480> ZuminCode:
INFO	[2012-10-09 15:10:08:523] <10480> MallPage:/loveholic/agspay/AGS_VirAcctResult.php
INFO	[2012-10-09 15:10:08:523] <10480> VIRTUAL_NO:
INFO	[2012-10-09 15:10:08:524] <10480> ES_SENDNO:
INFO	[2012-10-09 15:10:08:524] <10480> ICHE_SOCKETYN:Y
INFO	[2012-10-09 15:10:08:524] <10480> ICHE_POSMTID:
INFO	[2012-10-09 15:10:08:524] <10480> ICHE_FNBCMTID:
INFO	[2012-10-09 15:10:08:524] <10480> ICHE_APTRTS:
INFO	[2012-10-09 15:10:08:524] <10480> ICHE_REMARK1:
INFO	[2012-10-09 15:10:08:524] <10480> ICHE_REMARK2:
INFO	[2012-10-09 15:10:08:524] <10480> ICHE_ECWYN:
INFO	[2012-10-09 15:10:08:524] <10480> ICHE_ECWID:
INFO	[2012-10-09 15:10:08:524] <10480> ICHE_ECWAMT1:
INFO	[2012-10-09 15:10:08:524] <10480> ICHE_ECWAMT2:
INFO	[2012-10-09 15:10:08:524] <10480> ICHE_CASHYN:N
INFO	[2012-10-09 15:10:08:524] <10480> ICHE_CASHGUBUN_CD:
INFO	[2012-10-09 15:10:08:524] <10480> ICHE_CASHID_NO:
INFO	[2012-10-09 15:10:08:524] <10480> ICHEARS_SOCKETYN:Y
INFO	[2012-10-09 15:10:08:525] <10480> ICHEARS_ADMNO:
INFO	[2012-10-09 15:10:08:525] <10480> ICHEARS_POSMTID:
INFO	[2012-10-09 15:10:08:525] <10480> ICHEARS_CENTERCD:
INFO	[2012-10-09 15:10:08:525] <10480> ICHEARS_HPNO:
INFO	[2012-10-09 15:10:08:525] <10480> Make NetCancel ID Start
INFO	[2012-10-09 15:10:08:525] <10480> AEGIS_VISAyulabs79_20121009151008525453
INFO	[2012-10-09 15:10:08:525] <10480> Make NetCancel ID End
INFO	[2012-10-09 15:10:08:525] <10480> Make NetCancelID OK
INFO	[2012-10-09 15:10:08:525] <10480> Make Msg Start
INFO	[2012-10-09 15:10:08:525] <10480> Encrypt Start
INFO	[2012-10-09 15:10:08:525] <10480> Encrypt End
INFO	[2012-10-09 15:10:08:525] <10480> Encrypt Start
INFO	[2012-10-09 15:10:08:525] <10480> Encrypt End
INFO	[2012-10-09 15:10:08:525] <10480> Encrypt Start
INFO	[2012-10-09 15:10:08:526] <10480> Encrypt End
INFO	[2012-10-09 15:10:08:526] <10480> Encrypt Start
INFO	[2012-10-09 15:10:08:526] <10480> Encrypt End
INFO	[2012-10-09 15:10:08:526] <10480> card-visa3d Make MSG OK 
INFO	[2012-10-09 15:10:08:526] <10480> Make Msg End
INFO	[2012-10-09 15:10:08:526] <10480> Make Pay Msg OK
INFO	[2012-10-09 15:10:08:526] <10480> Send & Recv Msg Start
INFO	[2012-10-09 15:10:08:526] <10480> Send Data To PG Start [ 
INFO	[2012-10-09 15:10:08:526] <10480> 0:0003090plug15
INFO	[2012-10-09 15:10:08:526] <10480> 1:yulabs79
INFO	[2012-10-09 15:10:08:526] <10480> 2:16
INFO	[2012-10-09 15:10:08:526] <10480> 3:15550
INFO	[2012-10-09 15:10:08:526] <10480> 4:1000000153
INFO	[2012-10-09 15:10:08:526] <10480> 5:9000400001
INFO	[2012-10-09 15:10:08:526] <10480> 6:3748311563608819
INFO	[2012-10-09 15:10:08:526] <10480> 7:283587
INFO	[2012-10-09 15:10:08:526] <10480> 8:00
INFO	[2012-10-09 15:10:08:526] <10480> 9:N;211.48.34.44;N;;15550;;null;;;
INFO	[2012-10-09 15:10:08:526] <10480> 10:
INFO	[2012-10-09 15:10:08:526] <10480> 11:
INFO	[2012-10-09 15:10:08:526] <10480> 12:박용남
INFO	[2012-10-09 15:10:08:526] <10480> 13:010-2717-8221
INFO	[2012-10-09 15:10:08:526] <10480> 14:서울 서대문구 창천동 122
INFO	[2012-10-09 15:10:08:526] <10480> 15:박용남
INFO	[2012-10-09 15:10:08:526] <10480> 16:211.48.34.44;010-2717-8221
INFO	[2012-10-09 15:10:08:526] <10480> 17:dd;
INFO	[2012-10-09 15:10:08:526] <10480> 18:와우 2박스
INFO	[2012-10-09 15:10:08:526] <10480> 19:AAABCCQIByASEAkVEAgHAAAAAAA=
INFO	[2012-10-09 15:10:08:526] <10480> 20:MjAxMjEwMDkxNTA5MzEyNTUxMDY=
INFO	[2012-10-09 15:10:08:526] <10480> 21:05
INFO	[2012-10-09 15:10:08:526] <10480> 22:dd
INFO	[2012-10-09 15:10:08:526] <10480> 23:AEGIS_VISAyulabs79_20121009151008525453
INFO	[2012-10-09 15:10:08:526] <10480> 24:
INFO	[2012-10-09 15:10:08:526] <10480> ] Send Data To PG End 
INFO	[2012-10-09 15:10:08:526] <10480> SendMsg : [0003090plug15|yulabs79|16|15550|1000000153|9000400001|3748311563608819|283587|00|N;211.48.34.44;N;;15550;;null;;;|||박용남|010-2717-8221|서울 서대문구 창천동 122|박용남|211.48.34.44;010-2717-8221|dd;|와우 2박스|AAABCCQIByASEAkVEAgHAAAAAAA=|MjAxMjEwMDkxNTA5MzEyNTUxMDY=|05|dd|AEGIS_VISAyulabs79_20121009151008525453|]
INFO	[2012-10-09 15:10:08:526] <10480> Connect IP:[220.85.12.3] Port:[29760]
INFO	[2012-10-09 15:10:08:532] <10480> Socket Open OK
INFO	[2012-10-09 15:10:11:418] <10480> RecvMsg Length : [000110]
INFO	[2012-10-09 15:10:11:418] <10480> RecvMsg : [yulabs79|0610|1000000153|38152778|000000015550|y|정상승인|신한|20121009151009|0500|18570317|0500|신한|507667|
]
INFO	[2012-10-09 15:10:11:418] <10480> Socket Close OK
INFO	[2012-10-09 15:10:11:418] <10480> RecvMsg Length Check OK
INFO	[2012-10-09 15:10:11:418] <10480> Send & Recv Msg End
INFO	[2012-10-09 15:10:11:418] <10480> Send & Recv Msg OK
INFO	[2012-10-09 15:10:11:418] <10480> Parse Msg Start
INFO	[2012-10-09 15:10:11:418] <10480> card-visa3d RECV MSG Parsing OK 
INFO	[2012-10-09 15:10:11:418] <10480> Parse Msg End
INFO	[2012-10-09 15:10:11:418] <10480> Msg Parsing OK
INFO	[2012-10-09 15:10:11:419] <10480> card Pay Result Value [
INFO	[2012-10-09 15:10:11:419] <10480> NetCancID:AEGIS_VISAyulabs79_20121009151008525453
INFO	[2012-10-09 15:10:11:419] <10480> rStoreId:yulabs79
INFO	[2012-10-09 15:10:11:419] <10480> rBusiCd:0610
INFO	[2012-10-09 15:10:11:419] <10480> rOrdNo:1000000153
INFO	[2012-10-09 15:10:11:419] <10480> rApprNo:38152778
INFO	[2012-10-09 15:10:11:419] <10480> rInstmt:00
INFO	[2012-10-09 15:10:11:419] <10480> rAmt:000000015550
INFO	[2012-10-09 15:10:11:419] <10480> rSuccYn:y
INFO	[2012-10-09 15:10:11:419] <10480> rResMsg:정상승인
INFO	[2012-10-09 15:10:11:419] <10480> rCardNm:신한
INFO	[2012-10-09 15:10:11:419] <10480> rApprTm:20121009151009
INFO	[2012-10-09 15:10:11:419] <10480> rCardCd:0500
INFO	[2012-10-09 15:10:11:419] <10480> rMembNo:18570317
INFO	[2012-10-09 15:10:11:419] <10480> rAquiCd:0500
INFO	[2012-10-09 15:10:11:419] <10480> rAquiNm:신한
INFO	[2012-10-09 15:10:11:420] <10480> rDealNo:507667
INFO	[2012-10-09 15:10:11:420] <10480> rProdNm:와우 2박스
INFO	[2012-10-09 15:10:11:420] <10480> ]
INFO	[2012-10-09 15:10:11:420] <10480> END  정상승인 Transaction time:[2.901sec]
INFO	[2012-10-09 15:10:11:420] <10480> ===============================================================
