INFO	[2012-11-22 17:49:12:830] <60956> ===============================================================
INFO	[2012-11-22 17:49:12:830] <60956> START AgsPay40 php (OS:Darwin12.2.0,PHP:5.2.17)
INFO	[2012-11-22 17:49:12:830] <60956> virtual Pay Start!
INFO	[2012-11-22 17:49:12:830] <60956> AgsPayHome:/Users/musicndelight/workspace/caseshop_server/ko/agspay_mobile/
INFO	[2012-11-22 17:49:12:831] <60956> StoreId:yulabs79
INFO	[2012-11-22 17:49:12:831] <60956> log:true
INFO	[2012-11-22 17:49:12:831] <60956> logLevel:INFO
INFO	[2012-11-22 17:49:12:831] <60956> UseNetCancel:true
INFO	[2012-11-22 17:49:12:831] <60956> Type:Pay
INFO	[2012-11-22 17:49:12:831] <60956> RecvLen:7
INFO	[2012-11-22 17:49:12:831] <60956> AuthTy:virtual
INFO	[2012-11-22 17:49:12:831] <60956> SubTy:
INFO	[2012-11-22 17:49:12:832] <60956> OrdNo:45
INFO	[2012-11-22 17:49:12:832] <60956> Amt:32500
INFO	[2012-11-22 17:49:12:832] <60956> UserEmail:noff@naver.com
INFO	[2012-11-22 17:49:12:832] <60956> ProdNm:귀요미 걸 외 1건
INFO	[2012-11-22 17:49:12:832] <60956> MallUrl:http://casebuy.me
INFO	[2012-11-22 17:49:12:832] <60956> UserId:
INFO	[2012-11-22 17:49:12:832] <60956> OrdNm:박용남
INFO	[2012-11-22 17:49:12:832] <60956> OrdPhone:01027178221
INFO	[2012-11-22 17:49:12:832] <60956> OrdAddr:[135-770] 서울 강남구 개포1동 주공아파트ㅇㅇㅇㅇ
INFO	[2012-11-22 17:49:12:833] <60956> RcpNm:박용남
INFO	[2012-11-22 17:49:12:833] <60956> RcpPhone:01027178221
INFO	[2012-11-22 17:49:12:833] <60956> DlvAddr:[135-770] 서울 강남구 개포1동 주공아파트ㅇㅇㅇㅇ
INFO	[2012-11-22 17:49:12:833] <60956> Remark:빨리배송
INFO	[2012-11-22 17:49:12:833] <60956> DeviId:9000400001
INFO	[2012-11-22 17:49:12:833] <60956> AuthYn:N
INFO	[2012-11-22 17:49:12:833] <60956> Instmt:
INFO	[2012-11-22 17:49:12:833] <60956> UserIp:192.168.0.1
INFO	[2012-11-22 17:49:12:834] <60956> partial_mm:
INFO	[2012-11-22 17:49:12:834] <60956> noIntMonth:
INFO	[2012-11-22 17:49:12:834] <60956> KVP_CURRENCY:
INFO	[2012-11-22 17:49:12:834] <60956> KVP_CARDCODE:
INFO	[2012-11-22 17:49:12:834] <60956> KVP_SESSIONKEY:
INFO	[2012-11-22 17:49:12:834] <60956> KVP_ENCDATA:
INFO	[2012-11-22 17:49:12:834] <60956> KVP_CONAME:
INFO	[2012-11-22 17:49:12:834] <60956> KVP_NOINT:
INFO	[2012-11-22 17:49:12:834] <60956> KVP_QUOTA:
INFO	[2012-11-22 17:49:12:835] <60956> CardNo:
INFO	[2012-11-22 17:49:12:835] <60956> MPI_CAVV:
INFO	[2012-11-22 17:49:12:835] <60956> MPI_ECI:
INFO	[2012-11-22 17:49:12:835] <60956> MPI_MD64:
INFO	[2012-11-22 17:49:12:835] <60956> ExpMon:
INFO	[2012-11-22 17:49:12:835] <60956> ExpYear:
INFO	[2012-11-22 17:49:12:835] <60956> Passwd:
INFO	[2012-11-22 17:49:12:835] <60956> SocId:
INFO	[2012-11-22 17:49:12:836] <60956> HP_SERVERINFO:
INFO	[2012-11-22 17:49:12:836] <60956> HP_HANDPHONE:
INFO	[2012-11-22 17:49:12:836] <60956> HP_COMPANY:
INFO	[2012-11-22 17:49:12:836] <60956> HP_ID:
INFO	[2012-11-22 17:49:12:836] <60956> HP_SUBID:
INFO	[2012-11-22 17:49:12:836] <60956> HP_UNITType:
INFO	[2012-11-22 17:49:12:836] <60956> HP_IDEN:
INFO	[2012-11-22 17:49:12:836] <60956> HP_IPADDR:
INFO	[2012-11-22 17:49:12:836] <60956> VIRTUAL_CENTERCD:20
INFO	[2012-11-22 17:49:12:837] <60956> VIRTUAL_DEPODT:20121127
INFO	[2012-11-22 17:49:12:837] <60956> ZuminCode:1212121234567
INFO	[2012-11-22 17:49:12:837] <60956> MallPage:http://casebuy.me/ko/agspay_mobile/AGS_VirAcctResult.php;N;;32500;;
INFO	[2012-11-22 17:49:12:837] <60956> VIRTUAL_NO:26360548118699
INFO	[2012-11-22 17:49:12:837] <60956> ES_SENDNO:
INFO	[2012-11-22 17:49:12:837] <60956> Column1:상점정보입력1
INFO	[2012-11-22 17:49:12:837] <60956> Column2:상점정보입력2
INFO	[2012-11-22 17:49:12:837] <60956> Column3:상점정보입력3
INFO	[2012-11-22 17:49:12:838] <60956> Make NetCancel ID Start
INFO	[2012-11-22 17:49:12:838] <60956> AEGIS_VIR_yulabs79_20121122174912838980
INFO	[2012-11-22 17:49:12:838] <60956> Make NetCancel ID End
INFO	[2012-11-22 17:49:12:838] <60956> Make NetCancelID OK
INFO	[2012-11-22 17:49:12:838] <60956> Make Msg Start
INFO	[2012-11-22 17:49:12:838] <60956> virtual Make MSG OK 
INFO	[2012-11-22 17:49:12:838] <60956> Make Msg End
INFO	[2012-11-22 17:49:12:839] <60956> Make Pay Msg OK
INFO	[2012-11-22 17:49:12:839] <60956> Send & Recv Msg Start
INFO	[2012-11-22 17:49:12:839] <60956> Send Data To PG Start [ 
INFO	[2012-11-22 17:49:12:839] <60956> 0:000369Vvir_n
INFO	[2012-11-22 17:49:12:839] <60956> 1:yulabs79
INFO	[2012-11-22 17:49:12:839] <60956> 2:45
INFO	[2012-11-22 17:49:12:839] <60956> 3:20
INFO	[2012-11-22 17:49:12:839] <60956> 4:26360548118699
INFO	[2012-11-22 17:49:12:839] <60956> 5:32500
INFO	[2012-11-22 17:49:12:839] <60956> 6:20121127
INFO	[2012-11-22 17:49:12:839] <60956> 7:박용남
INFO	[2012-11-22 17:49:12:839] <60956> 8:1212121234567
INFO	[2012-11-22 17:49:12:839] <60956> 9:01027178221
INFO	[2012-11-22 17:49:12:839] <60956> 10:noff@naver.com
INFO	[2012-11-22 17:49:12:839] <60956> 11:[135-770] 서울 강남구 개포1동 주공아파트ㅇㅇㅇㅇ
INFO	[2012-11-22 17:49:12:839] <60956> 12:박용남
INFO	[2012-11-22 17:49:12:839] <60956> 13:01027178221
INFO	[2012-11-22 17:49:12:839] <60956> 14:[135-770] 서울 강남구 개포1동 주공아파트ㅇㅇㅇㅇ
INFO	[2012-11-22 17:49:12:839] <60956> 15:귀요미 걸 외 1건
INFO	[2012-11-22 17:49:12:839] <60956> 16:빨리배송
INFO	[2012-11-22 17:49:12:839] <60956> 17:http://casebuy.me
INFO	[2012-11-22 17:49:12:839] <60956> 18:http://casebuy.me/ko/agspay_mobile/AGS_VirAcctResult.php;N;;32500;;
INFO	[2012-11-22 17:49:12:839] <60956> 19:AEGIS_VIR_yulabs79_20121122174912838980
INFO	[2012-11-22 17:49:12:839] <60956> 20:
INFO	[2012-11-22 17:49:12:839] <60956> ] Send Data To PG End 
INFO	[2012-11-22 17:49:12:839] <60956> SendMsg : [000369Vvir_n|yulabs79|45|20|26360548118699|32500|20121127|박용남|1212121234567|01027178221|noff@naver.com|[135-770] 서울 강남구 개포1동 주공아파트ㅇㅇㅇㅇ|박용남|01027178221|[135-770] 서울 강남구 개포1동 주공아파트ㅇㅇㅇㅇ|귀요미 걸 외 1건|빨리배송|http://casebuy.me|http://casebuy.me/ko/agspay_mobile/AGS_VirAcctResult.php;N;;32500;;|AEGIS_VIR_yulabs79_20121122174912838980|]
INFO	[2012-11-22 17:49:12:839] <60956> Connect IP:[220.85.12.3] Port:[29760]
INFO	[2012-11-22 17:49:12:844] <60956> Socket Open OK
INFO	[2012-11-22 17:49:13:12] <60956> RecvMsg Length : [000075]
INFO	[2012-11-22 17:49:13:12] <60956> RecvMsg : [vir_n|yulabs79|20121122174913|26360548118699|n|결과페이지 형식오류(/ 누락)|]
INFO	[2012-11-22 17:49:13:13] <60956> Socket Close OK
INFO	[2012-11-22 17:49:13:13] <60956> RecvMsg Length Check OK
INFO	[2012-11-22 17:49:13:13] <60956> Send & Recv Msg End
INFO	[2012-11-22 17:49:13:13] <60956> Send & Recv Msg OK
INFO	[2012-11-22 17:49:13:13] <60956> Parse Msg Start
INFO	[2012-11-22 17:49:13:13] <60956> virtual RECV MSG Parsing OK 
INFO	[2012-11-22 17:49:13:13] <60956> Parse Msg End
INFO	[2012-11-22 17:49:13:14] <60956> Msg Parsing OK
INFO	[2012-11-22 17:49:13:14] <60956> virtual Pay Result Value [
INFO	[2012-11-22 17:49:13:14] <60956> NetCancID:AEGIS_VIR_yulabs79_20121122174912838980
INFO	[2012-11-22 17:49:13:14] <60956> rAuthTy:vir_n
INFO	[2012-11-22 17:49:13:14] <60956> rStoreId:yulabs79
INFO	[2012-11-22 17:49:13:14] <60956> rApprTm:20121122174913
INFO	[2012-11-22 17:49:13:14] <60956> rVirNo:26360548118699
INFO	[2012-11-22 17:49:13:14] <60956> rSuccYn:n
INFO	[2012-11-22 17:49:13:14] <60956> rResMsg:결과페이지 형식오류(/ 누락)
INFO	[2012-11-22 17:49:13:15] <60956> rOrdNo:45
INFO	[2012-11-22 17:49:13:15] <60956> rProdNm:귀요미 걸 외 1건
INFO	[2012-11-22 17:49:13:15] <60956> rAmt:32500
INFO	[2012-11-22 17:49:13:15] <60956> ]
INFO	[2012-11-22 17:49:13:15] <60956> END  결과페이지 형식오류(/ 누락) Transaction time:[0.19sec]
INFO	[2012-11-22 17:49:13:15] <60956> ===============================================================
INFO	[2012-11-22 18:01:02:257] <93003> ===============================================================
INFO	[2012-11-22 18:01:02:257] <93003> START AgsPay40 php (OS:Darwin12.2.0,PHP:5.2.17)
INFO	[2012-11-22 18:01:02:257] <93003> virtual Pay Start!
INFO	[2012-11-22 18:01:02:257] <93003> AgsPayHome:/Users/musicndelight/workspace/caseshop_server/ko/agspay_mobile/
INFO	[2012-11-22 18:01:02:257] <93003> StoreId:yulabs79
INFO	[2012-11-22 18:01:02:258] <93003> log:true
INFO	[2012-11-22 18:01:02:258] <93003> logLevel:INFO
INFO	[2012-11-22 18:01:02:258] <93003> UseNetCancel:true
INFO	[2012-11-22 18:01:02:258] <93003> Type:Pay
INFO	[2012-11-22 18:01:02:258] <93003> RecvLen:7
INFO	[2012-11-22 18:01:02:258] <93003> AuthTy:virtual
INFO	[2012-11-22 18:01:02:258] <93003> SubTy:
INFO	[2012-11-22 18:01:02:258] <93003> OrdNo:54
INFO	[2012-11-22 18:01:02:259] <93003> Amt:32500
INFO	[2012-11-22 18:01:02:259] <93003> UserEmail:noff@naver.com
INFO	[2012-11-22 18:01:02:259] <93003> ProdNm:귀요미 걸 외 1건
INFO	[2012-11-22 18:01:02:259] <93003> MallUrl:http://casebuy.me
INFO	[2012-11-22 18:01:02:259] <93003> UserId:
INFO	[2012-11-22 18:01:02:259] <93003> OrdNm:박용남
INFO	[2012-11-22 18:01:02:259] <93003> OrdPhone:01027178221
INFO	[2012-11-22 18:01:02:259] <93003> OrdAddr:[135-770] 서울 강남구 개포1동 주공아파트ㅇㅇㅇㅇ
INFO	[2012-11-22 18:01:02:259] <93003> RcpNm:박용남
INFO	[2012-11-22 18:01:02:260] <93003> RcpPhone:01027178221
INFO	[2012-11-22 18:01:02:260] <93003> DlvAddr:[135-770] 서울 강남구 개포1동 주공아파트ㅇㅇㅇㅇ
INFO	[2012-11-22 18:01:02:260] <93003> Remark:빨리배송
INFO	[2012-11-22 18:01:02:260] <93003> DeviId:9000400001
INFO	[2012-11-22 18:01:02:260] <93003> AuthYn:N
INFO	[2012-11-22 18:01:02:260] <93003> Instmt:
INFO	[2012-11-22 18:01:02:260] <93003> UserIp:192.168.0.1
INFO	[2012-11-22 18:01:02:261] <93003> partial_mm:
INFO	[2012-11-22 18:01:02:261] <93003> noIntMonth:
INFO	[2012-11-22 18:01:02:261] <93003> KVP_CURRENCY:
INFO	[2012-11-22 18:01:02:261] <93003> KVP_CARDCODE:
INFO	[2012-11-22 18:01:02:261] <93003> KVP_SESSIONKEY:
INFO	[2012-11-22 18:01:02:261] <93003> KVP_ENCDATA:
INFO	[2012-11-22 18:01:02:261] <93003> KVP_CONAME:
INFO	[2012-11-22 18:01:02:261] <93003> KVP_NOINT:
INFO	[2012-11-22 18:01:02:262] <93003> KVP_QUOTA:
INFO	[2012-11-22 18:01:02:262] <93003> CardNo:
INFO	[2012-11-22 18:01:02:262] <93003> MPI_CAVV:
INFO	[2012-11-22 18:01:02:262] <93003> MPI_ECI:
INFO	[2012-11-22 18:01:02:262] <93003> MPI_MD64:
INFO	[2012-11-22 18:01:02:262] <93003> ExpMon:
INFO	[2012-11-22 18:01:02:262] <93003> ExpYear:
INFO	[2012-11-22 18:01:02:262] <93003> Passwd:
INFO	[2012-11-22 18:01:02:263] <93003> SocId:
INFO	[2012-11-22 18:01:02:263] <93003> HP_SERVERINFO:
INFO	[2012-11-22 18:01:02:263] <93003> HP_HANDPHONE:
INFO	[2012-11-22 18:01:02:263] <93003> HP_COMPANY:
INFO	[2012-11-22 18:01:02:263] <93003> HP_ID:
INFO	[2012-11-22 18:01:02:263] <93003> HP_SUBID:
INFO	[2012-11-22 18:01:02:263] <93003> HP_UNITType:
INFO	[2012-11-22 18:01:02:263] <93003> HP_IDEN:
INFO	[2012-11-22 18:01:02:264] <93003> HP_IPADDR:
INFO	[2012-11-22 18:01:02:264] <93003> VIRTUAL_CENTERCD:20
INFO	[2012-11-22 18:01:02:264] <93003> VIRTUAL_DEPODT:20121127
INFO	[2012-11-22 18:01:02:264] <93003> ZuminCode:1212121234567
INFO	[2012-11-22 18:01:02:264] <93003> MallPage:http://casebuy.me/ko/agspay_mobile/AGS_VirAcctResult.php;N;;32500;;
INFO	[2012-11-22 18:01:02:264] <93003> VIRTUAL_NO:26360548118745
INFO	[2012-11-22 18:01:02:264] <93003> ES_SENDNO:
INFO	[2012-11-22 18:01:02:264] <93003> Column1:상점정보입력1
INFO	[2012-11-22 18:01:02:265] <93003> Column2:상점정보입력2
INFO	[2012-11-22 18:01:02:265] <93003> Column3:상점정보입력3
INFO	[2012-11-22 18:01:02:265] <93003> Make NetCancel ID Start
INFO	[2012-11-22 18:01:02:265] <93003> AEGIS_VIR_yulabs79_20121122180102265708
INFO	[2012-11-22 18:01:02:265] <93003> Make NetCancel ID End
INFO	[2012-11-22 18:01:02:265] <93003> Make NetCancelID OK
INFO	[2012-11-22 18:01:02:266] <93003> Make Msg Start
INFO	[2012-11-22 18:01:02:266] <93003> virtual Make MSG OK 
INFO	[2012-11-22 18:01:02:266] <93003> Make Msg End
INFO	[2012-11-22 18:01:02:266] <93003> Make Pay Msg OK
INFO	[2012-11-22 18:01:02:266] <93003> Send & Recv Msg Start
INFO	[2012-11-22 18:01:02:266] <93003> Send Data To PG Start [ 
INFO	[2012-11-22 18:01:02:266] <93003> 0:000369Vvir_n
INFO	[2012-11-22 18:01:02:266] <93003> 1:yulabs79
INFO	[2012-11-22 18:01:02:266] <93003> 2:54
INFO	[2012-11-22 18:01:02:266] <93003> 3:20
INFO	[2012-11-22 18:01:02:266] <93003> 4:26360548118745
INFO	[2012-11-22 18:01:02:266] <93003> 5:32500
INFO	[2012-11-22 18:01:02:266] <93003> 6:20121127
INFO	[2012-11-22 18:01:02:266] <93003> 7:박용남
INFO	[2012-11-22 18:01:02:266] <93003> 8:1212121234567
INFO	[2012-11-22 18:01:02:266] <93003> 9:01027178221
INFO	[2012-11-22 18:01:02:266] <93003> 10:noff@naver.com
INFO	[2012-11-22 18:01:02:266] <93003> 11:[135-770] 서울 강남구 개포1동 주공아파트ㅇㅇㅇㅇ
INFO	[2012-11-22 18:01:02:266] <93003> 12:박용남
INFO	[2012-11-22 18:01:02:266] <93003> 13:01027178221
INFO	[2012-11-22 18:01:02:266] <93003> 14:[135-770] 서울 강남구 개포1동 주공아파트ㅇㅇㅇㅇ
INFO	[2012-11-22 18:01:02:266] <93003> 15:귀요미 걸 외 1건
INFO	[2012-11-22 18:01:02:266] <93003> 16:빨리배송
INFO	[2012-11-22 18:01:02:266] <93003> 17:http://casebuy.me
INFO	[2012-11-22 18:01:02:266] <93003> 18:http://casebuy.me/ko/agspay_mobile/AGS_VirAcctResult.php;N;;32500;;
INFO	[2012-11-22 18:01:02:266] <93003> 19:AEGIS_VIR_yulabs79_20121122180102265708
INFO	[2012-11-22 18:01:02:266] <93003> 20:
INFO	[2012-11-22 18:01:02:267] <93003> ] Send Data To PG End 
INFO	[2012-11-22 18:01:02:267] <93003> SendMsg : [000369Vvir_n|yulabs79|54|20|26360548118745|32500|20121127|박용남|1212121234567|01027178221|noff@naver.com|[135-770] 서울 강남구 개포1동 주공아파트ㅇㅇㅇㅇ|박용남|01027178221|[135-770] 서울 강남구 개포1동 주공아파트ㅇㅇㅇㅇ|귀요미 걸 외 1건|빨리배송|http://casebuy.me|http://casebuy.me/ko/agspay_mobile/AGS_VirAcctResult.php;N;;32500;;|AEGIS_VIR_yulabs79_20121122180102265708|]
INFO	[2012-11-22 18:01:02:267] <93003> Connect IP:[220.85.12.3] Port:[29760]
INFO	[2012-11-22 18:01:02:282] <93003> Socket Open OK
INFO	[2012-11-22 18:01:02:449] <93003> RecvMsg Length : [000075]
INFO	[2012-11-22 18:01:02:449] <93003> RecvMsg : [vir_n|yulabs79|20121122180102|26360548118745|n|결과페이지 형식오류(/ 누락)|]
INFO	[2012-11-22 18:01:02:449] <93003> Socket Close OK
INFO	[2012-11-22 18:01:02:450] <93003> RecvMsg Length Check OK
INFO	[2012-11-22 18:01:02:450] <93003> Send & Recv Msg End
INFO	[2012-11-22 18:01:02:450] <93003> Send & Recv Msg OK
INFO	[2012-11-22 18:01:02:450] <93003> Parse Msg Start
INFO	[2012-11-22 18:01:02:450] <93003> virtual RECV MSG Parsing OK 
INFO	[2012-11-22 18:01:02:450] <93003> Parse Msg End
INFO	[2012-11-22 18:01:02:450] <93003> Msg Parsing OK
INFO	[2012-11-22 18:01:02:450] <93003> virtual Pay Result Value [
INFO	[2012-11-22 18:01:02:451] <93003> NetCancID:AEGIS_VIR_yulabs79_20121122180102265708
INFO	[2012-11-22 18:01:02:451] <93003> rAuthTy:vir_n
INFO	[2012-11-22 18:01:02:451] <93003> rStoreId:yulabs79
INFO	[2012-11-22 18:01:02:451] <93003> rApprTm:20121122180102
INFO	[2012-11-22 18:01:02:451] <93003> rVirNo:26360548118745
INFO	[2012-11-22 18:01:02:451] <93003> rSuccYn:n
INFO	[2012-11-22 18:01:02:451] <93003> rResMsg:결과페이지 형식오류(/ 누락)
INFO	[2012-11-22 18:01:02:451] <93003> rOrdNo:54
INFO	[2012-11-22 18:01:02:452] <93003> rProdNm:귀요미 걸 외 1건
INFO	[2012-11-22 18:01:02:452] <93003> rAmt:32500
INFO	[2012-11-22 18:01:02:452] <93003> ]
INFO	[2012-11-22 18:01:02:452] <93003> END  결과페이지 형식오류(/ 누락) Transaction time:[0.19sec]
INFO	[2012-11-22 18:01:02:452] <93003> ===============================================================
