INFO	[2012-10-06 17:08:37:377] <10265> ===============================================================
INFO	[2012-10-06 17:08:37:378] <10265> START AgsPay40 php (OS:Linux2.6.18-238.9.1.el5xen,PHP:5.2.17)
INFO	[2012-10-06 17:08:37:378] <10265> card Pay Start!
INFO	[2012-10-06 17:08:37:378] <10265> AgsPayHome:/mnt/DATA/WWW/casebuy.me/ko/agspay_mobile/
INFO	[2012-10-06 17:08:37:378] <10265> StoreId:aegis
INFO	[2012-10-06 17:08:37:378] <10265> log:true
INFO	[2012-10-06 17:08:37:378] <10265> logLevel:INFO
INFO	[2012-10-06 17:08:37:378] <10265> UseNetCancel:true
INFO	[2012-10-06 17:08:37:378] <10265> Type:Pay
INFO	[2012-10-06 17:08:37:378] <10265> RecvLen:7
INFO	[2012-10-06 17:08:37:378] <10265> AuthTy:card
INFO	[2012-10-06 17:08:37:378] <10265> SubTy:visa3d
INFO	[2012-10-06 17:08:37:378] <10265> OrdNo:1000000001
INFO	[2012-10-06 17:08:37:378] <10265> Amt:1000
INFO	[2012-10-06 17:08:37:378] <10265> UserEmail:test@test.com
INFO	[2012-10-06 17:08:37:379] <10265> ProdNm:ÌÖåÏä§Ìä∏
INFO	[2012-10-06 17:08:37:379] <10265> MallUrl:http://www.allthegate.com
INFO	[2012-10-06 17:08:37:379] <10265> UserId:test
INFO	[2012-10-06 17:08:37:379] <10265> OrdNm:ÌôçÍ∏∏Îèô
INFO	[2012-10-06 17:08:37:379] <10265> OrdPhone:02-111-1111
INFO	[2012-10-06 17:08:37:379] <10265> OrdAddr:ÏÑúÏö∏Ïãú Í∞ïÎÇ®Íµ¨ Ï≤≠Îã¥Îèô
INFO	[2012-10-06 17:08:37:379] <10265> RcpNm:ÍπÄÍ∏∏Îèô
INFO	[2012-10-06 17:08:37:379] <10265> RcpPhone:02-111-2222
INFO	[2012-10-06 17:08:37:379] <10265> DlvAddr:ÏÑúÏö∏Ïãú Í∞ïÎÇ®Íµ¨ Ï≤≠Îã¥Îèô
INFO	[2012-10-06 17:08:37:379] <10265> Remark:Ïò§ÌõÑÏóê Î∞∞ÏÜ°ÏöîÎßù
INFO	[2012-10-06 17:08:37:379] <10265> DeviId:9000400001
INFO	[2012-10-06 17:08:37:379] <10265> AuthYn:N;175.223.3.196;N;;1000;;null;
INFO	[2012-10-06 17:08:37:379] <10265> Instmt:00
INFO	[2012-10-06 17:08:37:379] <10265> UserIp:175.223.3.196
INFO	[2012-10-06 17:08:37:380] <10265> partial_mm:00
INFO	[2012-10-06 17:08:37:380] <10265> noIntMonth:
INFO	[2012-10-06 17:08:37:380] <10265> KVP_CURRENCY:
INFO	[2012-10-06 17:08:37:380] <10265> KVP_CARDCODE:
INFO	[2012-10-06 17:08:37:380] <10265> KVP_SESSIONKEY:
INFO	[2012-10-06 17:08:37:380] <10265> KVP_ENCDATA:
INFO	[2012-10-06 17:08:37:380] <10265> KVP_CONAME:
INFO	[2012-10-06 17:08:37:380] <10265> KVP_NOINT:
INFO	[2012-10-06 17:08:37:380] <10265> KVP_QUOTA:
INFO	[2012-10-06 17:08:37:380] <10265> CardNo:4374360069657003
INFO	[2012-10-06 17:08:37:380] <10265> MPI_CAVV:AAABBEZmRyASEAYXCGZHAAAAAAA=
INFO	[2012-10-06 17:08:37:380] <10265> MPI_ECI:05
INFO	[2012-10-06 17:08:37:380] <10265> MPI_MD64:MjAxMjEwMDYxNzEwMjY5NDcxMDY=
INFO	[2012-10-06 17:08:37:380] <10265> ExpMon:2049
INFO	[2012-10-06 17:08:37:381] <10265> ExpYear:12
INFO	[2012-10-06 17:08:37:381] <10265> Passwd:
INFO	[2012-10-06 17:08:37:381] <10265> SocId:
INFO	[2012-10-06 17:08:37:381] <10265> HP_SERVERINFO:
INFO	[2012-10-06 17:08:37:381] <10265> HP_HANDPHONE:
INFO	[2012-10-06 17:08:37:381] <10265> HP_COMPANY:
INFO	[2012-10-06 17:08:37:381] <10265> HP_ID:
INFO	[2012-10-06 17:08:37:381] <10265> HP_SUBID:
INFO	[2012-10-06 17:08:37:381] <10265> HP_UNITType:
INFO	[2012-10-06 17:08:37:381] <10265> HP_IDEN:
INFO	[2012-10-06 17:08:37:381] <10265> HP_IPADDR:
INFO	[2012-10-06 17:08:37:381] <10265> VIRTUAL_CENTERCD:
INFO	[2012-10-06 17:08:37:381] <10265> VIRTUAL_DEPODT:
INFO	[2012-10-06 17:08:37:381] <10265> ZuminCode:
INFO	[2012-10-06 17:08:37:382] <10265> MallPage:
INFO	[2012-10-06 17:08:37:382] <10265> VIRTUAL_NO:
INFO	[2012-10-06 17:08:37:382] <10265> ES_SENDNO:
INFO	[2012-10-06 17:08:37:382] <10265> Column1:ÏÉÅÏ†êÏ†ïÎ≥¥ÏûÖÎ†•1
INFO	[2012-10-06 17:08:37:382] <10265> Column2:ÏÉÅÏ†êÏ†ïÎ≥¥ÏûÖÎ†•2
INFO	[2012-10-06 17:08:37:382] <10265> Column3:ÏÉÅÏ†êÏ†ïÎ≥¥ÏûÖÎ†•3
INFO	[2012-10-06 17:08:37:382] <10265> Make NetCancel ID Start
INFO	[2012-10-06 17:08:37:382] <10265> AEGIS_VISAaegis_20121006170837382798
INFO	[2012-10-06 17:08:37:382] <10265> Make NetCancel ID End
INFO	[2012-10-06 17:08:37:382] <10265> Make NetCancelID OK
INFO	[2012-10-06 17:08:37:382] <10265> Make Msg Start
INFO	[2012-10-06 17:08:37:382] <10265> Encrypt Start
INFO	[2012-10-06 17:08:37:383] <10265> Encrypt End
INFO	[2012-10-06 17:08:37:383] <10265> Encrypt Start
INFO	[2012-10-06 17:08:37:383] <10265> Encrypt End
INFO	[2012-10-06 17:08:37:383] <10265> Encrypt Start
INFO	[2012-10-06 17:08:37:383] <10265> Encrypt End
INFO	[2012-10-06 17:08:37:383] <10265> Encrypt Start
INFO	[2012-10-06 17:08:37:383] <10265> Encrypt End
INFO	[2012-10-06 17:08:37:383] <10265> card-visa3d Make MSG OK 
INFO	[2012-10-06 17:08:37:383] <10265> Make Msg End
INFO	[2012-10-06 17:08:37:383] <10265> Make Pay Msg OK
INFO	[2012-10-06 17:08:37:383] <10265> Send & Recv Msg Start
INFO	[2012-10-06 17:08:37:383] <10265> Send Data To PG Start [ 
INFO	[2012-10-06 17:08:37:383] <10265> 0:0003530mobile
INFO	[2012-10-06 17:08:37:383] <10265> 1:aegis
INFO	[2012-10-06 17:08:37:383] <10265> 2:test
INFO	[2012-10-06 17:08:37:383] <10265> 3:1000
INFO	[2012-10-06 17:08:37:383] <10265> 4:1000000001
INFO	[2012-10-06 17:08:37:383] <10265> 5:9000400001
INFO	[2012-10-06 17:08:37:383] <10265> 6:3748311563608819
INFO	[2012-10-06 17:08:37:383] <10265> 7:914306
INFO	[2012-10-06 17:08:37:383] <10265> 8:00
INFO	[2012-10-06 17:08:37:383] <10265> 9:N;175.223.3.196;N;;1000;;null;
INFO	[2012-10-06 17:08:37:383] <10265> 10:
INFO	[2012-10-06 17:08:37:383] <10265> 11:
INFO	[2012-10-06 17:08:37:383] <10265> 12:ÍπÄÍ∏∏Îèô
INFO	[2012-10-06 17:08:37:383] <10265> 13:02-111-2222
INFO	[2012-10-06 17:08:37:383] <10265> 14:ÏÑúÏö∏Ïãú Í∞ïÎÇ®Íµ¨ Ï≤≠Îã¥Îèô
INFO	[2012-10-06 17:08:37:383] <10265> 15:ÌôçÍ∏∏Îèô
INFO	[2012-10-06 17:08:37:383] <10265> 16:175.223.3.196;02-111-1111
INFO	[2012-10-06 17:08:37:383] <10265> 17:test@test.com;Ïò§ÌõÑÏóê Î∞∞ÏÜ°ÏöîÎßù
INFO	[2012-10-06 17:08:37:383] <10265> 18:ÌÖåÏä§Ìä∏
INFO	[2012-10-06 17:08:37:383] <10265> 19:AAABBEZmRyASEAYXCGZHAAAAAAA=
INFO	[2012-10-06 17:08:37:383] <10265> 20:MjAxMjEwMDYxNzEwMjY5NDcxMDY=
INFO	[2012-10-06 17:08:37:383] <10265> 21:05
INFO	[2012-10-06 17:08:37:383] <10265> 22:test@test.com
INFO	[2012-10-06 17:08:37:383] <10265> 23:AEGIS_VISAaegis_20121006170837382798
INFO	[2012-10-06 17:08:37:383] <10265> 24:
INFO	[2012-10-06 17:08:37:384] <10265> ] Send Data To PG End 
INFO	[2012-10-06 17:08:37:384] <10265> SendMsg : [0003530mobile|aegis|test|1000|1000000001|9000400001|3748311563608819|914306|00|N;175.223.3.196;N;;1000;;null;|||ÍπÄÍ∏∏Îèô|02-111-2222|ÏÑúÏö∏Ïãú Í∞ïÎÇ®Íµ¨ Ï≤≠Îã¥Îèô|ÌôçÍ∏∏Îèô|175.223.3.196;02-111-1111|test@test.com;Ïò§ÌõÑÏóê Î∞∞ÏÜ°ÏöîÎßù|ÌÖåÏä§Ìä∏|AAABBEZmRyASEAYXCGZHAAAAAAA=|MjAxMjEwMDYxNzEwMjY5NDcxMDY=|05|test@test.com|AEGIS_VISAaegis_20121006170837382798|]
INFO	[2012-10-06 17:08:37:384] <10265> Connect IP:[220.85.12.3] Port:[29760]
INFO	[2012-10-06 17:08:37:388] <10265> Socket Open OK
INFO	[2012-10-06 17:08:38:155] <10265> RecvMsg Length : [000107]
INFO	[2012-10-06 17:08:38:155] <10265> RecvMsg : [aegis|0610|1000000001|10057597|000000001000|y|¡§ªÛΩ¬¿Œ|Ω≈«—|20121006170838|0500|18570317|0500|Ω≈«—|505748|
]
INFO	[2012-10-06 17:08:38:155] <10265> Socket Close OK
INFO	[2012-10-06 17:08:38:156] <10265> RecvMsg Length Check OK
INFO	[2012-10-06 17:08:38:156] <10265> Send & Recv Msg End
INFO	[2012-10-06 17:08:38:156] <10265> Send & Recv Msg OK
INFO	[2012-10-06 17:08:38:156] <10265> Parse Msg Start
INFO	[2012-10-06 17:08:38:156] <10265> card-visa3d RECV MSG Parsing OK 
INFO	[2012-10-06 17:08:38:156] <10265> Parse Msg End
INFO	[2012-10-06 17:08:38:156] <10265> Msg Parsing OK
INFO	[2012-10-06 17:08:38:156] <10265> card Pay Result Value [
INFO	[2012-10-06 17:08:38:156] <10265> NetCancID:AEGIS_VISAaegis_20121006170837382798
INFO	[2012-10-06 17:08:38:156] <10265> rStoreId:aegis
INFO	[2012-10-06 17:08:38:156] <10265> rBusiCd:0610
INFO	[2012-10-06 17:08:38:156] <10265> rOrdNo:1000000001
INFO	[2012-10-06 17:08:38:156] <10265> rApprNo:10057597
INFO	[2012-10-06 17:08:38:156] <10265> rInstmt:00
INFO	[2012-10-06 17:08:38:156] <10265> rAmt:000000001000
INFO	[2012-10-06 17:08:38:156] <10265> rSuccYn:y
INFO	[2012-10-06 17:08:38:157] <10265> rResMsg:¡§ªÛΩ¬¿Œ
INFO	[2012-10-06 17:08:38:157] <10265> rCardNm:Ω≈«—
INFO	[2012-10-06 17:08:38:157] <10265> rApprTm:20121006170838
INFO	[2012-10-06 17:08:38:157] <10265> rCardCd:0500
INFO	[2012-10-06 17:08:38:157] <10265> rMembNo:18570317
INFO	[2012-10-06 17:08:38:157] <10265> rAquiCd:0500
INFO	[2012-10-06 17:08:38:157] <10265> rAquiNm:Ω≈«—
INFO	[2012-10-06 17:08:38:157] <10265> rDealNo:505748
INFO	[2012-10-06 17:08:38:157] <10265> rProdNm:ÌÖåÏä§Ìä∏
INFO	[2012-10-06 17:08:38:157] <10265> ]
INFO	[2012-10-06 17:08:38:157] <10265> END  ¡§ªÛΩ¬¿Œ Transaction time:[0.78sec]
INFO	[2012-10-06 17:08:38:157] <10265> ===============================================================
INFO	[2012-10-06 17:17:22:705] <10261> ===============================================================
INFO	[2012-10-06 17:17:22:705] <10261> START AgsPay40 php (OS:Linux2.6.18-238.9.1.el5xen,PHP:5.2.17)
INFO	[2012-10-06 17:17:22:705] <10261> card Pay Start!
INFO	[2012-10-06 17:17:22:705] <10261> AgsPayHome:/mnt/DATA/WWW/casebuy.me/ko/agspay_mobile/
INFO	[2012-10-06 17:17:22:705] <10261> StoreId:aegis
INFO	[2012-10-06 17:17:22:705] <10261> log:true
INFO	[2012-10-06 17:17:22:706] <10261> logLevel:INFO
INFO	[2012-10-06 17:17:22:706] <10261> UseNetCancel:true
INFO	[2012-10-06 17:17:22:706] <10261> Type:Pay
INFO	[2012-10-06 17:17:22:706] <10261> RecvLen:7
INFO	[2012-10-06 17:17:22:706] <10261> AuthTy:card
INFO	[2012-10-06 17:17:22:706] <10261> SubTy:visa3d
INFO	[2012-10-06 17:17:22:706] <10261> OrdNo:1000000001
INFO	[2012-10-06 17:17:22:706] <10261> Amt:1000
INFO	[2012-10-06 17:17:22:706] <10261> UserEmail:test@test.com
INFO	[2012-10-06 17:17:22:706] <10261> ProdNm:1ÌÖåÏä§Ìä∏
INFO	[2012-10-06 17:17:22:706] <10261> MallUrl:http://www.allthegate.com
INFO	[2012-10-06 17:17:22:706] <10261> UserId:test
INFO	[2012-10-06 17:17:22:706] <10261> OrdNm:ÌôçÍ∏∏Îèô
INFO	[2012-10-06 17:17:22:706] <10261> OrdPhone:02-111-1111
INFO	[2012-10-06 17:17:22:706] <10261> OrdAddr:ÏÑúÏö∏Ïãú Í∞ïÎÇ®Íµ¨ Ï≤≠Îã¥Îèô
INFO	[2012-10-06 17:17:22:706] <10261> RcpNm:ÍπÄÍ∏∏Îèô
INFO	[2012-10-06 17:17:22:706] <10261> RcpPhone:02-111-2222
INFO	[2012-10-06 17:17:22:707] <10261> DlvAddr:ÏÑúÏö∏Ïãú Í∞ïÎÇ®Íµ¨ Ï≤≠Îã¥Îèô
INFO	[2012-10-06 17:17:22:707] <10261> Remark:Ïò§ÌõÑÏóê Î∞∞ÏÜ°ÏöîÎßù
INFO	[2012-10-06 17:17:22:707] <10261> DeviId:9000400001
INFO	[2012-10-06 17:17:22:707] <10261> AuthYn:N;175.223.3.196;N;;1000;;null;
INFO	[2012-10-06 17:17:22:707] <10261> Instmt:00
INFO	[2012-10-06 17:17:22:707] <10261> UserIp:175.223.3.196
INFO	[2012-10-06 17:17:22:707] <10261> partial_mm:00
INFO	[2012-10-06 17:17:22:707] <10261> noIntMonth:
INFO	[2012-10-06 17:17:22:707] <10261> KVP_CURRENCY:
INFO	[2012-10-06 17:17:22:707] <10261> KVP_CARDCODE:
INFO	[2012-10-06 17:17:22:707] <10261> KVP_SESSIONKEY:
INFO	[2012-10-06 17:17:22:707] <10261> KVP_ENCDATA:
INFO	[2012-10-06 17:17:22:707] <10261> KVP_CONAME:
INFO	[2012-10-06 17:17:22:707] <10261> KVP_NOINT:
INFO	[2012-10-06 17:17:22:707] <10261> KVP_QUOTA:
INFO	[2012-10-06 17:17:22:707] <10261> CardNo:4374360069657003
INFO	[2012-10-06 17:17:22:708] <10261> MPI_CAVV:AAABBgNmVyASEAYXFmZXAAAAAAA=
INFO	[2012-10-06 17:17:22:708] <10261> MPI_ECI:05
INFO	[2012-10-06 17:17:22:708] <10261> MPI_MD64:MjAxMjEwMDYxNzE5MjA1NzMxMDY=
INFO	[2012-10-06 17:17:22:708] <10261> ExpMon:2049
INFO	[2012-10-06 17:17:22:708] <10261> ExpYear:12
INFO	[2012-10-06 17:17:22:708] <10261> Passwd:
INFO	[2012-10-06 17:17:22:708] <10261> SocId:
INFO	[2012-10-06 17:17:22:708] <10261> HP_SERVERINFO:
INFO	[2012-10-06 17:17:22:708] <10261> HP_HANDPHONE:
INFO	[2012-10-06 17:17:22:708] <10261> HP_COMPANY:
INFO	[2012-10-06 17:17:22:708] <10261> HP_ID:
INFO	[2012-10-06 17:17:22:708] <10261> HP_SUBID:
INFO	[2012-10-06 17:17:22:708] <10261> HP_UNITType:
INFO	[2012-10-06 17:17:22:708] <10261> HP_IDEN:
INFO	[2012-10-06 17:17:22:708] <10261> HP_IPADDR:
INFO	[2012-10-06 17:17:22:708] <10261> VIRTUAL_CENTERCD:
INFO	[2012-10-06 17:17:22:709] <10261> VIRTUAL_DEPODT:
INFO	[2012-10-06 17:17:22:709] <10261> ZuminCode:
INFO	[2012-10-06 17:17:22:709] <10261> MallPage:
INFO	[2012-10-06 17:17:22:709] <10261> VIRTUAL_NO:
INFO	[2012-10-06 17:17:22:709] <10261> ES_SENDNO:
INFO	[2012-10-06 17:17:22:709] <10261> Column1:ÏÉÅÏ†êÏ†ïÎ≥¥ÏûÖÎ†•1
INFO	[2012-10-06 17:17:22:709] <10261> Column2:ÏÉÅÏ†êÏ†ïÎ≥¥ÏûÖÎ†•2
INFO	[2012-10-06 17:17:22:709] <10261> Column3:ÏÉÅÏ†êÏ†ïÎ≥¥ÏûÖÎ†•3
INFO	[2012-10-06 17:17:22:709] <10261> Make NetCancel ID Start
INFO	[2012-10-06 17:17:22:709] <10261> AEGIS_VISAaegis_20121006171722709923
INFO	[2012-10-06 17:17:22:709] <10261> Make NetCancel ID End
INFO	[2012-10-06 17:17:22:709] <10261> Make NetCancelID OK
INFO	[2012-10-06 17:17:22:709] <10261> Make Msg Start
INFO	[2012-10-06 17:17:22:709] <10261> Encrypt Start
INFO	[2012-10-06 17:17:22:710] <10261> Encrypt End
INFO	[2012-10-06 17:17:22:710] <10261> Encrypt Start
INFO	[2012-10-06 17:17:22:710] <10261> Encrypt End
INFO	[2012-10-06 17:17:22:710] <10261> Encrypt Start
INFO	[2012-10-06 17:17:22:710] <10261> Encrypt End
INFO	[2012-10-06 17:17:22:710] <10261> Encrypt Start
INFO	[2012-10-06 17:17:22:710] <10261> Encrypt End
INFO	[2012-10-06 17:17:22:710] <10261> card-visa3d Make MSG OK 
INFO	[2012-10-06 17:17:22:710] <10261> Make Msg End
INFO	[2012-10-06 17:17:22:710] <10261> Make Pay Msg OK
INFO	[2012-10-06 17:17:22:710] <10261> Send & Recv Msg Start
INFO	[2012-10-06 17:17:22:710] <10261> Send Data To PG Start [ 
INFO	[2012-10-06 17:17:22:710] <10261> 0:0003540mobile
INFO	[2012-10-06 17:17:22:710] <10261> 1:aegis
INFO	[2012-10-06 17:17:22:710] <10261> 2:test
INFO	[2012-10-06 17:17:22:710] <10261> 3:1000
INFO	[2012-10-06 17:17:22:710] <10261> 4:1000000001
INFO	[2012-10-06 17:17:22:710] <10261> 5:9000400001
INFO	[2012-10-06 17:17:22:710] <10261> 6:3748311563608819
INFO	[2012-10-06 17:17:22:710] <10261> 7:914306
INFO	[2012-10-06 17:17:22:710] <10261> 8:00
INFO	[2012-10-06 17:17:22:710] <10261> 9:N;175.223.3.196;N;;1000;;null;
INFO	[2012-10-06 17:17:22:710] <10261> 10:
INFO	[2012-10-06 17:17:22:710] <10261> 11:
INFO	[2012-10-06 17:17:22:710] <10261> 12:ÍπÄÍ∏∏Îèô
INFO	[2012-10-06 17:17:22:710] <10261> 13:02-111-2222
INFO	[2012-10-06 17:17:22:710] <10261> 14:ÏÑúÏö∏Ïãú Í∞ïÎÇ®Íµ¨ Ï≤≠Îã¥Îèô
INFO	[2012-10-06 17:17:22:710] <10261> 15:ÌôçÍ∏∏Îèô
INFO	[2012-10-06 17:17:22:710] <10261> 16:175.223.3.196;02-111-1111
INFO	[2012-10-06 17:17:22:710] <10261> 17:test@test.com;Ïò§ÌõÑÏóê Î∞∞ÏÜ°ÏöîÎßù
INFO	[2012-10-06 17:17:22:710] <10261> 18:1ÌÖåÏä§Ìä∏
INFO	[2012-10-06 17:17:22:710] <10261> 19:AAABBgNmVyASEAYXFmZXAAAAAAA=
INFO	[2012-10-06 17:17:22:710] <10261> 20:MjAxMjEwMDYxNzE5MjA1NzMxMDY=
INFO	[2012-10-06 17:17:22:710] <10261> 21:05
INFO	[2012-10-06 17:17:22:710] <10261> 22:test@test.com
INFO	[2012-10-06 17:17:22:710] <10261> 23:AEGIS_VISAaegis_20121006171722709923
INFO	[2012-10-06 17:17:22:710] <10261> 24:
INFO	[2012-10-06 17:17:22:711] <10261> ] Send Data To PG End 
INFO	[2012-10-06 17:17:22:711] <10261> SendMsg : [0003540mobile|aegis|test|1000|1000000001|9000400001|3748311563608819|914306|00|N;175.223.3.196;N;;1000;;null;|||ÍπÄÍ∏∏Îèô|02-111-2222|ÏÑúÏö∏Ïãú Í∞ïÎÇ®Íµ¨ Ï≤≠Îã¥Îèô|ÌôçÍ∏∏Îèô|175.223.3.196;02-111-1111|test@test.com;Ïò§ÌõÑÏóê Î∞∞ÏÜ°ÏöîÎßù|1ÌÖåÏä§Ìä∏|AAABBgNmVyASEAYXFmZXAAAAAAA=|MjAxMjEwMDYxNzE5MjA1NzMxMDY=|05|test@test.com|AEGIS_VISAaegis_20121006171722709923|]
INFO	[2012-10-06 17:17:22:711] <10261> Connect IP:[220.85.12.3] Port:[29760]
INFO	[2012-10-06 17:17:22:716] <10261> Socket Open OK
INFO	[2012-10-06 17:17:23:720] <10261> RecvMsg Length : [000107]
INFO	[2012-10-06 17:17:23:720] <10261> RecvMsg : [aegis|0610|1000000001|10057598|000000001000|y|¡§ªÛΩ¬¿Œ|Ω≈«—|20121006171723|0500|18570317|0500|Ω≈«—|505822|
]
INFO	[2012-10-06 17:17:23:720] <10261> Socket Close OK
INFO	[2012-10-06 17:17:23:720] <10261> RecvMsg Length Check OK
INFO	[2012-10-06 17:17:23:720] <10261> Send & Recv Msg End
INFO	[2012-10-06 17:17:23:720] <10261> Send & Recv Msg OK
INFO	[2012-10-06 17:17:23:721] <10261> Parse Msg Start
INFO	[2012-10-06 17:17:23:721] <10261> card-visa3d RECV MSG Parsing OK 
INFO	[2012-10-06 17:17:23:721] <10261> Parse Msg End
INFO	[2012-10-06 17:17:23:721] <10261> Msg Parsing OK
INFO	[2012-10-06 17:17:23:721] <10261> card Pay Result Value [
INFO	[2012-10-06 17:17:23:721] <10261> NetCancID:AEGIS_VISAaegis_20121006171722709923
INFO	[2012-10-06 17:17:23:721] <10261> rStoreId:aegis
INFO	[2012-10-06 17:17:23:721] <10261> rBusiCd:0610
INFO	[2012-10-06 17:17:23:721] <10261> rOrdNo:1000000001
INFO	[2012-10-06 17:17:23:721] <10261> rApprNo:10057598
INFO	[2012-10-06 17:17:23:721] <10261> rInstmt:00
INFO	[2012-10-06 17:17:23:721] <10261> rAmt:000000001000
INFO	[2012-10-06 17:17:23:721] <10261> rSuccYn:y
INFO	[2012-10-06 17:17:23:721] <10261> rResMsg:¡§ªÛΩ¬¿Œ
INFO	[2012-10-06 17:17:23:721] <10261> rCardNm:Ω≈«—
INFO	[2012-10-06 17:17:23:721] <10261> rApprTm:20121006171723
INFO	[2012-10-06 17:17:23:722] <10261> rCardCd:0500
INFO	[2012-10-06 17:17:23:722] <10261> rMembNo:18570317
INFO	[2012-10-06 17:17:23:722] <10261> rAquiCd:0500
INFO	[2012-10-06 17:17:23:722] <10261> rAquiNm:Ω≈«—
INFO	[2012-10-06 17:17:23:722] <10261> rDealNo:505822
INFO	[2012-10-06 17:17:23:722] <10261> rProdNm:1ÌÖåÏä§Ìä∏
INFO	[2012-10-06 17:17:23:722] <10261> ]
INFO	[2012-10-06 17:17:23:722] <10261> END  ¡§ªÛΩ¬¿Œ Transaction time:[1.017sec]
INFO	[2012-10-06 17:17:23:722] <10261> ===============================================================
INFO	[2012-10-06 17:29:03:960] <10264> ===============================================================
INFO	[2012-10-06 17:29:03:960] <10264> START AgsPay40 php (OS:Linux2.6.18-238.9.1.el5xen,PHP:5.2.17)
INFO	[2012-10-06 17:29:03:960] <10264> card Pay Start!
INFO	[2012-10-06 17:29:03:960] <10264> AgsPayHome:/mnt/DATA/WWW/casebuy.me/ko/agspay_mobile/
INFO	[2012-10-06 17:29:03:960] <10264> StoreId:aegis
INFO	[2012-10-06 17:29:03:960] <10264> log:true
INFO	[2012-10-06 17:29:03:960] <10264> logLevel:INFO
INFO	[2012-10-06 17:29:03:961] <10264> UseNetCancel:true
INFO	[2012-10-06 17:29:03:961] <10264> Type:Pay
INFO	[2012-10-06 17:29:03:961] <10264> RecvLen:7
INFO	[2012-10-06 17:29:03:961] <10264> AuthTy:card
INFO	[2012-10-06 17:29:03:961] <10264> SubTy:visa3d
INFO	[2012-10-06 17:29:03:961] <10264> OrdNo:1000000001
INFO	[2012-10-06 17:29:03:961] <10264> Amt:1000
INFO	[2012-10-06 17:29:03:961] <10264> UserEmail:test@test.com
INFO	[2012-10-06 17:29:03:961] <10264> ProdNm:ÌÖåÏä§Ìä∏
INFO	[2012-10-06 17:29:03:961] <10264> MallUrl:http://www.allthegate.com
INFO	[2012-10-06 17:29:03:961] <10264> UserId:test
INFO	[2012-10-06 17:29:03:961] <10264> OrdNm:ÌôçÍ∏∏Îèô
INFO	[2012-10-06 17:29:03:962] <10264> OrdPhone:02-111-1111
INFO	[2012-10-06 17:29:03:962] <10264> OrdAddr:ÏÑúÏö∏Ïãú Í∞ïÎÇ®Íµ¨ Ï≤≠Îã¥Îèô
INFO	[2012-10-06 17:29:03:962] <10264> RcpNm:ÍπÄÍ∏∏Îèô
INFO	[2012-10-06 17:29:03:962] <10264> RcpPhone:02-111-2222
INFO	[2012-10-06 17:29:03:962] <10264> DlvAddr:ÏÑúÏö∏Ïãú Í∞ïÎÇ®Íµ¨ Ï≤≠Îã¥Îèô
INFO	[2012-10-06 17:29:03:962] <10264> Remark:Ïò§ÌõÑÏóê Î∞∞ÏÜ°ÏöîÎßù
INFO	[2012-10-06 17:29:03:962] <10264> DeviId:9000400001
INFO	[2012-10-06 17:29:03:962] <10264> AuthYn:N;175.223.3.196;N;;1000;;null;
INFO	[2012-10-06 17:29:03:962] <10264> Instmt:00
INFO	[2012-10-06 17:29:03:962] <10264> UserIp:175.223.3.196
INFO	[2012-10-06 17:29:03:962] <10264> partial_mm:00
INFO	[2012-10-06 17:29:03:962] <10264> noIntMonth:
INFO	[2012-10-06 17:29:03:962] <10264> KVP_CURRENCY:
INFO	[2012-10-06 17:29:03:963] <10264> KVP_CARDCODE:
INFO	[2012-10-06 17:29:03:963] <10264> KVP_SESSIONKEY:
INFO	[2012-10-06 17:29:03:963] <10264> KVP_ENCDATA:
INFO	[2012-10-06 17:29:03:963] <10264> KVP_CONAME:
INFO	[2012-10-06 17:29:03:963] <10264> KVP_NOINT:
INFO	[2012-10-06 17:29:03:963] <10264> KVP_QUOTA:
INFO	[2012-10-06 17:29:03:963] <10264> CardNo:4374360069657003
INFO	[2012-10-06 17:29:03:963] <10264> MPI_CAVV:AAABAZV0UiASEAYXKHRSAAAAAAA=
INFO	[2012-10-06 17:29:03:963] <10264> MPI_ECI:05
INFO	[2012-10-06 17:29:03:963] <10264> MPI_MD64:MjAxMjEwMDYxNzMxNTE5OTkxMDY=
INFO	[2012-10-06 17:29:03:963] <10264> ExpMon:2049
INFO	[2012-10-06 17:29:03:963] <10264> ExpYear:12
INFO	[2012-10-06 17:29:03:964] <10264> Passwd:
INFO	[2012-10-06 17:29:03:964] <10264> SocId:
INFO	[2012-10-06 17:29:03:964] <10264> HP_SERVERINFO:
INFO	[2012-10-06 17:29:03:964] <10264> HP_HANDPHONE:
INFO	[2012-10-06 17:29:03:964] <10264> HP_COMPANY:
INFO	[2012-10-06 17:29:03:964] <10264> HP_ID:
INFO	[2012-10-06 17:29:03:964] <10264> HP_SUBID:
INFO	[2012-10-06 17:29:03:964] <10264> HP_UNITType:
INFO	[2012-10-06 17:29:03:964] <10264> HP_IDEN:
INFO	[2012-10-06 17:29:03:964] <10264> HP_IPADDR:
INFO	[2012-10-06 17:29:03:964] <10264> VIRTUAL_CENTERCD:
INFO	[2012-10-06 17:29:03:964] <10264> VIRTUAL_DEPODT:
INFO	[2012-10-06 17:29:03:964] <10264> ZuminCode:
INFO	[2012-10-06 17:29:03:965] <10264> MallPage:
INFO	[2012-10-06 17:29:03:965] <10264> VIRTUAL_NO:
INFO	[2012-10-06 17:29:03:965] <10264> ES_SENDNO:
INFO	[2012-10-06 17:29:03:965] <10264> Column1:ÏÉÅÏ†êÏ†ïÎ≥¥ÏûÖÎ†•1
INFO	[2012-10-06 17:29:03:965] <10264> Column2:ÏÉÅÏ†êÏ†ïÎ≥¥ÏûÖÎ†•2
INFO	[2012-10-06 17:29:03:965] <10264> Column3:ÏÉÅÏ†êÏ†ïÎ≥¥ÏûÖÎ†•3
INFO	[2012-10-06 17:29:03:965] <10264> Make NetCancel ID Start
INFO	[2012-10-06 17:29:03:965] <10264> AEGIS_VISAaegis_20121006172903965841
INFO	[2012-10-06 17:29:03:965] <10264> Make NetCancel ID End
INFO	[2012-10-06 17:29:03:965] <10264> Make NetCancelID OK
INFO	[2012-10-06 17:29:03:965] <10264> Make Msg Start
INFO	[2012-10-06 17:29:03:966] <10264> Encrypt Start
INFO	[2012-10-06 17:29:03:966] <10264> Encrypt End
INFO	[2012-10-06 17:29:03:966] <10264> Encrypt Start
INFO	[2012-10-06 17:29:03:966] <10264> Encrypt End
INFO	[2012-10-06 17:29:03:966] <10264> Encrypt Start
INFO	[2012-10-06 17:29:03:966] <10264> Encrypt End
INFO	[2012-10-06 17:29:03:966] <10264> Encrypt Start
INFO	[2012-10-06 17:29:03:966] <10264> Encrypt End
INFO	[2012-10-06 17:29:03:966] <10264> card-visa3d Make MSG OK 
INFO	[2012-10-06 17:29:03:966] <10264> Make Msg End
INFO	[2012-10-06 17:29:03:966] <10264> Make Pay Msg OK
INFO	[2012-10-06 17:29:03:966] <10264> Send & Recv Msg Start
INFO	[2012-10-06 17:29:03:967] <10264> Send Data To PG Start [ 
INFO	[2012-10-06 17:29:03:967] <10264> 0:0003530mobile
INFO	[2012-10-06 17:29:03:967] <10264> 1:aegis
INFO	[2012-10-06 17:29:03:967] <10264> 2:test
INFO	[2012-10-06 17:29:03:967] <10264> 3:1000
INFO	[2012-10-06 17:29:03:967] <10264> 4:1000000001
INFO	[2012-10-06 17:29:03:967] <10264> 5:9000400001
INFO	[2012-10-06 17:29:03:967] <10264> 6:3748311563608819
INFO	[2012-10-06 17:29:03:967] <10264> 7:914306
INFO	[2012-10-06 17:29:03:967] <10264> 8:00
INFO	[2012-10-06 17:29:03:967] <10264> 9:N;175.223.3.196;N;;1000;;null;
INFO	[2012-10-06 17:29:03:967] <10264> 10:
INFO	[2012-10-06 17:29:03:967] <10264> 11:
INFO	[2012-10-06 17:29:03:967] <10264> 12:ÍπÄÍ∏∏Îèô
INFO	[2012-10-06 17:29:03:967] <10264> 13:02-111-2222
INFO	[2012-10-06 17:29:03:967] <10264> 14:ÏÑúÏö∏Ïãú Í∞ïÎÇ®Íµ¨ Ï≤≠Îã¥Îèô
INFO	[2012-10-06 17:29:03:967] <10264> 15:ÌôçÍ∏∏Îèô
INFO	[2012-10-06 17:29:03:967] <10264> 16:175.223.3.196;02-111-1111
INFO	[2012-10-06 17:29:03:967] <10264> 17:test@test.com;Ïò§ÌõÑÏóê Î∞∞ÏÜ°ÏöîÎßù
INFO	[2012-10-06 17:29:03:967] <10264> 18:ÌÖåÏä§Ìä∏
INFO	[2012-10-06 17:29:03:967] <10264> 19:AAABAZV0UiASEAYXKHRSAAAAAAA=
INFO	[2012-10-06 17:29:03:967] <10264> 20:MjAxMjEwMDYxNzMxNTE5OTkxMDY=
INFO	[2012-10-06 17:29:03:967] <10264> 21:05
INFO	[2012-10-06 17:29:03:967] <10264> 22:test@test.com
INFO	[2012-10-06 17:29:03:967] <10264> 23:AEGIS_VISAaegis_20121006172903965841
INFO	[2012-10-06 17:29:03:967] <10264> 24:
INFO	[2012-10-06 17:29:03:967] <10264> ] Send Data To PG End 
INFO	[2012-10-06 17:29:03:967] <10264> SendMsg : [0003530mobile|aegis|test|1000|1000000001|9000400001|3748311563608819|914306|00|N;175.223.3.196;N;;1000;;null;|||ÍπÄÍ∏∏Îèô|02-111-2222|ÏÑúÏö∏Ïãú Í∞ïÎÇ®Íµ¨ Ï≤≠Îã¥Îèô|ÌôçÍ∏∏Îèô|175.223.3.196;02-111-1111|test@test.com;Ïò§ÌõÑÏóê Î∞∞ÏÜ°ÏöîÎßù|ÌÖåÏä§Ìä∏|AAABAZV0UiASEAYXKHRSAAAAAAA=|MjAxMjEwMDYxNzMxNTE5OTkxMDY=|05|test@test.com|AEGIS_VISAaegis_20121006172903965841|]
INFO	[2012-10-06 17:29:03:967] <10264> Connect IP:[220.85.12.3] Port:[29760]
INFO	[2012-10-06 17:29:03:973] <10264> Socket Open OK
INFO	[2012-10-06 17:29:04:878] <10264> RecvMsg Length : [000107]
INFO	[2012-10-06 17:29:04:878] <10264> RecvMsg : [aegis|0610|1000000001|10057599|000000001000|y|¡§ªÛΩ¬¿Œ|Ω≈«—|20121006172903|0500|18570317|0500|Ω≈«—|505912|
]
INFO	[2012-10-06 17:29:04:878] <10264> Socket Close OK
INFO	[2012-10-06 17:29:04:879] <10264> RecvMsg Length Check OK
INFO	[2012-10-06 17:29:04:879] <10264> Send & Recv Msg End
INFO	[2012-10-06 17:29:04:879] <10264> Send & Recv Msg OK
INFO	[2012-10-06 17:29:04:879] <10264> Parse Msg Start
INFO	[2012-10-06 17:29:04:879] <10264> card-visa3d RECV MSG Parsing OK 
INFO	[2012-10-06 17:29:04:879] <10264> Parse Msg End
INFO	[2012-10-06 17:29:04:879] <10264> Msg Parsing OK
INFO	[2012-10-06 17:29:04:879] <10264> card Pay Result Value [
INFO	[2012-10-06 17:29:04:879] <10264> NetCancID:AEGIS_VISAaegis_20121006172903965841
INFO	[2012-10-06 17:29:04:879] <10264> rStoreId:aegis
INFO	[2012-10-06 17:29:04:879] <10264> rBusiCd:0610
INFO	[2012-10-06 17:29:04:879] <10264> rOrdNo:1000000001
INFO	[2012-10-06 17:29:04:879] <10264> rApprNo:10057599
INFO	[2012-10-06 17:29:04:879] <10264> rInstmt:00
INFO	[2012-10-06 17:29:04:879] <10264> rAmt:000000001000
INFO	[2012-10-06 17:29:04:879] <10264> rSuccYn:y
INFO	[2012-10-06 17:29:04:880] <10264> rResMsg:¡§ªÛΩ¬¿Œ
INFO	[2012-10-06 17:29:04:880] <10264> rCardNm:Ω≈«—
INFO	[2012-10-06 17:29:04:880] <10264> rApprTm:20121006172903
INFO	[2012-10-06 17:29:04:880] <10264> rCardCd:0500
INFO	[2012-10-06 17:29:04:880] <10264> rMembNo:18570317
INFO	[2012-10-06 17:29:04:880] <10264> rAquiCd:0500
INFO	[2012-10-06 17:29:04:880] <10264> rAquiNm:Ω≈«—
INFO	[2012-10-06 17:29:04:880] <10264> rDealNo:505912
INFO	[2012-10-06 17:29:04:880] <10264> rProdNm:ÌÖåÏä§Ìä∏
INFO	[2012-10-06 17:29:04:880] <10264> ]
INFO	[2012-10-06 17:29:04:880] <10264> END  ¡§ªÛΩ¬¿Œ Transaction time:[0.921sec]
INFO	[2012-10-06 17:29:04:880] <10264> ===============================================================
INFO	[2012-10-06 17:30:12:39] <6033> ===============================================================
INFO	[2012-10-06 17:30:12:39] <6033> START AgsPay40 php (OS:Linux2.6.18-238.9.1.el5xen,PHP:5.2.17)
INFO	[2012-10-06 17:30:12:39] <6033> card Pay Start!
INFO	[2012-10-06 17:30:12:39] <6033> AgsPayHome:/mnt/DATA/WWW/casebuy.me/ko/agspay_mobile/
INFO	[2012-10-06 17:30:12:39] <6033> StoreId:aegis
INFO	[2012-10-06 17:30:12:39] <6033> log:true
INFO	[2012-10-06 17:30:12:39] <6033> logLevel:INFO
INFO	[2012-10-06 17:30:12:39] <6033> UseNetCancel:true
INFO	[2012-10-06 17:30:12:39] <6033> Type:Pay
INFO	[2012-10-06 17:30:12:39] <6033> RecvLen:7
INFO	[2012-10-06 17:30:12:39] <6033> AuthTy:card
INFO	[2012-10-06 17:30:12:39] <6033> SubTy:visa3d
INFO	[2012-10-06 17:30:12:39] <6033> OrdNo:1000000001
INFO	[2012-10-06 17:30:12:39] <6033> Amt:1000
INFO	[2012-10-06 17:30:12:39] <6033> UserEmail:test@test.com
INFO	[2012-10-06 17:30:12:39] <6033> ProdNm:ÌÖåÏä§Ìä∏
INFO	[2012-10-06 17:30:12:40] <6033> MallUrl:http://www.allthegate.com
INFO	[2012-10-06 17:30:12:40] <6033> UserId:test
INFO	[2012-10-06 17:30:12:40] <6033> OrdNm:ÌôçÍ∏∏Îèô
INFO	[2012-10-06 17:30:12:40] <6033> OrdPhone:02-111-1111
INFO	[2012-10-06 17:30:12:40] <6033> OrdAddr:ÏÑúÏö∏Ïãú Í∞ïÎÇ®Íµ¨ Ï≤≠Îã¥Îèô
INFO	[2012-10-06 17:30:12:40] <6033> RcpNm:ÍπÄÍ∏∏Îèô
INFO	[2012-10-06 17:30:12:40] <6033> RcpPhone:02-111-2222
INFO	[2012-10-06 17:30:12:40] <6033> DlvAddr:ÏÑúÏö∏Ïãú Í∞ïÎÇ®Íµ¨ Ï≤≠Îã¥Îèô
INFO	[2012-10-06 17:30:12:40] <6033> Remark:Ïò§ÌõÑÏóê Î∞∞ÏÜ°ÏöîÎßù
INFO	[2012-10-06 17:30:12:40] <6033> DeviId:9000400001
INFO	[2012-10-06 17:30:12:40] <6033> AuthYn:N;175.223.3.196;N;;1000;;null;
INFO	[2012-10-06 17:30:12:40] <6033> Instmt:00
INFO	[2012-10-06 17:30:12:40] <6033> UserIp:175.223.3.196
INFO	[2012-10-06 17:30:12:40] <6033> partial_mm:00
INFO	[2012-10-06 17:30:12:40] <6033> noIntMonth:
INFO	[2012-10-06 17:30:12:40] <6033> KVP_CURRENCY:
INFO	[2012-10-06 17:30:12:41] <6033> KVP_CARDCODE:
INFO	[2012-10-06 17:30:12:41] <6033> KVP_SESSIONKEY:
INFO	[2012-10-06 17:30:12:41] <6033> KVP_ENCDATA:
INFO	[2012-10-06 17:30:12:41] <6033> KVP_CONAME:
INFO	[2012-10-06 17:30:12:41] <6033> KVP_NOINT:
INFO	[2012-10-06 17:30:12:41] <6033> KVP_QUOTA:
INFO	[2012-10-06 17:30:12:41] <6033> CardNo:4374360069657003
INFO	[2012-10-06 17:30:12:41] <6033> MPI_CAVV:AAABAZV0UiASEAYXKHRSAAAAAAA=
INFO	[2012-10-06 17:30:12:41] <6033> MPI_ECI:05
INFO	[2012-10-06 17:30:12:41] <6033> MPI_MD64:MjAxMjEwMDYxNzMxNTE5OTkxMDY=
INFO	[2012-10-06 17:30:12:41] <6033> ExpMon:2049
INFO	[2012-10-06 17:30:12:41] <6033> ExpYear:12
INFO	[2012-10-06 17:30:12:41] <6033> Passwd:
INFO	[2012-10-06 17:30:12:41] <6033> SocId:
INFO	[2012-10-06 17:30:12:41] <6033> HP_SERVERINFO:
INFO	[2012-10-06 17:30:12:41] <6033> HP_HANDPHONE:
INFO	[2012-10-06 17:30:12:42] <6033> HP_COMPANY:
INFO	[2012-10-06 17:30:12:42] <6033> HP_ID:
INFO	[2012-10-06 17:30:12:42] <6033> HP_SUBID:
INFO	[2012-10-06 17:30:12:42] <6033> HP_UNITType:
INFO	[2012-10-06 17:30:12:42] <6033> HP_IDEN:
INFO	[2012-10-06 17:30:12:42] <6033> HP_IPADDR:
INFO	[2012-10-06 17:30:12:42] <6033> VIRTUAL_CENTERCD:
INFO	[2012-10-06 17:30:12:42] <6033> VIRTUAL_DEPODT:
INFO	[2012-10-06 17:30:12:42] <6033> ZuminCode:
INFO	[2012-10-06 17:30:12:42] <6033> MallPage:
INFO	[2012-10-06 17:30:12:42] <6033> VIRTUAL_NO:
INFO	[2012-10-06 17:30:12:42] <6033> ES_SENDNO:
INFO	[2012-10-06 17:30:12:42] <6033> Column1:ÏÉÅÏ†êÏ†ïÎ≥¥ÏûÖÎ†•1
INFO	[2012-10-06 17:30:12:42] <6033> Column2:ÏÉÅÏ†êÏ†ïÎ≥¥ÏûÖÎ†•2
INFO	[2012-10-06 17:30:12:42] <6033> Column3:ÏÉÅÏ†êÏ†ïÎ≥¥ÏûÖÎ†•3
INFO	[2012-10-06 17:30:12:42] <6033> Make NetCancel ID Start
INFO	[2012-10-06 17:30:12:43] <6033> AEGIS_VISAaegis_20121006173012042164
INFO	[2012-10-06 17:30:12:43] <6033> Make NetCancel ID End
INFO	[2012-10-06 17:30:12:43] <6033> Make NetCancelID OK
INFO	[2012-10-06 17:30:12:43] <6033> Make Msg Start
INFO	[2012-10-06 17:30:12:43] <6033> Encrypt Start
INFO	[2012-10-06 17:30:12:43] <6033> Encrypt End
INFO	[2012-10-06 17:30:12:43] <6033> Encrypt Start
INFO	[2012-10-06 17:30:12:43] <6033> Encrypt End
INFO	[2012-10-06 17:30:12:43] <6033> Encrypt Start
INFO	[2012-10-06 17:30:12:43] <6033> Encrypt End
INFO	[2012-10-06 17:30:12:43] <6033> Encrypt Start
INFO	[2012-10-06 17:30:12:43] <6033> Encrypt End
INFO	[2012-10-06 17:30:12:43] <6033> card-visa3d Make MSG OK 
INFO	[2012-10-06 17:30:12:43] <6033> Make Msg End
INFO	[2012-10-06 17:30:12:44] <6033> Make Pay Msg OK
INFO	[2012-10-06 17:30:12:44] <6033> Send & Recv Msg Start
INFO	[2012-10-06 17:30:12:44] <6033> Send Data To PG Start [ 
INFO	[2012-10-06 17:30:12:44] <6033> 0:0003530mobile
INFO	[2012-10-06 17:30:12:44] <6033> 1:aegis
INFO	[2012-10-06 17:30:12:44] <6033> 2:test
INFO	[2012-10-06 17:30:12:44] <6033> 3:1000
INFO	[2012-10-06 17:30:12:44] <6033> 4:1000000001
INFO	[2012-10-06 17:30:12:44] <6033> 5:9000400001
INFO	[2012-10-06 17:30:12:44] <6033> 6:3748311563608819
INFO	[2012-10-06 17:30:12:44] <6033> 7:914306
INFO	[2012-10-06 17:30:12:44] <6033> 8:00
INFO	[2012-10-06 17:30:12:44] <6033> 9:N;175.223.3.196;N;;1000;;null;
INFO	[2012-10-06 17:30:12:44] <6033> 10:
INFO	[2012-10-06 17:30:12:44] <6033> 11:
INFO	[2012-10-06 17:30:12:44] <6033> 12:ÍπÄÍ∏∏Îèô
INFO	[2012-10-06 17:30:12:44] <6033> 13:02-111-2222
INFO	[2012-10-06 17:30:12:44] <6033> 14:ÏÑúÏö∏Ïãú Í∞ïÎÇ®Íµ¨ Ï≤≠Îã¥Îèô
INFO	[2012-10-06 17:30:12:44] <6033> 15:ÌôçÍ∏∏Îèô
INFO	[2012-10-06 17:30:12:44] <6033> 16:175.223.3.196;02-111-1111
INFO	[2012-10-06 17:30:12:44] <6033> 17:test@test.com;Ïò§ÌõÑÏóê Î∞∞ÏÜ°ÏöîÎßù
INFO	[2012-10-06 17:30:12:44] <6033> 18:ÌÖåÏä§Ìä∏
INFO	[2012-10-06 17:30:12:44] <6033> 19:AAABAZV0UiASEAYXKHRSAAAAAAA=
INFO	[2012-10-06 17:30:12:44] <6033> 20:MjAxMjEwMDYxNzMxNTE5OTkxMDY=
INFO	[2012-10-06 17:30:12:44] <6033> 21:05
INFO	[2012-10-06 17:30:12:44] <6033> 22:test@test.com
INFO	[2012-10-06 17:30:12:44] <6033> 23:AEGIS_VISAaegis_20121006173012042164
INFO	[2012-10-06 17:30:12:44] <6033> 24:
INFO	[2012-10-06 17:30:12:44] <6033> ] Send Data To PG End 
INFO	[2012-10-06 17:30:12:44] <6033> SendMsg : [0003530mobile|aegis|test|1000|1000000001|9000400001|3748311563608819|914306|00|N;175.223.3.196;N;;1000;;null;|||ÍπÄÍ∏∏Îèô|02-111-2222|ÏÑúÏö∏Ïãú Í∞ïÎÇ®Íµ¨ Ï≤≠Îã¥Îèô|ÌôçÍ∏∏Îèô|175.223.3.196;02-111-1111|test@test.com;Ïò§ÌõÑÏóê Î∞∞ÏÜ°ÏöîÎßù|ÌÖåÏä§Ìä∏|AAABAZV0UiASEAYXKHRSAAAAAAA=|MjAxMjEwMDYxNzMxNTE5OTkxMDY=|05|test@test.com|AEGIS_VISAaegis_20121006173012042164|]
INFO	[2012-10-06 17:30:12:44] <6033> Connect IP:[220.85.12.3] Port:[29760]
INFO	[2012-10-06 17:30:12:49] <6033> Socket Open OK
INFO	[2012-10-06 17:30:12:624] <6033> RecvMsg Length : [000107]
INFO	[2012-10-06 17:30:12:624] <6033> RecvMsg : [aegis|0610|1000000001|10057600|000000001000|y|¡§ªÛΩ¬¿Œ|Ω≈«—|20121006173013|0500|18570317|0500|Ω≈«—|505919|
]
INFO	[2012-10-06 17:30:12:624] <6033> Socket Close OK
INFO	[2012-10-06 17:30:12:624] <6033> RecvMsg Length Check OK
INFO	[2012-10-06 17:30:12:624] <6033> Send & Recv Msg End
INFO	[2012-10-06 17:30:12:624] <6033> Send & Recv Msg OK
INFO	[2012-10-06 17:30:12:624] <6033> Parse Msg Start
INFO	[2012-10-06 17:30:12:624] <6033> card-visa3d RECV MSG Parsing OK 
INFO	[2012-10-06 17:30:12:624] <6033> Parse Msg End
INFO	[2012-10-06 17:30:12:624] <6033> Msg Parsing OK
INFO	[2012-10-06 17:30:12:624] <6033> card Pay Result Value [
INFO	[2012-10-06 17:30:12:625] <6033> NetCancID:AEGIS_VISAaegis_20121006173012042164
INFO	[2012-10-06 17:30:12:625] <6033> rStoreId:aegis
INFO	[2012-10-06 17:30:12:625] <6033> rBusiCd:0610
INFO	[2012-10-06 17:30:12:625] <6033> rOrdNo:1000000001
INFO	[2012-10-06 17:30:12:625] <6033> rApprNo:10057600
INFO	[2012-10-06 17:30:12:625] <6033> rInstmt:00
INFO	[2012-10-06 17:30:12:625] <6033> rAmt:000000001000
INFO	[2012-10-06 17:30:12:625] <6033> rSuccYn:y
INFO	[2012-10-06 17:30:12:625] <6033> rResMsg:¡§ªÛΩ¬¿Œ
INFO	[2012-10-06 17:30:12:625] <6033> rCardNm:Ω≈«—
INFO	[2012-10-06 17:30:12:625] <6033> rApprTm:20121006173013
INFO	[2012-10-06 17:30:12:625] <6033> rCardCd:0500
INFO	[2012-10-06 17:30:12:625] <6033> rMembNo:18570317
INFO	[2012-10-06 17:30:12:625] <6033> rAquiCd:0500
INFO	[2012-10-06 17:30:12:625] <6033> rAquiNm:Ω≈«—
INFO	[2012-10-06 17:30:12:626] <6033> rDealNo:505919
INFO	[2012-10-06 17:30:12:626] <6033> rProdNm:ÌÖåÏä§Ìä∏
INFO	[2012-10-06 17:30:12:626] <6033> ]
INFO	[2012-10-06 17:30:12:626] <6033> END  ¡§ªÛΩ¬¿Œ Transaction time:[0.587sec]
INFO	[2012-10-06 17:30:12:626] <6033> ===============================================================
INFO	[2012-10-06 17:30:23:759] <10262> ===============================================================
INFO	[2012-10-06 17:30:23:759] <10262> START AgsPay40 php (OS:Linux2.6.18-238.9.1.el5xen,PHP:5.2.17)
INFO	[2012-10-06 17:30:23:759] <10262> card Pay Start!
INFO	[2012-10-06 17:30:23:759] <10262> AgsPayHome:/mnt/DATA/WWW/casebuy.me/ko/agspay_mobile/
INFO	[2012-10-06 17:30:23:759] <10262> StoreId:aegis
INFO	[2012-10-06 17:30:23:759] <10262> log:true
INFO	[2012-10-06 17:30:23:759] <10262> logLevel:INFO
INFO	[2012-10-06 17:30:23:759] <10262> UseNetCancel:true
INFO	[2012-10-06 17:30:23:760] <10262> Type:Pay
INFO	[2012-10-06 17:30:23:760] <10262> RecvLen:7
INFO	[2012-10-06 17:30:23:760] <10262> AuthTy:card
INFO	[2012-10-06 17:30:23:760] <10262> SubTy:visa3d
INFO	[2012-10-06 17:30:23:760] <10262> OrdNo:1000000001
INFO	[2012-10-06 17:30:23:760] <10262> Amt:1000
INFO	[2012-10-06 17:30:23:760] <10262> UserEmail:test@test.com
INFO	[2012-10-06 17:30:23:760] <10262> ProdNm:ÌÖåÏä§Ìä∏
INFO	[2012-10-06 17:30:23:760] <10262> MallUrl:http://www.allthegate.com
INFO	[2012-10-06 17:30:23:760] <10262> UserId:test
INFO	[2012-10-06 17:30:23:760] <10262> OrdNm:ÌôçÍ∏∏Îèô
INFO	[2012-10-06 17:30:23:760] <10262> OrdPhone:02-111-1111
INFO	[2012-10-06 17:30:23:760] <10262> OrdAddr:ÏÑúÏö∏Ïãú Í∞ïÎÇ®Íµ¨ Ï≤≠Îã¥Îèô
INFO	[2012-10-06 17:30:23:760] <10262> RcpNm:ÍπÄÍ∏∏Îèô
INFO	[2012-10-06 17:30:23:760] <10262> RcpPhone:02-111-2222
INFO	[2012-10-06 17:30:23:760] <10262> DlvAddr:ÏÑúÏö∏Ïãú Í∞ïÎÇ®Íµ¨ Ï≤≠Îã¥Îèô
INFO	[2012-10-06 17:30:23:761] <10262> Remark:Ïò§ÌõÑÏóê Î∞∞ÏÜ°ÏöîÎßù
INFO	[2012-10-06 17:30:23:761] <10262> DeviId:9000400001
INFO	[2012-10-06 17:30:23:761] <10262> AuthYn:N;175.223.3.196;N;;1000;;null;
INFO	[2012-10-06 17:30:23:761] <10262> Instmt:00
INFO	[2012-10-06 17:30:23:761] <10262> UserIp:175.223.3.196
INFO	[2012-10-06 17:30:23:761] <10262> partial_mm:00
INFO	[2012-10-06 17:30:23:761] <10262> noIntMonth:
INFO	[2012-10-06 17:30:23:761] <10262> KVP_CURRENCY:
INFO	[2012-10-06 17:30:23:761] <10262> KVP_CARDCODE:
INFO	[2012-10-06 17:30:23:761] <10262> KVP_SESSIONKEY:
INFO	[2012-10-06 17:30:23:761] <10262> KVP_ENCDATA:
INFO	[2012-10-06 17:30:23:761] <10262> KVP_CONAME:
INFO	[2012-10-06 17:30:23:761] <10262> KVP_NOINT:
INFO	[2012-10-06 17:30:23:761] <10262> KVP_QUOTA:
INFO	[2012-10-06 17:30:23:761] <10262> CardNo:4374360069657003
INFO	[2012-10-06 17:30:23:761] <10262> MPI_CAVV:AAABAZV0UiASEAYXKHRSAAAAAAA=
INFO	[2012-10-06 17:30:23:762] <10262> MPI_ECI:05
INFO	[2012-10-06 17:30:23:762] <10262> MPI_MD64:MjAxMjEwMDYxNzMxNTE5OTkxMDY=
INFO	[2012-10-06 17:30:23:762] <10262> ExpMon:2049
INFO	[2012-10-06 17:30:23:762] <10262> ExpYear:12
INFO	[2012-10-06 17:30:23:762] <10262> Passwd:
INFO	[2012-10-06 17:30:23:762] <10262> SocId:
INFO	[2012-10-06 17:30:23:762] <10262> HP_SERVERINFO:
INFO	[2012-10-06 17:30:23:762] <10262> HP_HANDPHONE:
INFO	[2012-10-06 17:30:23:762] <10262> HP_COMPANY:
INFO	[2012-10-06 17:30:23:762] <10262> HP_ID:
INFO	[2012-10-06 17:30:23:762] <10262> HP_SUBID:
INFO	[2012-10-06 17:30:23:762] <10262> HP_UNITType:
INFO	[2012-10-06 17:30:23:762] <10262> HP_IDEN:
INFO	[2012-10-06 17:30:23:762] <10262> HP_IPADDR:
INFO	[2012-10-06 17:30:23:762] <10262> VIRTUAL_CENTERCD:
INFO	[2012-10-06 17:30:23:762] <10262> VIRTUAL_DEPODT:
INFO	[2012-10-06 17:30:23:763] <10262> ZuminCode:
INFO	[2012-10-06 17:30:23:763] <10262> MallPage:
INFO	[2012-10-06 17:30:23:763] <10262> VIRTUAL_NO:
INFO	[2012-10-06 17:30:23:763] <10262> ES_SENDNO:
INFO	[2012-10-06 17:30:23:763] <10262> Column1:ÏÉÅÏ†êÏ†ïÎ≥¥ÏûÖÎ†•1
INFO	[2012-10-06 17:30:23:763] <10262> Column2:ÏÉÅÏ†êÏ†ïÎ≥¥ÏûÖÎ†•2
INFO	[2012-10-06 17:30:23:763] <10262> Column3:ÏÉÅÏ†êÏ†ïÎ≥¥ÏûÖÎ†•3
INFO	[2012-10-06 17:30:23:763] <10262> Make NetCancel ID Start
INFO	[2012-10-06 17:30:23:763] <10262> AEGIS_VISAaegis_20121006173023763722
INFO	[2012-10-06 17:30:23:763] <10262> Make NetCancel ID End
INFO	[2012-10-06 17:30:23:763] <10262> Make NetCancelID OK
INFO	[2012-10-06 17:30:23:763] <10262> Make Msg Start
INFO	[2012-10-06 17:30:23:763] <10262> Encrypt Start
INFO	[2012-10-06 17:30:23:763] <10262> Encrypt End
INFO	[2012-10-06 17:30:23:763] <10262> Encrypt Start
INFO	[2012-10-06 17:30:23:764] <10262> Encrypt End
INFO	[2012-10-06 17:30:23:764] <10262> Encrypt Start
INFO	[2012-10-06 17:30:23:764] <10262> Encrypt End
INFO	[2012-10-06 17:30:23:764] <10262> Encrypt Start
INFO	[2012-10-06 17:30:23:764] <10262> Encrypt End
INFO	[2012-10-06 17:30:23:764] <10262> card-visa3d Make MSG OK 
INFO	[2012-10-06 17:30:23:764] <10262> Make Msg End
INFO	[2012-10-06 17:30:23:764] <10262> Make Pay Msg OK
INFO	[2012-10-06 17:30:23:764] <10262> Send & Recv Msg Start
INFO	[2012-10-06 17:30:23:764] <10262> Send Data To PG Start [ 
INFO	[2012-10-06 17:30:23:764] <10262> 0:0003530mobile
INFO	[2012-10-06 17:30:23:764] <10262> 1:aegis
INFO	[2012-10-06 17:30:23:764] <10262> 2:test
INFO	[2012-10-06 17:30:23:764] <10262> 3:1000
INFO	[2012-10-06 17:30:23:764] <10262> 4:1000000001
INFO	[2012-10-06 17:30:23:764] <10262> 5:9000400001
INFO	[2012-10-06 17:30:23:764] <10262> 6:3748311563608819
INFO	[2012-10-06 17:30:23:764] <10262> 7:914306
INFO	[2012-10-06 17:30:23:764] <10262> 8:00
INFO	[2012-10-06 17:30:23:764] <10262> 9:N;175.223.3.196;N;;1000;;null;
INFO	[2012-10-06 17:30:23:764] <10262> 10:
INFO	[2012-10-06 17:30:23:764] <10262> 11:
INFO	[2012-10-06 17:30:23:764] <10262> 12:ÍπÄÍ∏∏Îèô
INFO	[2012-10-06 17:30:23:764] <10262> 13:02-111-2222
INFO	[2012-10-06 17:30:23:764] <10262> 14:ÏÑúÏö∏Ïãú Í∞ïÎÇ®Íµ¨ Ï≤≠Îã¥Îèô
INFO	[2012-10-06 17:30:23:764] <10262> 15:ÌôçÍ∏∏Îèô
INFO	[2012-10-06 17:30:23:764] <10262> 16:175.223.3.196;02-111-1111
INFO	[2012-10-06 17:30:23:764] <10262> 17:test@test.com;Ïò§ÌõÑÏóê Î∞∞ÏÜ°ÏöîÎßù
INFO	[2012-10-06 17:30:23:764] <10262> 18:ÌÖåÏä§Ìä∏
INFO	[2012-10-06 17:30:23:764] <10262> 19:AAABAZV0UiASEAYXKHRSAAAAAAA=
INFO	[2012-10-06 17:30:23:764] <10262> 20:MjAxMjEwMDYxNzMxNTE5OTkxMDY=
INFO	[2012-10-06 17:30:23:764] <10262> 21:05
INFO	[2012-10-06 17:30:23:764] <10262> 22:test@test.com
INFO	[2012-10-06 17:30:23:764] <10262> 23:AEGIS_VISAaegis_20121006173023763722
INFO	[2012-10-06 17:30:23:764] <10262> 24:
INFO	[2012-10-06 17:30:23:764] <10262> ] Send Data To PG End 
INFO	[2012-10-06 17:30:23:765] <10262> SendMsg : [0003530mobile|aegis|test|1000|1000000001|9000400001|3748311563608819|914306|00|N;175.223.3.196;N;;1000;;null;|||ÍπÄÍ∏∏Îèô|02-111-2222|ÏÑúÏö∏Ïãú Í∞ïÎÇ®Íµ¨ Ï≤≠Îã¥Îèô|ÌôçÍ∏∏Îèô|175.223.3.196;02-111-1111|test@test.com;Ïò§ÌõÑÏóê Î∞∞ÏÜ°ÏöîÎßù|ÌÖåÏä§Ìä∏|AAABAZV0UiASEAYXKHRSAAAAAAA=|MjAxMjEwMDYxNzMxNTE5OTkxMDY=|05|test@test.com|AEGIS_VISAaegis_20121006173023763722|]
INFO	[2012-10-06 17:30:23:765] <10262> Connect IP:[220.85.12.3] Port:[29760]
INFO	[2012-10-06 17:30:23:770] <10262> Socket Open OK
INFO	[2012-10-06 17:30:24:401] <10262> RecvMsg Length : [000120]
INFO	[2012-10-06 17:30:24:401] <10262> RecvMsg : [aegis|0610|||000000001000|n|¡ﬂ∫π ∞·¡¶ ¿«Ω…µ . ¿·Ω√ »ƒ(√÷¥Î 1∫–) ¥ŸΩ√ Ω√µµ«œø© ¡÷Ω Ω√ø‰. √÷¡æΩ¬¿Œπ¯»£(10057600)|||||0|||
]
INFO	[2012-10-06 17:30:24:401] <10262> Socket Close OK
INFO	[2012-10-06 17:30:24:401] <10262> RecvMsg Length Check OK
INFO	[2012-10-06 17:30:24:401] <10262> Send & Recv Msg End
INFO	[2012-10-06 17:30:24:401] <10262> Send & Recv Msg OK
INFO	[2012-10-06 17:30:24:401] <10262> Parse Msg Start
INFO	[2012-10-06 17:30:24:402] <10262> card-visa3d RECV MSG Parsing OK 
INFO	[2012-10-06 17:30:24:402] <10262> Parse Msg End
INFO	[2012-10-06 17:30:24:402] <10262> Msg Parsing OK
INFO	[2012-10-06 17:30:24:402] <10262> card Pay Result Value [
INFO	[2012-10-06 17:30:24:402] <10262> NetCancID:AEGIS_VISAaegis_20121006173023763722
INFO	[2012-10-06 17:30:24:402] <10262> rStoreId:aegis
INFO	[2012-10-06 17:30:24:402] <10262> rBusiCd:0610
INFO	[2012-10-06 17:30:24:402] <10262> rOrdNo:
INFO	[2012-10-06 17:30:24:402] <10262> rApprNo:
INFO	[2012-10-06 17:30:24:402] <10262> rInstmt:00
INFO	[2012-10-06 17:30:24:402] <10262> rAmt:000000001000
INFO	[2012-10-06 17:30:24:402] <10262> rSuccYn:n
INFO	[2012-10-06 17:30:24:402] <10262> rResMsg:¡ﬂ∫π ∞·¡¶ ¿«Ω…µ . ¿·Ω√ »ƒ(√÷¥Î 1∫–) ¥ŸΩ√ Ω√µµ«œø© ¡÷Ω Ω√ø‰. √÷¡æΩ¬¿Œπ¯»£(10057600)
INFO	[2012-10-06 17:30:24:402] <10262> rCardNm:
INFO	[2012-10-06 17:30:24:402] <10262> rApprTm:
INFO	[2012-10-06 17:30:24:402] <10262> rCardCd:
INFO	[2012-10-06 17:30:24:403] <10262> rMembNo:
INFO	[2012-10-06 17:30:24:403] <10262> rAquiCd:0
INFO	[2012-10-06 17:30:24:403] <10262> rAquiNm:
INFO	[2012-10-06 17:30:24:403] <10262> rDealNo:
INFO	[2012-10-06 17:30:24:403] <10262> rProdNm:ÌÖåÏä§Ìä∏
INFO	[2012-10-06 17:30:24:403] <10262> ]
INFO	[2012-10-06 17:30:24:403] <10262> END  ¡ﬂ∫π ∞·¡¶ ¿«Ω…µ . ¿·Ω√ »ƒ(√÷¥Î 1∫–) ¥ŸΩ√ Ω√µµ«œø© ¡÷Ω Ω√ø‰. √÷¡æΩ¬¿Œπ¯»£(10057600) Transaction time:[0.644sec]
INFO	[2012-10-06 17:30:24:403] <10262> ===============================================================
INFO	[2012-10-06 17:31:01:970] <5983> ===============================================================
INFO	[2012-10-06 17:31:01:970] <5983> START AgsPay40 php (OS:Linux2.6.18-238.9.1.el5xen,PHP:5.2.17)
INFO	[2012-10-06 17:31:01:970] <5983> card Pay Start!
INFO	[2012-10-06 17:31:01:970] <5983> AgsPayHome:/mnt/DATA/WWW/casebuy.me/ko/agspay_mobile/
INFO	[2012-10-06 17:31:01:971] <5983> StoreId:aegis
INFO	[2012-10-06 17:31:01:971] <5983> log:true
INFO	[2012-10-06 17:31:01:971] <5983> logLevel:INFO
INFO	[2012-10-06 17:31:01:971] <5983> UseNetCancel:true
INFO	[2012-10-06 17:31:01:971] <5983> Type:Pay
INFO	[2012-10-06 17:31:01:971] <5983> RecvLen:7
INFO	[2012-10-06 17:31:01:971] <5983> AuthTy:card
INFO	[2012-10-06 17:31:01:971] <5983> SubTy:visa3d
INFO	[2012-10-06 17:31:01:971] <5983> OrdNo:1000000001
INFO	[2012-10-06 17:31:01:971] <5983> Amt:1000
INFO	[2012-10-06 17:31:01:971] <5983> UserEmail:test@test.com
INFO	[2012-10-06 17:31:01:971] <5983> ProdNm:ÌÖåÏä§Ìä∏
INFO	[2012-10-06 17:31:01:971] <5983> MallUrl:http://www.allthegate.com
INFO	[2012-10-06 17:31:01:971] <5983> UserId:test
INFO	[2012-10-06 17:31:01:971] <5983> OrdNm:ÌôçÍ∏∏Îèô
INFO	[2012-10-06 17:31:01:971] <5983> OrdPhone:02-111-1111
INFO	[2012-10-06 17:31:01:972] <5983> OrdAddr:ÏÑúÏö∏Ïãú Í∞ïÎÇ®Íµ¨ Ï≤≠Îã¥Îèô
INFO	[2012-10-06 17:31:01:972] <5983> RcpNm:ÍπÄÍ∏∏Îèô
INFO	[2012-10-06 17:31:01:972] <5983> RcpPhone:02-111-2222
INFO	[2012-10-06 17:31:01:972] <5983> DlvAddr:ÏÑúÏö∏Ïãú Í∞ïÎÇ®Íµ¨ Ï≤≠Îã¥Îèô
INFO	[2012-10-06 17:31:01:972] <5983> Remark:Ïò§ÌõÑÏóê Î∞∞ÏÜ°ÏöîÎßù
INFO	[2012-10-06 17:31:01:972] <5983> DeviId:9000400001
INFO	[2012-10-06 17:31:01:972] <5983> AuthYn:N;175.223.3.196;N;;1000;;null;
INFO	[2012-10-06 17:31:01:972] <5983> Instmt:00
INFO	[2012-10-06 17:31:01:972] <5983> UserIp:175.223.3.196
INFO	[2012-10-06 17:31:01:972] <5983> partial_mm:00
INFO	[2012-10-06 17:31:01:972] <5983> noIntMonth:
INFO	[2012-10-06 17:31:01:972] <5983> KVP_CURRENCY:
INFO	[2012-10-06 17:31:01:972] <5983> KVP_CARDCODE:
INFO	[2012-10-06 17:31:01:972] <5983> KVP_SESSIONKEY:
INFO	[2012-10-06 17:31:01:972] <5983> KVP_ENCDATA:
INFO	[2012-10-06 17:31:01:972] <5983> KVP_CONAME:
INFO	[2012-10-06 17:31:01:973] <5983> KVP_NOINT:
INFO	[2012-10-06 17:31:01:973] <5983> KVP_QUOTA:
INFO	[2012-10-06 17:31:01:973] <5983> CardNo:4374360069657003
INFO	[2012-10-06 17:31:01:973] <5983> MPI_CAVV:AAABAZV0UiASEAYXKHRSAAAAAAA=
INFO	[2012-10-06 17:31:01:973] <5983> MPI_ECI:05
INFO	[2012-10-06 17:31:01:973] <5983> MPI_MD64:MjAxMjEwMDYxNzMxNTE5OTkxMDY=
INFO	[2012-10-06 17:31:01:973] <5983> ExpMon:2049
INFO	[2012-10-06 17:31:01:973] <5983> ExpYear:12
INFO	[2012-10-06 17:31:01:973] <5983> Passwd:
INFO	[2012-10-06 17:31:01:973] <5983> SocId:
INFO	[2012-10-06 17:31:01:973] <5983> HP_SERVERINFO:
INFO	[2012-10-06 17:31:01:973] <5983> HP_HANDPHONE:
INFO	[2012-10-06 17:31:01:973] <5983> HP_COMPANY:
INFO	[2012-10-06 17:31:01:973] <5983> HP_ID:
INFO	[2012-10-06 17:31:01:973] <5983> HP_SUBID:
INFO	[2012-10-06 17:31:01:973] <5983> HP_UNITType:
INFO	[2012-10-06 17:31:01:973] <5983> HP_IDEN:
INFO	[2012-10-06 17:31:01:974] <5983> HP_IPADDR:
INFO	[2012-10-06 17:31:01:974] <5983> VIRTUAL_CENTERCD:
INFO	[2012-10-06 17:31:01:974] <5983> VIRTUAL_DEPODT:
INFO	[2012-10-06 17:31:01:974] <5983> ZuminCode:
INFO	[2012-10-06 17:31:01:974] <5983> MallPage:
INFO	[2012-10-06 17:31:01:974] <5983> VIRTUAL_NO:
INFO	[2012-10-06 17:31:01:974] <5983> ES_SENDNO:
INFO	[2012-10-06 17:31:01:974] <5983> Column1:ÏÉÅÏ†êÏ†ïÎ≥¥ÏûÖÎ†•1
INFO	[2012-10-06 17:31:01:974] <5983> Column2:ÏÉÅÏ†êÏ†ïÎ≥¥ÏûÖÎ†•2
INFO	[2012-10-06 17:31:01:974] <5983> Column3:ÏÉÅÏ†êÏ†ïÎ≥¥ÏûÖÎ†•3
INFO	[2012-10-06 17:31:01:974] <5983> Make NetCancel ID Start
INFO	[2012-10-06 17:31:01:974] <5983> AEGIS_VISAaegis_20121006173101974904
INFO	[2012-10-06 17:31:01:974] <5983> Make NetCancel ID End
INFO	[2012-10-06 17:31:01:974] <5983> Make NetCancelID OK
INFO	[2012-10-06 17:31:01:974] <5983> Make Msg Start
INFO	[2012-10-06 17:31:01:975] <5983> Encrypt Start
INFO	[2012-10-06 17:31:01:975] <5983> Encrypt End
INFO	[2012-10-06 17:31:01:975] <5983> Encrypt Start
INFO	[2012-10-06 17:31:01:975] <5983> Encrypt End
INFO	[2012-10-06 17:31:01:975] <5983> Encrypt Start
INFO	[2012-10-06 17:31:01:975] <5983> Encrypt End
INFO	[2012-10-06 17:31:01:975] <5983> Encrypt Start
INFO	[2012-10-06 17:31:01:975] <5983> Encrypt End
INFO	[2012-10-06 17:31:01:975] <5983> card-visa3d Make MSG OK 
INFO	[2012-10-06 17:31:01:975] <5983> Make Msg End
INFO	[2012-10-06 17:31:01:975] <5983> Make Pay Msg OK
INFO	[2012-10-06 17:31:01:975] <5983> Send & Recv Msg Start
INFO	[2012-10-06 17:31:01:975] <5983> Send Data To PG Start [ 
INFO	[2012-10-06 17:31:01:975] <5983> 0:0003530mobile
INFO	[2012-10-06 17:31:01:975] <5983> 1:aegis
INFO	[2012-10-06 17:31:01:975] <5983> 2:test
INFO	[2012-10-06 17:31:01:975] <5983> 3:1000
INFO	[2012-10-06 17:31:01:975] <5983> 4:1000000001
INFO	[2012-10-06 17:31:01:975] <5983> 5:9000400001
INFO	[2012-10-06 17:31:01:975] <5983> 6:3748311563608819
INFO	[2012-10-06 17:31:01:975] <5983> 7:914306
INFO	[2012-10-06 17:31:01:975] <5983> 8:00
INFO	[2012-10-06 17:31:01:975] <5983> 9:N;175.223.3.196;N;;1000;;null;
INFO	[2012-10-06 17:31:01:975] <5983> 10:
INFO	[2012-10-06 17:31:01:975] <5983> 11:
INFO	[2012-10-06 17:31:01:975] <5983> 12:ÍπÄÍ∏∏Îèô
INFO	[2012-10-06 17:31:01:975] <5983> 13:02-111-2222
INFO	[2012-10-06 17:31:01:975] <5983> 14:ÏÑúÏö∏Ïãú Í∞ïÎÇ®Íµ¨ Ï≤≠Îã¥Îèô
INFO	[2012-10-06 17:31:01:975] <5983> 15:ÌôçÍ∏∏Îèô
INFO	[2012-10-06 17:31:01:975] <5983> 16:175.223.3.196;02-111-1111
INFO	[2012-10-06 17:31:01:975] <5983> 17:test@test.com;Ïò§ÌõÑÏóê Î∞∞ÏÜ°ÏöîÎßù
INFO	[2012-10-06 17:31:01:975] <5983> 18:ÌÖåÏä§Ìä∏
INFO	[2012-10-06 17:31:01:975] <5983> 19:AAABAZV0UiASEAYXKHRSAAAAAAA=
INFO	[2012-10-06 17:31:01:975] <5983> 20:MjAxMjEwMDYxNzMxNTE5OTkxMDY=
INFO	[2012-10-06 17:31:01:975] <5983> 21:05
INFO	[2012-10-06 17:31:01:975] <5983> 22:test@test.com
INFO	[2012-10-06 17:31:01:975] <5983> 23:AEGIS_VISAaegis_20121006173101974904
INFO	[2012-10-06 17:31:01:975] <5983> 24:
INFO	[2012-10-06 17:31:01:976] <5983> ] Send Data To PG End 
INFO	[2012-10-06 17:31:01:976] <5983> SendMsg : [0003530mobile|aegis|test|1000|1000000001|9000400001|3748311563608819|914306|00|N;175.223.3.196;N;;1000;;null;|||ÍπÄÍ∏∏Îèô|02-111-2222|ÏÑúÏö∏Ïãú Í∞ïÎÇ®Íµ¨ Ï≤≠Îã¥Îèô|ÌôçÍ∏∏Îèô|175.223.3.196;02-111-1111|test@test.com;Ïò§ÌõÑÏóê Î∞∞ÏÜ°ÏöîÎßù|ÌÖåÏä§Ìä∏|AAABAZV0UiASEAYXKHRSAAAAAAA=|MjAxMjEwMDYxNzMxNTE5OTkxMDY=|05|test@test.com|AEGIS_VISAaegis_20121006173101974904|]
INFO	[2012-10-06 17:31:01:976] <5983> Connect IP:[220.85.12.3] Port:[29760]
INFO	[2012-10-06 17:31:01:981] <5983> Socket Open OK
INFO	[2012-10-06 17:31:02:861] <5983> RecvMsg Length : [000107]
INFO	[2012-10-06 17:31:02:862] <5983> RecvMsg : [aegis|0610|1000000001|10057601|000000001000|y|¡§ªÛΩ¬¿Œ|Ω≈«—|20121006173102|0500|18570317|0500|Ω≈«—|505928|
]
INFO	[2012-10-06 17:31:02:862] <5983> Socket Close OK
INFO	[2012-10-06 17:31:02:862] <5983> RecvMsg Length Check OK
INFO	[2012-10-06 17:31:02:862] <5983> Send & Recv Msg End
INFO	[2012-10-06 17:31:02:862] <5983> Send & Recv Msg OK
INFO	[2012-10-06 17:31:02:862] <5983> Parse Msg Start
INFO	[2012-10-06 17:31:02:862] <5983> card-visa3d RECV MSG Parsing OK 
INFO	[2012-10-06 17:31:02:862] <5983> Parse Msg End
INFO	[2012-10-06 17:31:02:862] <5983> Msg Parsing OK
INFO	[2012-10-06 17:31:02:862] <5983> card Pay Result Value [
INFO	[2012-10-06 17:31:02:862] <5983> NetCancID:AEGIS_VISAaegis_20121006173101974904
INFO	[2012-10-06 17:31:02:862] <5983> rStoreId:aegis
INFO	[2012-10-06 17:31:02:862] <5983> rBusiCd:0610
INFO	[2012-10-06 17:31:02:863] <5983> rOrdNo:1000000001
INFO	[2012-10-06 17:31:02:863] <5983> rApprNo:10057601
INFO	[2012-10-06 17:31:02:863] <5983> rInstmt:00
INFO	[2012-10-06 17:31:02:863] <5983> rAmt:000000001000
INFO	[2012-10-06 17:31:02:863] <5983> rSuccYn:y
INFO	[2012-10-06 17:31:02:863] <5983> rResMsg:¡§ªÛΩ¬¿Œ
INFO	[2012-10-06 17:31:02:863] <5983> rCardNm:Ω≈«—
INFO	[2012-10-06 17:31:02:863] <5983> rApprTm:20121006173102
INFO	[2012-10-06 17:31:02:863] <5983> rCardCd:0500
INFO	[2012-10-06 17:31:02:863] <5983> rMembNo:18570317
INFO	[2012-10-06 17:31:02:863] <5983> rAquiCd:0500
INFO	[2012-10-06 17:31:02:863] <5983> rAquiNm:Ω≈«—
INFO	[2012-10-06 17:31:02:863] <5983> rDealNo:505928
INFO	[2012-10-06 17:31:02:863] <5983> rProdNm:ÌÖåÏä§Ìä∏
INFO	[2012-10-06 17:31:02:863] <5983> ]
INFO	[2012-10-06 17:31:02:864] <5983> END  ¡§ªÛΩ¬¿Œ Transaction time:[0.893sec]
INFO	[2012-10-06 17:31:02:864] <5983> ===============================================================
INFO	[2012-10-06 17:31:55:56] <11416> ===============================================================
INFO	[2012-10-06 17:31:55:56] <11416> START AgsPay40 php (OS:Linux2.6.18-238.9.1.el5xen,PHP:5.2.17)
INFO	[2012-10-06 17:31:55:56] <11416> card Pay Start!
INFO	[2012-10-06 17:31:55:56] <11416> AgsPayHome:/mnt/DATA/WWW/casebuy.me/ko/agspay_mobile/
INFO	[2012-10-06 17:31:55:56] <11416> StoreId:aegis
INFO	[2012-10-06 17:31:55:56] <11416> log:true
INFO	[2012-10-06 17:31:55:56] <11416> logLevel:INFO
INFO	[2012-10-06 17:31:55:56] <11416> UseNetCancel:true
INFO	[2012-10-06 17:31:55:56] <11416> Type:Pay
INFO	[2012-10-06 17:31:55:56] <11416> RecvLen:7
INFO	[2012-10-06 17:31:55:56] <11416> AuthTy:card
INFO	[2012-10-06 17:31:55:56] <11416> SubTy:visa3d
INFO	[2012-10-06 17:31:55:56] <11416> OrdNo:1000000001
INFO	[2012-10-06 17:31:55:57] <11416> Amt:1000
INFO	[2012-10-06 17:31:55:57] <11416> UserEmail:test@test.com
INFO	[2012-10-06 17:31:55:57] <11416> ProdNm:ÌÖåÏä§Ìä∏
INFO	[2012-10-06 17:31:55:57] <11416> MallUrl:http://www.allthegate.com
INFO	[2012-10-06 17:31:55:57] <11416> UserId:test
INFO	[2012-10-06 17:31:55:57] <11416> OrdNm:ÌôçÍ∏∏Îèô
INFO	[2012-10-06 17:31:55:57] <11416> OrdPhone:02-111-1111
INFO	[2012-10-06 17:31:55:57] <11416> OrdAddr:ÏÑúÏö∏Ïãú Í∞ïÎÇ®Íµ¨ Ï≤≠Îã¥Îèô
INFO	[2012-10-06 17:31:55:57] <11416> RcpNm:ÍπÄÍ∏∏Îèô
INFO	[2012-10-06 17:31:55:57] <11416> RcpPhone:02-111-2222
INFO	[2012-10-06 17:31:55:57] <11416> DlvAddr:ÏÑúÏö∏Ïãú Í∞ïÎÇ®Íµ¨ Ï≤≠Îã¥Îèô
INFO	[2012-10-06 17:31:55:57] <11416> Remark:Ïò§ÌõÑÏóê Î∞∞ÏÜ°ÏöîÎßù
INFO	[2012-10-06 17:31:55:57] <11416> DeviId:9000400001
INFO	[2012-10-06 17:31:55:57] <11416> AuthYn:N;175.223.3.196;N;;1000;;null;
INFO	[2012-10-06 17:31:55:58] <11416> Instmt:00
INFO	[2012-10-06 17:31:55:58] <11416> UserIp:175.223.3.196
INFO	[2012-10-06 17:31:55:58] <11416> partial_mm:00
INFO	[2012-10-06 17:31:55:58] <11416> noIntMonth:
INFO	[2012-10-06 17:31:55:58] <11416> KVP_CURRENCY:
INFO	[2012-10-06 17:31:55:58] <11416> KVP_CARDCODE:
INFO	[2012-10-06 17:31:55:58] <11416> KVP_SESSIONKEY:
INFO	[2012-10-06 17:31:55:58] <11416> KVP_ENCDATA:
INFO	[2012-10-06 17:31:55:58] <11416> KVP_CONAME:
INFO	[2012-10-06 17:31:55:58] <11416> KVP_NOINT:
INFO	[2012-10-06 17:31:55:58] <11416> KVP_QUOTA:
INFO	[2012-10-06 17:31:55:58] <11416> CardNo:4374360069657003
INFO	[2012-10-06 17:31:55:58] <11416> MPI_CAVV:AAABAZV0UiASEAYXKHRSAAAAAAA=
INFO	[2012-10-06 17:31:55:58] <11416> MPI_ECI:05
INFO	[2012-10-06 17:31:55:58] <11416> MPI_MD64:MjAxMjEwMDYxNzMxNTE5OTkxMDY=
INFO	[2012-10-06 17:31:55:59] <11416> ExpMon:2049
INFO	[2012-10-06 17:31:55:59] <11416> ExpYear:12
INFO	[2012-10-06 17:31:55:59] <11416> Passwd:
INFO	[2012-10-06 17:31:55:59] <11416> SocId:
INFO	[2012-10-06 17:31:55:59] <11416> HP_SERVERINFO:
INFO	[2012-10-06 17:31:55:59] <11416> HP_HANDPHONE:
INFO	[2012-10-06 17:31:55:59] <11416> HP_COMPANY:
INFO	[2012-10-06 17:31:55:59] <11416> HP_ID:
INFO	[2012-10-06 17:31:55:59] <11416> HP_SUBID:
INFO	[2012-10-06 17:31:55:59] <11416> HP_UNITType:
INFO	[2012-10-06 17:31:55:59] <11416> HP_IDEN:
INFO	[2012-10-06 17:31:55:59] <11416> HP_IPADDR:
INFO	[2012-10-06 17:31:55:59] <11416> VIRTUAL_CENTERCD:
INFO	[2012-10-06 17:31:55:59] <11416> VIRTUAL_DEPODT:
INFO	[2012-10-06 17:31:55:59] <11416> ZuminCode:
INFO	[2012-10-06 17:31:55:60] <11416> MallPage:
INFO	[2012-10-06 17:31:55:60] <11416> VIRTUAL_NO:
INFO	[2012-10-06 17:31:55:60] <11416> ES_SENDNO:
INFO	[2012-10-06 17:31:55:60] <11416> Column1:ÏÉÅÏ†êÏ†ïÎ≥¥ÏûÖÎ†•1
INFO	[2012-10-06 17:31:55:60] <11416> Column2:ÏÉÅÏ†êÏ†ïÎ≥¥ÏûÖÎ†•2
INFO	[2012-10-06 17:31:55:60] <11416> Column3:ÏÉÅÏ†êÏ†ïÎ≥¥ÏûÖÎ†•3
INFO	[2012-10-06 17:31:55:60] <11416> Make NetCancel ID Start
INFO	[2012-10-06 17:31:55:60] <11416> AEGIS_VISAaegis_20121006173155060419
INFO	[2012-10-06 17:31:55:60] <11416> Make NetCancel ID End
INFO	[2012-10-06 17:31:55:60] <11416> Make NetCancelID OK
INFO	[2012-10-06 17:31:55:60] <11416> Make Msg Start
INFO	[2012-10-06 17:31:55:60] <11416> Encrypt Start
INFO	[2012-10-06 17:31:55:61] <11416> Encrypt End
INFO	[2012-10-06 17:31:55:61] <11416> Encrypt Start
INFO	[2012-10-06 17:31:55:61] <11416> Encrypt End
INFO	[2012-10-06 17:31:55:61] <11416> Encrypt Start
INFO	[2012-10-06 17:31:55:61] <11416> Encrypt End
INFO	[2012-10-06 17:31:55:61] <11416> Encrypt Start
INFO	[2012-10-06 17:31:55:61] <11416> Encrypt End
INFO	[2012-10-06 17:31:55:61] <11416> card-visa3d Make MSG OK 
INFO	[2012-10-06 17:31:55:61] <11416> Make Msg End
INFO	[2012-10-06 17:31:55:61] <11416> Make Pay Msg OK
INFO	[2012-10-06 17:31:55:61] <11416> Send & Recv Msg Start
INFO	[2012-10-06 17:31:55:61] <11416> Send Data To PG Start [ 
INFO	[2012-10-06 17:31:55:61] <11416> 0:0003530mobile
INFO	[2012-10-06 17:31:55:61] <11416> 1:aegis
INFO	[2012-10-06 17:31:55:61] <11416> 2:test
INFO	[2012-10-06 17:31:55:61] <11416> 3:1000
INFO	[2012-10-06 17:31:55:61] <11416> 4:1000000001
INFO	[2012-10-06 17:31:55:61] <11416> 5:9000400001
INFO	[2012-10-06 17:31:55:61] <11416> 6:3748311563608819
INFO	[2012-10-06 17:31:55:61] <11416> 7:914306
INFO	[2012-10-06 17:31:55:61] <11416> 8:00
INFO	[2012-10-06 17:31:55:61] <11416> 9:N;175.223.3.196;N;;1000;;null;
INFO	[2012-10-06 17:31:55:61] <11416> 10:
INFO	[2012-10-06 17:31:55:61] <11416> 11:
INFO	[2012-10-06 17:31:55:61] <11416> 12:ÍπÄÍ∏∏Îèô
INFO	[2012-10-06 17:31:55:61] <11416> 13:02-111-2222
INFO	[2012-10-06 17:31:55:61] <11416> 14:ÏÑúÏö∏Ïãú Í∞ïÎÇ®Íµ¨ Ï≤≠Îã¥Îèô
INFO	[2012-10-06 17:31:55:61] <11416> 15:ÌôçÍ∏∏Îèô
INFO	[2012-10-06 17:31:55:61] <11416> 16:175.223.3.196;02-111-1111
INFO	[2012-10-06 17:31:55:61] <11416> 17:test@test.com;Ïò§ÌõÑÏóê Î∞∞ÏÜ°ÏöîÎßù
INFO	[2012-10-06 17:31:55:61] <11416> 18:ÌÖåÏä§Ìä∏
INFO	[2012-10-06 17:31:55:61] <11416> 19:AAABAZV0UiASEAYXKHRSAAAAAAA=
INFO	[2012-10-06 17:31:55:61] <11416> 20:MjAxMjEwMDYxNzMxNTE5OTkxMDY=
INFO	[2012-10-06 17:31:55:61] <11416> 21:05
INFO	[2012-10-06 17:31:55:61] <11416> 22:test@test.com
INFO	[2012-10-06 17:31:55:61] <11416> 23:AEGIS_VISAaegis_20121006173155060419
INFO	[2012-10-06 17:31:55:61] <11416> 24:
INFO	[2012-10-06 17:31:55:62] <11416> ] Send Data To PG End 
INFO	[2012-10-06 17:31:55:62] <11416> SendMsg : [0003530mobile|aegis|test|1000|1000000001|9000400001|3748311563608819|914306|00|N;175.223.3.196;N;;1000;;null;|||ÍπÄÍ∏∏Îèô|02-111-2222|ÏÑúÏö∏Ïãú Í∞ïÎÇ®Íµ¨ Ï≤≠Îã¥Îèô|ÌôçÍ∏∏Îèô|175.223.3.196;02-111-1111|test@test.com;Ïò§ÌõÑÏóê Î∞∞ÏÜ°ÏöîÎßù|ÌÖåÏä§Ìä∏|AAABAZV0UiASEAYXKHRSAAAAAAA=|MjAxMjEwMDYxNzMxNTE5OTkxMDY=|05|test@test.com|AEGIS_VISAaegis_20121006173155060419|]
INFO	[2012-10-06 17:31:55:62] <11416> Connect IP:[220.85.12.3] Port:[29760]
INFO	[2012-10-06 17:31:55:68] <11416> Socket Open OK
INFO	[2012-10-06 17:31:55:673] <11416> RecvMsg Length : [000120]
INFO	[2012-10-06 17:31:55:673] <11416> RecvMsg : [aegis|0610|||000000001000|n|¡ﬂ∫π ∞·¡¶ ¿«Ω…µ . ¿·Ω√ »ƒ(√÷¥Î 1∫–) ¥ŸΩ√ Ω√µµ«œø© ¡÷Ω Ω√ø‰. √÷¡æΩ¬¿Œπ¯»£(10057601)|||||0|||
]
INFO	[2012-10-06 17:31:55:673] <11416> Socket Close OK
INFO	[2012-10-06 17:31:55:673] <11416> RecvMsg Length Check OK
INFO	[2012-10-06 17:31:55:673] <11416> Send & Recv Msg End
INFO	[2012-10-06 17:31:55:673] <11416> Send & Recv Msg OK
INFO	[2012-10-06 17:31:55:673] <11416> Parse Msg Start
INFO	[2012-10-06 17:31:55:674] <11416> card-visa3d RECV MSG Parsing OK 
INFO	[2012-10-06 17:31:55:674] <11416> Parse Msg End
INFO	[2012-10-06 17:31:55:674] <11416> Msg Parsing OK
INFO	[2012-10-06 17:31:55:674] <11416> card Pay Result Value [
INFO	[2012-10-06 17:31:55:674] <11416> NetCancID:AEGIS_VISAaegis_20121006173155060419
INFO	[2012-10-06 17:31:55:674] <11416> rStoreId:aegis
INFO	[2012-10-06 17:31:55:674] <11416> rBusiCd:0610
INFO	[2012-10-06 17:31:55:674] <11416> rOrdNo:
INFO	[2012-10-06 17:31:55:674] <11416> rApprNo:
INFO	[2012-10-06 17:31:55:674] <11416> rInstmt:00
INFO	[2012-10-06 17:31:55:674] <11416> rAmt:000000001000
INFO	[2012-10-06 17:31:55:674] <11416> rSuccYn:n
INFO	[2012-10-06 17:31:55:674] <11416> rResMsg:¡ﬂ∫π ∞·¡¶ ¿«Ω…µ . ¿·Ω√ »ƒ(√÷¥Î 1∫–) ¥ŸΩ√ Ω√µµ«œø© ¡÷Ω Ω√ø‰. √÷¡æΩ¬¿Œπ¯»£(10057601)
INFO	[2012-10-06 17:31:55:674] <11416> rCardNm:
INFO	[2012-10-06 17:31:55:674] <11416> rApprTm:
INFO	[2012-10-06 17:31:55:675] <11416> rCardCd:
INFO	[2012-10-06 17:31:55:675] <11416> rMembNo:
INFO	[2012-10-06 17:31:55:675] <11416> rAquiCd:0
INFO	[2012-10-06 17:31:55:675] <11416> rAquiNm:
INFO	[2012-10-06 17:31:55:675] <11416> rDealNo:
INFO	[2012-10-06 17:31:55:675] <11416> rProdNm:ÌÖåÏä§Ìä∏
INFO	[2012-10-06 17:31:55:675] <11416> ]
INFO	[2012-10-06 17:31:55:675] <11416> END  ¡ﬂ∫π ∞·¡¶ ¿«Ω…µ . ¿·Ω√ »ƒ(√÷¥Î 1∫–) ¥ŸΩ√ Ω√µµ«œø© ¡÷Ω Ω√ø‰. √÷¡æΩ¬¿Œπ¯»£(10057601) Transaction time:[0.619sec]
INFO	[2012-10-06 17:31:55:675] <11416> ===============================================================
INFO	[2012-10-06 17:32:56:804] <10266> ===============================================================
INFO	[2012-10-06 17:32:56:804] <10266> START AgsPay40 php (OS:Linux2.6.18-238.9.1.el5xen,PHP:5.2.17)
INFO	[2012-10-06 17:32:56:804] <10266> card Pay Start!
INFO	[2012-10-06 17:32:56:804] <10266> AgsPayHome:/mnt/DATA/WWW/casebuy.me/ko/agspay_mobile/
INFO	[2012-10-06 17:32:56:804] <10266> StoreId:aegis
INFO	[2012-10-06 17:32:56:804] <10266> log:true
INFO	[2012-10-06 17:32:56:804] <10266> logLevel:INFO
INFO	[2012-10-06 17:32:56:804] <10266> UseNetCancel:true
INFO	[2012-10-06 17:32:56:804] <10266> Type:Pay
INFO	[2012-10-06 17:32:56:804] <10266> RecvLen:7
INFO	[2012-10-06 17:32:56:805] <10266> AuthTy:card
INFO	[2012-10-06 17:32:56:805] <10266> SubTy:visa3d
INFO	[2012-10-06 17:32:56:805] <10266> OrdNo:1000000001
INFO	[2012-10-06 17:32:56:805] <10266> Amt:1000
INFO	[2012-10-06 17:32:56:805] <10266> UserEmail:test@test.com
INFO	[2012-10-06 17:32:56:805] <10266> ProdNm:ÌÖåÏä§Ìä∏
INFO	[2012-10-06 17:32:56:805] <10266> MallUrl:http://www.allthegate.com
INFO	[2012-10-06 17:32:56:805] <10266> UserId:test
INFO	[2012-10-06 17:32:56:805] <10266> OrdNm:ÌôçÍ∏∏Îèô
INFO	[2012-10-06 17:32:56:805] <10266> OrdPhone:02-111-1111
INFO	[2012-10-06 17:32:56:805] <10266> OrdAddr:ÏÑúÏö∏Ïãú Í∞ïÎÇ®Íµ¨ Ï≤≠Îã¥Îèô
INFO	[2012-10-06 17:32:56:805] <10266> RcpNm:ÍπÄÍ∏∏Îèô
INFO	[2012-10-06 17:32:56:805] <10266> RcpPhone:02-111-2222
INFO	[2012-10-06 17:32:56:805] <10266> DlvAddr:ÏÑúÏö∏Ïãú Í∞ïÎÇ®Íµ¨ Ï≤≠Îã¥Îèô
INFO	[2012-10-06 17:32:56:805] <10266> Remark:Ïò§ÌõÑÏóê Î∞∞ÏÜ°ÏöîÎßù
INFO	[2012-10-06 17:32:56:805] <10266> DeviId:9000400001
INFO	[2012-10-06 17:32:56:806] <10266> AuthYn:N;175.223.3.196;N;;1000;;null;
INFO	[2012-10-06 17:32:56:806] <10266> Instmt:00
INFO	[2012-10-06 17:32:56:806] <10266> UserIp:175.223.3.196
INFO	[2012-10-06 17:32:56:806] <10266> partial_mm:00
INFO	[2012-10-06 17:32:56:806] <10266> noIntMonth:
INFO	[2012-10-06 17:32:56:806] <10266> KVP_CURRENCY:
INFO	[2012-10-06 17:32:56:806] <10266> KVP_CARDCODE:
INFO	[2012-10-06 17:32:56:806] <10266> KVP_SESSIONKEY:
INFO	[2012-10-06 17:32:56:806] <10266> KVP_ENCDATA:
INFO	[2012-10-06 17:32:56:806] <10266> KVP_CONAME:
INFO	[2012-10-06 17:32:56:806] <10266> KVP_NOINT:
INFO	[2012-10-06 17:32:56:806] <10266> KVP_QUOTA:
INFO	[2012-10-06 17:32:56:806] <10266> CardNo:4374360069657003
INFO	[2012-10-06 17:32:56:806] <10266> MPI_CAVV:AAABAZV0UiASEAYXKHRSAAAAAAA=
INFO	[2012-10-06 17:32:56:806] <10266> MPI_ECI:05
INFO	[2012-10-06 17:32:56:806] <10266> MPI_MD64:MjAxMjEwMDYxNzMxNTE5OTkxMDY=
INFO	[2012-10-06 17:32:56:807] <10266> ExpMon:2049
INFO	[2012-10-06 17:32:56:807] <10266> ExpYear:12
INFO	[2012-10-06 17:32:56:807] <10266> Passwd:
INFO	[2012-10-06 17:32:56:807] <10266> SocId:
INFO	[2012-10-06 17:32:56:807] <10266> HP_SERVERINFO:
INFO	[2012-10-06 17:32:56:807] <10266> HP_HANDPHONE:
INFO	[2012-10-06 17:32:56:807] <10266> HP_COMPANY:
INFO	[2012-10-06 17:32:56:807] <10266> HP_ID:
INFO	[2012-10-06 17:32:56:807] <10266> HP_SUBID:
INFO	[2012-10-06 17:32:56:807] <10266> HP_UNITType:
INFO	[2012-10-06 17:32:56:807] <10266> HP_IDEN:
INFO	[2012-10-06 17:32:56:807] <10266> HP_IPADDR:
INFO	[2012-10-06 17:32:56:807] <10266> VIRTUAL_CENTERCD:
INFO	[2012-10-06 17:32:56:807] <10266> VIRTUAL_DEPODT:
INFO	[2012-10-06 17:32:56:807] <10266> ZuminCode:
INFO	[2012-10-06 17:32:56:807] <10266> MallPage:
INFO	[2012-10-06 17:32:56:808] <10266> VIRTUAL_NO:
INFO	[2012-10-06 17:32:56:808] <10266> ES_SENDNO:
INFO	[2012-10-06 17:32:56:808] <10266> Column1:ÏÉÅÏ†êÏ†ïÎ≥¥ÏûÖÎ†•1
INFO	[2012-10-06 17:32:56:808] <10266> Column2:ÏÉÅÏ†êÏ†ïÎ≥¥ÏûÖÎ†•2
INFO	[2012-10-06 17:32:56:808] <10266> Column3:ÏÉÅÏ†êÏ†ïÎ≥¥ÏûÖÎ†•3
INFO	[2012-10-06 17:32:56:808] <10266> Make NetCancel ID Start
INFO	[2012-10-06 17:32:56:808] <10266> AEGIS_VISAaegis_20121006173256808223
INFO	[2012-10-06 17:32:56:808] <10266> Make NetCancel ID End
INFO	[2012-10-06 17:32:56:808] <10266> Make NetCancelID OK
INFO	[2012-10-06 17:32:56:808] <10266> Make Msg Start
INFO	[2012-10-06 17:32:56:808] <10266> Encrypt Start
INFO	[2012-10-06 17:32:56:808] <10266> Encrypt End
INFO	[2012-10-06 17:32:56:808] <10266> Encrypt Start
INFO	[2012-10-06 17:32:56:808] <10266> Encrypt End
INFO	[2012-10-06 17:32:56:809] <10266> Encrypt Start
INFO	[2012-10-06 17:32:56:809] <10266> Encrypt End
INFO	[2012-10-06 17:32:56:809] <10266> Encrypt Start
INFO	[2012-10-06 17:32:56:809] <10266> Encrypt End
INFO	[2012-10-06 17:32:56:809] <10266> card-visa3d Make MSG OK 
INFO	[2012-10-06 17:32:56:809] <10266> Make Msg End
INFO	[2012-10-06 17:32:56:809] <10266> Make Pay Msg OK
INFO	[2012-10-06 17:32:56:809] <10266> Send & Recv Msg Start
INFO	[2012-10-06 17:32:56:809] <10266> Send Data To PG Start [ 
INFO	[2012-10-06 17:32:56:809] <10266> 0:0003530mobile
INFO	[2012-10-06 17:32:56:809] <10266> 1:aegis
INFO	[2012-10-06 17:32:56:809] <10266> 2:test
INFO	[2012-10-06 17:32:56:809] <10266> 3:1000
INFO	[2012-10-06 17:32:56:809] <10266> 4:1000000001
INFO	[2012-10-06 17:32:56:809] <10266> 5:9000400001
INFO	[2012-10-06 17:32:56:809] <10266> 6:3748311563608819
INFO	[2012-10-06 17:32:56:809] <10266> 7:914306
INFO	[2012-10-06 17:32:56:809] <10266> 8:00
INFO	[2012-10-06 17:32:56:809] <10266> 9:N;175.223.3.196;N;;1000;;null;
INFO	[2012-10-06 17:32:56:809] <10266> 10:
INFO	[2012-10-06 17:32:56:809] <10266> 11:
INFO	[2012-10-06 17:32:56:809] <10266> 12:ÍπÄÍ∏∏Îèô
INFO	[2012-10-06 17:32:56:809] <10266> 13:02-111-2222
INFO	[2012-10-06 17:32:56:809] <10266> 14:ÏÑúÏö∏Ïãú Í∞ïÎÇ®Íµ¨ Ï≤≠Îã¥Îèô
INFO	[2012-10-06 17:32:56:809] <10266> 15:ÌôçÍ∏∏Îèô
INFO	[2012-10-06 17:32:56:809] <10266> 16:175.223.3.196;02-111-1111
INFO	[2012-10-06 17:32:56:809] <10266> 17:test@test.com;Ïò§ÌõÑÏóê Î∞∞ÏÜ°ÏöîÎßù
INFO	[2012-10-06 17:32:56:809] <10266> 18:ÌÖåÏä§Ìä∏
INFO	[2012-10-06 17:32:56:809] <10266> 19:AAABAZV0UiASEAYXKHRSAAAAAAA=
INFO	[2012-10-06 17:32:56:809] <10266> 20:MjAxMjEwMDYxNzMxNTE5OTkxMDY=
INFO	[2012-10-06 17:32:56:809] <10266> 21:05
INFO	[2012-10-06 17:32:56:809] <10266> 22:test@test.com
INFO	[2012-10-06 17:32:56:809] <10266> 23:AEGIS_VISAaegis_20121006173256808223
INFO	[2012-10-06 17:32:56:809] <10266> 24:
INFO	[2012-10-06 17:32:56:809] <10266> ] Send Data To PG End 
INFO	[2012-10-06 17:32:56:809] <10266> SendMsg : [0003530mobile|aegis|test|1000|1000000001|9000400001|3748311563608819|914306|00|N;175.223.3.196;N;;1000;;null;|||ÍπÄÍ∏∏Îèô|02-111-2222|ÏÑúÏö∏Ïãú Í∞ïÎÇ®Íµ¨ Ï≤≠Îã¥Îèô|ÌôçÍ∏∏Îèô|175.223.3.196;02-111-1111|test@test.com;Ïò§ÌõÑÏóê Î∞∞ÏÜ°ÏöîÎßù|ÌÖåÏä§Ìä∏|AAABAZV0UiASEAYXKHRSAAAAAAA=|MjAxMjEwMDYxNzMxNTE5OTkxMDY=|05|test@test.com|AEGIS_VISAaegis_20121006173256808223|]
INFO	[2012-10-06 17:32:56:809] <10266> Connect IP:[220.85.12.3] Port:[29760]
INFO	[2012-10-06 17:32:56:815] <10266> Socket Open OK
INFO	[2012-10-06 17:32:57:385] <10266> RecvMsg Length : [000107]
INFO	[2012-10-06 17:32:57:385] <10266> RecvMsg : [aegis|0610|1000000001|10057602|000000001000|y|¡§ªÛΩ¬¿Œ|Ω≈«—|20121006173258|0500|18570317|0500|Ω≈«—|505935|
]
INFO	[2012-10-06 17:32:57:386] <10266> Socket Close OK
INFO	[2012-10-06 17:32:57:386] <10266> RecvMsg Length Check OK
INFO	[2012-10-06 17:32:57:386] <10266> Send & Recv Msg End
INFO	[2012-10-06 17:32:57:386] <10266> Send & Recv Msg OK
INFO	[2012-10-06 17:32:57:386] <10266> Parse Msg Start
INFO	[2012-10-06 17:32:57:386] <10266> card-visa3d RECV MSG Parsing OK 
INFO	[2012-10-06 17:32:57:386] <10266> Parse Msg End
INFO	[2012-10-06 17:32:57:386] <10266> Msg Parsing OK
INFO	[2012-10-06 17:32:57:386] <10266> card Pay Result Value [
INFO	[2012-10-06 17:32:57:386] <10266> NetCancID:AEGIS_VISAaegis_20121006173256808223
INFO	[2012-10-06 17:32:57:386] <10266> rStoreId:aegis
INFO	[2012-10-06 17:32:57:386] <10266> rBusiCd:0610
INFO	[2012-10-06 17:32:57:386] <10266> rOrdNo:1000000001
INFO	[2012-10-06 17:32:57:386] <10266> rApprNo:10057602
INFO	[2012-10-06 17:32:57:386] <10266> rInstmt:00
INFO	[2012-10-06 17:32:57:387] <10266> rAmt:000000001000
INFO	[2012-10-06 17:32:57:387] <10266> rSuccYn:y
INFO	[2012-10-06 17:32:57:387] <10266> rResMsg:¡§ªÛΩ¬¿Œ
INFO	[2012-10-06 17:32:57:387] <10266> rCardNm:Ω≈«—
INFO	[2012-10-06 17:32:57:387] <10266> rApprTm:20121006173258
INFO	[2012-10-06 17:32:57:387] <10266> rCardCd:0500
INFO	[2012-10-06 17:32:57:387] <10266> rMembNo:18570317
INFO	[2012-10-06 17:32:57:387] <10266> rAquiCd:0500
INFO	[2012-10-06 17:32:57:387] <10266> rAquiNm:Ω≈«—
INFO	[2012-10-06 17:32:57:387] <10266> rDealNo:505935
INFO	[2012-10-06 17:32:57:387] <10266> rProdNm:ÌÖåÏä§Ìä∏
INFO	[2012-10-06 17:32:57:387] <10266> ]
INFO	[2012-10-06 17:32:57:387] <10266> END  ¡§ªÛΩ¬¿Œ Transaction time:[0.584sec]
INFO	[2012-10-06 17:32:57:387] <10266> ===============================================================
INFO	[2012-10-06 17:38:22:77] <10263> ===============================================================
INFO	[2012-10-06 17:38:22:77] <10263> START AgsPay40 php (OS:Linux2.6.18-238.9.1.el5xen,PHP:5.2.17)
INFO	[2012-10-06 17:38:22:77] <10263> card Pay Start!
INFO	[2012-10-06 17:38:22:78] <10263> AgsPayHome:/mnt/DATA/WWW/casebuy.me/ko/agspay_mobile/
INFO	[2012-10-06 17:38:22:78] <10263> StoreId:aegis
INFO	[2012-10-06 17:38:22:78] <10263> log:true
INFO	[2012-10-06 17:38:22:78] <10263> logLevel:INFO
INFO	[2012-10-06 17:38:22:78] <10263> UseNetCancel:true
INFO	[2012-10-06 17:38:22:78] <10263> Type:Pay
INFO	[2012-10-06 17:38:22:78] <10263> RecvLen:7
INFO	[2012-10-06 17:38:22:78] <10263> AuthTy:card
INFO	[2012-10-06 17:38:22:78] <10263> SubTy:visa3d
INFO	[2012-10-06 17:38:22:78] <10263> OrdNo:1000000001
INFO	[2012-10-06 17:38:22:78] <10263> Amt:1000
INFO	[2012-10-06 17:38:22:78] <10263> UserEmail:test@test.com
INFO	[2012-10-06 17:38:22:78] <10263> ProdNm:ÌÖåÏä§Ìä∏
INFO	[2012-10-06 17:38:22:78] <10263> MallUrl:http://www.allthegate.com
INFO	[2012-10-06 17:38:22:78] <10263> UserId:test
INFO	[2012-10-06 17:38:22:78] <10263> OrdNm:ÌôçÍ∏∏Îèô
INFO	[2012-10-06 17:38:22:79] <10263> OrdPhone:02-111-1111
INFO	[2012-10-06 17:38:22:79] <10263> OrdAddr:ÏÑúÏö∏Ïãú Í∞ïÎÇ®Íµ¨ Ï≤≠Îã¥Îèô
INFO	[2012-10-06 17:38:22:79] <10263> RcpNm:ÍπÄÍ∏∏Îèô
INFO	[2012-10-06 17:38:22:79] <10263> RcpPhone:02-111-2222
INFO	[2012-10-06 17:38:22:79] <10263> DlvAddr:ÏÑúÏö∏Ïãú Í∞ïÎÇ®Íµ¨ Ï≤≠Îã¥Îèô
INFO	[2012-10-06 17:38:22:79] <10263> Remark:Ïò§ÌõÑÏóê Î∞∞ÏÜ°ÏöîÎßù
INFO	[2012-10-06 17:38:22:79] <10263> DeviId:9000400001
INFO	[2012-10-06 17:38:22:79] <10263> AuthYn:N;175.223.3.196;N;;1000;;null;
INFO	[2012-10-06 17:38:22:79] <10263> Instmt:00
INFO	[2012-10-06 17:38:22:79] <10263> UserIp:175.223.3.196
INFO	[2012-10-06 17:38:22:79] <10263> partial_mm:00
INFO	[2012-10-06 17:38:22:79] <10263> noIntMonth:
INFO	[2012-10-06 17:38:22:79] <10263> KVP_CURRENCY:
INFO	[2012-10-06 17:38:22:79] <10263> KVP_CARDCODE:
INFO	[2012-10-06 17:38:22:79] <10263> KVP_SESSIONKEY:
INFO	[2012-10-06 17:38:22:79] <10263> KVP_ENCDATA:
INFO	[2012-10-06 17:38:22:80] <10263> KVP_CONAME:
INFO	[2012-10-06 17:38:22:80] <10263> KVP_NOINT:
INFO	[2012-10-06 17:38:22:80] <10263> KVP_QUOTA:
INFO	[2012-10-06 17:38:22:80] <10263> CardNo:4374360069657003
INFO	[2012-10-06 17:38:22:80] <10263> MPI_CAVV:AAABAZV0UiASEAYXKHRSAAAAAAA=
INFO	[2012-10-06 17:38:22:80] <10263> MPI_ECI:05
INFO	[2012-10-06 17:38:22:80] <10263> MPI_MD64:MjAxMjEwMDYxNzMxNTE5OTkxMDY=
INFO	[2012-10-06 17:38:22:80] <10263> ExpMon:2049
INFO	[2012-10-06 17:38:22:80] <10263> ExpYear:12
INFO	[2012-10-06 17:38:22:80] <10263> Passwd:
INFO	[2012-10-06 17:38:22:80] <10263> SocId:
INFO	[2012-10-06 17:38:22:80] <10263> HP_SERVERINFO:
INFO	[2012-10-06 17:38:22:80] <10263> HP_HANDPHONE:
INFO	[2012-10-06 17:38:22:80] <10263> HP_COMPANY:
INFO	[2012-10-06 17:38:22:80] <10263> HP_ID:
INFO	[2012-10-06 17:38:22:80] <10263> HP_SUBID:
INFO	[2012-10-06 17:38:22:81] <10263> HP_UNITType:
INFO	[2012-10-06 17:38:22:81] <10263> HP_IDEN:
INFO	[2012-10-06 17:38:22:81] <10263> HP_IPADDR:
INFO	[2012-10-06 17:38:22:81] <10263> VIRTUAL_CENTERCD:
INFO	[2012-10-06 17:38:22:81] <10263> VIRTUAL_DEPODT:
INFO	[2012-10-06 17:38:22:81] <10263> ZuminCode:
INFO	[2012-10-06 17:38:22:81] <10263> MallPage:
INFO	[2012-10-06 17:38:22:81] <10263> VIRTUAL_NO:
INFO	[2012-10-06 17:38:22:81] <10263> ES_SENDNO:
INFO	[2012-10-06 17:38:22:81] <10263> Column1:ÏÉÅÏ†êÏ†ïÎ≥¥ÏûÖÎ†•1
INFO	[2012-10-06 17:38:22:81] <10263> Column2:ÏÉÅÏ†êÏ†ïÎ≥¥ÏûÖÎ†•2
INFO	[2012-10-06 17:38:22:81] <10263> Column3:ÏÉÅÏ†êÏ†ïÎ≥¥ÏûÖÎ†•3
INFO	[2012-10-06 17:38:22:81] <10263> Make NetCancel ID Start
INFO	[2012-10-06 17:38:22:81] <10263> AEGIS_VISAaegis_20121006173822081664
INFO	[2012-10-06 17:38:22:81] <10263> Make NetCancel ID End
INFO	[2012-10-06 17:38:22:81] <10263> Make NetCancelID OK
INFO	[2012-10-06 17:38:22:82] <10263> Make Msg Start
INFO	[2012-10-06 17:38:22:82] <10263> Encrypt Start
INFO	[2012-10-06 17:38:22:82] <10263> Encrypt End
INFO	[2012-10-06 17:38:22:82] <10263> Encrypt Start
INFO	[2012-10-06 17:38:22:82] <10263> Encrypt End
INFO	[2012-10-06 17:38:22:82] <10263> Encrypt Start
INFO	[2012-10-06 17:38:22:82] <10263> Encrypt End
INFO	[2012-10-06 17:38:22:82] <10263> Encrypt Start
INFO	[2012-10-06 17:38:22:82] <10263> Encrypt End
INFO	[2012-10-06 17:38:22:82] <10263> card-visa3d Make MSG OK 
INFO	[2012-10-06 17:38:22:82] <10263> Make Msg End
INFO	[2012-10-06 17:38:22:82] <10263> Make Pay Msg OK
INFO	[2012-10-06 17:38:22:82] <10263> Send & Recv Msg Start
INFO	[2012-10-06 17:38:22:82] <10263> Send Data To PG Start [ 
INFO	[2012-10-06 17:38:22:83] <10263> 0:0003530mobile
INFO	[2012-10-06 17:38:22:83] <10263> 1:aegis
INFO	[2012-10-06 17:38:22:83] <10263> 2:test
INFO	[2012-10-06 17:38:22:83] <10263> 3:1000
INFO	[2012-10-06 17:38:22:83] <10263> 4:1000000001
INFO	[2012-10-06 17:38:22:83] <10263> 5:9000400001
INFO	[2012-10-06 17:38:22:83] <10263> 6:3748311563608819
INFO	[2012-10-06 17:38:22:83] <10263> 7:914306
INFO	[2012-10-06 17:38:22:83] <10263> 8:00
INFO	[2012-10-06 17:38:22:83] <10263> 9:N;175.223.3.196;N;;1000;;null;
INFO	[2012-10-06 17:38:22:83] <10263> 10:
INFO	[2012-10-06 17:38:22:83] <10263> 11:
INFO	[2012-10-06 17:38:22:83] <10263> 12:ÍπÄÍ∏∏Îèô
INFO	[2012-10-06 17:38:22:83] <10263> 13:02-111-2222
INFO	[2012-10-06 17:38:22:83] <10263> 14:ÏÑúÏö∏Ïãú Í∞ïÎÇ®Íµ¨ Ï≤≠Îã¥Îèô
INFO	[2012-10-06 17:38:22:83] <10263> 15:ÌôçÍ∏∏Îèô
INFO	[2012-10-06 17:38:22:83] <10263> 16:175.223.3.196;02-111-1111
INFO	[2012-10-06 17:38:22:83] <10263> 17:test@test.com;Ïò§ÌõÑÏóê Î∞∞ÏÜ°ÏöîÎßù
INFO	[2012-10-06 17:38:22:83] <10263> 18:ÌÖåÏä§Ìä∏
INFO	[2012-10-06 17:38:22:83] <10263> 19:AAABAZV0UiASEAYXKHRSAAAAAAA=
INFO	[2012-10-06 17:38:22:83] <10263> 20:MjAxMjEwMDYxNzMxNTE5OTkxMDY=
INFO	[2012-10-06 17:38:22:83] <10263> 21:05
INFO	[2012-10-06 17:38:22:83] <10263> 22:test@test.com
INFO	[2012-10-06 17:38:22:83] <10263> 23:AEGIS_VISAaegis_20121006173822081664
INFO	[2012-10-06 17:38:22:83] <10263> 24:
INFO	[2012-10-06 17:38:22:83] <10263> ] Send Data To PG End 
INFO	[2012-10-06 17:38:22:83] <10263> SendMsg : [0003530mobile|aegis|test|1000|1000000001|9000400001|3748311563608819|914306|00|N;175.223.3.196;N;;1000;;null;|||ÍπÄÍ∏∏Îèô|02-111-2222|ÏÑúÏö∏Ïãú Í∞ïÎÇ®Íµ¨ Ï≤≠Îã¥Îèô|ÌôçÍ∏∏Îèô|175.223.3.196;02-111-1111|test@test.com;Ïò§ÌõÑÏóê Î∞∞ÏÜ°ÏöîÎßù|ÌÖåÏä§Ìä∏|AAABAZV0UiASEAYXKHRSAAAAAAA=|MjAxMjEwMDYxNzMxNTE5OTkxMDY=|05|test@test.com|AEGIS_VISAaegis_20121006173822081664|]
INFO	[2012-10-06 17:38:22:83] <10263> Connect IP:[220.85.12.3] Port:[29760]
INFO	[2012-10-06 17:38:22:88] <10263> Socket Open OK
INFO	[2012-10-06 17:38:22:983] <10263> RecvMsg Length : [000107]
INFO	[2012-10-06 17:38:22:983] <10263> RecvMsg : [aegis|0610|1000000001|10057603|000000001000|y|¡§ªÛΩ¬¿Œ|Ω≈«—|20121006173822|0500|18570317|0500|Ω≈«—|505986|
]
INFO	[2012-10-06 17:38:22:983] <10263> Socket Close OK
INFO	[2012-10-06 17:38:22:983] <10263> RecvMsg Length Check OK
INFO	[2012-10-06 17:38:22:983] <10263> Send & Recv Msg End
INFO	[2012-10-06 17:38:22:984] <10263> Send & Recv Msg OK
INFO	[2012-10-06 17:38:22:984] <10263> Parse Msg Start
INFO	[2012-10-06 17:38:22:984] <10263> card-visa3d RECV MSG Parsing OK 
INFO	[2012-10-06 17:38:22:984] <10263> Parse Msg End
INFO	[2012-10-06 17:38:22:984] <10263> Msg Parsing OK
INFO	[2012-10-06 17:38:22:984] <10263> card Pay Result Value [
INFO	[2012-10-06 17:38:22:984] <10263> NetCancID:AEGIS_VISAaegis_20121006173822081664
INFO	[2012-10-06 17:38:22:984] <10263> rStoreId:aegis
INFO	[2012-10-06 17:38:22:984] <10263> rBusiCd:0610
INFO	[2012-10-06 17:38:22:984] <10263> rOrdNo:1000000001
INFO	[2012-10-06 17:38:22:984] <10263> rApprNo:10057603
INFO	[2012-10-06 17:38:22:984] <10263> rInstmt:00
INFO	[2012-10-06 17:38:22:984] <10263> rAmt:000000001000
INFO	[2012-10-06 17:38:22:984] <10263> rSuccYn:y
INFO	[2012-10-06 17:38:22:984] <10263> rResMsg:¡§ªÛΩ¬¿Œ
INFO	[2012-10-06 17:38:22:985] <10263> rCardNm:Ω≈«—
INFO	[2012-10-06 17:38:22:985] <10263> rApprTm:20121006173822
INFO	[2012-10-06 17:38:22:985] <10263> rCardCd:0500
INFO	[2012-10-06 17:38:22:985] <10263> rMembNo:18570317
INFO	[2012-10-06 17:38:22:985] <10263> rAquiCd:0500
INFO	[2012-10-06 17:38:22:985] <10263> rAquiNm:Ω≈«—
INFO	[2012-10-06 17:38:22:985] <10263> rDealNo:505986
INFO	[2012-10-06 17:38:22:985] <10263> rProdNm:ÌÖåÏä§Ìä∏
INFO	[2012-10-06 17:38:22:985] <10263> ]
INFO	[2012-10-06 17:38:22:985] <10263> END  ¡§ªÛΩ¬¿Œ Transaction time:[0.908sec]
INFO	[2012-10-06 17:38:22:985] <10263> ===============================================================
INFO	[2012-10-06 17:39:02:420] <10267> ===============================================================
INFO	[2012-10-06 17:39:02:420] <10267> START AgsPay40 php (OS:Linux2.6.18-238.9.1.el5xen,PHP:5.2.17)
INFO	[2012-10-06 17:39:02:420] <10267> card Pay Start!
INFO	[2012-10-06 17:39:02:420] <10267> AgsPayHome:/mnt/DATA/WWW/casebuy.me/ko/agspay_mobile/
INFO	[2012-10-06 17:39:02:420] <10267> StoreId:aegis
INFO	[2012-10-06 17:39:02:420] <10267> log:true
INFO	[2012-10-06 17:39:02:420] <10267> logLevel:INFO
INFO	[2012-10-06 17:39:02:420] <10267> UseNetCancel:true
INFO	[2012-10-06 17:39:02:420] <10267> Type:Pay
INFO	[2012-10-06 17:39:02:420] <10267> RecvLen:7
INFO	[2012-10-06 17:39:02:420] <10267> AuthTy:card
INFO	[2012-10-06 17:39:02:420] <10267> SubTy:visa3d
INFO	[2012-10-06 17:39:02:420] <10267> OrdNo:1000000001
INFO	[2012-10-06 17:39:02:420] <10267> Amt:1000
INFO	[2012-10-06 17:39:02:420] <10267> UserEmail:test@test.com
INFO	[2012-10-06 17:39:02:421] <10267> ProdNm:ÌÖåÏä§Ìä∏
INFO	[2012-10-06 17:39:02:421] <10267> MallUrl:http://www.allthegate.com
INFO	[2012-10-06 17:39:02:421] <10267> UserId:test
INFO	[2012-10-06 17:39:02:421] <10267> OrdNm:ÌôçÍ∏∏Îèô
INFO	[2012-10-06 17:39:02:421] <10267> OrdPhone:02-111-1111
INFO	[2012-10-06 17:39:02:421] <10267> OrdAddr:ÏÑúÏö∏Ïãú Í∞ïÎÇ®Íµ¨ Ï≤≠Îã¥Îèô
INFO	[2012-10-06 17:39:02:421] <10267> RcpNm:ÍπÄÍ∏∏Îèô
INFO	[2012-10-06 17:39:02:421] <10267> RcpPhone:02-111-2222
INFO	[2012-10-06 17:39:02:421] <10267> DlvAddr:ÏÑúÏö∏Ïãú Í∞ïÎÇ®Íµ¨ Ï≤≠Îã¥Îèô
INFO	[2012-10-06 17:39:02:421] <10267> Remark:Ïò§ÌõÑÏóê Î∞∞ÏÜ°ÏöîÎßù
INFO	[2012-10-06 17:39:02:421] <10267> DeviId:9000400001
INFO	[2012-10-06 17:39:02:421] <10267> AuthYn:N;175.223.3.196;N;;1000;;null;
INFO	[2012-10-06 17:39:02:421] <10267> Instmt:00
INFO	[2012-10-06 17:39:02:421] <10267> UserIp:175.223.3.196
INFO	[2012-10-06 17:39:02:421] <10267> partial_mm:00
INFO	[2012-10-06 17:39:02:421] <10267> noIntMonth:
INFO	[2012-10-06 17:39:02:422] <10267> KVP_CURRENCY:
INFO	[2012-10-06 17:39:02:422] <10267> KVP_CARDCODE:
INFO	[2012-10-06 17:39:02:422] <10267> KVP_SESSIONKEY:
INFO	[2012-10-06 17:39:02:422] <10267> KVP_ENCDATA:
INFO	[2012-10-06 17:39:02:422] <10267> KVP_CONAME:
INFO	[2012-10-06 17:39:02:422] <10267> KVP_NOINT:
INFO	[2012-10-06 17:39:02:422] <10267> KVP_QUOTA:
INFO	[2012-10-06 17:39:02:422] <10267> CardNo:4374360069657003
INFO	[2012-10-06 17:39:02:422] <10267> MPI_CAVV:AAABAZV0UiASEAYXKHRSAAAAAAA=
INFO	[2012-10-06 17:39:02:422] <10267> MPI_ECI:05
INFO	[2012-10-06 17:39:02:422] <10267> MPI_MD64:MjAxMjEwMDYxNzMxNTE5OTkxMDY=
INFO	[2012-10-06 17:39:02:422] <10267> ExpMon:2049
INFO	[2012-10-06 17:39:02:422] <10267> ExpYear:12
INFO	[2012-10-06 17:39:02:422] <10267> Passwd:
INFO	[2012-10-06 17:39:02:422] <10267> SocId:
INFO	[2012-10-06 17:39:02:422] <10267> HP_SERVERINFO:
INFO	[2012-10-06 17:39:02:422] <10267> HP_HANDPHONE:
INFO	[2012-10-06 17:39:02:423] <10267> HP_COMPANY:
INFO	[2012-10-06 17:39:02:423] <10267> HP_ID:
INFO	[2012-10-06 17:39:02:423] <10267> HP_SUBID:
INFO	[2012-10-06 17:39:02:423] <10267> HP_UNITType:
INFO	[2012-10-06 17:39:02:423] <10267> HP_IDEN:
INFO	[2012-10-06 17:39:02:423] <10267> HP_IPADDR:
INFO	[2012-10-06 17:39:02:423] <10267> VIRTUAL_CENTERCD:
INFO	[2012-10-06 17:39:02:423] <10267> VIRTUAL_DEPODT:
INFO	[2012-10-06 17:39:02:423] <10267> ZuminCode:
INFO	[2012-10-06 17:39:02:423] <10267> MallPage:
INFO	[2012-10-06 17:39:02:423] <10267> VIRTUAL_NO:
INFO	[2012-10-06 17:39:02:423] <10267> ES_SENDNO:
INFO	[2012-10-06 17:39:02:423] <10267> Column1:ÏÉÅÏ†êÏ†ïÎ≥¥ÏûÖÎ†•1
INFO	[2012-10-06 17:39:02:423] <10267> Column2:ÏÉÅÏ†êÏ†ïÎ≥¥ÏûÖÎ†•2
INFO	[2012-10-06 17:39:02:423] <10267> Column3:ÏÉÅÏ†êÏ†ïÎ≥¥ÏûÖÎ†•3
INFO	[2012-10-06 17:39:02:424] <10267> Make NetCancel ID Start
INFO	[2012-10-06 17:39:02:424] <10267> AEGIS_VISAaegis_20121006173902424626
INFO	[2012-10-06 17:39:02:424] <10267> Make NetCancel ID End
INFO	[2012-10-06 17:39:02:424] <10267> Make NetCancelID OK
INFO	[2012-10-06 17:39:02:424] <10267> Make Msg Start
INFO	[2012-10-06 17:39:02:424] <10267> Encrypt Start
INFO	[2012-10-06 17:39:02:424] <10267> Encrypt End
INFO	[2012-10-06 17:39:02:424] <10267> Encrypt Start
INFO	[2012-10-06 17:39:02:424] <10267> Encrypt End
INFO	[2012-10-06 17:39:02:424] <10267> Encrypt Start
INFO	[2012-10-06 17:39:02:424] <10267> Encrypt End
INFO	[2012-10-06 17:39:02:424] <10267> Encrypt Start
INFO	[2012-10-06 17:39:02:424] <10267> Encrypt End
INFO	[2012-10-06 17:39:02:424] <10267> card-visa3d Make MSG OK 
INFO	[2012-10-06 17:39:02:425] <10267> Make Msg End
INFO	[2012-10-06 17:39:02:425] <10267> Make Pay Msg OK
INFO	[2012-10-06 17:39:02:425] <10267> Send & Recv Msg Start
INFO	[2012-10-06 17:39:02:425] <10267> Send Data To PG Start [ 
INFO	[2012-10-06 17:39:02:425] <10267> 0:0003530mobile
INFO	[2012-10-06 17:39:02:425] <10267> 1:aegis
INFO	[2012-10-06 17:39:02:425] <10267> 2:test
INFO	[2012-10-06 17:39:02:425] <10267> 3:1000
INFO	[2012-10-06 17:39:02:425] <10267> 4:1000000001
INFO	[2012-10-06 17:39:02:425] <10267> 5:9000400001
INFO	[2012-10-06 17:39:02:425] <10267> 6:3748311563608819
INFO	[2012-10-06 17:39:02:425] <10267> 7:914306
INFO	[2012-10-06 17:39:02:425] <10267> 8:00
INFO	[2012-10-06 17:39:02:425] <10267> 9:N;175.223.3.196;N;;1000;;null;
INFO	[2012-10-06 17:39:02:425] <10267> 10:
INFO	[2012-10-06 17:39:02:425] <10267> 11:
INFO	[2012-10-06 17:39:02:425] <10267> 12:ÍπÄÍ∏∏Îèô
INFO	[2012-10-06 17:39:02:425] <10267> 13:02-111-2222
INFO	[2012-10-06 17:39:02:425] <10267> 14:ÏÑúÏö∏Ïãú Í∞ïÎÇ®Íµ¨ Ï≤≠Îã¥Îèô
INFO	[2012-10-06 17:39:02:425] <10267> 15:ÌôçÍ∏∏Îèô
INFO	[2012-10-06 17:39:02:425] <10267> 16:175.223.3.196;02-111-1111
INFO	[2012-10-06 17:39:02:425] <10267> 17:test@test.com;Ïò§ÌõÑÏóê Î∞∞ÏÜ°ÏöîÎßù
INFO	[2012-10-06 17:39:02:425] <10267> 18:ÌÖåÏä§Ìä∏
INFO	[2012-10-06 17:39:02:425] <10267> 19:AAABAZV0UiASEAYXKHRSAAAAAAA=
INFO	[2012-10-06 17:39:02:425] <10267> 20:MjAxMjEwMDYxNzMxNTE5OTkxMDY=
INFO	[2012-10-06 17:39:02:425] <10267> 21:05
INFO	[2012-10-06 17:39:02:425] <10267> 22:test@test.com
INFO	[2012-10-06 17:39:02:425] <10267> 23:AEGIS_VISAaegis_20121006173902424626
INFO	[2012-10-06 17:39:02:425] <10267> 24:
INFO	[2012-10-06 17:39:02:425] <10267> ] Send Data To PG End 
INFO	[2012-10-06 17:39:02:425] <10267> SendMsg : [0003530mobile|aegis|test|1000|1000000001|9000400001|3748311563608819|914306|00|N;175.223.3.196;N;;1000;;null;|||ÍπÄÍ∏∏Îèô|02-111-2222|ÏÑúÏö∏Ïãú Í∞ïÎÇ®Íµ¨ Ï≤≠Îã¥Îèô|ÌôçÍ∏∏Îèô|175.223.3.196;02-111-1111|test@test.com;Ïò§ÌõÑÏóê Î∞∞ÏÜ°ÏöîÎßù|ÌÖåÏä§Ìä∏|AAABAZV0UiASEAYXKHRSAAAAAAA=|MjAxMjEwMDYxNzMxNTE5OTkxMDY=|05|test@test.com|AEGIS_VISAaegis_20121006173902424626|]
INFO	[2012-10-06 17:39:02:425] <10267> Connect IP:[220.85.12.3] Port:[29760]
INFO	[2012-10-06 17:39:02:430] <10267> Socket Open OK
INFO	[2012-10-06 17:39:03:361] <10267> RecvMsg Length : [000107]
INFO	[2012-10-06 17:39:03:362] <10267> RecvMsg : [aegis|0610|1000000001|10057604|000000001000|y|¡§ªÛΩ¬¿Œ|Ω≈«—|20121006173903|0500|18570317|0500|Ω≈«—|505990|
]
INFO	[2012-10-06 17:39:03:362] <10267> Socket Close OK
INFO	[2012-10-06 17:39:03:362] <10267> RecvMsg Length Check OK
INFO	[2012-10-06 17:39:03:362] <10267> Send & Recv Msg End
INFO	[2012-10-06 17:39:03:362] <10267> Send & Recv Msg OK
INFO	[2012-10-06 17:39:03:362] <10267> Parse Msg Start
INFO	[2012-10-06 17:39:03:362] <10267> card-visa3d RECV MSG Parsing OK 
INFO	[2012-10-06 17:39:03:362] <10267> Parse Msg End
INFO	[2012-10-06 17:39:03:362] <10267> Msg Parsing OK
INFO	[2012-10-06 17:39:03:362] <10267> card Pay Result Value [
INFO	[2012-10-06 17:39:03:362] <10267> NetCancID:AEGIS_VISAaegis_20121006173902424626
INFO	[2012-10-06 17:39:03:362] <10267> rStoreId:aegis
INFO	[2012-10-06 17:39:03:362] <10267> rBusiCd:0610
INFO	[2012-10-06 17:39:03:363] <10267> rOrdNo:1000000001
INFO	[2012-10-06 17:39:03:363] <10267> rApprNo:10057604
INFO	[2012-10-06 17:39:03:363] <10267> rInstmt:00
INFO	[2012-10-06 17:39:03:363] <10267> rAmt:000000001000
INFO	[2012-10-06 17:39:03:363] <10267> rSuccYn:y
INFO	[2012-10-06 17:39:03:363] <10267> rResMsg:¡§ªÛΩ¬¿Œ
INFO	[2012-10-06 17:39:03:363] <10267> rCardNm:Ω≈«—
INFO	[2012-10-06 17:39:03:363] <10267> rApprTm:20121006173903
INFO	[2012-10-06 17:39:03:363] <10267> rCardCd:0500
INFO	[2012-10-06 17:39:03:363] <10267> rMembNo:18570317
INFO	[2012-10-06 17:39:03:363] <10267> rAquiCd:0500
INFO	[2012-10-06 17:39:03:363] <10267> rAquiNm:Ω≈«—
INFO	[2012-10-06 17:39:03:363] <10267> rDealNo:505990
INFO	[2012-10-06 17:39:03:363] <10267> rProdNm:ÌÖåÏä§Ìä∏
INFO	[2012-10-06 17:39:03:363] <10267> ]
INFO	[2012-10-06 17:39:03:364] <10267> END  ¡§ªÛΩ¬¿Œ Transaction time:[0.944sec]
INFO	[2012-10-06 17:39:03:364] <10267> ===============================================================
INFO	[2012-10-06 17:52:29:857] <10266> ===============================================================
INFO	[2012-10-06 17:52:29:857] <10266> START AgsPay40 php (OS:Linux2.6.18-238.9.1.el5xen,PHP:5.2.17)
INFO	[2012-10-06 17:52:29:857] <10266> card Pay Start!
INFO	[2012-10-06 17:52:29:857] <10266> AgsPayHome:/mnt/DATA/WWW/casebuy.me/ko/agspay_mobile/
INFO	[2012-10-06 17:52:29:857] <10266> StoreId:aegis
INFO	[2012-10-06 17:52:29:857] <10266> log:true
INFO	[2012-10-06 17:52:29:857] <10266> logLevel:INFO
INFO	[2012-10-06 17:52:29:857] <10266> UseNetCancel:true
INFO	[2012-10-06 17:52:29:857] <10266> Type:Pay
INFO	[2012-10-06 17:52:29:858] <10266> RecvLen:7
INFO	[2012-10-06 17:52:29:858] <10266> AuthTy:card
INFO	[2012-10-06 17:52:29:858] <10266> SubTy:visa3d
INFO	[2012-10-06 17:52:29:858] <10266> OrdNo:10000021
INFO	[2012-10-06 17:52:29:858] <10266> Amt:1000
INFO	[2012-10-06 17:52:29:858] <10266> UserEmail:test@test.com
INFO	[2012-10-06 17:52:29:858] <10266> ProdNm:Î†àÎìúÌè≠Ïä§
INFO	[2012-10-06 17:52:29:858] <10266> MallUrl:http://www.casebuy.me
INFO	[2012-10-06 17:52:29:858] <10266> UserId:test
INFO	[2012-10-06 17:52:29:858] <10266> OrdNm:ÌÖåÏä§Ìä∏
INFO	[2012-10-06 17:52:29:858] <10266> OrdPhone:01027178221
INFO	[2012-10-06 17:52:29:858] <10266> OrdAddr:ÏÑúÏö∏Ïãú ÏÑúÎåÄÎ¨∏Íµ¨ Ï∞ΩÏ≤úÎèô
INFO	[2012-10-06 17:52:29:858] <10266> RcpNm:ÌÖåÏä§Ìä∏
INFO	[2012-10-06 17:52:29:858] <10266> RcpPhone:01027178221
INFO	[2012-10-06 17:52:29:858] <10266> DlvAddr:ÏÑúÏö∏Ïãú ÏÑúÎåÄÎ¨∏Íµ¨ Ï∞ΩÏ≤úÎèô
INFO	[2012-10-06 17:52:29:858] <10266> Remark:„Ñ≤
INFO	[2012-10-06 17:52:29:859] <10266> DeviId:9000400001
INFO	[2012-10-06 17:52:29:859] <10266> AuthYn:N;175.223.3.196;N;;1000;;null;
INFO	[2012-10-06 17:52:29:859] <10266> Instmt:00
INFO	[2012-10-06 17:52:29:859] <10266> UserIp:175.223.3.196
INFO	[2012-10-06 17:52:29:859] <10266> partial_mm:00
INFO	[2012-10-06 17:52:29:859] <10266> noIntMonth:
INFO	[2012-10-06 17:52:29:859] <10266> KVP_CURRENCY:
INFO	[2012-10-06 17:52:29:859] <10266> KVP_CARDCODE:
INFO	[2012-10-06 17:52:29:859] <10266> KVP_SESSIONKEY:
INFO	[2012-10-06 17:52:29:859] <10266> KVP_ENCDATA:
INFO	[2012-10-06 17:52:29:859] <10266> KVP_CONAME:
INFO	[2012-10-06 17:52:29:859] <10266> KVP_NOINT:
INFO	[2012-10-06 17:52:29:859] <10266> KVP_QUOTA:
INFO	[2012-10-06 17:52:29:859] <10266> CardNo:4374360069657003
INFO	[2012-10-06 17:52:29:859] <10266> MPI_CAVV:AAABCDeAVCASEAYXUoBUAAAAAAA=
INFO	[2012-10-06 17:52:29:859] <10266> MPI_ECI:05
INFO	[2012-10-06 17:52:29:859] <10266> MPI_MD64:MjAxMjEwMDYxNzU0NDE3MTgxMDY=
INFO	[2012-10-06 17:52:29:860] <10266> ExpMon:2049
INFO	[2012-10-06 17:52:29:860] <10266> ExpYear:12
INFO	[2012-10-06 17:52:29:860] <10266> Passwd:
INFO	[2012-10-06 17:52:29:860] <10266> SocId:
INFO	[2012-10-06 17:52:29:860] <10266> HP_SERVERINFO:
INFO	[2012-10-06 17:52:29:860] <10266> HP_HANDPHONE:
INFO	[2012-10-06 17:52:29:860] <10266> HP_COMPANY:
INFO	[2012-10-06 17:52:29:860] <10266> HP_ID:
INFO	[2012-10-06 17:52:29:860] <10266> HP_SUBID:
INFO	[2012-10-06 17:52:29:860] <10266> HP_UNITType:
INFO	[2012-10-06 17:52:29:860] <10266> HP_IDEN:
INFO	[2012-10-06 17:52:29:860] <10266> HP_IPADDR:
INFO	[2012-10-06 17:52:29:860] <10266> VIRTUAL_CENTERCD:
INFO	[2012-10-06 17:52:29:860] <10266> VIRTUAL_DEPODT:
INFO	[2012-10-06 17:52:29:860] <10266> ZuminCode:
INFO	[2012-10-06 17:52:29:861] <10266> MallPage:
INFO	[2012-10-06 17:52:29:861] <10266> VIRTUAL_NO:
INFO	[2012-10-06 17:52:29:861] <10266> ES_SENDNO:
INFO	[2012-10-06 17:52:29:861] <10266> Column1:ÏÉÅÏ†êÏ†ïÎ≥¥ÏûÖÎ†•1
INFO	[2012-10-06 17:52:29:861] <10266> Column2:ÏÉÅÏ†êÏ†ïÎ≥¥ÏûÖÎ†•2
INFO	[2012-10-06 17:52:29:861] <10266> Column3:ÏÉÅÏ†êÏ†ïÎ≥¥ÏûÖÎ†•3
INFO	[2012-10-06 17:52:29:861] <10266> Make NetCancel ID Start
INFO	[2012-10-06 17:52:29:861] <10266> AEGIS_VISAaegis_20121006175229861870
INFO	[2012-10-06 17:52:29:861] <10266> Make NetCancel ID End
INFO	[2012-10-06 17:52:29:861] <10266> Make NetCancelID OK
INFO	[2012-10-06 17:52:29:861] <10266> Make Msg Start
INFO	[2012-10-06 17:52:29:861] <10266> Encrypt Start
INFO	[2012-10-06 17:52:29:861] <10266> Encrypt End
INFO	[2012-10-06 17:52:29:861] <10266> Encrypt Start
INFO	[2012-10-06 17:52:29:862] <10266> Encrypt End
INFO	[2012-10-06 17:52:29:862] <10266> Encrypt Start
INFO	[2012-10-06 17:52:29:862] <10266> Encrypt End
INFO	[2012-10-06 17:52:29:862] <10266> Encrypt Start
INFO	[2012-10-06 17:52:29:862] <10266> Encrypt End
INFO	[2012-10-06 17:52:29:862] <10266> card-visa3d Make MSG OK 
INFO	[2012-10-06 17:52:29:862] <10266> Make Msg End
INFO	[2012-10-06 17:52:29:862] <10266> Make Pay Msg OK
INFO	[2012-10-06 17:52:29:862] <10266> Send & Recv Msg Start
INFO	[2012-10-06 17:52:29:862] <10266> Send Data To PG Start [ 
INFO	[2012-10-06 17:52:29:862] <10266> 0:0003380mobile
INFO	[2012-10-06 17:52:29:862] <10266> 1:aegis
INFO	[2012-10-06 17:52:29:862] <10266> 2:test
INFO	[2012-10-06 17:52:29:862] <10266> 3:1000
INFO	[2012-10-06 17:52:29:862] <10266> 4:10000021
INFO	[2012-10-06 17:52:29:862] <10266> 5:9000400001
INFO	[2012-10-06 17:52:29:862] <10266> 6:3748311563608819
INFO	[2012-10-06 17:52:29:862] <10266> 7:914306
INFO	[2012-10-06 17:52:29:862] <10266> 8:00
INFO	[2012-10-06 17:52:29:862] <10266> 9:N;175.223.3.196;N;;1000;;null;
INFO	[2012-10-06 17:52:29:862] <10266> 10:
INFO	[2012-10-06 17:52:29:862] <10266> 11:
INFO	[2012-10-06 17:52:29:862] <10266> 12:ÌÖåÏä§Ìä∏
INFO	[2012-10-06 17:52:29:862] <10266> 13:01027178221
INFO	[2012-10-06 17:52:29:862] <10266> 14:ÏÑúÏö∏Ïãú ÏÑúÎåÄÎ¨∏Íµ¨ Ï∞ΩÏ≤úÎèô
INFO	[2012-10-06 17:52:29:862] <10266> 15:ÌÖåÏä§Ìä∏
INFO	[2012-10-06 17:52:29:862] <10266> 16:175.223.3.196;01027178221
INFO	[2012-10-06 17:52:29:862] <10266> 17:test@test.com;„Ñ≤
INFO	[2012-10-06 17:52:29:862] <10266> 18:Î†àÎìúÌè≠Ïä§
INFO	[2012-10-06 17:52:29:862] <10266> 19:AAABCDeAVCASEAYXUoBUAAAAAAA=
INFO	[2012-10-06 17:52:29:862] <10266> 20:MjAxMjEwMDYxNzU0NDE3MTgxMDY=
INFO	[2012-10-06 17:52:29:862] <10266> 21:05
INFO	[2012-10-06 17:52:29:862] <10266> 22:test@test.com
INFO	[2012-10-06 17:52:29:862] <10266> 23:AEGIS_VISAaegis_20121006175229861870
INFO	[2012-10-06 17:52:29:862] <10266> 24:
INFO	[2012-10-06 17:52:29:862] <10266> ] Send Data To PG End 
INFO	[2012-10-06 17:52:29:862] <10266> SendMsg : [0003380mobile|aegis|test|1000|10000021|9000400001|3748311563608819|914306|00|N;175.223.3.196;N;;1000;;null;|||ÌÖåÏä§Ìä∏|01027178221|ÏÑúÏö∏Ïãú ÏÑúÎåÄÎ¨∏Íµ¨ Ï∞ΩÏ≤úÎèô|ÌÖåÏä§Ìä∏|175.223.3.196;01027178221|test@test.com;„Ñ≤|Î†àÎìúÌè≠Ïä§|AAABCDeAVCASEAYXUoBUAAAAAAA=|MjAxMjEwMDYxNzU0NDE3MTgxMDY=|05|test@test.com|AEGIS_VISAaegis_20121006175229861870|]
INFO	[2012-10-06 17:52:29:863] <10266> Connect IP:[220.85.12.3] Port:[29760]
INFO	[2012-10-06 17:52:29:868] <10266> Socket Open OK
INFO	[2012-10-06 17:52:30:437] <10266> RecvMsg Length : [000105]
INFO	[2012-10-06 17:52:30:437] <10266> RecvMsg : [aegis|0610|10000021|10057605|000000001000|y|¡§ªÛΩ¬¿Œ|Ω≈«—|20121006175231|0500|18570317|0500|Ω≈«—|506085|
]
INFO	[2012-10-06 17:52:30:437] <10266> Socket Close OK
INFO	[2012-10-06 17:52:30:437] <10266> RecvMsg Length Check OK
INFO	[2012-10-06 17:52:30:437] <10266> Send & Recv Msg End
INFO	[2012-10-06 17:52:30:437] <10266> Send & Recv Msg OK
INFO	[2012-10-06 17:52:30:437] <10266> Parse Msg Start
INFO	[2012-10-06 17:52:30:438] <10266> card-visa3d RECV MSG Parsing OK 
INFO	[2012-10-06 17:52:30:438] <10266> Parse Msg End
INFO	[2012-10-06 17:52:30:438] <10266> Msg Parsing OK
INFO	[2012-10-06 17:52:30:438] <10266> card Pay Result Value [
INFO	[2012-10-06 17:52:30:438] <10266> NetCancID:AEGIS_VISAaegis_20121006175229861870
INFO	[2012-10-06 17:52:30:438] <10266> rStoreId:aegis
INFO	[2012-10-06 17:52:30:438] <10266> rBusiCd:0610
INFO	[2012-10-06 17:52:30:438] <10266> rOrdNo:10000021
INFO	[2012-10-06 17:52:30:438] <10266> rApprNo:10057605
INFO	[2012-10-06 17:52:30:438] <10266> rInstmt:00
INFO	[2012-10-06 17:52:30:438] <10266> rAmt:000000001000
INFO	[2012-10-06 17:52:30:438] <10266> rSuccYn:y
INFO	[2012-10-06 17:52:30:439] <10266> rResMsg:¡§ªÛΩ¬¿Œ
INFO	[2012-10-06 17:52:30:439] <10266> rCardNm:Ω≈«—
INFO	[2012-10-06 17:52:30:439] <10266> rApprTm:20121006175231
INFO	[2012-10-06 17:52:30:439] <10266> rCardCd:0500
INFO	[2012-10-06 17:52:30:439] <10266> rMembNo:18570317
INFO	[2012-10-06 17:52:30:439] <10266> rAquiCd:0500
INFO	[2012-10-06 17:52:30:439] <10266> rAquiNm:Ω≈«—
INFO	[2012-10-06 17:52:30:439] <10266> rDealNo:506085
INFO	[2012-10-06 17:52:30:439] <10266> rProdNm:Î†àÎìúÌè≠Ïä§
INFO	[2012-10-06 17:52:30:439] <10266> ]
INFO	[2012-10-06 17:52:30:439] <10266> END  ¡§ªÛΩ¬¿Œ Transaction time:[0.582sec]
INFO	[2012-10-06 17:52:30:439] <10266> ===============================================================
