INFO	[2012-10-09 10:29:23:347] <9940> ===============================================================
INFO	[2012-10-09 10:29:23:347] <9940> START AgsPay40 php (OS:Linux2.6.18-238.9.1.el5xen,PHP:5.2.17)
INFO	[2012-10-09 10:29:23:347] <9940> virtual Pay Start!
INFO	[2012-10-09 10:29:23:348] <9940> AgsPayHome:/mnt/DATA/WWW/casebuy.me/ko/agspay_mobile/
INFO	[2012-10-09 10:29:23:348] <9940> StoreId:yulabs79
INFO	[2012-10-09 10:29:23:348] <9940> log:true
INFO	[2012-10-09 10:29:23:348] <9940> logLevel:INFO
INFO	[2012-10-09 10:29:23:348] <9940> UseNetCancel:true
INFO	[2012-10-09 10:29:23:348] <9940> Type:Pay
INFO	[2012-10-09 10:29:23:348] <9940> RecvLen:7
INFO	[2012-10-09 10:29:23:348] <9940> AuthTy:virtual
INFO	[2012-10-09 10:29:23:348] <9940> SubTy:
INFO	[2012-10-09 10:29:23:348] <9940> OrdNo:1000000139
INFO	[2012-10-09 10:29:23:348] <9940> Amt:6000
INFO	[2012-10-09 10:29:23:348] <9940> UserEmail:noff@naver.com
INFO	[2012-10-09 10:29:23:348] <9940> ProdNm:Ï≤¥Ïñ¥Îß® 2Î∞ïÏä§
INFO	[2012-10-09 10:29:23:348] <9940> MallUrl:http://www.casebuy.me
INFO	[2012-10-09 10:29:23:349] <9940> UserId:
INFO	[2012-10-09 10:29:23:349] <9940> OrdNm:pun
INFO	[2012-10-09 10:29:23:349] <9940> OrdPhone:01027178221
INFO	[2012-10-09 10:29:23:349] <9940> OrdAddr:ÏÑúÏö∏ Í∞ïÎÇ®Íµ¨ Ïó≠ÏÇº1Îèô GSÍ∞ïÎÇ®ÌÉÄÏõå 3333
INFO	[2012-10-09 10:29:23:349] <9940> RcpNm:pun
INFO	[2012-10-09 10:29:23:349] <9940> RcpPhone:01027178221
INFO	[2012-10-09 10:29:23:349] <9940> DlvAddr:ÏÑúÏö∏ Í∞ïÎÇ®Íµ¨ Ïó≠ÏÇº1Îèô GSÍ∞ïÎÇ®ÌÉÄÏõå 3333
INFO	[2012-10-09 10:29:23:349] <9940> Remark:d
INFO	[2012-10-09 10:29:23:349] <9940> DeviId:9000400001
INFO	[2012-10-09 10:29:23:349] <9940> AuthYn:N
INFO	[2012-10-09 10:29:23:349] <9940> Instmt:
INFO	[2012-10-09 10:29:23:349] <9940> UserIp:211.48.34.44
INFO	[2012-10-09 10:29:23:349] <9940> partial_mm:
INFO	[2012-10-09 10:29:23:349] <9940> noIntMonth:
INFO	[2012-10-09 10:29:23:350] <9940> KVP_CURRENCY:
INFO	[2012-10-09 10:29:23:350] <9940> KVP_CARDCODE:
INFO	[2012-10-09 10:29:23:350] <9940> KVP_SESSIONKEY:
INFO	[2012-10-09 10:29:23:350] <9940> KVP_ENCDATA:
INFO	[2012-10-09 10:29:23:350] <9940> KVP_CONAME:
INFO	[2012-10-09 10:29:23:350] <9940> KVP_NOINT:
INFO	[2012-10-09 10:29:23:350] <9940> KVP_QUOTA:
INFO	[2012-10-09 10:29:23:350] <9940> CardNo:
INFO	[2012-10-09 10:29:23:350] <9940> MPI_CAVV:
INFO	[2012-10-09 10:29:23:350] <9940> MPI_ECI:
INFO	[2012-10-09 10:29:23:350] <9940> MPI_MD64:
INFO	[2012-10-09 10:29:23:350] <9940> ExpMon:
INFO	[2012-10-09 10:29:23:350] <9940> ExpYear:
INFO	[2012-10-09 10:29:23:351] <9940> Passwd:
INFO	[2012-10-09 10:29:23:351] <9940> SocId:
INFO	[2012-10-09 10:29:23:351] <9940> HP_SERVERINFO:
INFO	[2012-10-09 10:29:23:351] <9940> HP_HANDPHONE:
INFO	[2012-10-09 10:29:23:351] <9940> HP_COMPANY:
INFO	[2012-10-09 10:29:23:351] <9940> HP_ID:
INFO	[2012-10-09 10:29:23:351] <9940> HP_SUBID:
INFO	[2012-10-09 10:29:23:351] <9940> HP_UNITType:
INFO	[2012-10-09 10:29:23:351] <9940> HP_IDEN:
INFO	[2012-10-09 10:29:23:351] <9940> HP_IPADDR:
INFO	[2012-10-09 10:29:23:351] <9940> VIRTUAL_CENTERCD:88
INFO	[2012-10-09 10:29:23:351] <9940> VIRTUAL_DEPODT:20100530
INFO	[2012-10-09 10:29:23:351] <9940> ZuminCode:1212121234567
INFO	[2012-10-09 10:29:23:351] <9940> MallPage:/lovehlic/agspay_mobile/AGS_VirAcctResult.php;N;;6000;;
INFO	[2012-10-09 10:29:23:352] <9940> VIRTUAL_NO:56200412936390
INFO	[2012-10-09 10:29:23:352] <9940> ES_SENDNO:
INFO	[2012-10-09 10:29:23:352] <9940> Column1:ÏÉÅÏ†êÏ†ïÎ≥¥ÏûÖÎ†•1
INFO	[2012-10-09 10:29:23:352] <9940> Column2:ÏÉÅÏ†êÏ†ïÎ≥¥ÏûÖÎ†•2
INFO	[2012-10-09 10:29:23:352] <9940> Column3:ÏÉÅÏ†êÏ†ïÎ≥¥ÏûÖÎ†•3
INFO	[2012-10-09 10:29:23:352] <9940> Make NetCancel ID Start
INFO	[2012-10-09 10:29:23:352] <9940> AEGIS_VIR_yulabs79_20121009102923352518
INFO	[2012-10-09 10:29:23:352] <9940> Make NetCancel ID End
INFO	[2012-10-09 10:29:23:352] <9940> Make NetCancelID OK
INFO	[2012-10-09 10:29:23:352] <9940> Make Msg Start
INFO	[2012-10-09 10:29:23:352] <9940> virtual Make MSG OK 
INFO	[2012-10-09 10:29:23:352] <9940> Make Msg End
INFO	[2012-10-09 10:29:23:352] <9940> Make Pay Msg OK
INFO	[2012-10-09 10:29:23:353] <9940> Send & Recv Msg Start
INFO	[2012-10-09 10:29:23:353] <9940> Send Data To PG Start [ 
INFO	[2012-10-09 10:29:23:353] <9940> 0:000356Vvir_n
INFO	[2012-10-09 10:29:23:353] <9940> 1:yulabs79
INFO	[2012-10-09 10:29:23:353] <9940> 2:1000000139
INFO	[2012-10-09 10:29:23:353] <9940> 3:88
INFO	[2012-10-09 10:29:23:353] <9940> 4:56200412936390
INFO	[2012-10-09 10:29:23:353] <9940> 5:6000
INFO	[2012-10-09 10:29:23:353] <9940> 6:20100530
INFO	[2012-10-09 10:29:23:353] <9940> 7:pun
INFO	[2012-10-09 10:29:23:353] <9940> 8:1212121234567
INFO	[2012-10-09 10:29:23:353] <9940> 9:01027178221
INFO	[2012-10-09 10:29:23:353] <9940> 10:noff@naver.com
INFO	[2012-10-09 10:29:23:353] <9940> 11:ÏÑúÏö∏ Í∞ïÎÇ®Íµ¨ Ïó≠ÏÇº1Îèô GSÍ∞ïÎÇ®ÌÉÄÏõå 3333
INFO	[2012-10-09 10:29:23:353] <9940> 12:pun
INFO	[2012-10-09 10:29:23:353] <9940> 13:01027178221
INFO	[2012-10-09 10:29:23:353] <9940> 14:ÏÑúÏö∏ Í∞ïÎÇ®Íµ¨ Ïó≠ÏÇº1Îèô GSÍ∞ïÎÇ®ÌÉÄÏõå 3333
INFO	[2012-10-09 10:29:23:353] <9940> 15:Ï≤¥Ïñ¥Îß® 2Î∞ïÏä§
INFO	[2012-10-09 10:29:23:353] <9940> 16:d
INFO	[2012-10-09 10:29:23:353] <9940> 17:http://www.casebuy.me
INFO	[2012-10-09 10:29:23:353] <9940> 18:/lovehlic/agspay_mobile/AGS_VirAcctResult.php;N;;6000;;
INFO	[2012-10-09 10:29:23:353] <9940> 19:AEGIS_VIR_yulabs79_20121009102923352518
INFO	[2012-10-09 10:29:23:353] <9940> 20:
INFO	[2012-10-09 10:29:23:353] <9940> ] Send Data To PG End 
INFO	[2012-10-09 10:29:23:353] <9940> SendMsg : [000356Vvir_n|yulabs79|1000000139|88|56200412936390|6000|20100530|pun|1212121234567|01027178221|noff@naver.com|ÏÑúÏö∏ Í∞ïÎÇ®Íµ¨ Ïó≠ÏÇº1Îèô GSÍ∞ïÎÇ®ÌÉÄÏõå 3333|pun|01027178221|ÏÑúÏö∏ Í∞ïÎÇ®Íµ¨ Ïó≠ÏÇº1Îèô GSÍ∞ïÎÇ®ÌÉÄÏõå 3333|Ï≤¥Ïñ¥Îß® 2Î∞ïÏä§|d|http://www.casebuy.me|/lovehlic/agspay_mobile/AGS_VirAcctResult.php;N;;6000;;|AEGIS_VIR_yulabs79_20121009102923352518|]
INFO	[2012-10-09 10:29:23:353] <9940> Connect IP:[220.85.12.3] Port:[29760]
INFO	[2012-10-09 10:29:23:358] <9940> Socket Open OK
INFO	[2012-10-09 10:29:23:546] <9940> RecvMsg Length : [000080]
INFO	[2012-10-09 10:29:23:546] <9940> RecvMsg : [vir_n|yulabs79|20121009102923|56200412936390|n|¿‘±›±‚«— ¥Á¿œ∫Œ≈Õ +15¿œ±Ó¡ˆ ∞°¥…|]
INFO	[2012-10-09 10:29:23:546] <9940> Socket Close OK
INFO	[2012-10-09 10:29:23:547] <9940> RecvMsg Length Check OK
INFO	[2012-10-09 10:29:23:547] <9940> Send & Recv Msg End
INFO	[2012-10-09 10:29:23:547] <9940> Send & Recv Msg OK
INFO	[2012-10-09 10:29:23:547] <9940> Parse Msg Start
INFO	[2012-10-09 10:29:23:547] <9940> virtual RECV MSG Parsing OK 
INFO	[2012-10-09 10:29:23:547] <9940> Parse Msg End
INFO	[2012-10-09 10:29:23:547] <9940> Msg Parsing OK
INFO	[2012-10-09 10:29:23:547] <9940> virtual Pay Result Value [
INFO	[2012-10-09 10:29:23:547] <9940> NetCancID:AEGIS_VIR_yulabs79_20121009102923352518
INFO	[2012-10-09 10:29:23:547] <9940> rAuthTy:vir_n
INFO	[2012-10-09 10:29:23:547] <9940> rStoreId:yulabs79
INFO	[2012-10-09 10:29:23:547] <9940> rApprTm:20121009102923
INFO	[2012-10-09 10:29:23:547] <9940> rVirNo:56200412936390
INFO	[2012-10-09 10:29:23:547] <9940> rSuccYn:n
INFO	[2012-10-09 10:29:23:548] <9940> rResMsg:¿‘±›±‚«— ¥Á¿œ∫Œ≈Õ +15¿œ±Ó¡ˆ ∞°¥…
INFO	[2012-10-09 10:29:23:548] <9940> rOrdNo:1000000139
INFO	[2012-10-09 10:29:23:548] <9940> rProdNm:Ï≤¥Ïñ¥Îß® 2Î∞ïÏä§
INFO	[2012-10-09 10:29:23:548] <9940> rAmt:6000
INFO	[2012-10-09 10:29:23:548] <9940> ]
INFO	[2012-10-09 10:29:23:548] <9940> END  ¿‘±›±‚«— ¥Á¿œ∫Œ≈Õ +15¿œ±Ó¡ˆ ∞°¥… Transaction time:[0.201sec]
INFO	[2012-10-09 10:29:23:548] <9940> ===============================================================
INFO	[2012-10-09 10:37:44:113] <9896> ===============================================================
INFO	[2012-10-09 10:37:44:113] <9896> START AgsPay40 php (OS:Linux2.6.18-238.9.1.el5xen,PHP:5.2.17)
INFO	[2012-10-09 10:37:44:114] <9896> virtual Pay Start!
INFO	[2012-10-09 10:37:44:114] <9896> AgsPayHome:/mnt/DATA/WWW/casebuy.me/ko/agspay_mobile/
INFO	[2012-10-09 10:37:44:114] <9896> StoreId:yulabs79
INFO	[2012-10-09 10:37:44:114] <9896> log:true
INFO	[2012-10-09 10:37:44:114] <9896> logLevel:INFO
INFO	[2012-10-09 10:37:44:114] <9896> UseNetCancel:true
INFO	[2012-10-09 10:37:44:114] <9896> Type:Pay
INFO	[2012-10-09 10:37:44:114] <9896> RecvLen:7
INFO	[2012-10-09 10:37:44:114] <9896> AuthTy:virtual
INFO	[2012-10-09 10:37:44:114] <9896> SubTy:
INFO	[2012-10-09 10:37:44:114] <9896> OrdNo:1000000139
INFO	[2012-10-09 10:37:44:114] <9896> Amt:6000
INFO	[2012-10-09 10:37:44:115] <9896> UserEmail:noff@naver.com
INFO	[2012-10-09 10:37:44:115] <9896> ProdNm:Ïä¨Î¶º
INFO	[2012-10-09 10:37:44:115] <9896> MallUrl:http://www.casebuy.me
INFO	[2012-10-09 10:37:44:115] <9896> UserId:
INFO	[2012-10-09 10:37:44:115] <9896> OrdNm:pun
INFO	[2012-10-09 10:37:44:115] <9896> OrdPhone:01027178221
INFO	[2012-10-09 10:37:44:115] <9896> OrdAddr:ÏÑúÏö∏ Í∞ïÎÇ®Íµ¨ Ïó≠ÏÇº1Îèô GSÍ∞ïÎÇ®ÌÉÄÏõå 3333
INFO	[2012-10-09 10:37:44:115] <9896> RcpNm:pun
INFO	[2012-10-09 10:37:44:115] <9896> RcpPhone:01027178221
INFO	[2012-10-09 10:37:44:115] <9896> DlvAddr:ÏÑúÏö∏ Í∞ïÎÇ®Íµ¨ Ïó≠ÏÇº1Îèô GSÍ∞ïÎÇ®ÌÉÄÏõå 3333
INFO	[2012-10-09 10:37:44:115] <9896> Remark:d
INFO	[2012-10-09 10:37:44:115] <9896> DeviId:9000400001
INFO	[2012-10-09 10:37:44:115] <9896> AuthYn:N
INFO	[2012-10-09 10:37:44:115] <9896> Instmt:
INFO	[2012-10-09 10:37:44:116] <9896> UserIp:211.48.34.44
INFO	[2012-10-09 10:37:44:116] <9896> partial_mm:
INFO	[2012-10-09 10:37:44:116] <9896> noIntMonth:
INFO	[2012-10-09 10:37:44:116] <9896> KVP_CURRENCY:
INFO	[2012-10-09 10:37:44:116] <9896> KVP_CARDCODE:
INFO	[2012-10-09 10:37:44:116] <9896> KVP_SESSIONKEY:
INFO	[2012-10-09 10:37:44:116] <9896> KVP_ENCDATA:
INFO	[2012-10-09 10:37:44:116] <9896> KVP_CONAME:
INFO	[2012-10-09 10:37:44:116] <9896> KVP_NOINT:
INFO	[2012-10-09 10:37:44:116] <9896> KVP_QUOTA:
INFO	[2012-10-09 10:37:44:116] <9896> CardNo:
INFO	[2012-10-09 10:37:44:116] <9896> MPI_CAVV:
INFO	[2012-10-09 10:37:44:117] <9896> MPI_ECI:
INFO	[2012-10-09 10:37:44:117] <9896> MPI_MD64:
INFO	[2012-10-09 10:37:44:117] <9896> ExpMon:
INFO	[2012-10-09 10:37:44:117] <9896> ExpYear:
INFO	[2012-10-09 10:37:44:117] <9896> Passwd:
INFO	[2012-10-09 10:37:44:117] <9896> SocId:
INFO	[2012-10-09 10:37:44:117] <9896> HP_SERVERINFO:
INFO	[2012-10-09 10:37:44:117] <9896> HP_HANDPHONE:
INFO	[2012-10-09 10:37:44:117] <9896> HP_COMPANY:
INFO	[2012-10-09 10:37:44:117] <9896> HP_ID:
INFO	[2012-10-09 10:37:44:117] <9896> HP_SUBID:
INFO	[2012-10-09 10:37:44:117] <9896> HP_UNITType:
INFO	[2012-10-09 10:37:44:117] <9896> HP_IDEN:
INFO	[2012-10-09 10:37:44:118] <9896> HP_IPADDR:
INFO	[2012-10-09 10:37:44:118] <9896> VIRTUAL_CENTERCD:88
INFO	[2012-10-09 10:37:44:118] <9896> VIRTUAL_DEPODT:20121014
INFO	[2012-10-09 10:37:44:118] <9896> ZuminCode:1212121234567
INFO	[2012-10-09 10:37:44:118] <9896> MallPage:/lovehlic/agspay_mobile/AGS_VirAcctResult.php;N;;6000;;
INFO	[2012-10-09 10:37:44:118] <9896> VIRTUAL_NO:56200412936420
INFO	[2012-10-09 10:37:44:118] <9896> ES_SENDNO:
INFO	[2012-10-09 10:37:44:118] <9896> Column1:ÏÉÅÏ†êÏ†ïÎ≥¥ÏûÖÎ†•1
INFO	[2012-10-09 10:37:44:118] <9896> Column2:ÏÉÅÏ†êÏ†ïÎ≥¥ÏûÖÎ†•2
INFO	[2012-10-09 10:37:44:118] <9896> Column3:ÏÉÅÏ†êÏ†ïÎ≥¥ÏûÖÎ†•3
INFO	[2012-10-09 10:37:44:118] <9896> Make NetCancel ID Start
INFO	[2012-10-09 10:37:44:118] <9896> AEGIS_VIR_yulabs79_20121009103744118367
INFO	[2012-10-09 10:37:44:118] <9896> Make NetCancel ID End
INFO	[2012-10-09 10:37:44:119] <9896> Make NetCancelID OK
INFO	[2012-10-09 10:37:44:119] <9896> Make Msg Start
INFO	[2012-10-09 10:37:44:119] <9896> virtual Make MSG OK 
INFO	[2012-10-09 10:37:44:119] <9896> Make Msg End
INFO	[2012-10-09 10:37:44:119] <9896> Make Pay Msg OK
INFO	[2012-10-09 10:37:44:119] <9896> Send & Recv Msg Start
INFO	[2012-10-09 10:37:44:119] <9896> Send Data To PG Start [ 
INFO	[2012-10-09 10:37:44:119] <9896> 0:000345Vvir_n
INFO	[2012-10-09 10:37:44:119] <9896> 1:yulabs79
INFO	[2012-10-09 10:37:44:119] <9896> 2:1000000139
INFO	[2012-10-09 10:37:44:119] <9896> 3:88
INFO	[2012-10-09 10:37:44:119] <9896> 4:56200412936420
INFO	[2012-10-09 10:37:44:119] <9896> 5:6000
INFO	[2012-10-09 10:37:44:119] <9896> 6:20121014
INFO	[2012-10-09 10:37:44:119] <9896> 7:pun
INFO	[2012-10-09 10:37:44:119] <9896> 8:1212121234567
INFO	[2012-10-09 10:37:44:119] <9896> 9:01027178221
INFO	[2012-10-09 10:37:44:119] <9896> 10:noff@naver.com
INFO	[2012-10-09 10:37:44:119] <9896> 11:ÏÑúÏö∏ Í∞ïÎÇ®Íµ¨ Ïó≠ÏÇº1Îèô GSÍ∞ïÎÇ®ÌÉÄÏõå 3333
INFO	[2012-10-09 10:37:44:119] <9896> 12:pun
INFO	[2012-10-09 10:37:44:119] <9896> 13:01027178221
INFO	[2012-10-09 10:37:44:119] <9896> 14:ÏÑúÏö∏ Í∞ïÎÇ®Íµ¨ Ïó≠ÏÇº1Îèô GSÍ∞ïÎÇ®ÌÉÄÏõå 3333
INFO	[2012-10-09 10:37:44:119] <9896> 15:Ïä¨Î¶º
INFO	[2012-10-09 10:37:44:119] <9896> 16:d
INFO	[2012-10-09 10:37:44:119] <9896> 17:http://www.casebuy.me
INFO	[2012-10-09 10:37:44:119] <9896> 18:/lovehlic/agspay_mobile/AGS_VirAcctResult.php;N;;6000;;
INFO	[2012-10-09 10:37:44:119] <9896> 19:AEGIS_VIR_yulabs79_20121009103744118367
INFO	[2012-10-09 10:37:44:119] <9896> 20:
INFO	[2012-10-09 10:37:44:119] <9896> ] Send Data To PG End 
INFO	[2012-10-09 10:37:44:119] <9896> SendMsg : [000345Vvir_n|yulabs79|1000000139|88|56200412936420|6000|20121014|pun|1212121234567|01027178221|noff@naver.com|ÏÑúÏö∏ Í∞ïÎÇ®Íµ¨ Ïó≠ÏÇº1Îèô GSÍ∞ïÎÇ®ÌÉÄÏõå 3333|pun|01027178221|ÏÑúÏö∏ Í∞ïÎÇ®Íµ¨ Ïó≠ÏÇº1Îèô GSÍ∞ïÎÇ®ÌÉÄÏõå 3333|Ïä¨Î¶º|d|http://www.casebuy.me|/lovehlic/agspay_mobile/AGS_VirAcctResult.php;N;;6000;;|AEGIS_VIR_yulabs79_20121009103744118367|]
INFO	[2012-10-09 10:37:44:119] <9896> Connect IP:[220.85.12.3] Port:[29760]
INFO	[2012-10-09 10:37:44:125] <9896> Socket Open OK
INFO	[2012-10-09 10:37:44:377] <9896> RecvMsg Length : [000056]
INFO	[2012-10-09 10:37:44:377] <9896> RecvMsg : [vir_n|yulabs79|20121009103744|56200412936420|y|¡§ªÛπË∆˜|]
INFO	[2012-10-09 10:37:44:377] <9896> Socket Close OK
INFO	[2012-10-09 10:37:44:377] <9896> RecvMsg Length Check OK
INFO	[2012-10-09 10:37:44:377] <9896> Send & Recv Msg End
INFO	[2012-10-09 10:37:44:377] <9896> Send & Recv Msg OK
INFO	[2012-10-09 10:37:44:378] <9896> Parse Msg Start
INFO	[2012-10-09 10:37:44:378] <9896> virtual RECV MSG Parsing OK 
INFO	[2012-10-09 10:37:44:378] <9896> Parse Msg End
INFO	[2012-10-09 10:37:44:378] <9896> Msg Parsing OK
INFO	[2012-10-09 10:37:44:378] <9896> virtual Pay Result Value [
INFO	[2012-10-09 10:37:44:378] <9896> NetCancID:AEGIS_VIR_yulabs79_20121009103744118367
INFO	[2012-10-09 10:37:44:378] <9896> rAuthTy:vir_n
INFO	[2012-10-09 10:37:44:378] <9896> rStoreId:yulabs79
INFO	[2012-10-09 10:37:44:378] <9896> rApprTm:20121009103744
INFO	[2012-10-09 10:37:44:378] <9896> rVirNo:56200412936420
INFO	[2012-10-09 10:37:44:378] <9896> rSuccYn:y
INFO	[2012-10-09 10:37:44:378] <9896> rResMsg:¡§ªÛπË∆˜
INFO	[2012-10-09 10:37:44:378] <9896> rOrdNo:1000000139
INFO	[2012-10-09 10:37:44:378] <9896> rProdNm:Ïä¨Î¶º
INFO	[2012-10-09 10:37:44:378] <9896> rAmt:6000
INFO	[2012-10-09 10:37:44:378] <9896> ]
INFO	[2012-10-09 10:37:44:379] <9896> END  ¡§ªÛπË∆˜ Transaction time:[0.265sec]
INFO	[2012-10-09 10:37:44:379] <9896> ===============================================================
INFO	[2012-10-09 11:17:06:47] <9940> ===============================================================
INFO	[2012-10-09 11:17:06:47] <9940> START AgsPay40 php (OS:Linux2.6.18-238.9.1.el5xen,PHP:5.2.17)
INFO	[2012-10-09 11:17:06:47] <9940> virtual Pay Start!
INFO	[2012-10-09 11:17:06:47] <9940> AgsPayHome:/mnt/DATA/WWW/casebuy.me/ko/agspay_mobile/
INFO	[2012-10-09 11:17:06:48] <9940> StoreId:yulabs79
INFO	[2012-10-09 11:17:06:48] <9940> log:true
INFO	[2012-10-09 11:17:06:48] <9940> logLevel:INFO
INFO	[2012-10-09 11:17:06:48] <9940> UseNetCancel:true
INFO	[2012-10-09 11:17:06:48] <9940> Type:Pay
INFO	[2012-10-09 11:17:06:48] <9940> RecvLen:7
INFO	[2012-10-09 11:17:06:48] <9940> AuthTy:virtual
INFO	[2012-10-09 11:17:06:48] <9940> SubTy:
INFO	[2012-10-09 11:17:06:48] <9940> OrdNo:1000000140
INFO	[2012-10-09 11:17:06:48] <9940> Amt:6000
INFO	[2012-10-09 11:17:06:48] <9940> UserEmail:noff@naver.com
INFO	[2012-10-09 11:17:06:48] <9940> ProdNm:ÌïÄÎèî
INFO	[2012-10-09 11:17:06:48] <9940> MallUrl:http://www.casebuy.me
INFO	[2012-10-09 11:17:06:48] <9940> UserId:
INFO	[2012-10-09 11:17:06:48] <9940> OrdNm:pun
INFO	[2012-10-09 11:17:06:49] <9940> OrdPhone:01027178221
INFO	[2012-10-09 11:17:06:49] <9940> OrdAddr:ÏÑúÏö∏ Í∞ïÎÇ®Íµ¨ Ïó≠ÏÇº1Îèô GSÍ∞ïÎÇ®ÌÉÄÏõå 3333
INFO	[2012-10-09 11:17:06:49] <9940> RcpNm:pun
INFO	[2012-10-09 11:17:06:49] <9940> RcpPhone:01027178221
INFO	[2012-10-09 11:17:06:49] <9940> DlvAddr:ÏÑúÏö∏ Í∞ïÎÇ®Íµ¨ Ïó≠ÏÇº1Îèô GSÍ∞ïÎÇ®ÌÉÄÏõå 3333
INFO	[2012-10-09 11:17:06:49] <9940> Remark:d
INFO	[2012-10-09 11:17:06:49] <9940> DeviId:9000400001
INFO	[2012-10-09 11:17:06:49] <9940> AuthYn:N
INFO	[2012-10-09 11:17:06:49] <9940> Instmt:
INFO	[2012-10-09 11:17:06:49] <9940> UserIp:211.48.34.44
INFO	[2012-10-09 11:17:06:49] <9940> partial_mm:
INFO	[2012-10-09 11:17:06:49] <9940> noIntMonth:
INFO	[2012-10-09 11:17:06:49] <9940> KVP_CURRENCY:
INFO	[2012-10-09 11:17:06:50] <9940> KVP_CARDCODE:
INFO	[2012-10-09 11:17:06:50] <9940> KVP_SESSIONKEY:
INFO	[2012-10-09 11:17:06:50] <9940> KVP_ENCDATA:
INFO	[2012-10-09 11:17:06:50] <9940> KVP_CONAME:
INFO	[2012-10-09 11:17:06:50] <9940> KVP_NOINT:
INFO	[2012-10-09 11:17:06:50] <9940> KVP_QUOTA:
INFO	[2012-10-09 11:17:06:50] <9940> CardNo:
INFO	[2012-10-09 11:17:06:50] <9940> MPI_CAVV:
INFO	[2012-10-09 11:17:06:50] <9940> MPI_ECI:
INFO	[2012-10-09 11:17:06:50] <9940> MPI_MD64:
INFO	[2012-10-09 11:17:06:50] <9940> ExpMon:
INFO	[2012-10-09 11:17:06:50] <9940> ExpYear:
INFO	[2012-10-09 11:17:06:50] <9940> Passwd:
INFO	[2012-10-09 11:17:06:51] <9940> SocId:
INFO	[2012-10-09 11:17:06:51] <9940> HP_SERVERINFO:
INFO	[2012-10-09 11:17:06:51] <9940> HP_HANDPHONE:
INFO	[2012-10-09 11:17:06:51] <9940> HP_COMPANY:
INFO	[2012-10-09 11:17:06:51] <9940> HP_ID:
INFO	[2012-10-09 11:17:06:51] <9940> HP_SUBID:
INFO	[2012-10-09 11:17:06:51] <9940> HP_UNITType:
INFO	[2012-10-09 11:17:06:51] <9940> HP_IDEN:
INFO	[2012-10-09 11:17:06:51] <9940> HP_IPADDR:
INFO	[2012-10-09 11:17:06:51] <9940> VIRTUAL_CENTERCD:88
INFO	[2012-10-09 11:17:06:51] <9940> VIRTUAL_DEPODT:20121014
INFO	[2012-10-09 11:17:06:51] <9940> ZuminCode:1212121234567
INFO	[2012-10-09 11:17:06:51] <9940> MallPage:/lovehlic/agspay_mobile/AGS_VirAcctResult.php;N;;6000;;
INFO	[2012-10-09 11:17:06:52] <9940> VIRTUAL_NO:56200412936525
INFO	[2012-10-09 11:17:06:52] <9940> ES_SENDNO:
INFO	[2012-10-09 11:17:06:52] <9940> Column1:ÏÉÅÏ†êÏ†ïÎ≥¥ÏûÖÎ†•1
INFO	[2012-10-09 11:17:06:52] <9940> Column2:ÏÉÅÏ†êÏ†ïÎ≥¥ÏûÖÎ†•2
INFO	[2012-10-09 11:17:06:52] <9940> Column3:ÏÉÅÏ†êÏ†ïÎ≥¥ÏûÖÎ†•3
INFO	[2012-10-09 11:17:06:52] <9940> Make NetCancel ID Start
INFO	[2012-10-09 11:17:06:52] <9940> AEGIS_VIR_yulabs79_20121009111706052509
INFO	[2012-10-09 11:17:06:52] <9940> Make NetCancel ID End
INFO	[2012-10-09 11:17:06:52] <9940> Make NetCancelID OK
INFO	[2012-10-09 11:17:06:52] <9940> Make Msg Start
INFO	[2012-10-09 11:17:06:52] <9940> virtual Make MSG OK 
INFO	[2012-10-09 11:17:06:52] <9940> Make Msg End
INFO	[2012-10-09 11:17:06:52] <9940> Make Pay Msg OK
INFO	[2012-10-09 11:17:06:53] <9940> Send & Recv Msg Start
INFO	[2012-10-09 11:17:06:53] <9940> Send Data To PG Start [ 
INFO	[2012-10-09 11:17:06:53] <9940> 0:000345Vvir_n
INFO	[2012-10-09 11:17:06:53] <9940> 1:yulabs79
INFO	[2012-10-09 11:17:06:53] <9940> 2:1000000140
INFO	[2012-10-09 11:17:06:53] <9940> 3:88
INFO	[2012-10-09 11:17:06:53] <9940> 4:56200412936525
INFO	[2012-10-09 11:17:06:53] <9940> 5:6000
INFO	[2012-10-09 11:17:06:53] <9940> 6:20121014
INFO	[2012-10-09 11:17:06:53] <9940> 7:pun
INFO	[2012-10-09 11:17:06:53] <9940> 8:1212121234567
INFO	[2012-10-09 11:17:06:53] <9940> 9:01027178221
INFO	[2012-10-09 11:17:06:53] <9940> 10:noff@naver.com
INFO	[2012-10-09 11:17:06:53] <9940> 11:ÏÑúÏö∏ Í∞ïÎÇ®Íµ¨ Ïó≠ÏÇº1Îèô GSÍ∞ïÎÇ®ÌÉÄÏõå 3333
INFO	[2012-10-09 11:17:06:53] <9940> 12:pun
INFO	[2012-10-09 11:17:06:53] <9940> 13:01027178221
INFO	[2012-10-09 11:17:06:53] <9940> 14:ÏÑúÏö∏ Í∞ïÎÇ®Íµ¨ Ïó≠ÏÇº1Îèô GSÍ∞ïÎÇ®ÌÉÄÏõå 3333
INFO	[2012-10-09 11:17:06:53] <9940> 15:ÌïÄÎèî
INFO	[2012-10-09 11:17:06:53] <9940> 16:d
INFO	[2012-10-09 11:17:06:53] <9940> 17:http://www.casebuy.me
INFO	[2012-10-09 11:17:06:53] <9940> 18:/lovehlic/agspay_mobile/AGS_VirAcctResult.php;N;;6000;;
INFO	[2012-10-09 11:17:06:53] <9940> 19:AEGIS_VIR_yulabs79_20121009111706052509
INFO	[2012-10-09 11:17:06:53] <9940> 20:
INFO	[2012-10-09 11:17:06:53] <9940> ] Send Data To PG End 
INFO	[2012-10-09 11:17:06:53] <9940> SendMsg : [000345Vvir_n|yulabs79|1000000140|88|56200412936525|6000|20121014|pun|1212121234567|01027178221|noff@naver.com|ÏÑúÏö∏ Í∞ïÎÇ®Íµ¨ Ïó≠ÏÇº1Îèô GSÍ∞ïÎÇ®ÌÉÄÏõå 3333|pun|01027178221|ÏÑúÏö∏ Í∞ïÎÇ®Íµ¨ Ïó≠ÏÇº1Îèô GSÍ∞ïÎÇ®ÌÉÄÏõå 3333|ÌïÄÎèî|d|http://www.casebuy.me|/lovehlic/agspay_mobile/AGS_VirAcctResult.php;N;;6000;;|AEGIS_VIR_yulabs79_20121009111706052509|]
INFO	[2012-10-09 11:17:06:53] <9940> Connect IP:[220.85.12.3] Port:[29760]
INFO	[2012-10-09 11:17:06:58] <9940> Socket Open OK
INFO	[2012-10-09 11:17:06:408] <9940> RecvMsg Length : [000056]
INFO	[2012-10-09 11:17:06:408] <9940> RecvMsg : [vir_n|yulabs79|20121009111706|56200412936525|y|¡§ªÛπË∆˜|]
INFO	[2012-10-09 11:17:06:408] <9940> Socket Close OK
INFO	[2012-10-09 11:17:06:408] <9940> RecvMsg Length Check OK
INFO	[2012-10-09 11:17:06:408] <9940> Send & Recv Msg End
INFO	[2012-10-09 11:17:06:408] <9940> Send & Recv Msg OK
INFO	[2012-10-09 11:17:06:408] <9940> Parse Msg Start
INFO	[2012-10-09 11:17:06:409] <9940> virtual RECV MSG Parsing OK 
INFO	[2012-10-09 11:17:06:409] <9940> Parse Msg End
INFO	[2012-10-09 11:17:06:409] <9940> Msg Parsing OK
INFO	[2012-10-09 11:17:06:409] <9940> virtual Pay Result Value [
INFO	[2012-10-09 11:17:06:409] <9940> NetCancID:AEGIS_VIR_yulabs79_20121009111706052509
INFO	[2012-10-09 11:17:06:409] <9940> rAuthTy:vir_n
INFO	[2012-10-09 11:17:06:409] <9940> rStoreId:yulabs79
INFO	[2012-10-09 11:17:06:409] <9940> rApprTm:20121009111706
INFO	[2012-10-09 11:17:06:409] <9940> rVirNo:56200412936525
INFO	[2012-10-09 11:17:06:409] <9940> rSuccYn:y
INFO	[2012-10-09 11:17:06:409] <9940> rResMsg:¡§ªÛπË∆˜
INFO	[2012-10-09 11:17:06:409] <9940> rOrdNo:1000000140
INFO	[2012-10-09 11:17:06:409] <9940> rProdNm:ÌïÄÎèî
INFO	[2012-10-09 11:17:06:409] <9940> rAmt:6000
INFO	[2012-10-09 11:17:06:410] <9940> ]
INFO	[2012-10-09 11:17:06:410] <9940> END  ¡§ªÛπË∆˜ Transaction time:[0.363sec]
INFO	[2012-10-09 11:17:06:410] <9940> ===============================================================
INFO	[2012-10-09 11:20:51:108] <9896> ===============================================================
INFO	[2012-10-09 11:20:51:108] <9896> START AgsPay40 php (OS:Linux2.6.18-238.9.1.el5xen,PHP:5.2.17)
INFO	[2012-10-09 11:20:51:108] <9896> virtual Pay Start!
INFO	[2012-10-09 11:20:51:109] <9896> AgsPayHome:/mnt/DATA/WWW/casebuy.me/ko/agspay_mobile/
INFO	[2012-10-09 11:20:51:109] <9896> StoreId:yulabs79
INFO	[2012-10-09 11:20:51:109] <9896> log:true
INFO	[2012-10-09 11:20:51:109] <9896> logLevel:INFO
INFO	[2012-10-09 11:20:51:109] <9896> UseNetCancel:true
INFO	[2012-10-09 11:20:51:109] <9896> Type:Pay
INFO	[2012-10-09 11:20:51:109] <9896> RecvLen:7
INFO	[2012-10-09 11:20:51:109] <9896> AuthTy:virtual
INFO	[2012-10-09 11:20:51:109] <9896> SubTy:
INFO	[2012-10-09 11:20:51:109] <9896> OrdNo:1000000141
INFO	[2012-10-09 11:20:51:109] <9896> Amt:6000
INFO	[2012-10-09 11:20:51:109] <9896> UserEmail:noff@naver.com
INFO	[2012-10-09 11:20:51:109] <9896> ProdNm:ÌïÄÎèî
INFO	[2012-10-09 11:20:51:109] <9896> MallUrl:http://www.casebuy.me
INFO	[2012-10-09 11:20:51:109] <9896> UserId:
INFO	[2012-10-09 11:20:51:110] <9896> OrdNm:pun
INFO	[2012-10-09 11:20:51:110] <9896> OrdPhone:01027178221
INFO	[2012-10-09 11:20:51:110] <9896> OrdAddr:ÏÑúÏö∏ Í∞ïÎÇ®Íµ¨ Ïó≠ÏÇº1Îèô GSÍ∞ïÎÇ®ÌÉÄÏõå 3333
INFO	[2012-10-09 11:20:51:110] <9896> RcpNm:pun
INFO	[2012-10-09 11:20:51:110] <9896> RcpPhone:01027178221
INFO	[2012-10-09 11:20:51:110] <9896> DlvAddr:ÏÑúÏö∏ Í∞ïÎÇ®Íµ¨ Ïó≠ÏÇº1Îèô GSÍ∞ïÎÇ®ÌÉÄÏõå 3333
INFO	[2012-10-09 11:20:51:110] <9896> Remark:d
INFO	[2012-10-09 11:20:51:110] <9896> DeviId:9000400001
INFO	[2012-10-09 11:20:51:110] <9896> AuthYn:N
INFO	[2012-10-09 11:20:51:110] <9896> Instmt:
INFO	[2012-10-09 11:20:51:110] <9896> UserIp:211.48.34.44
INFO	[2012-10-09 11:20:51:110] <9896> partial_mm:
INFO	[2012-10-09 11:20:51:110] <9896> noIntMonth:
INFO	[2012-10-09 11:20:51:110] <9896> KVP_CURRENCY:
INFO	[2012-10-09 11:20:51:111] <9896> KVP_CARDCODE:
INFO	[2012-10-09 11:20:51:111] <9896> KVP_SESSIONKEY:
INFO	[2012-10-09 11:20:51:111] <9896> KVP_ENCDATA:
INFO	[2012-10-09 11:20:51:111] <9896> KVP_CONAME:
INFO	[2012-10-09 11:20:51:111] <9896> KVP_NOINT:
INFO	[2012-10-09 11:20:51:111] <9896> KVP_QUOTA:
INFO	[2012-10-09 11:20:51:111] <9896> CardNo:
INFO	[2012-10-09 11:20:51:111] <9896> MPI_CAVV:
INFO	[2012-10-09 11:20:51:111] <9896> MPI_ECI:
INFO	[2012-10-09 11:20:51:111] <9896> MPI_MD64:
INFO	[2012-10-09 11:20:51:111] <9896> ExpMon:
INFO	[2012-10-09 11:20:51:111] <9896> ExpYear:
INFO	[2012-10-09 11:20:51:111] <9896> Passwd:
INFO	[2012-10-09 11:20:51:111] <9896> SocId:
INFO	[2012-10-09 11:20:51:111] <9896> HP_SERVERINFO:
INFO	[2012-10-09 11:20:51:112] <9896> HP_HANDPHONE:
INFO	[2012-10-09 11:20:51:112] <9896> HP_COMPANY:
INFO	[2012-10-09 11:20:51:112] <9896> HP_ID:
INFO	[2012-10-09 11:20:51:112] <9896> HP_SUBID:
INFO	[2012-10-09 11:20:51:112] <9896> HP_UNITType:
INFO	[2012-10-09 11:20:51:112] <9896> HP_IDEN:
INFO	[2012-10-09 11:20:51:112] <9896> HP_IPADDR:
INFO	[2012-10-09 11:20:51:112] <9896> VIRTUAL_CENTERCD:88
INFO	[2012-10-09 11:20:51:112] <9896> VIRTUAL_DEPODT:20121014
INFO	[2012-10-09 11:20:51:112] <9896> ZuminCode:1212121234567
INFO	[2012-10-09 11:20:51:112] <9896> MallPage:/lovehlic/agspay_mobile/AGS_VirAcctResult.php;N;;6000;;
INFO	[2012-10-09 11:20:51:112] <9896> VIRTUAL_NO:56200412936530
INFO	[2012-10-09 11:20:51:112] <9896> ES_SENDNO:
INFO	[2012-10-09 11:20:51:112] <9896> Column1:ÏÉÅÏ†êÏ†ïÎ≥¥ÏûÖÎ†•1
INFO	[2012-10-09 11:20:51:112] <9896> Column2:ÏÉÅÏ†êÏ†ïÎ≥¥ÏûÖÎ†•2
INFO	[2012-10-09 11:20:51:113] <9896> Column3:ÏÉÅÏ†êÏ†ïÎ≥¥ÏûÖÎ†•3
INFO	[2012-10-09 11:20:51:113] <9896> Make NetCancel ID Start
INFO	[2012-10-09 11:20:51:113] <9896> AEGIS_VIR_yulabs79_20121009112051113267
INFO	[2012-10-09 11:20:51:113] <9896> Make NetCancel ID End
INFO	[2012-10-09 11:20:51:113] <9896> Make NetCancelID OK
INFO	[2012-10-09 11:20:51:113] <9896> Make Msg Start
INFO	[2012-10-09 11:20:51:113] <9896> virtual Make MSG OK 
INFO	[2012-10-09 11:20:51:113] <9896> Make Msg End
INFO	[2012-10-09 11:20:51:113] <9896> Make Pay Msg OK
INFO	[2012-10-09 11:20:51:113] <9896> Send & Recv Msg Start
INFO	[2012-10-09 11:20:51:113] <9896> Send Data To PG Start [ 
INFO	[2012-10-09 11:20:51:113] <9896> 0:000345Vvir_n
INFO	[2012-10-09 11:20:51:113] <9896> 1:yulabs79
INFO	[2012-10-09 11:20:51:113] <9896> 2:1000000141
INFO	[2012-10-09 11:20:51:113] <9896> 3:88
INFO	[2012-10-09 11:20:51:113] <9896> 4:56200412936530
INFO	[2012-10-09 11:20:51:113] <9896> 5:6000
INFO	[2012-10-09 11:20:51:113] <9896> 6:20121014
INFO	[2012-10-09 11:20:51:113] <9896> 7:pun
INFO	[2012-10-09 11:20:51:113] <9896> 8:1212121234567
INFO	[2012-10-09 11:20:51:113] <9896> 9:01027178221
INFO	[2012-10-09 11:20:51:113] <9896> 10:noff@naver.com
INFO	[2012-10-09 11:20:51:113] <9896> 11:ÏÑúÏö∏ Í∞ïÎÇ®Íµ¨ Ïó≠ÏÇº1Îèô GSÍ∞ïÎÇ®ÌÉÄÏõå 3333
INFO	[2012-10-09 11:20:51:113] <9896> 12:pun
INFO	[2012-10-09 11:20:51:113] <9896> 13:01027178221
INFO	[2012-10-09 11:20:51:113] <9896> 14:ÏÑúÏö∏ Í∞ïÎÇ®Íµ¨ Ïó≠ÏÇº1Îèô GSÍ∞ïÎÇ®ÌÉÄÏõå 3333
INFO	[2012-10-09 11:20:51:113] <9896> 15:ÌïÄÎèî
INFO	[2012-10-09 11:20:51:113] <9896> 16:d
INFO	[2012-10-09 11:20:51:113] <9896> 17:http://www.casebuy.me
INFO	[2012-10-09 11:20:51:113] <9896> 18:/lovehlic/agspay_mobile/AGS_VirAcctResult.php;N;;6000;;
INFO	[2012-10-09 11:20:51:113] <9896> 19:AEGIS_VIR_yulabs79_20121009112051113267
INFO	[2012-10-09 11:20:51:113] <9896> 20:
INFO	[2012-10-09 11:20:51:114] <9896> ] Send Data To PG End 
INFO	[2012-10-09 11:20:51:114] <9896> SendMsg : [000345Vvir_n|yulabs79|1000000141|88|56200412936530|6000|20121014|pun|1212121234567|01027178221|noff@naver.com|ÏÑúÏö∏ Í∞ïÎÇ®Íµ¨ Ïó≠ÏÇº1Îèô GSÍ∞ïÎÇ®ÌÉÄÏõå 3333|pun|01027178221|ÏÑúÏö∏ Í∞ïÎÇ®Íµ¨ Ïó≠ÏÇº1Îèô GSÍ∞ïÎÇ®ÌÉÄÏõå 3333|ÌïÄÎèî|d|http://www.casebuy.me|/lovehlic/agspay_mobile/AGS_VirAcctResult.php;N;;6000;;|AEGIS_VIR_yulabs79_20121009112051113267|]
INFO	[2012-10-09 11:20:51:114] <9896> Connect IP:[220.85.12.3] Port:[29760]
INFO	[2012-10-09 11:20:51:121] <9896> Socket Open OK
INFO	[2012-10-09 11:20:51:342] <9896> RecvMsg Length : [000056]
INFO	[2012-10-09 11:20:51:342] <9896> RecvMsg : [vir_n|yulabs79|20121009112051|56200412936530|y|¡§ªÛπË∆˜|]
INFO	[2012-10-09 11:20:51:342] <9896> Socket Close OK
INFO	[2012-10-09 11:20:51:342] <9896> RecvMsg Length Check OK
INFO	[2012-10-09 11:20:51:342] <9896> Send & Recv Msg End
INFO	[2012-10-09 11:20:51:342] <9896> Send & Recv Msg OK
INFO	[2012-10-09 11:20:51:342] <9896> Parse Msg Start
INFO	[2012-10-09 11:20:51:342] <9896> virtual RECV MSG Parsing OK 
INFO	[2012-10-09 11:20:51:342] <9896> Parse Msg End
INFO	[2012-10-09 11:20:51:342] <9896> Msg Parsing OK
INFO	[2012-10-09 11:20:51:342] <9896> virtual Pay Result Value [
INFO	[2012-10-09 11:20:51:343] <9896> NetCancID:AEGIS_VIR_yulabs79_20121009112051113267
INFO	[2012-10-09 11:20:51:343] <9896> rAuthTy:vir_n
INFO	[2012-10-09 11:20:51:343] <9896> rStoreId:yulabs79
INFO	[2012-10-09 11:20:51:343] <9896> rApprTm:20121009112051
INFO	[2012-10-09 11:20:51:343] <9896> rVirNo:56200412936530
INFO	[2012-10-09 11:20:51:343] <9896> rSuccYn:y
INFO	[2012-10-09 11:20:51:343] <9896> rResMsg:¡§ªÛπË∆˜
INFO	[2012-10-09 11:20:51:343] <9896> rOrdNo:1000000141
INFO	[2012-10-09 11:20:51:343] <9896> rProdNm:ÌïÄÎèî
INFO	[2012-10-09 11:20:51:343] <9896> rAmt:6000
INFO	[2012-10-09 11:20:51:343] <9896> ]
INFO	[2012-10-09 11:20:51:343] <9896> END  ¡§ªÛπË∆˜ Transaction time:[0.235sec]
INFO	[2012-10-09 11:20:51:343] <9896> ===============================================================
INFO	[2012-10-09 11:22:55:616] <10478> ===============================================================
INFO	[2012-10-09 11:22:55:617] <10478> START AgsPay40 php (OS:Linux2.6.18-238.9.1.el5xen,PHP:5.2.17)
INFO	[2012-10-09 11:22:55:617] <10478> virtual Pay Start!
INFO	[2012-10-09 11:22:55:617] <10478> AgsPayHome:/mnt/DATA/WWW/casebuy.me/ko/agspay_mobile/
INFO	[2012-10-09 11:22:55:617] <10478> StoreId:yulabs79
INFO	[2012-10-09 11:22:55:617] <10478> log:true
INFO	[2012-10-09 11:22:55:617] <10478> logLevel:INFO
INFO	[2012-10-09 11:22:55:617] <10478> UseNetCancel:true
INFO	[2012-10-09 11:22:55:617] <10478> Type:Pay
INFO	[2012-10-09 11:22:55:617] <10478> RecvLen:7
INFO	[2012-10-09 11:22:55:617] <10478> AuthTy:virtual
INFO	[2012-10-09 11:22:55:617] <10478> SubTy:
INFO	[2012-10-09 11:22:55:618] <10478> OrdNo:1000000142
INFO	[2012-10-09 11:22:55:618] <10478> Amt:6000
INFO	[2012-10-09 11:22:55:618] <10478> UserEmail:dd
INFO	[2012-10-09 11:22:55:618] <10478> ProdNm:Ïä§ÌÇ®Î¶¨Ïä§
INFO	[2012-10-09 11:22:55:618] <10478> MallUrl:http://www.casebuy.me
INFO	[2012-10-09 11:22:55:618] <10478> UserId:
INFO	[2012-10-09 11:22:55:618] <10478> OrdNm:pun
INFO	[2012-10-09 11:22:55:618] <10478> OrdPhone:01027178221
INFO	[2012-10-09 11:22:55:618] <10478> OrdAddr:ÏÑúÏö∏ Í∞ïÎÇ®Íµ¨ Ïó≠ÏÇº1Îèô GSÍ∞ïÎÇ®ÌÉÄÏõå 3333
INFO	[2012-10-09 11:22:55:618] <10478> RcpNm:pun
INFO	[2012-10-09 11:22:55:618] <10478> RcpPhone:01027178221
INFO	[2012-10-09 11:22:55:618] <10478> DlvAddr:ÏÑúÏö∏ Í∞ïÎÇ®Íµ¨ Ïó≠ÏÇº1Îèô GSÍ∞ïÎÇ®ÌÉÄÏõå 3333
INFO	[2012-10-09 11:22:55:619] <10478> Remark:d
INFO	[2012-10-09 11:22:55:619] <10478> DeviId:9000400001
INFO	[2012-10-09 11:22:55:619] <10478> AuthYn:N
INFO	[2012-10-09 11:22:55:619] <10478> Instmt:
INFO	[2012-10-09 11:22:55:619] <10478> UserIp:211.48.34.44
INFO	[2012-10-09 11:22:55:619] <10478> partial_mm:
INFO	[2012-10-09 11:22:55:619] <10478> noIntMonth:
INFO	[2012-10-09 11:22:55:619] <10478> KVP_CURRENCY:
INFO	[2012-10-09 11:22:55:619] <10478> KVP_CARDCODE:
INFO	[2012-10-09 11:22:55:619] <10478> KVP_SESSIONKEY:
INFO	[2012-10-09 11:22:55:619] <10478> KVP_ENCDATA:
INFO	[2012-10-09 11:22:55:619] <10478> KVP_CONAME:
INFO	[2012-10-09 11:22:55:620] <10478> KVP_NOINT:
INFO	[2012-10-09 11:22:55:620] <10478> KVP_QUOTA:
INFO	[2012-10-09 11:22:55:620] <10478> CardNo:
INFO	[2012-10-09 11:22:55:620] <10478> MPI_CAVV:
INFO	[2012-10-09 11:22:55:620] <10478> MPI_ECI:
INFO	[2012-10-09 11:22:55:620] <10478> MPI_MD64:
INFO	[2012-10-09 11:22:55:620] <10478> ExpMon:
INFO	[2012-10-09 11:22:55:620] <10478> ExpYear:
INFO	[2012-10-09 11:22:55:620] <10478> Passwd:
INFO	[2012-10-09 11:22:55:620] <10478> SocId:
INFO	[2012-10-09 11:22:55:620] <10478> HP_SERVERINFO:
INFO	[2012-10-09 11:22:55:620] <10478> HP_HANDPHONE:
INFO	[2012-10-09 11:22:55:621] <10478> HP_COMPANY:
INFO	[2012-10-09 11:22:55:621] <10478> HP_ID:
INFO	[2012-10-09 11:22:55:621] <10478> HP_SUBID:
INFO	[2012-10-09 11:22:55:621] <10478> HP_UNITType:
INFO	[2012-10-09 11:22:55:621] <10478> HP_IDEN:
INFO	[2012-10-09 11:22:55:621] <10478> HP_IPADDR:
INFO	[2012-10-09 11:22:55:621] <10478> VIRTUAL_CENTERCD:88
INFO	[2012-10-09 11:22:55:621] <10478> VIRTUAL_DEPODT:20121014
INFO	[2012-10-09 11:22:55:621] <10478> ZuminCode:1212121234567
INFO	[2012-10-09 11:22:55:621] <10478> MallPage:/lovehlic/agspay_mobile/AGS_VirAcctResult.php;N;;6000;;
INFO	[2012-10-09 11:22:55:621] <10478> VIRTUAL_NO:56200412936544
INFO	[2012-10-09 11:22:55:621] <10478> ES_SENDNO:
INFO	[2012-10-09 11:22:55:621] <10478> Column1:ÏÉÅÏ†êÏ†ïÎ≥¥ÏûÖÎ†•1
INFO	[2012-10-09 11:22:55:621] <10478> Column2:ÏÉÅÏ†êÏ†ïÎ≥¥ÏûÖÎ†•2
INFO	[2012-10-09 11:22:55:621] <10478> Column3:ÏÉÅÏ†êÏ†ïÎ≥¥ÏûÖÎ†•3
INFO	[2012-10-09 11:22:55:622] <10478> Make NetCancel ID Start
INFO	[2012-10-09 11:22:55:622] <10478> AEGIS_VIR_yulabs79_20121009112255622481
INFO	[2012-10-09 11:22:55:622] <10478> Make NetCancel ID End
INFO	[2012-10-09 11:22:55:622] <10478> Make NetCancelID OK
INFO	[2012-10-09 11:22:55:622] <10478> Make Msg Start
INFO	[2012-10-09 11:22:55:622] <10478> virtual Make MSG OK 
INFO	[2012-10-09 11:22:55:622] <10478> Make Msg End
INFO	[2012-10-09 11:22:55:622] <10478> Make Pay Msg OK
INFO	[2012-10-09 11:22:55:622] <10478> Send & Recv Msg Start
INFO	[2012-10-09 11:22:55:622] <10478> Send Data To PG Start [ 
INFO	[2012-10-09 11:22:55:622] <10478> 0:000339Vvir_n
INFO	[2012-10-09 11:22:55:622] <10478> 1:yulabs79
INFO	[2012-10-09 11:22:55:622] <10478> 2:1000000142
INFO	[2012-10-09 11:22:55:622] <10478> 3:88
INFO	[2012-10-09 11:22:55:622] <10478> 4:56200412936544
INFO	[2012-10-09 11:22:55:622] <10478> 5:6000
INFO	[2012-10-09 11:22:55:622] <10478> 6:20121014
INFO	[2012-10-09 11:22:55:622] <10478> 7:pun
INFO	[2012-10-09 11:22:55:622] <10478> 8:1212121234567
INFO	[2012-10-09 11:22:55:622] <10478> 9:01027178221
INFO	[2012-10-09 11:22:55:622] <10478> 10:dd
INFO	[2012-10-09 11:22:55:622] <10478> 11:ÏÑúÏö∏ Í∞ïÎÇ®Íµ¨ Ïó≠ÏÇº1Îèô GSÍ∞ïÎÇ®ÌÉÄÏõå 3333
INFO	[2012-10-09 11:22:55:622] <10478> 12:pun
INFO	[2012-10-09 11:22:55:622] <10478> 13:01027178221
INFO	[2012-10-09 11:22:55:622] <10478> 14:ÏÑúÏö∏ Í∞ïÎÇ®Íµ¨ Ïó≠ÏÇº1Îèô GSÍ∞ïÎÇ®ÌÉÄÏõå 3333
INFO	[2012-10-09 11:22:55:622] <10478> 15:Ïä§ÌÇ®Î¶¨Ïä§
INFO	[2012-10-09 11:22:55:622] <10478> 16:d
INFO	[2012-10-09 11:22:55:622] <10478> 17:http://www.casebuy.me
INFO	[2012-10-09 11:22:55:622] <10478> 18:/lovehlic/agspay_mobile/AGS_VirAcctResult.php;N;;6000;;
INFO	[2012-10-09 11:22:55:622] <10478> 19:AEGIS_VIR_yulabs79_20121009112255622481
INFO	[2012-10-09 11:22:55:622] <10478> 20:
INFO	[2012-10-09 11:22:55:623] <10478> ] Send Data To PG End 
INFO	[2012-10-09 11:22:55:623] <10478> SendMsg : [000339Vvir_n|yulabs79|1000000142|88|56200412936544|6000|20121014|pun|1212121234567|01027178221|dd|ÏÑúÏö∏ Í∞ïÎÇ®Íµ¨ Ïó≠ÏÇº1Îèô GSÍ∞ïÎÇ®ÌÉÄÏõå 3333|pun|01027178221|ÏÑúÏö∏ Í∞ïÎÇ®Íµ¨ Ïó≠ÏÇº1Îèô GSÍ∞ïÎÇ®ÌÉÄÏõå 3333|Ïä§ÌÇ®Î¶¨Ïä§|d|http://www.casebuy.me|/lovehlic/agspay_mobile/AGS_VirAcctResult.php;N;;6000;;|AEGIS_VIR_yulabs79_20121009112255622481|]
INFO	[2012-10-09 11:22:55:623] <10478> Connect IP:[220.85.12.3] Port:[29760]
INFO	[2012-10-09 11:22:55:627] <10478> Socket Open OK
INFO	[2012-10-09 11:22:55:928] <10478> RecvMsg Length : [000056]
INFO	[2012-10-09 11:22:55:928] <10478> RecvMsg : [vir_n|yulabs79|20121009112256|56200412936544|y|¡§ªÛπË∆˜|]
INFO	[2012-10-09 11:22:55:928] <10478> Socket Close OK
INFO	[2012-10-09 11:22:55:928] <10478> RecvMsg Length Check OK
INFO	[2012-10-09 11:22:55:928] <10478> Send & Recv Msg End
INFO	[2012-10-09 11:22:55:928] <10478> Send & Recv Msg OK
INFO	[2012-10-09 11:22:55:928] <10478> Parse Msg Start
INFO	[2012-10-09 11:22:55:928] <10478> virtual RECV MSG Parsing OK 
INFO	[2012-10-09 11:22:55:928] <10478> Parse Msg End
INFO	[2012-10-09 11:22:55:928] <10478> Msg Parsing OK
INFO	[2012-10-09 11:22:55:929] <10478> virtual Pay Result Value [
INFO	[2012-10-09 11:22:55:929] <10478> NetCancID:AEGIS_VIR_yulabs79_20121009112255622481
INFO	[2012-10-09 11:22:55:929] <10478> rAuthTy:vir_n
INFO	[2012-10-09 11:22:55:929] <10478> rStoreId:yulabs79
INFO	[2012-10-09 11:22:55:929] <10478> rApprTm:20121009112256
INFO	[2012-10-09 11:22:55:929] <10478> rVirNo:56200412936544
INFO	[2012-10-09 11:22:55:929] <10478> rSuccYn:y
INFO	[2012-10-09 11:22:55:929] <10478> rResMsg:¡§ªÛπË∆˜
INFO	[2012-10-09 11:22:55:929] <10478> rOrdNo:1000000142
INFO	[2012-10-09 11:22:55:929] <10478> rProdNm:Ïä§ÌÇ®Î¶¨Ïä§
INFO	[2012-10-09 11:22:55:929] <10478> rAmt:6000
INFO	[2012-10-09 11:22:55:929] <10478> ]
INFO	[2012-10-09 11:22:55:929] <10478> END  ¡§ªÛπË∆˜ Transaction time:[0.313sec]
INFO	[2012-10-09 11:22:55:929] <10478> ===============================================================
INFO	[2012-10-09 11:25:07:165] <10484> ===============================================================
INFO	[2012-10-09 11:25:07:165] <10484> START AgsPay40 php (OS:Linux2.6.18-238.9.1.el5xen,PHP:5.2.17)
INFO	[2012-10-09 11:25:07:165] <10484> virtual Pay Start!
INFO	[2012-10-09 11:25:07:165] <10484> AgsPayHome:/mnt/DATA/WWW/casebuy.me/ko/agspay_mobile/
INFO	[2012-10-09 11:25:07:165] <10484> StoreId:yulabs79
INFO	[2012-10-09 11:25:07:165] <10484> log:true
INFO	[2012-10-09 11:25:07:165] <10484> logLevel:INFO
INFO	[2012-10-09 11:25:07:165] <10484> UseNetCancel:true
INFO	[2012-10-09 11:25:07:165] <10484> Type:Pay
INFO	[2012-10-09 11:25:07:165] <10484> RecvLen:7
INFO	[2012-10-09 11:25:07:165] <10484> AuthTy:virtual
INFO	[2012-10-09 11:25:07:166] <10484> SubTy:
INFO	[2012-10-09 11:25:07:166] <10484> OrdNo:1000000143
INFO	[2012-10-09 11:25:07:166] <10484> Amt:6000
INFO	[2012-10-09 11:25:07:166] <10484> UserEmail:dd
INFO	[2012-10-09 11:25:07:166] <10484> ProdNm:Ïò§Ïπ¥Î™®ÌÜ† Ïä¨Î¶º
INFO	[2012-10-09 11:25:07:166] <10484> MallUrl:http://www.casebuy.me
INFO	[2012-10-09 11:25:07:166] <10484> UserId:
INFO	[2012-10-09 11:25:07:166] <10484> OrdNm:pun
INFO	[2012-10-09 11:25:07:166] <10484> OrdPhone:01027178221
INFO	[2012-10-09 11:25:07:166] <10484> OrdAddr:ÏÑúÏö∏ Í∞ïÎÇ®Íµ¨ Ïó≠ÏÇº1Îèô GSÍ∞ïÎÇ®ÌÉÄÏõå 3333
INFO	[2012-10-09 11:25:07:166] <10484> RcpNm:pun
INFO	[2012-10-09 11:25:07:166] <10484> RcpPhone:01027178221
INFO	[2012-10-09 11:25:07:166] <10484> DlvAddr:ÏÑúÏö∏ Í∞ïÎÇ®Íµ¨ Ïó≠ÏÇº1Îèô GSÍ∞ïÎÇ®ÌÉÄÏõå 3333
INFO	[2012-10-09 11:25:07:166] <10484> Remark:d
INFO	[2012-10-09 11:25:07:166] <10484> DeviId:9000400001
INFO	[2012-10-09 11:25:07:166] <10484> AuthYn:N
INFO	[2012-10-09 11:25:07:167] <10484> Instmt:
INFO	[2012-10-09 11:25:07:167] <10484> UserIp:211.48.34.44
INFO	[2012-10-09 11:25:07:167] <10484> partial_mm:
INFO	[2012-10-09 11:25:07:167] <10484> noIntMonth:
INFO	[2012-10-09 11:25:07:167] <10484> KVP_CURRENCY:
INFO	[2012-10-09 11:25:07:167] <10484> KVP_CARDCODE:
INFO	[2012-10-09 11:25:07:167] <10484> KVP_SESSIONKEY:
INFO	[2012-10-09 11:25:07:167] <10484> KVP_ENCDATA:
INFO	[2012-10-09 11:25:07:167] <10484> KVP_CONAME:
INFO	[2012-10-09 11:25:07:167] <10484> KVP_NOINT:
INFO	[2012-10-09 11:25:07:167] <10484> KVP_QUOTA:
INFO	[2012-10-09 11:25:07:167] <10484> CardNo:
INFO	[2012-10-09 11:25:07:167] <10484> MPI_CAVV:
INFO	[2012-10-09 11:25:07:167] <10484> MPI_ECI:
INFO	[2012-10-09 11:25:07:167] <10484> MPI_MD64:
INFO	[2012-10-09 11:25:07:167] <10484> ExpMon:
INFO	[2012-10-09 11:25:07:168] <10484> ExpYear:
INFO	[2012-10-09 11:25:07:168] <10484> Passwd:
INFO	[2012-10-09 11:25:07:168] <10484> SocId:
INFO	[2012-10-09 11:25:07:168] <10484> HP_SERVERINFO:
INFO	[2012-10-09 11:25:07:168] <10484> HP_HANDPHONE:
INFO	[2012-10-09 11:25:07:168] <10484> HP_COMPANY:
INFO	[2012-10-09 11:25:07:168] <10484> HP_ID:
INFO	[2012-10-09 11:25:07:168] <10484> HP_SUBID:
INFO	[2012-10-09 11:25:07:168] <10484> HP_UNITType:
INFO	[2012-10-09 11:25:07:168] <10484> HP_IDEN:
INFO	[2012-10-09 11:25:07:168] <10484> HP_IPADDR:
INFO	[2012-10-09 11:25:07:168] <10484> VIRTUAL_CENTERCD:20
INFO	[2012-10-09 11:25:07:168] <10484> VIRTUAL_DEPODT:20121014
INFO	[2012-10-09 11:25:07:168] <10484> ZuminCode:1212121234567
INFO	[2012-10-09 11:25:07:168] <10484> MallPage:/lovehlic/agspay_mobile/AGS_VirAcctResult.php;N;;6000;;
INFO	[2012-10-09 11:25:07:169] <10484> VIRTUAL_NO:26360480018254
INFO	[2012-10-09 11:25:07:169] <10484> ES_SENDNO:
INFO	[2012-10-09 11:25:07:169] <10484> Column1:ÏÉÅÏ†êÏ†ïÎ≥¥ÏûÖÎ†•1
INFO	[2012-10-09 11:25:07:169] <10484> Column2:ÏÉÅÏ†êÏ†ïÎ≥¥ÏûÖÎ†•2
INFO	[2012-10-09 11:25:07:169] <10484> Column3:ÏÉÅÏ†êÏ†ïÎ≥¥ÏûÖÎ†•3
INFO	[2012-10-09 11:25:07:169] <10484> Make NetCancel ID Start
INFO	[2012-10-09 11:25:07:169] <10484> AEGIS_VIR_yulabs79_20121009112507169338
INFO	[2012-10-09 11:25:07:169] <10484> Make NetCancel ID End
INFO	[2012-10-09 11:25:07:169] <10484> Make NetCancelID OK
INFO	[2012-10-09 11:25:07:169] <10484> Make Msg Start
INFO	[2012-10-09 11:25:07:169] <10484> virtual Make MSG OK 
INFO	[2012-10-09 11:25:07:169] <10484> Make Msg End
INFO	[2012-10-09 11:25:07:169] <10484> Make Pay Msg OK
INFO	[2012-10-09 11:25:07:169] <10484> Send & Recv Msg Start
INFO	[2012-10-09 11:25:07:169] <10484> Send Data To PG Start [ 
INFO	[2012-10-09 11:25:07:170] <10484> 0:000346Vvir_n
INFO	[2012-10-09 11:25:07:170] <10484> 1:yulabs79
INFO	[2012-10-09 11:25:07:170] <10484> 2:1000000143
INFO	[2012-10-09 11:25:07:170] <10484> 3:20
INFO	[2012-10-09 11:25:07:170] <10484> 4:26360480018254
INFO	[2012-10-09 11:25:07:170] <10484> 5:6000
INFO	[2012-10-09 11:25:07:170] <10484> 6:20121014
INFO	[2012-10-09 11:25:07:170] <10484> 7:pun
INFO	[2012-10-09 11:25:07:170] <10484> 8:1212121234567
INFO	[2012-10-09 11:25:07:170] <10484> 9:01027178221
INFO	[2012-10-09 11:25:07:170] <10484> 10:dd
INFO	[2012-10-09 11:25:07:170] <10484> 11:ÏÑúÏö∏ Í∞ïÎÇ®Íµ¨ Ïó≠ÏÇº1Îèô GSÍ∞ïÎÇ®ÌÉÄÏõå 3333
INFO	[2012-10-09 11:25:07:170] <10484> 12:pun
INFO	[2012-10-09 11:25:07:170] <10484> 13:01027178221
INFO	[2012-10-09 11:25:07:170] <10484> 14:ÏÑúÏö∏ Í∞ïÎÇ®Íµ¨ Ïó≠ÏÇº1Îèô GSÍ∞ïÎÇ®ÌÉÄÏõå 3333
INFO	[2012-10-09 11:25:07:170] <10484> 15:Ïò§Ïπ¥Î™®ÌÜ† Ïä¨Î¶º
INFO	[2012-10-09 11:25:07:170] <10484> 16:d
INFO	[2012-10-09 11:25:07:170] <10484> 17:http://www.casebuy.me
INFO	[2012-10-09 11:25:07:170] <10484> 18:/lovehlic/agspay_mobile/AGS_VirAcctResult.php;N;;6000;;
INFO	[2012-10-09 11:25:07:170] <10484> 19:AEGIS_VIR_yulabs79_20121009112507169338
INFO	[2012-10-09 11:25:07:170] <10484> 20:
INFO	[2012-10-09 11:25:07:170] <10484> ] Send Data To PG End 
INFO	[2012-10-09 11:25:07:170] <10484> SendMsg : [000346Vvir_n|yulabs79|1000000143|20|26360480018254|6000|20121014|pun|1212121234567|01027178221|dd|ÏÑúÏö∏ Í∞ïÎÇ®Íµ¨ Ïó≠ÏÇº1Îèô GSÍ∞ïÎÇ®ÌÉÄÏõå 3333|pun|01027178221|ÏÑúÏö∏ Í∞ïÎÇ®Íµ¨ Ïó≠ÏÇº1Îèô GSÍ∞ïÎÇ®ÌÉÄÏõå 3333|Ïò§Ïπ¥Î™®ÌÜ† Ïä¨Î¶º|d|http://www.casebuy.me|/lovehlic/agspay_mobile/AGS_VirAcctResult.php;N;;6000;;|AEGIS_VIR_yulabs79_20121009112507169338|]
INFO	[2012-10-09 11:25:07:170] <10484> Connect IP:[220.85.12.3] Port:[29760]
INFO	[2012-10-09 11:25:07:175] <10484> Socket Open OK
INFO	[2012-10-09 11:25:07:641] <10484> RecvMsg Length : [000056]
INFO	[2012-10-09 11:25:07:641] <10484> RecvMsg : [vir_n|yulabs79|20121009112507|26360480018254|y|¡§ªÛπË∆˜|]
INFO	[2012-10-09 11:25:07:641] <10484> Socket Close OK
INFO	[2012-10-09 11:25:07:641] <10484> RecvMsg Length Check OK
INFO	[2012-10-09 11:25:07:641] <10484> Send & Recv Msg End
INFO	[2012-10-09 11:25:07:641] <10484> Send & Recv Msg OK
INFO	[2012-10-09 11:25:07:641] <10484> Parse Msg Start
INFO	[2012-10-09 11:25:07:641] <10484> virtual RECV MSG Parsing OK 
INFO	[2012-10-09 11:25:07:641] <10484> Parse Msg End
INFO	[2012-10-09 11:25:07:641] <10484> Msg Parsing OK
INFO	[2012-10-09 11:25:07:641] <10484> virtual Pay Result Value [
INFO	[2012-10-09 11:25:07:641] <10484> NetCancID:AEGIS_VIR_yulabs79_20121009112507169338
INFO	[2012-10-09 11:25:07:642] <10484> rAuthTy:vir_n
INFO	[2012-10-09 11:25:07:642] <10484> rStoreId:yulabs79
INFO	[2012-10-09 11:25:07:642] <10484> rApprTm:20121009112507
INFO	[2012-10-09 11:25:07:642] <10484> rVirNo:26360480018254
INFO	[2012-10-09 11:25:07:642] <10484> rSuccYn:y
INFO	[2012-10-09 11:25:07:642] <10484> rResMsg:¡§ªÛπË∆˜
INFO	[2012-10-09 11:25:07:642] <10484> rOrdNo:1000000143
INFO	[2012-10-09 11:25:07:642] <10484> rProdNm:Ïò§Ïπ¥Î™®ÌÜ† Ïä¨Î¶º
INFO	[2012-10-09 11:25:07:642] <10484> rAmt:6000
INFO	[2012-10-09 11:25:07:642] <10484> ]
INFO	[2012-10-09 11:25:07:642] <10484> END  ¡§ªÛπË∆˜ Transaction time:[0.477sec]
INFO	[2012-10-09 11:25:07:642] <10484> ===============================================================
INFO	[2012-10-09 11:25:47:446] <9940> ===============================================================
INFO	[2012-10-09 11:25:47:446] <9940> START AgsPay40 php (OS:Linux2.6.18-238.9.1.el5xen,PHP:5.2.17)
INFO	[2012-10-09 11:25:47:446] <9940> virtual Pay Start!
INFO	[2012-10-09 11:25:47:446] <9940> AgsPayHome:/mnt/DATA/WWW/casebuy.me/ko/agspay_mobile/
INFO	[2012-10-09 11:25:47:447] <9940> StoreId:yulabs79
INFO	[2012-10-09 11:25:47:447] <9940> log:true
INFO	[2012-10-09 11:25:47:447] <9940> logLevel:INFO
INFO	[2012-10-09 11:25:47:447] <9940> UseNetCancel:true
INFO	[2012-10-09 11:25:47:447] <9940> Type:Pay
INFO	[2012-10-09 11:25:47:447] <9940> RecvLen:7
INFO	[2012-10-09 11:25:47:447] <9940> AuthTy:virtual
INFO	[2012-10-09 11:25:47:447] <9940> SubTy:
INFO	[2012-10-09 11:25:47:447] <9940> OrdNo:1000000144
INFO	[2012-10-09 11:25:47:447] <9940> Amt:6000
INFO	[2012-10-09 11:25:47:447] <9940> UserEmail:dd
INFO	[2012-10-09 11:25:47:447] <9940> ProdNm:ÌïÄÎèî
INFO	[2012-10-09 11:25:47:447] <9940> MallUrl:http://www.casebuy.me
INFO	[2012-10-09 11:25:47:447] <9940> UserId:
INFO	[2012-10-09 11:25:47:448] <9940> OrdNm:pun
INFO	[2012-10-09 11:25:47:448] <9940> OrdPhone:01027178221
INFO	[2012-10-09 11:25:47:448] <9940> OrdAddr:ÏÑúÏö∏ Í∞ïÎÇ®Íµ¨ Ïó≠ÏÇº1Îèô GSÍ∞ïÎÇ®ÌÉÄÏõå 3333
INFO	[2012-10-09 11:25:47:448] <9940> RcpNm:pun
INFO	[2012-10-09 11:25:47:448] <9940> RcpPhone:01027178221
INFO	[2012-10-09 11:25:47:448] <9940> DlvAddr:ÏÑúÏö∏ Í∞ïÎÇ®Íµ¨ Ïó≠ÏÇº1Îèô GSÍ∞ïÎÇ®ÌÉÄÏõå 3333
INFO	[2012-10-09 11:25:47:448] <9940> Remark:d
INFO	[2012-10-09 11:25:47:448] <9940> DeviId:9000400001
INFO	[2012-10-09 11:25:47:448] <9940> AuthYn:N
INFO	[2012-10-09 11:25:47:448] <9940> Instmt:
INFO	[2012-10-09 11:25:47:448] <9940> UserIp:211.48.34.44
INFO	[2012-10-09 11:25:47:448] <9940> partial_mm:
INFO	[2012-10-09 11:25:47:448] <9940> noIntMonth:
INFO	[2012-10-09 11:25:47:448] <9940> KVP_CURRENCY:
INFO	[2012-10-09 11:25:47:449] <9940> KVP_CARDCODE:
INFO	[2012-10-09 11:25:47:449] <9940> KVP_SESSIONKEY:
INFO	[2012-10-09 11:25:47:449] <9940> KVP_ENCDATA:
INFO	[2012-10-09 11:25:47:449] <9940> KVP_CONAME:
INFO	[2012-10-09 11:25:47:449] <9940> KVP_NOINT:
INFO	[2012-10-09 11:25:47:449] <9940> KVP_QUOTA:
INFO	[2012-10-09 11:25:47:449] <9940> CardNo:
INFO	[2012-10-09 11:25:47:449] <9940> MPI_CAVV:
INFO	[2012-10-09 11:25:47:449] <9940> MPI_ECI:
INFO	[2012-10-09 11:25:47:449] <9940> MPI_MD64:
INFO	[2012-10-09 11:25:47:449] <9940> ExpMon:
INFO	[2012-10-09 11:25:47:449] <9940> ExpYear:
INFO	[2012-10-09 11:25:47:449] <9940> Passwd:
INFO	[2012-10-09 11:25:47:450] <9940> SocId:
INFO	[2012-10-09 11:25:47:450] <9940> HP_SERVERINFO:
INFO	[2012-10-09 11:25:47:450] <9940> HP_HANDPHONE:
INFO	[2012-10-09 11:25:47:450] <9940> HP_COMPANY:
INFO	[2012-10-09 11:25:47:450] <9940> HP_ID:
INFO	[2012-10-09 11:25:47:450] <9940> HP_SUBID:
INFO	[2012-10-09 11:25:47:450] <9940> HP_UNITType:
INFO	[2012-10-09 11:25:47:450] <9940> HP_IDEN:
INFO	[2012-10-09 11:25:47:450] <9940> HP_IPADDR:
INFO	[2012-10-09 11:25:47:450] <9940> VIRTUAL_CENTERCD:03
INFO	[2012-10-09 11:25:47:450] <9940> VIRTUAL_DEPODT:20121014
INFO	[2012-10-09 11:25:47:450] <9940> ZuminCode:1212121234567
INFO	[2012-10-09 11:25:47:450] <9940> MallPage:/lovehlic/agspay_mobile/AGS_VirAcctResult.php;N;;6000;;
INFO	[2012-10-09 11:25:47:450] <9940> VIRTUAL_NO:13700002997206
INFO	[2012-10-09 11:25:47:451] <9940> ES_SENDNO:
INFO	[2012-10-09 11:25:47:451] <9940> Column1:ÏÉÅÏ†êÏ†ïÎ≥¥ÏûÖÎ†•1
INFO	[2012-10-09 11:25:47:451] <9940> Column2:ÏÉÅÏ†êÏ†ïÎ≥¥ÏûÖÎ†•2
INFO	[2012-10-09 11:25:47:451] <9940> Column3:ÏÉÅÏ†êÏ†ïÎ≥¥ÏûÖÎ†•3
INFO	[2012-10-09 11:25:47:451] <9940> Make NetCancel ID Start
INFO	[2012-10-09 11:25:47:451] <9940> AEGIS_VIR_yulabs79_20121009112547451589
INFO	[2012-10-09 11:25:47:451] <9940> Make NetCancel ID End
INFO	[2012-10-09 11:25:47:451] <9940> Make NetCancelID OK
INFO	[2012-10-09 11:25:47:451] <9940> Make Msg Start
INFO	[2012-10-09 11:25:47:451] <9940> virtual Make MSG OK 
INFO	[2012-10-09 11:25:47:451] <9940> Make Msg End
INFO	[2012-10-09 11:25:47:451] <9940> Make Pay Msg OK
INFO	[2012-10-09 11:25:47:451] <9940> Send & Recv Msg Start
INFO	[2012-10-09 11:25:47:452] <9940> Send Data To PG Start [ 
INFO	[2012-10-09 11:25:47:452] <9940> 0:000333Vvir_n
INFO	[2012-10-09 11:25:47:452] <9940> 1:yulabs79
INFO	[2012-10-09 11:25:47:452] <9940> 2:1000000144
INFO	[2012-10-09 11:25:47:452] <9940> 3:03
INFO	[2012-10-09 11:25:47:452] <9940> 4:13700002997206
INFO	[2012-10-09 11:25:47:452] <9940> 5:6000
INFO	[2012-10-09 11:25:47:452] <9940> 6:20121014
INFO	[2012-10-09 11:25:47:452] <9940> 7:pun
INFO	[2012-10-09 11:25:47:452] <9940> 8:1212121234567
INFO	[2012-10-09 11:25:47:452] <9940> 9:01027178221
INFO	[2012-10-09 11:25:47:452] <9940> 10:dd
INFO	[2012-10-09 11:25:47:452] <9940> 11:ÏÑúÏö∏ Í∞ïÎÇ®Íµ¨ Ïó≠ÏÇº1Îèô GSÍ∞ïÎÇ®ÌÉÄÏõå 3333
INFO	[2012-10-09 11:25:47:452] <9940> 12:pun
INFO	[2012-10-09 11:25:47:452] <9940> 13:01027178221
INFO	[2012-10-09 11:25:47:452] <9940> 14:ÏÑúÏö∏ Í∞ïÎÇ®Íµ¨ Ïó≠ÏÇº1Îèô GSÍ∞ïÎÇ®ÌÉÄÏõå 3333
INFO	[2012-10-09 11:25:47:452] <9940> 15:ÌïÄÎèî
INFO	[2012-10-09 11:25:47:452] <9940> 16:d
INFO	[2012-10-09 11:25:47:452] <9940> 17:http://www.casebuy.me
INFO	[2012-10-09 11:25:47:452] <9940> 18:/lovehlic/agspay_mobile/AGS_VirAcctResult.php;N;;6000;;
INFO	[2012-10-09 11:25:47:452] <9940> 19:AEGIS_VIR_yulabs79_20121009112547451589
INFO	[2012-10-09 11:25:47:452] <9940> 20:
INFO	[2012-10-09 11:25:47:452] <9940> ] Send Data To PG End 
INFO	[2012-10-09 11:25:47:452] <9940> SendMsg : [000333Vvir_n|yulabs79|1000000144|03|13700002997206|6000|20121014|pun|1212121234567|01027178221|dd|ÏÑúÏö∏ Í∞ïÎÇ®Íµ¨ Ïó≠ÏÇº1Îèô GSÍ∞ïÎÇ®ÌÉÄÏõå 3333|pun|01027178221|ÏÑúÏö∏ Í∞ïÎÇ®Íµ¨ Ïó≠ÏÇº1Îèô GSÍ∞ïÎÇ®ÌÉÄÏõå 3333|ÌïÄÎèî|d|http://www.casebuy.me|/lovehlic/agspay_mobile/AGS_VirAcctResult.php;N;;6000;;|AEGIS_VIR_yulabs79_20121009112547451589|]
INFO	[2012-10-09 11:25:47:452] <9940> Connect IP:[220.85.12.3] Port:[29760]
INFO	[2012-10-09 11:25:47:457] <9940> Socket Open OK
INFO	[2012-10-09 11:25:47:677] <9940> RecvMsg Length : [000056]
INFO	[2012-10-09 11:25:47:677] <9940> RecvMsg : [vir_n|yulabs79|20121009112548|13700002997206|y|¡§ªÛπË∆˜|]
INFO	[2012-10-09 11:25:47:677] <9940> Socket Close OK
INFO	[2012-10-09 11:25:47:677] <9940> RecvMsg Length Check OK
INFO	[2012-10-09 11:25:47:677] <9940> Send & Recv Msg End
INFO	[2012-10-09 11:25:47:677] <9940> Send & Recv Msg OK
INFO	[2012-10-09 11:25:47:677] <9940> Parse Msg Start
INFO	[2012-10-09 11:25:47:677] <9940> virtual RECV MSG Parsing OK 
INFO	[2012-10-09 11:25:47:677] <9940> Parse Msg End
INFO	[2012-10-09 11:25:47:677] <9940> Msg Parsing OK
INFO	[2012-10-09 11:25:47:678] <9940> virtual Pay Result Value [
INFO	[2012-10-09 11:25:47:678] <9940> NetCancID:AEGIS_VIR_yulabs79_20121009112547451589
INFO	[2012-10-09 11:25:47:678] <9940> rAuthTy:vir_n
INFO	[2012-10-09 11:25:47:678] <9940> rStoreId:yulabs79
INFO	[2012-10-09 11:25:47:678] <9940> rApprTm:20121009112548
INFO	[2012-10-09 11:25:47:678] <9940> rVirNo:13700002997206
INFO	[2012-10-09 11:25:47:678] <9940> rSuccYn:y
INFO	[2012-10-09 11:25:47:678] <9940> rResMsg:¡§ªÛπË∆˜
INFO	[2012-10-09 11:25:47:678] <9940> rOrdNo:1000000144
INFO	[2012-10-09 11:25:47:678] <9940> rProdNm:ÌïÄÎèî
INFO	[2012-10-09 11:25:47:678] <9940> rAmt:6000
INFO	[2012-10-09 11:25:47:678] <9940> ]
INFO	[2012-10-09 11:25:47:678] <9940> END  ¡§ªÛπË∆˜ Transaction time:[0.233sec]
INFO	[2012-10-09 11:25:47:679] <9940> ===============================================================
INFO	[2012-10-09 11:33:04:49] <10520> ===============================================================
INFO	[2012-10-09 11:33:04:49] <10520> START AgsPay40 php (OS:Linux2.6.18-238.9.1.el5xen,PHP:5.2.17)
INFO	[2012-10-09 11:33:04:49] <10520> card Pay Start!
INFO	[2012-10-09 11:33:04:49] <10520> AgsPayHome:/mnt/DATA/WWW/casebuy.me/ko/agspay_mobile/
INFO	[2012-10-09 11:33:04:49] <10520> StoreId:yulabs79
INFO	[2012-10-09 11:33:04:49] <10520> log:true
INFO	[2012-10-09 11:33:04:49] <10520> logLevel:INFO
INFO	[2012-10-09 11:33:04:49] <10520> UseNetCancel:true
INFO	[2012-10-09 11:33:04:49] <10520> Type:Pay
INFO	[2012-10-09 11:33:04:50] <10520> RecvLen:7
INFO	[2012-10-09 11:33:04:50] <10520> AuthTy:card
INFO	[2012-10-09 11:33:04:50] <10520> SubTy:visa3d
INFO	[2012-10-09 11:33:04:50] <10520> OrdNo:1000000145
INFO	[2012-10-09 11:33:04:50] <10520> Amt:15550
INFO	[2012-10-09 11:33:04:50] <10520> UserEmail:dd
INFO	[2012-10-09 11:33:04:50] <10520> ProdNm:Ïö¥ÏàòÎåÄÌÜµ 2Î∞ïÏä§
INFO	[2012-10-09 11:33:04:50] <10520> MallUrl:http://www.casebuy.me
INFO	[2012-10-09 11:33:04:50] <10520> UserId:16
INFO	[2012-10-09 11:33:04:50] <10520> OrdNm:PYN
INFO	[2012-10-09 11:33:04:50] <10520> OrdPhone:01027178221
INFO	[2012-10-09 11:33:04:50] <10520> OrdAddr:ÏÑúÏö∏ Í∞ïÎÇ®Íµ¨ Ïó≠ÏÇº1Îèô GSÍ∞ïÎÇ®ÌÉÄÏõå 3333
INFO	[2012-10-09 11:33:04:50] <10520> RcpNm:pun
INFO	[2012-10-09 11:33:04:50] <10520> RcpPhone:01027178221
INFO	[2012-10-09 11:33:04:51] <10520> DlvAddr:ÏÑúÏö∏ Í∞ïÎÇ®Íµ¨ Ïó≠ÏÇº1Îèô GSÍ∞ïÎÇ®ÌÉÄÏõå 3333
INFO	[2012-10-09 11:33:04:51] <10520> Remark:d
INFO	[2012-10-09 11:33:04:51] <10520> DeviId:9000400001
INFO	[2012-10-09 11:33:04:51] <10520> AuthYn:N;211.48.34.44;N;;15550;;null;
INFO	[2012-10-09 11:33:04:51] <10520> Instmt:00
INFO	[2012-10-09 11:33:04:51] <10520> UserIp:211.48.34.44
INFO	[2012-10-09 11:33:04:51] <10520> partial_mm:00
INFO	[2012-10-09 11:33:04:51] <10520> noIntMonth:
INFO	[2012-10-09 11:33:04:51] <10520> KVP_CURRENCY:
INFO	[2012-10-09 11:33:04:51] <10520> KVP_CARDCODE:
INFO	[2012-10-09 11:33:04:51] <10520> KVP_SESSIONKEY:
INFO	[2012-10-09 11:33:04:51] <10520> KVP_ENCDATA:
INFO	[2012-10-09 11:33:04:51] <10520> KVP_CONAME:
INFO	[2012-10-09 11:33:04:51] <10520> KVP_NOINT:
INFO	[2012-10-09 11:33:04:52] <10520> KVP_QUOTA:
INFO	[2012-10-09 11:33:04:52] <10520> CardNo:4374360069657003
INFO	[2012-10-09 11:33:04:52] <10520> MPI_CAVV:AAABCAGHICASEAkRM4cgAAAAAAA=
INFO	[2012-10-09 11:33:04:52] <10520> MPI_ECI:05
INFO	[2012-10-09 11:33:04:52] <10520> MPI_MD64:MjAxMjEwMDkxMTMyMjI2MzkxMDY=
INFO	[2012-10-09 11:33:04:52] <10520> ExpMon:2049
INFO	[2012-10-09 11:33:04:52] <10520> ExpYear:12
INFO	[2012-10-09 11:33:04:52] <10520> Passwd:
INFO	[2012-10-09 11:33:04:52] <10520> SocId:
INFO	[2012-10-09 11:33:04:52] <10520> HP_SERVERINFO:
INFO	[2012-10-09 11:33:04:52] <10520> HP_HANDPHONE:
INFO	[2012-10-09 11:33:04:52] <10520> HP_COMPANY:
INFO	[2012-10-09 11:33:04:52] <10520> HP_ID:
INFO	[2012-10-09 11:33:04:52] <10520> HP_SUBID:
INFO	[2012-10-09 11:33:04:53] <10520> HP_UNITType:
INFO	[2012-10-09 11:33:04:53] <10520> HP_IDEN:
INFO	[2012-10-09 11:33:04:53] <10520> HP_IPADDR:
INFO	[2012-10-09 11:33:04:53] <10520> VIRTUAL_CENTERCD:
INFO	[2012-10-09 11:33:04:53] <10520> VIRTUAL_DEPODT:
INFO	[2012-10-09 11:33:04:53] <10520> ZuminCode:
INFO	[2012-10-09 11:33:04:53] <10520> MallPage:
INFO	[2012-10-09 11:33:04:53] <10520> VIRTUAL_NO:
INFO	[2012-10-09 11:33:04:53] <10520> ES_SENDNO:
INFO	[2012-10-09 11:33:04:53] <10520> Column1:ÏÉÅÏ†êÏ†ïÎ≥¥ÏûÖÎ†•1
INFO	[2012-10-09 11:33:04:53] <10520> Column2:ÏÉÅÏ†êÏ†ïÎ≥¥ÏûÖÎ†•2
INFO	[2012-10-09 11:33:04:53] <10520> Column3:ÏÉÅÏ†êÏ†ïÎ≥¥ÏûÖÎ†•3
INFO	[2012-10-09 11:33:04:53] <10520> Make NetCancel ID Start
INFO	[2012-10-09 11:33:04:54] <10520> AEGIS_VISAyulabs79_20121009113304053849
INFO	[2012-10-09 11:33:04:54] <10520> Make NetCancel ID End
INFO	[2012-10-09 11:33:04:54] <10520> Make NetCancelID OK
INFO	[2012-10-09 11:33:04:54] <10520> Make Msg Start
INFO	[2012-10-09 11:33:04:54] <10520> Encrypt Start
INFO	[2012-10-09 11:33:04:54] <10520> Encrypt End
INFO	[2012-10-09 11:33:04:54] <10520> Encrypt Start
INFO	[2012-10-09 11:33:04:54] <10520> Encrypt End
INFO	[2012-10-09 11:33:04:54] <10520> Encrypt Start
INFO	[2012-10-09 11:33:04:54] <10520> Encrypt End
INFO	[2012-10-09 11:33:04:54] <10520> Encrypt Start
INFO	[2012-10-09 11:33:04:54] <10520> Encrypt End
INFO	[2012-10-09 11:33:04:55] <10520> card-visa3d Make MSG OK 
INFO	[2012-10-09 11:33:04:55] <10520> Make Msg End
INFO	[2012-10-09 11:33:04:55] <10520> Make Pay Msg OK
INFO	[2012-10-09 11:33:04:55] <10520> Send & Recv Msg Start
INFO	[2012-10-09 11:33:04:55] <10520> Send Data To PG Start [ 
INFO	[2012-10-09 11:33:04:55] <10520> 0:0003310mobile
INFO	[2012-10-09 11:33:04:55] <10520> 1:yulabs79
INFO	[2012-10-09 11:33:04:55] <10520> 2:16
INFO	[2012-10-09 11:33:04:55] <10520> 3:15550
INFO	[2012-10-09 11:33:04:55] <10520> 4:1000000145
INFO	[2012-10-09 11:33:04:55] <10520> 5:9000400001
INFO	[2012-10-09 11:33:04:55] <10520> 6:3748311563608819
INFO	[2012-10-09 11:33:04:55] <10520> 7:914306
INFO	[2012-10-09 11:33:04:55] <10520> 8:00
INFO	[2012-10-09 11:33:04:55] <10520> 9:N;211.48.34.44;N;;15550;;null;
INFO	[2012-10-09 11:33:04:55] <10520> 10:
INFO	[2012-10-09 11:33:04:55] <10520> 11:
INFO	[2012-10-09 11:33:04:55] <10520> 12:pun
INFO	[2012-10-09 11:33:04:55] <10520> 13:01027178221
INFO	[2012-10-09 11:33:04:55] <10520> 14:ÏÑúÏö∏ Í∞ïÎÇ®Íµ¨ Ïó≠ÏÇº1Îèô GSÍ∞ïÎÇ®ÌÉÄÏõå 3333
INFO	[2012-10-09 11:33:04:55] <10520> 15:PYN
INFO	[2012-10-09 11:33:04:55] <10520> 16:211.48.34.44;01027178221
INFO	[2012-10-09 11:33:04:55] <10520> 17:dd;d
INFO	[2012-10-09 11:33:04:55] <10520> 18:Ïö¥ÏàòÎåÄÌÜµ 2Î∞ïÏä§
INFO	[2012-10-09 11:33:04:55] <10520> 19:AAABCAGHICASEAkRM4cgAAAAAAA=
INFO	[2012-10-09 11:33:04:55] <10520> 20:MjAxMjEwMDkxMTMyMjI2MzkxMDY=
INFO	[2012-10-09 11:33:04:55] <10520> 21:05
INFO	[2012-10-09 11:33:04:55] <10520> 22:dd
INFO	[2012-10-09 11:33:04:55] <10520> 23:AEGIS_VISAyulabs79_20121009113304053849
INFO	[2012-10-09 11:33:04:55] <10520> 24:
INFO	[2012-10-09 11:33:04:55] <10520> ] Send Data To PG End 
INFO	[2012-10-09 11:33:04:55] <10520> SendMsg : [0003310mobile|yulabs79|16|15550|1000000145|9000400001|3748311563608819|914306|00|N;211.48.34.44;N;;15550;;null;|||pun|01027178221|ÏÑúÏö∏ Í∞ïÎÇ®Íµ¨ Ïó≠ÏÇº1Îèô GSÍ∞ïÎÇ®ÌÉÄÏõå 3333|PYN|211.48.34.44;01027178221|dd;d|Ïö¥ÏàòÎåÄÌÜµ 2Î∞ïÏä§|AAABCAGHICASEAkRM4cgAAAAAAA=|MjAxMjEwMDkxMTMyMjI2MzkxMDY=|05|dd|AEGIS_VISAyulabs79_20121009113304053849|]
INFO	[2012-10-09 11:33:04:55] <10520> Connect IP:[220.85.12.3] Port:[29760]
INFO	[2012-10-09 11:33:04:61] <10520> Socket Open OK
INFO	[2012-10-09 11:33:06:625] <10520> RecvMsg Length : [000110]
INFO	[2012-10-09 11:33:06:625] <10520> RecvMsg : [yulabs79|0610|1000000145|36905151|000000015550|y|¡§ªÛΩ¬¿Œ|Ω≈«—|20121009113304|0500|18570317|0500|Ω≈«—|504198|
]
INFO	[2012-10-09 11:33:06:626] <10520> Socket Close OK
INFO	[2012-10-09 11:33:06:626] <10520> RecvMsg Length Check OK
INFO	[2012-10-09 11:33:06:626] <10520> Send & Recv Msg End
INFO	[2012-10-09 11:33:06:626] <10520> Send & Recv Msg OK
INFO	[2012-10-09 11:33:06:626] <10520> Parse Msg Start
INFO	[2012-10-09 11:33:06:626] <10520> card-visa3d RECV MSG Parsing OK 
INFO	[2012-10-09 11:33:06:626] <10520> Parse Msg End
INFO	[2012-10-09 11:33:06:626] <10520> Msg Parsing OK
INFO	[2012-10-09 11:33:06:626] <10520> card Pay Result Value [
INFO	[2012-10-09 11:33:06:626] <10520> NetCancID:AEGIS_VISAyulabs79_20121009113304053849
INFO	[2012-10-09 11:33:06:626] <10520> rStoreId:yulabs79
INFO	[2012-10-09 11:33:06:626] <10520> rBusiCd:0610
INFO	[2012-10-09 11:33:06:626] <10520> rOrdNo:1000000145
INFO	[2012-10-09 11:33:06:627] <10520> rApprNo:36905151
INFO	[2012-10-09 11:33:06:627] <10520> rInstmt:00
INFO	[2012-10-09 11:33:06:627] <10520> rAmt:000000015550
INFO	[2012-10-09 11:33:06:627] <10520> rSuccYn:y
INFO	[2012-10-09 11:33:06:627] <10520> rResMsg:¡§ªÛΩ¬¿Œ
INFO	[2012-10-09 11:33:06:627] <10520> rCardNm:Ω≈«—
INFO	[2012-10-09 11:33:06:627] <10520> rApprTm:20121009113304
INFO	[2012-10-09 11:33:06:627] <10520> rCardCd:0500
INFO	[2012-10-09 11:33:06:627] <10520> rMembNo:18570317
INFO	[2012-10-09 11:33:06:627] <10520> rAquiCd:0500
INFO	[2012-10-09 11:33:06:627] <10520> rAquiNm:Ω≈«—
INFO	[2012-10-09 11:33:06:627] <10520> rDealNo:504198
INFO	[2012-10-09 11:33:06:627] <10520> rProdNm:Ïö¥ÏàòÎåÄÌÜµ 2Î∞ïÏä§
INFO	[2012-10-09 11:33:06:627] <10520> ]
INFO	[2012-10-09 11:33:06:628] <10520> END  ¡§ªÛΩ¬¿Œ Transaction time:[2.579sec]
INFO	[2012-10-09 11:33:06:628] <10520> ===============================================================
INFO	[2012-10-09 12:21:30:358] <10518> ===============================================================
INFO	[2012-10-09 12:21:30:358] <10518> START AgsPay40 php (OS:Linux2.6.18-238.9.1.el5xen,PHP:5.2.17)
INFO	[2012-10-09 12:21:30:358] <10518> card Pay Start!
INFO	[2012-10-09 12:21:30:358] <10518> AgsPayHome:/mnt/DATA/WWW/casebuy.me/ko/agspay_mobile/
INFO	[2012-10-09 12:21:30:358] <10518> StoreId:yulabs79
INFO	[2012-10-09 12:21:30:359] <10518> log:true
INFO	[2012-10-09 12:21:30:359] <10518> logLevel:INFO
INFO	[2012-10-09 12:21:30:359] <10518> UseNetCancel:true
INFO	[2012-10-09 12:21:30:359] <10518> Type:Pay
INFO	[2012-10-09 12:21:30:359] <10518> RecvLen:7
INFO	[2012-10-09 12:21:30:359] <10518> AuthTy:card
INFO	[2012-10-09 12:21:30:359] <10518> SubTy:visa3d
INFO	[2012-10-09 12:21:30:359] <10518> OrdNo:1000000146
INFO	[2012-10-09 12:21:30:359] <10518> Amt:6300
INFO	[2012-10-09 12:21:30:359] <10518> UserEmail:dd
INFO	[2012-10-09 12:21:30:359] <10518> ProdNm:ÌïÄÎèî
INFO	[2012-10-09 12:21:30:359] <10518> MallUrl:http://www.casebuy.me
INFO	[2012-10-09 12:21:30:359] <10518> UserId:16
INFO	[2012-10-09 12:21:30:359] <10518> OrdNm:yongnam park
INFO	[2012-10-09 12:21:30:359] <10518> OrdPhone:01027178221
INFO	[2012-10-09 12:21:30:359] <10518> OrdAddr:ÏÑúÏö∏ Í∞ïÎÇ®Íµ¨ Ïó≠ÏÇº1Îèô GSÍ∞ïÎÇ®ÌÉÄÏõå 3333
INFO	[2012-10-09 12:21:30:359] <10518> RcpNm:pun
INFO	[2012-10-09 12:21:30:360] <10518> RcpPhone:01027178221
INFO	[2012-10-09 12:21:30:360] <10518> DlvAddr:ÏÑúÏö∏ Í∞ïÎÇ®Íµ¨ Ïó≠ÏÇº1Îèô GSÍ∞ïÎÇ®ÌÉÄÏõå 3333
INFO	[2012-10-09 12:21:30:360] <10518> Remark:d
INFO	[2012-10-09 12:21:30:360] <10518> DeviId:9000400001
INFO	[2012-10-09 12:21:30:360] <10518> AuthYn:N;211.48.34.44;N;;6300;;null;
INFO	[2012-10-09 12:21:30:360] <10518> Instmt:00
INFO	[2012-10-09 12:21:30:360] <10518> UserIp:211.48.34.44
INFO	[2012-10-09 12:21:30:360] <10518> partial_mm:00
INFO	[2012-10-09 12:21:30:360] <10518> noIntMonth:
INFO	[2012-10-09 12:21:30:360] <10518> KVP_CURRENCY:
INFO	[2012-10-09 12:21:30:360] <10518> KVP_CARDCODE:
INFO	[2012-10-09 12:21:30:360] <10518> KVP_SESSIONKEY:
INFO	[2012-10-09 12:21:30:360] <10518> KVP_ENCDATA:
INFO	[2012-10-09 12:21:30:360] <10518> KVP_CONAME:
INFO	[2012-10-09 12:21:30:360] <10518> KVP_NOINT:
INFO	[2012-10-09 12:21:30:360] <10518> KVP_QUOTA:
INFO	[2012-10-09 12:21:30:361] <10518> CardNo:4374360069657003
INFO	[2012-10-09 12:21:30:361] <10518> MPI_CAVV:AAABAXaJhiASEAkSIYmGAAAAAAA=
INFO	[2012-10-09 12:21:30:361] <10518> MPI_ECI:05
INFO	[2012-10-09 12:21:30:361] <10518> MPI_MD64:MjAxMjEwMDkxMjIwNDUzNDQxMDY=
INFO	[2012-10-09 12:21:30:361] <10518> ExpMon:2049
INFO	[2012-10-09 12:21:30:361] <10518> ExpYear:12
INFO	[2012-10-09 12:21:30:361] <10518> Passwd:
INFO	[2012-10-09 12:21:30:361] <10518> SocId:
INFO	[2012-10-09 12:21:30:361] <10518> HP_SERVERINFO:
INFO	[2012-10-09 12:21:30:361] <10518> HP_HANDPHONE:
INFO	[2012-10-09 12:21:30:361] <10518> HP_COMPANY:
INFO	[2012-10-09 12:21:30:361] <10518> HP_ID:
INFO	[2012-10-09 12:21:30:361] <10518> HP_SUBID:
INFO	[2012-10-09 12:21:30:361] <10518> HP_UNITType:
INFO	[2012-10-09 12:21:30:361] <10518> HP_IDEN:
INFO	[2012-10-09 12:21:30:361] <10518> HP_IPADDR:
INFO	[2012-10-09 12:21:30:362] <10518> VIRTUAL_CENTERCD:
INFO	[2012-10-09 12:21:30:362] <10518> VIRTUAL_DEPODT:
INFO	[2012-10-09 12:21:30:362] <10518> ZuminCode:
INFO	[2012-10-09 12:21:30:362] <10518> MallPage:
INFO	[2012-10-09 12:21:30:362] <10518> VIRTUAL_NO:
INFO	[2012-10-09 12:21:30:362] <10518> ES_SENDNO:
INFO	[2012-10-09 12:21:30:362] <10518> Column1:ÏÉÅÏ†êÏ†ïÎ≥¥ÏûÖÎ†•1
INFO	[2012-10-09 12:21:30:362] <10518> Column2:ÏÉÅÏ†êÏ†ïÎ≥¥ÏûÖÎ†•2
INFO	[2012-10-09 12:21:30:362] <10518> Column3:ÏÉÅÏ†êÏ†ïÎ≥¥ÏûÖÎ†•3
INFO	[2012-10-09 12:21:30:362] <10518> Make NetCancel ID Start
INFO	[2012-10-09 12:21:30:362] <10518> AEGIS_VISAyulabs79_20121009122130362996
INFO	[2012-10-09 12:21:30:362] <10518> Make NetCancel ID End
INFO	[2012-10-09 12:21:30:362] <10518> Make NetCancelID OK
INFO	[2012-10-09 12:21:30:362] <10518> Make Msg Start
INFO	[2012-10-09 12:21:30:363] <10518> Encrypt Start
INFO	[2012-10-09 12:21:30:363] <10518> Encrypt End
INFO	[2012-10-09 12:21:30:363] <10518> Encrypt Start
INFO	[2012-10-09 12:21:30:363] <10518> Encrypt End
INFO	[2012-10-09 12:21:30:363] <10518> Encrypt Start
INFO	[2012-10-09 12:21:30:363] <10518> Encrypt End
INFO	[2012-10-09 12:21:30:363] <10518> Encrypt Start
INFO	[2012-10-09 12:21:30:363] <10518> Encrypt End
INFO	[2012-10-09 12:21:30:363] <10518> card-visa3d Make MSG OK 
INFO	[2012-10-09 12:21:30:363] <10518> Make Msg End
INFO	[2012-10-09 12:21:30:363] <10518> Make Pay Msg OK
INFO	[2012-10-09 12:21:30:363] <10518> Send & Recv Msg Start
INFO	[2012-10-09 12:21:30:363] <10518> Send Data To PG Start [ 
INFO	[2012-10-09 12:21:30:363] <10518> 0:0003240mobile
INFO	[2012-10-09 12:21:30:363] <10518> 1:yulabs79
INFO	[2012-10-09 12:21:30:363] <10518> 2:16
INFO	[2012-10-09 12:21:30:363] <10518> 3:6300
INFO	[2012-10-09 12:21:30:363] <10518> 4:1000000146
INFO	[2012-10-09 12:21:30:363] <10518> 5:9000400001
INFO	[2012-10-09 12:21:30:363] <10518> 6:3748311563608819
INFO	[2012-10-09 12:21:30:363] <10518> 7:914306
INFO	[2012-10-09 12:21:30:363] <10518> 8:00
INFO	[2012-10-09 12:21:30:363] <10518> 9:N;211.48.34.44;N;;6300;;null;
INFO	[2012-10-09 12:21:30:363] <10518> 10:
INFO	[2012-10-09 12:21:30:363] <10518> 11:
INFO	[2012-10-09 12:21:30:363] <10518> 12:pun
INFO	[2012-10-09 12:21:30:363] <10518> 13:01027178221
INFO	[2012-10-09 12:21:30:363] <10518> 14:ÏÑúÏö∏ Í∞ïÎÇ®Íµ¨ Ïó≠ÏÇº1Îèô GSÍ∞ïÎÇ®ÌÉÄÏõå 3333
INFO	[2012-10-09 12:21:30:363] <10518> 15:yongnam park
INFO	[2012-10-09 12:21:30:363] <10518> 16:211.48.34.44;01027178221
INFO	[2012-10-09 12:21:30:363] <10518> 17:dd;d
INFO	[2012-10-09 12:21:30:363] <10518> 18:ÌïÄÎèî
INFO	[2012-10-09 12:21:30:363] <10518> 19:AAABAXaJhiASEAkSIYmGAAAAAAA=
INFO	[2012-10-09 12:21:30:363] <10518> 20:MjAxMjEwMDkxMjIwNDUzNDQxMDY=
INFO	[2012-10-09 12:21:30:363] <10518> 21:05
INFO	[2012-10-09 12:21:30:363] <10518> 22:dd
INFO	[2012-10-09 12:21:30:363] <10518> 23:AEGIS_VISAyulabs79_20121009122130362996
INFO	[2012-10-09 12:21:30:363] <10518> 24:
INFO	[2012-10-09 12:21:30:364] <10518> ] Send Data To PG End 
INFO	[2012-10-09 12:21:30:364] <10518> SendMsg : [0003240mobile|yulabs79|16|6300|1000000146|9000400001|3748311563608819|914306|00|N;211.48.34.44;N;;6300;;null;|||pun|01027178221|ÏÑúÏö∏ Í∞ïÎÇ®Íµ¨ Ïó≠ÏÇº1Îèô GSÍ∞ïÎÇ®ÌÉÄÏõå 3333|yongnam park|211.48.34.44;01027178221|dd;d|ÌïÄÎèî|AAABAXaJhiASEAkSIYmGAAAAAAA=|MjAxMjEwMDkxMjIwNDUzNDQxMDY=|05|dd|AEGIS_VISAyulabs79_20121009122130362996|]
INFO	[2012-10-09 12:21:30:364] <10518> Connect IP:[220.85.12.3] Port:[29760]
INFO	[2012-10-09 12:21:30:369] <10518> Socket Open OK
INFO	[2012-10-09 12:21:33:4] <10518> RecvMsg Length : [000110]
INFO	[2012-10-09 12:21:33:5] <10518> RecvMsg : [yulabs79|0610|1000000146|37172707|000000006300|y|¡§ªÛΩ¬¿Œ|Ω≈«—|20121009122130|0500|18570317|0500|Ω≈«—|504952|
]
INFO	[2012-10-09 12:21:33:5] <10518> Socket Close OK
INFO	[2012-10-09 12:21:33:5] <10518> RecvMsg Length Check OK
INFO	[2012-10-09 12:21:33:5] <10518> Send & Recv Msg End
INFO	[2012-10-09 12:21:33:5] <10518> Send & Recv Msg OK
INFO	[2012-10-09 12:21:33:5] <10518> Parse Msg Start
INFO	[2012-10-09 12:21:33:5] <10518> card-visa3d RECV MSG Parsing OK 
INFO	[2012-10-09 12:21:33:5] <10518> Parse Msg End
INFO	[2012-10-09 12:21:33:5] <10518> Msg Parsing OK
INFO	[2012-10-09 12:21:33:5] <10518> card Pay Result Value [
INFO	[2012-10-09 12:21:33:5] <10518> NetCancID:AEGIS_VISAyulabs79_20121009122130362996
INFO	[2012-10-09 12:21:33:5] <10518> rStoreId:yulabs79
INFO	[2012-10-09 12:21:33:5] <10518> rBusiCd:0610
INFO	[2012-10-09 12:21:33:6] <10518> rOrdNo:1000000146
INFO	[2012-10-09 12:21:33:6] <10518> rApprNo:37172707
INFO	[2012-10-09 12:21:33:6] <10518> rInstmt:00
INFO	[2012-10-09 12:21:33:6] <10518> rAmt:000000006300
INFO	[2012-10-09 12:21:33:6] <10518> rSuccYn:y
INFO	[2012-10-09 12:21:33:6] <10518> rResMsg:¡§ªÛΩ¬¿Œ
INFO	[2012-10-09 12:21:33:6] <10518> rCardNm:Ω≈«—
INFO	[2012-10-09 12:21:33:6] <10518> rApprTm:20121009122130
INFO	[2012-10-09 12:21:33:6] <10518> rCardCd:0500
INFO	[2012-10-09 12:21:33:6] <10518> rMembNo:18570317
INFO	[2012-10-09 12:21:33:6] <10518> rAquiCd:0500
INFO	[2012-10-09 12:21:33:6] <10518> rAquiNm:Ω≈«—
INFO	[2012-10-09 12:21:33:6] <10518> rDealNo:504952
INFO	[2012-10-09 12:21:33:6] <10518> rProdNm:ÌïÄÎèî
INFO	[2012-10-09 12:21:33:6] <10518> ]
INFO	[2012-10-09 12:21:33:7] <10518> END  ¡§ªÛΩ¬¿Œ Transaction time:[2.648sec]
INFO	[2012-10-09 12:21:33:7] <10518> ===============================================================
INFO	[2012-10-09 12:24:53:210] <9895> ===============================================================
INFO	[2012-10-09 12:24:53:210] <9895> START AgsPay40 php (OS:Linux2.6.18-238.9.1.el5xen,PHP:5.2.17)
INFO	[2012-10-09 12:24:53:210] <9895> card Pay Start!
INFO	[2012-10-09 12:24:53:210] <9895> AgsPayHome:/mnt/DATA/WWW/casebuy.me/ko/agspay_mobile/
INFO	[2012-10-09 12:24:53:210] <9895> StoreId:yulabs79
INFO	[2012-10-09 12:24:53:210] <9895> log:true
INFO	[2012-10-09 12:24:53:210] <9895> logLevel:INFO
INFO	[2012-10-09 12:24:53:210] <9895> UseNetCancel:true
INFO	[2012-10-09 12:24:53:210] <9895> Type:Pay
INFO	[2012-10-09 12:24:53:210] <9895> RecvLen:7
INFO	[2012-10-09 12:24:53:210] <9895> AuthTy:card
INFO	[2012-10-09 12:24:53:210] <9895> SubTy:visa3d
INFO	[2012-10-09 12:24:53:211] <9895> OrdNo:1000000147
INFO	[2012-10-09 12:24:53:211] <9895> Amt:6000
INFO	[2012-10-09 12:24:53:211] <9895> UserEmail:dd
INFO	[2012-10-09 12:24:53:211] <9895> ProdNm:øÕøÏ 2π⁄Ω∫
INFO	[2012-10-09 12:24:53:211] <9895> MallUrl:http://www.casebuy.me
INFO	[2012-10-09 12:24:53:211] <9895> UserId:16
INFO	[2012-10-09 12:24:53:211] <9895> OrdNm:pun
INFO	[2012-10-09 12:24:53:211] <9895> OrdPhone:01027178221
INFO	[2012-10-09 12:24:53:211] <9895> OrdAddr:º≠øÔ ∞≠≥≤±∏ ø™ªÔ1µø GS∞≠≥≤≈∏øˆ 3333
INFO	[2012-10-09 12:24:53:211] <9895> RcpNm:pun
INFO	[2012-10-09 12:24:53:211] <9895> RcpPhone:01027178221
INFO	[2012-10-09 12:24:53:211] <9895> DlvAddr:º≠øÔ ∞≠≥≤±∏ ø™ªÔ1µø GS∞≠≥≤≈∏øˆ 3333
INFO	[2012-10-09 12:24:53:211] <9895> Remark:d
INFO	[2012-10-09 12:24:53:211] <9895> DeviId:9000400001
INFO	[2012-10-09 12:24:53:211] <9895> AuthYn:N;211.48.34.44;N;;6000;;null;
INFO	[2012-10-09 12:24:53:212] <9895> Instmt:00
INFO	[2012-10-09 12:24:53:212] <9895> UserIp:211.48.34.44
INFO	[2012-10-09 12:24:53:212] <9895> partial_mm:00
INFO	[2012-10-09 12:24:53:212] <9895> noIntMonth:
INFO	[2012-10-09 12:24:53:212] <9895> KVP_CURRENCY:
INFO	[2012-10-09 12:24:53:212] <9895> KVP_CARDCODE:
INFO	[2012-10-09 12:24:53:212] <9895> KVP_SESSIONKEY:
INFO	[2012-10-09 12:24:53:212] <9895> KVP_ENCDATA:
INFO	[2012-10-09 12:24:53:212] <9895> KVP_CONAME:
INFO	[2012-10-09 12:24:53:212] <9895> KVP_NOINT:
INFO	[2012-10-09 12:24:53:212] <9895> KVP_QUOTA:
INFO	[2012-10-09 12:24:53:212] <9895> CardNo:4374360069657003
INFO	[2012-10-09 12:24:53:212] <9895> MPI_CAVV:AAABAjWSOSASEAkSJJI5AAAAAAA=
INFO	[2012-10-09 12:24:53:212] <9895> MPI_ECI:05
INFO	[2012-10-09 12:24:53:212] <9895> MPI_MD64:MjAxMjEwMDkxMjI0MTYyODgxMDY=
INFO	[2012-10-09 12:24:53:212] <9895> ExpMon:2049
INFO	[2012-10-09 12:24:53:213] <9895> ExpYear:12
INFO	[2012-10-09 12:24:53:213] <9895> Passwd:
INFO	[2012-10-09 12:24:53:213] <9895> SocId:
INFO	[2012-10-09 12:24:53:213] <9895> HP_SERVERINFO:
INFO	[2012-10-09 12:24:53:213] <9895> HP_HANDPHONE:
INFO	[2012-10-09 12:24:53:213] <9895> HP_COMPANY:
INFO	[2012-10-09 12:24:53:213] <9895> HP_ID:
INFO	[2012-10-09 12:24:53:213] <9895> HP_SUBID:
INFO	[2012-10-09 12:24:53:213] <9895> HP_UNITType:
INFO	[2012-10-09 12:24:53:213] <9895> HP_IDEN:
INFO	[2012-10-09 12:24:53:213] <9895> HP_IPADDR:
INFO	[2012-10-09 12:24:53:213] <9895> VIRTUAL_CENTERCD:
INFO	[2012-10-09 12:24:53:213] <9895> VIRTUAL_DEPODT:
INFO	[2012-10-09 12:24:53:213] <9895> ZuminCode:
INFO	[2012-10-09 12:24:53:213] <9895> MallPage:
INFO	[2012-10-09 12:24:53:213] <9895> VIRTUAL_NO:
INFO	[2012-10-09 12:24:53:213] <9895> ES_SENDNO:
INFO	[2012-10-09 12:24:53:214] <9895> Column1:ªÛ¡°¡§∫∏¿‘∑¬1
INFO	[2012-10-09 12:24:53:214] <9895> Column2:ªÛ¡°¡§∫∏¿‘∑¬2
INFO	[2012-10-09 12:24:53:214] <9895> Column3:ªÛ¡°¡§∫∏¿‘∑¬3
INFO	[2012-10-09 12:24:53:214] <9895> Make NetCancel ID Start
INFO	[2012-10-09 12:24:53:214] <9895> AEGIS_VISAyulabs79_20121009122453214165
INFO	[2012-10-09 12:24:53:214] <9895> Make NetCancel ID End
INFO	[2012-10-09 12:24:53:214] <9895> Make NetCancelID OK
INFO	[2012-10-09 12:24:53:214] <9895> Make Msg Start
INFO	[2012-10-09 12:24:53:214] <9895> Encrypt Start
INFO	[2012-10-09 12:24:53:214] <9895> Encrypt End
INFO	[2012-10-09 12:24:53:214] <9895> Encrypt Start
INFO	[2012-10-09 12:24:53:214] <9895> Encrypt End
INFO	[2012-10-09 12:24:53:214] <9895> Encrypt Start
INFO	[2012-10-09 12:24:53:214] <9895> Encrypt End
INFO	[2012-10-09 12:24:53:214] <9895> Encrypt Start
INFO	[2012-10-09 12:24:53:215] <9895> Encrypt End
INFO	[2012-10-09 12:24:53:215] <9895> card-visa3d Make MSG OK 
INFO	[2012-10-09 12:24:53:215] <9895> Make Msg End
INFO	[2012-10-09 12:24:53:215] <9895> Make Pay Msg OK
INFO	[2012-10-09 12:24:53:215] <9895> Send & Recv Msg Start
INFO	[2012-10-09 12:24:53:215] <9895> Send Data To PG Start [ 
INFO	[2012-10-09 12:24:53:215] <9895> 0:0003070mobile
INFO	[2012-10-09 12:24:53:215] <9895> 1:yulabs79
INFO	[2012-10-09 12:24:53:215] <9895> 2:16
INFO	[2012-10-09 12:24:53:215] <9895> 3:6000
INFO	[2012-10-09 12:24:53:215] <9895> 4:1000000147
INFO	[2012-10-09 12:24:53:215] <9895> 5:9000400001
INFO	[2012-10-09 12:24:53:215] <9895> 6:3748311563608819
INFO	[2012-10-09 12:24:53:215] <9895> 7:914306
INFO	[2012-10-09 12:24:53:215] <9895> 8:00
INFO	[2012-10-09 12:24:53:215] <9895> 9:N;211.48.34.44;N;;6000;;null;
INFO	[2012-10-09 12:24:53:215] <9895> 10:
INFO	[2012-10-09 12:24:53:215] <9895> 11:
INFO	[2012-10-09 12:24:53:215] <9895> 12:pun
INFO	[2012-10-09 12:24:53:215] <9895> 13:01027178221
INFO	[2012-10-09 12:24:53:215] <9895> 14:º≠øÔ ∞≠≥≤±∏ ø™ªÔ1µø GS∞≠≥≤≈∏øˆ 3333
INFO	[2012-10-09 12:24:53:215] <9895> 15:pun
INFO	[2012-10-09 12:24:53:215] <9895> 16:211.48.34.44;01027178221
INFO	[2012-10-09 12:24:53:215] <9895> 17:dd;d
INFO	[2012-10-09 12:24:53:215] <9895> 18:øÕøÏ 2π⁄Ω∫
INFO	[2012-10-09 12:24:53:215] <9895> 19:AAABAjWSOSASEAkSJJI5AAAAAAA=
INFO	[2012-10-09 12:24:53:215] <9895> 20:MjAxMjEwMDkxMjI0MTYyODgxMDY=
INFO	[2012-10-09 12:24:53:215] <9895> 21:05
INFO	[2012-10-09 12:24:53:215] <9895> 22:dd
INFO	[2012-10-09 12:24:53:215] <9895> 23:AEGIS_VISAyulabs79_20121009122453214165
INFO	[2012-10-09 12:24:53:215] <9895> 24:
INFO	[2012-10-09 12:24:53:215] <9895> ] Send Data To PG End 
INFO	[2012-10-09 12:24:53:215] <9895> SendMsg : [0003070mobile|yulabs79|16|6000|1000000147|9000400001|3748311563608819|914306|00|N;211.48.34.44;N;;6000;;null;|||pun|01027178221|º≠øÔ ∞≠≥≤±∏ ø™ªÔ1µø GS∞≠≥≤≈∏øˆ 3333|pun|211.48.34.44;01027178221|dd;d|øÕøÏ 2π⁄Ω∫|AAABAjWSOSASEAkSJJI5AAAAAAA=|MjAxMjEwMDkxMjI0MTYyODgxMDY=|05|dd|AEGIS_VISAyulabs79_20121009122453214165|]
INFO	[2012-10-09 12:24:53:215] <9895> Connect IP:[220.85.12.3] Port:[29760]
INFO	[2012-10-09 12:24:53:221] <9895> Socket Open OK
INFO	[2012-10-09 12:24:55:629] <9895> RecvMsg Length : [000110]
INFO	[2012-10-09 12:24:55:629] <9895> RecvMsg : [yulabs79|0610|1000000147|37193672|000000006000|y|¡§ªÛΩ¬¿Œ|Ω≈«—|20121009122453|0500|18570317|0500|Ω≈«—|504992|
]
INFO	[2012-10-09 12:24:55:629] <9895> Socket Close OK
INFO	[2012-10-09 12:24:55:629] <9895> RecvMsg Length Check OK
INFO	[2012-10-09 12:24:55:629] <9895> Send & Recv Msg End
INFO	[2012-10-09 12:24:55:629] <9895> Send & Recv Msg OK
INFO	[2012-10-09 12:24:55:629] <9895> Parse Msg Start
INFO	[2012-10-09 12:24:55:629] <9895> card-visa3d RECV MSG Parsing OK 
INFO	[2012-10-09 12:24:55:629] <9895> Parse Msg End
INFO	[2012-10-09 12:24:55:629] <9895> Msg Parsing OK
INFO	[2012-10-09 12:24:55:629] <9895> card Pay Result Value [
INFO	[2012-10-09 12:24:55:630] <9895> NetCancID:AEGIS_VISAyulabs79_20121009122453214165
INFO	[2012-10-09 12:24:55:630] <9895> rStoreId:yulabs79
INFO	[2012-10-09 12:24:55:630] <9895> rBusiCd:0610
INFO	[2012-10-09 12:24:55:630] <9895> rOrdNo:1000000147
INFO	[2012-10-09 12:24:55:630] <9895> rApprNo:37193672
INFO	[2012-10-09 12:24:55:630] <9895> rInstmt:00
INFO	[2012-10-09 12:24:55:630] <9895> rAmt:000000006000
INFO	[2012-10-09 12:24:55:630] <9895> rSuccYn:y
INFO	[2012-10-09 12:24:55:630] <9895> rResMsg:¡§ªÛΩ¬¿Œ
INFO	[2012-10-09 12:24:55:630] <9895> rCardNm:Ω≈«—
INFO	[2012-10-09 12:24:55:630] <9895> rApprTm:20121009122453
INFO	[2012-10-09 12:24:55:630] <9895> rCardCd:0500
INFO	[2012-10-09 12:24:55:630] <9895> rMembNo:18570317
INFO	[2012-10-09 12:24:55:630] <9895> rAquiCd:0500
INFO	[2012-10-09 12:24:55:630] <9895> rAquiNm:Ω≈«—
INFO	[2012-10-09 12:24:55:631] <9895> rDealNo:504992
INFO	[2012-10-09 12:24:55:631] <9895> rProdNm:øÕøÏ 2π⁄Ω∫
INFO	[2012-10-09 12:24:55:631] <9895> ]
INFO	[2012-10-09 12:24:55:631] <9895> END  ¡§ªÛΩ¬¿Œ Transaction time:[2.421sec]
INFO	[2012-10-09 12:24:55:631] <9895> ===============================================================
