INFO	[2012-11-22 18:00:30:230] <51058> ===============================================================
INFO	[2012-11-22 18:00:30:230] <51058> START AgsPay40 php (OS:Darwin12.2.0,PHP:5.2.17)
INFO	[2012-11-22 18:00:30:230] <51058> card Pay Start!
INFO	[2012-11-22 18:00:30:230] <51058> AgsPayHome:/Users/musicndelight/workspace/caseshop_server/ko/agspay_mobile/
INFO	[2012-11-22 18:00:30:230] <51058> StoreId:aegis
INFO	[2012-11-22 18:00:30:230] <51058> log:true
INFO	[2012-11-22 18:00:30:230] <51058> logLevel:INFO
INFO	[2012-11-22 18:00:30:231] <51058> UseNetCancel:true
INFO	[2012-11-22 18:00:30:231] <51058> Type:Pay
INFO	[2012-11-22 18:00:30:231] <51058> RecvLen:7
INFO	[2012-11-22 18:00:30:231] <51058> AuthTy:card
INFO	[2012-11-22 18:00:30:231] <51058> SubTy:visa3d
INFO	[2012-11-22 18:00:30:231] <51058> OrdNo:53
INFO	[2012-11-22 18:00:30:231] <51058> Amt:32500
INFO	[2012-11-22 18:00:30:231] <51058> UserEmail:noff@naver.com
INFO	[2012-11-22 18:00:30:232] <51058> ProdNm:귀요미 걸 외 1건
INFO	[2012-11-22 18:00:30:232] <51058> MallUrl:http://casebuy.me
INFO	[2012-11-22 18:00:30:232] <51058> UserId:
INFO	[2012-11-22 18:00:30:232] <51058> OrdNm:박용남
INFO	[2012-11-22 18:00:30:232] <51058> OrdPhone:01027178221
INFO	[2012-11-22 18:00:30:232] <51058> OrdAddr:[135-770] 서울 강남구 개포1동 주공아파트ㅇㅇㅇㅇ
INFO	[2012-11-22 18:00:30:232] <51058> RcpNm:박용남
INFO	[2012-11-22 18:00:30:232] <51058> RcpPhone:01027178221
INFO	[2012-11-22 18:00:30:233] <51058> DlvAddr:[135-770] 서울 강남구 개포1동 주공아파트ㅇㅇㅇㅇ
INFO	[2012-11-22 18:00:30:233] <51058> Remark:빨리배송
INFO	[2012-11-22 18:00:30:233] <51058> DeviId:9000400001
INFO	[2012-11-22 18:00:30:233] <51058> AuthYn:N;211.48.34.44;N;;32500;;null;
INFO	[2012-11-22 18:00:30:233] <51058> Instmt:00
INFO	[2012-11-22 18:00:30:233] <51058> UserIp:192.168.0.1
INFO	[2012-11-22 18:00:30:233] <51058> partial_mm:00
INFO	[2012-11-22 18:00:30:233] <51058> noIntMonth:
INFO	[2012-11-22 18:00:30:234] <51058> KVP_CURRENCY:
INFO	[2012-11-22 18:00:30:234] <51058> KVP_CARDCODE:
INFO	[2012-11-22 18:00:30:234] <51058> KVP_SESSIONKEY:
INFO	[2012-11-22 18:00:30:234] <51058> KVP_ENCDATA:
INFO	[2012-11-22 18:00:30:234] <51058> KVP_CONAME:
INFO	[2012-11-22 18:00:30:234] <51058> KVP_NOINT:
INFO	[2012-11-22 18:00:30:234] <51058> KVP_QUOTA:
INFO	[2012-11-22 18:00:30:234] <51058> CardNo:4374360069657003
INFO	[2012-11-22 18:00:30:235] <51058> MPI_CAVV:AAABABYEgyASESIYAASDAAAAAAA=
INFO	[2012-11-22 18:00:30:235] <51058> MPI_ECI:05
INFO	[2012-11-22 18:00:30:235] <51058> MPI_MD64:MjAxMjExMjIxNzU5MjU2NzcxMDY=
INFO	[2012-11-22 18:00:30:235] <51058> ExpMon:2049
INFO	[2012-11-22 18:00:30:235] <51058> ExpYear:12
INFO	[2012-11-22 18:00:30:235] <51058> Passwd:
INFO	[2012-11-22 18:00:30:235] <51058> SocId:
INFO	[2012-11-22 18:00:30:236] <51058> HP_SERVERINFO:
INFO	[2012-11-22 18:00:30:236] <51058> HP_HANDPHONE:
INFO	[2012-11-22 18:00:30:236] <51058> HP_COMPANY:
INFO	[2012-11-22 18:00:30:236] <51058> HP_ID:
INFO	[2012-11-22 18:00:30:236] <51058> HP_SUBID:
INFO	[2012-11-22 18:00:30:236] <51058> HP_UNITType:
INFO	[2012-11-22 18:00:30:236] <51058> HP_IDEN:
INFO	[2012-11-22 18:00:30:237] <51058> HP_IPADDR:
INFO	[2012-11-22 18:00:30:237] <51058> VIRTUAL_CENTERCD:
INFO	[2012-11-22 18:00:30:237] <51058> VIRTUAL_DEPODT:
INFO	[2012-11-22 18:00:30:237] <51058> ZuminCode:
INFO	[2012-11-22 18:00:30:237] <51058> MallPage:
INFO	[2012-11-22 18:00:30:237] <51058> VIRTUAL_NO:
INFO	[2012-11-22 18:00:30:237] <51058> ES_SENDNO:
INFO	[2012-11-22 18:00:30:237] <51058> Column1:상점정보입력1
INFO	[2012-11-22 18:00:30:238] <51058> Column2:상점정보입력2
INFO	[2012-11-22 18:00:30:238] <51058> Column3:상점정보입력3
INFO	[2012-11-22 18:00:30:238] <51058> Make NetCancel ID Start
INFO	[2012-11-22 18:00:30:238] <51058> AEGIS_VISAaegis_20121122180030238869
INFO	[2012-11-22 18:00:30:238] <51058> Make NetCancel ID End
INFO	[2012-11-22 18:00:30:238] <51058> Make NetCancelID OK
INFO	[2012-11-22 18:00:30:239] <51058> Make Msg Start
INFO	[2012-11-22 18:00:30:239] <51058> Encrypt Start
INFO	[2012-11-22 18:00:30:239] <51058> Encrypt End
INFO	[2012-11-22 18:00:30:239] <51058> Encrypt Start
INFO	[2012-11-22 18:00:30:239] <51058> Encrypt End
INFO	[2012-11-22 18:00:30:239] <51058> Encrypt Start
INFO	[2012-11-22 18:00:30:239] <51058> Encrypt End
INFO	[2012-11-22 18:00:30:239] <51058> Encrypt Start
INFO	[2012-11-22 18:00:30:240] <51058> Encrypt End
INFO	[2012-11-22 18:00:30:240] <51058> card-visa3d Make MSG OK 
INFO	[2012-11-22 18:00:30:240] <51058> Make Msg End
INFO	[2012-11-22 18:00:30:240] <51058> Make Pay Msg OK
INFO	[2012-11-22 18:00:30:240] <51058> Send & Recv Msg Start
INFO	[2012-11-22 18:00:30:240] <51058> Send Data To PG Start [ 
INFO	[2012-11-22 18:00:30:240] <51058> 0:0003480mobile
INFO	[2012-11-22 18:00:30:240] <51058> 1:aegis
INFO	[2012-11-22 18:00:30:240] <51058> 2:
INFO	[2012-11-22 18:00:30:240] <51058> 3:32500
INFO	[2012-11-22 18:00:30:240] <51058> 4:53
INFO	[2012-11-22 18:00:30:240] <51058> 5:9000400001
INFO	[2012-11-22 18:00:30:240] <51058> 6:3748311563608819
INFO	[2012-11-22 18:00:30:240] <51058> 7:914306
INFO	[2012-11-22 18:00:30:240] <51058> 8:00
INFO	[2012-11-22 18:00:30:240] <51058> 9:N;211.48.34.44;N;;32500;;null;
INFO	[2012-11-22 18:00:30:240] <51058> 10:
INFO	[2012-11-22 18:00:30:240] <51058> 11:
INFO	[2012-11-22 18:00:30:240] <51058> 12:박용남
INFO	[2012-11-22 18:00:30:240] <51058> 13:01027178221
INFO	[2012-11-22 18:00:30:240] <51058> 14:[135-770] 서울 강남구 개포1동 주공아파트ㅇㅇㅇㅇ
INFO	[2012-11-22 18:00:30:240] <51058> 15:박용남
INFO	[2012-11-22 18:00:30:240] <51058> 16:192.168.0.1;01027178221
INFO	[2012-11-22 18:00:30:240] <51058> 17:noff@naver.com;빨리배송
INFO	[2012-11-22 18:00:30:240] <51058> 18:귀요미 걸 외 1건
INFO	[2012-11-22 18:00:30:240] <51058> 19:AAABABYEgyASESIYAASDAAAAAAA=
INFO	[2012-11-22 18:00:30:240] <51058> 20:MjAxMjExMjIxNzU5MjU2NzcxMDY=
INFO	[2012-11-22 18:00:30:240] <51058> 21:05
INFO	[2012-11-22 18:00:30:240] <51058> 22:noff@naver.com
INFO	[2012-11-22 18:00:30:240] <51058> 23:AEGIS_VISAaegis_20121122180030238869
INFO	[2012-11-22 18:00:30:240] <51058> 24:
INFO	[2012-11-22 18:00:30:241] <51058> ] Send Data To PG End 
INFO	[2012-11-22 18:00:30:241] <51058> SendMsg : [0003480mobile|aegis||32500|53|9000400001|3748311563608819|914306|00|N;211.48.34.44;N;;32500;;null;|||박용남|01027178221|[135-770] 서울 강남구 개포1동 주공아파트ㅇㅇㅇㅇ|박용남|192.168.0.1;01027178221|noff@naver.com;빨리배송|귀요미 걸 외 1건|AAABABYEgyASESIYAASDAAAAAAA=|MjAxMjExMjIxNzU5MjU2NzcxMDY=|05|noff@naver.com|AEGIS_VISAaegis_20121122180030238869|]
INFO	[2012-11-22 18:00:30:241] <51058> Connect IP:[220.85.12.3] Port:[29760]
INFO	[2012-11-22 18:00:30:249] <51058> Socket Open OK
INFO	[2012-11-22 18:00:30:958] <51058> RecvMsg Length : [000099]
INFO	[2012-11-22 18:00:30:958] <51058> RecvMsg : [aegis|0610|53|10060533|000000032500|y|정상승인|신한|20121122180031|0500|18570317|0500|신한|509485|
]
INFO	[2012-11-22 18:00:30:958] <51058> Socket Close OK
INFO	[2012-11-22 18:00:30:958] <51058> RecvMsg Length Check OK
INFO	[2012-11-22 18:00:30:958] <51058> Send & Recv Msg End
INFO	[2012-11-22 18:00:30:958] <51058> Send & Recv Msg OK
INFO	[2012-11-22 18:00:30:958] <51058> Parse Msg Start
INFO	[2012-11-22 18:00:30:959] <51058> card-visa3d RECV MSG Parsing OK 
INFO	[2012-11-22 18:00:30:959] <51058> Parse Msg End
INFO	[2012-11-22 18:00:30:959] <51058> Msg Parsing OK
INFO	[2012-11-22 18:00:30:959] <51058> card Pay Result Value [
INFO	[2012-11-22 18:00:30:959] <51058> NetCancID:AEGIS_VISAaegis_20121122180030238869
INFO	[2012-11-22 18:00:30:959] <51058> rStoreId:aegis
INFO	[2012-11-22 18:00:30:959] <51058> rBusiCd:0610
INFO	[2012-11-22 18:00:30:959] <51058> rOrdNo:53
INFO	[2012-11-22 18:00:30:960] <51058> rApprNo:10060533
INFO	[2012-11-22 18:00:30:960] <51058> rInstmt:00
INFO	[2012-11-22 18:00:30:960] <51058> rAmt:000000032500
INFO	[2012-11-22 18:00:30:960] <51058> rSuccYn:y
INFO	[2012-11-22 18:00:30:960] <51058> rResMsg:정상승인
INFO	[2012-11-22 18:00:30:960] <51058> rCardNm:신한
INFO	[2012-11-22 18:00:30:960] <51058> rApprTm:20121122180031
INFO	[2012-11-22 18:00:30:960] <51058> rCardCd:0500
INFO	[2012-11-22 18:00:30:961] <51058> rMembNo:18570317
INFO	[2012-11-22 18:00:30:961] <51058> rAquiCd:0500
INFO	[2012-11-22 18:00:30:961] <51058> rAquiNm:신한
INFO	[2012-11-22 18:00:30:961] <51058> rDealNo:509485
INFO	[2012-11-22 18:00:30:961] <51058> rProdNm:귀요미 걸 외 1건
INFO	[2012-11-22 18:00:30:961] <51058> ]
INFO	[2012-11-22 18:00:30:961] <51058> END  정상승인 Transaction time:[0.73sec]
INFO	[2012-11-22 18:00:30:962] <51058> ===============================================================
