INFO	[2012-11-24 13:09:37:338] <56343> ===============================================================
INFO	[2012-11-24 13:09:37:338] <56343> START AgsPay40 php (OS:Darwin12.2.0,PHP:5.2.17)
INFO	[2012-11-24 13:09:37:338] <56343> card Pay Start!
INFO	[2012-11-24 13:09:37:338] <56343> AgsPayHome:/Users/musicndelight/workspace/caseshop_server/ko/agspay_mobile/
INFO	[2012-11-24 13:09:37:338] <56343> StoreId:aegis
INFO	[2012-11-24 13:09:37:338] <56343> log:true
INFO	[2012-11-24 13:09:37:339] <56343> logLevel:INFO
INFO	[2012-11-24 13:09:37:339] <56343> UseNetCancel:true
INFO	[2012-11-24 13:09:37:339] <56343> Type:Pay
INFO	[2012-11-24 13:09:37:339] <56343> RecvLen:7
INFO	[2012-11-24 13:09:37:339] <56343> AuthTy:card
INFO	[2012-11-24 13:09:37:339] <56343> SubTy:visa3d
INFO	[2012-11-24 13:09:37:339] <56343> OrdNo:56
INFO	[2012-11-24 13:09:37:339] <56343> Amt:37500
INFO	[2012-11-24 13:09:37:340] <56343> UserEmail:noff@naver.com
INFO	[2012-11-24 13:09:37:340] <56343> ProdNm:메탈 펀치 블랙
INFO	[2012-11-24 13:09:37:340] <56343> MallUrl:http://casebuy.me
INFO	[2012-11-24 13:09:37:340] <56343> UserId:
INFO	[2012-11-24 13:09:37:340] <56343> OrdNm:박용남
INFO	[2012-11-24 13:09:37:340] <56343> OrdPhone:0102718221
INFO	[2012-11-24 13:09:37:340] <56343> OrdAddr:[120-180] 서울 서대문구 창천동122번지 미르빌라트 A동 306호
INFO	[2012-11-24 13:09:37:340] <56343> RcpNm:박용남
INFO	[2012-11-24 13:09:37:341] <56343> RcpPhone:0102718221
INFO	[2012-11-24 13:09:37:341] <56343> DlvAddr:[120-180] 서울 서대문구 창천동122번지 미르빌라트 A동 306호
INFO	[2012-11-24 13:09:37:341] <56343> Remark:
INFO	[2012-11-24 13:09:37:341] <56343> DeviId:9000400001
INFO	[2012-11-24 13:09:37:341] <56343> AuthYn:N;211.49.86.247;N;;37500;;null;
INFO	[2012-11-24 13:09:37:341] <56343> Instmt:00
INFO	[2012-11-24 13:09:37:341] <56343> UserIp:211.49.86.247
INFO	[2012-11-24 13:09:37:341] <56343> partial_mm:00
INFO	[2012-11-24 13:09:37:342] <56343> noIntMonth:
INFO	[2012-11-24 13:09:37:342] <56343> KVP_CURRENCY:
INFO	[2012-11-24 13:09:37:342] <56343> KVP_CARDCODE:
INFO	[2012-11-24 13:09:37:342] <56343> KVP_SESSIONKEY:
INFO	[2012-11-24 13:09:37:342] <56343> KVP_ENCDATA:
INFO	[2012-11-24 13:09:37:342] <56343> KVP_CONAME:
INFO	[2012-11-24 13:09:37:342] <56343> KVP_NOINT:
INFO	[2012-11-24 13:09:37:342] <56343> KVP_QUOTA:
INFO	[2012-11-24 13:09:37:343] <56343> CardNo:4374360069657003
INFO	[2012-11-24 13:09:37:343] <56343> MPI_CAVV:AAABBoGYgCASESQTCZiAAAAAAAA=
INFO	[2012-11-24 13:09:37:343] <56343> MPI_ECI:05
INFO	[2012-11-24 13:09:37:343] <56343> MPI_MD64:MjAxMjExMjQxMzA3NTY4OTcxMDY=
INFO	[2012-11-24 13:09:37:343] <56343> ExpMon:2049
INFO	[2012-11-24 13:09:37:343] <56343> ExpYear:12
INFO	[2012-11-24 13:09:37:343] <56343> Passwd:
INFO	[2012-11-24 13:09:37:343] <56343> SocId:
INFO	[2012-11-24 13:09:37:344] <56343> HP_SERVERINFO:
INFO	[2012-11-24 13:09:37:344] <56343> HP_HANDPHONE:
INFO	[2012-11-24 13:09:37:344] <56343> HP_COMPANY:
INFO	[2012-11-24 13:09:37:344] <56343> HP_ID:
INFO	[2012-11-24 13:09:37:344] <56343> HP_SUBID:
INFO	[2012-11-24 13:09:37:344] <56343> HP_UNITType:
INFO	[2012-11-24 13:09:37:344] <56343> HP_IDEN:
INFO	[2012-11-24 13:09:37:344] <56343> HP_IPADDR:
INFO	[2012-11-24 13:09:37:345] <56343> VIRTUAL_CENTERCD:
INFO	[2012-11-24 13:09:37:345] <56343> VIRTUAL_DEPODT:
INFO	[2012-11-24 13:09:37:345] <56343> ZuminCode:
INFO	[2012-11-24 13:09:37:345] <56343> MallPage:
INFO	[2012-11-24 13:09:37:345] <56343> VIRTUAL_NO:
INFO	[2012-11-24 13:09:37:345] <56343> ES_SENDNO:
INFO	[2012-11-24 13:09:37:345] <56343> Column1:상점정보입력1
INFO	[2012-11-24 13:09:37:346] <56343> Column2:상점정보입력2
INFO	[2012-11-24 13:09:37:346] <56343> Column3:상점정보입력3
INFO	[2012-11-24 13:09:37:346] <56343> Make NetCancel ID Start
INFO	[2012-11-24 13:09:37:346] <56343> AEGIS_VISAaegis_20121124130937346250
INFO	[2012-11-24 13:09:37:346] <56343> Make NetCancel ID End
INFO	[2012-11-24 13:09:37:346] <56343> Make NetCancelID OK
INFO	[2012-11-24 13:09:37:346] <56343> Make Msg Start
INFO	[2012-11-24 13:09:37:347] <56343> Encrypt Start
INFO	[2012-11-24 13:09:37:347] <56343> Encrypt End
INFO	[2012-11-24 13:09:37:347] <56343> Encrypt Start
INFO	[2012-11-24 13:09:37:347] <56343> Encrypt End
INFO	[2012-11-24 13:09:37:347] <56343> Encrypt Start
INFO	[2012-11-24 13:09:37:347] <56343> Encrypt End
INFO	[2012-11-24 13:09:37:347] <56343> Encrypt Start
INFO	[2012-11-24 13:09:37:348] <56343> Encrypt End
INFO	[2012-11-24 13:09:37:348] <56343> card-visa3d Make MSG OK 
INFO	[2012-11-24 13:09:37:348] <56343> Make Msg End
INFO	[2012-11-24 13:09:37:348] <56343> Make Pay Msg OK
INFO	[2012-11-24 13:09:37:348] <56343> Send & Recv Msg Start
INFO	[2012-11-24 13:09:37:348] <56343> Send Data To PG Start [ 
INFO	[2012-11-24 13:09:37:348] <56343> 0:0003490mobile
INFO	[2012-11-24 13:09:37:348] <56343> 1:aegis
INFO	[2012-11-24 13:09:37:348] <56343> 2:
INFO	[2012-11-24 13:09:37:348] <56343> 3:37500
INFO	[2012-11-24 13:09:37:348] <56343> 4:56
INFO	[2012-11-24 13:09:37:348] <56343> 5:9000400001
INFO	[2012-11-24 13:09:37:348] <56343> 6:3748311563608819
INFO	[2012-11-24 13:09:37:348] <56343> 7:914306
INFO	[2012-11-24 13:09:37:348] <56343> 8:00
INFO	[2012-11-24 13:09:37:348] <56343> 9:N;211.49.86.247;N;;37500;;null;
INFO	[2012-11-24 13:09:37:348] <56343> 10:
INFO	[2012-11-24 13:09:37:348] <56343> 11:
INFO	[2012-11-24 13:09:37:348] <56343> 12:박용남
INFO	[2012-11-24 13:09:37:348] <56343> 13:0102718221
INFO	[2012-11-24 13:09:37:348] <56343> 14:[120-180] 서울 서대문구 창천동122번지 미르빌라트 A동 306호
INFO	[2012-11-24 13:09:37:348] <56343> 15:박용남
INFO	[2012-11-24 13:09:37:348] <56343> 16:211.49.86.247;0102718221
INFO	[2012-11-24 13:09:37:348] <56343> 17:noff@naver.com;
INFO	[2012-11-24 13:09:37:348] <56343> 18:메탈 펀치 블랙
INFO	[2012-11-24 13:09:37:348] <56343> 19:AAABBoGYgCASESQTCZiAAAAAAAA=
INFO	[2012-11-24 13:09:37:348] <56343> 20:MjAxMjExMjQxMzA3NTY4OTcxMDY=
INFO	[2012-11-24 13:09:37:348] <56343> 21:05
INFO	[2012-11-24 13:09:37:348] <56343> 22:noff@naver.com
INFO	[2012-11-24 13:09:37:348] <56343> 23:AEGIS_VISAaegis_20121124130937346250
INFO	[2012-11-24 13:09:37:348] <56343> 24:
INFO	[2012-11-24 13:09:37:349] <56343> ] Send Data To PG End 
INFO	[2012-11-24 13:09:37:349] <56343> SendMsg : [0003490mobile|aegis||37500|56|9000400001|3748311563608819|914306|00|N;211.49.86.247;N;;37500;;null;|||박용남|0102718221|[120-180] 서울 서대문구 창천동122번지 미르빌라트 A동 306호|박용남|211.49.86.247;0102718221|noff@naver.com;|메탈 펀치 블랙|AAABBoGYgCASESQTCZiAAAAAAAA=|MjAxMjExMjQxMzA3NTY4OTcxMDY=|05|noff@naver.com|AEGIS_VISAaegis_20121124130937346250|]
INFO	[2012-11-24 13:09:37:349] <56343> Connect IP:[220.85.12.3] Port:[29760]
INFO	[2012-11-24 13:09:37:354] <56343> Socket Open OK
INFO	[2012-11-24 13:09:38:382] <56343> RecvMsg Length : [000099]
INFO	[2012-11-24 13:09:38:382] <56343> RecvMsg : [aegis|0610|56|10060654|000000037500|y|정상승인|신한|20121124130937|0500|18570317|0500|신한|503460|
]
INFO	[2012-11-24 13:09:38:382] <56343> Socket Close OK
INFO	[2012-11-24 13:09:38:382] <56343> RecvMsg Length Check OK
INFO	[2012-11-24 13:09:38:382] <56343> Send & Recv Msg End
INFO	[2012-11-24 13:09:38:382] <56343> Send & Recv Msg OK
INFO	[2012-11-24 13:09:38:383] <56343> Parse Msg Start
INFO	[2012-11-24 13:09:38:383] <56343> card-visa3d RECV MSG Parsing OK 
INFO	[2012-11-24 13:09:38:383] <56343> Parse Msg End
INFO	[2012-11-24 13:09:38:383] <56343> Msg Parsing OK
INFO	[2012-11-24 13:09:38:383] <56343> card Pay Result Value [
INFO	[2012-11-24 13:09:38:383] <56343> NetCancID:AEGIS_VISAaegis_20121124130937346250
INFO	[2012-11-24 13:09:38:383] <56343> rStoreId:aegis
INFO	[2012-11-24 13:09:38:384] <56343> rBusiCd:0610
INFO	[2012-11-24 13:09:38:384] <56343> rOrdNo:56
INFO	[2012-11-24 13:09:38:384] <56343> rApprNo:10060654
INFO	[2012-11-24 13:09:38:384] <56343> rInstmt:00
INFO	[2012-11-24 13:09:38:384] <56343> rAmt:000000037500
INFO	[2012-11-24 13:09:38:384] <56343> rSuccYn:y
INFO	[2012-11-24 13:09:38:384] <56343> rResMsg:정상승인
INFO	[2012-11-24 13:09:38:384] <56343> rCardNm:신한
INFO	[2012-11-24 13:09:38:384] <56343> rApprTm:20121124130937
INFO	[2012-11-24 13:09:38:385] <56343> rCardCd:0500
INFO	[2012-11-24 13:09:38:385] <56343> rMembNo:18570317
INFO	[2012-11-24 13:09:38:385] <56343> rAquiCd:0500
INFO	[2012-11-24 13:09:38:385] <56343> rAquiNm:신한
INFO	[2012-11-24 13:09:38:385] <56343> rDealNo:503460
INFO	[2012-11-24 13:09:38:385] <56343> rProdNm:메탈 펀치 블랙
INFO	[2012-11-24 13:09:38:385] <56343> ]
INFO	[2012-11-24 13:09:38:386] <56343> END  정상승인 Transaction time:[1.06sec]
INFO	[2012-11-24 13:09:38:386] <56343> ===============================================================
