INFO	[2012-10-15 17:05:08:121] <24803> ===============================================================
INFO	[2012-10-15 17:05:08:122] <24803> START AgsPay40 php (OS:Linux2.6.18-238.9.1.el5xen,PHP:5.2.17)
INFO	[2012-10-15 17:05:08:122] <24803> virtual Pay Start!
INFO	[2012-10-15 17:05:08:122] <24803> AgsPayHome:/mnt/DATA/WWW/casebuy.me/ko/agspay_mobile/
INFO	[2012-10-15 17:05:08:122] <24803> StoreId:yulabs79
INFO	[2012-10-15 17:05:08:122] <24803> log:true
INFO	[2012-10-15 17:05:08:122] <24803> logLevel:INFO
INFO	[2012-10-15 17:05:08:122] <24803> UseNetCancel:true
INFO	[2012-10-15 17:05:08:122] <24803> Type:Pay
INFO	[2012-10-15 17:05:08:122] <24803> RecvLen:7
INFO	[2012-10-15 17:05:08:122] <24803> AuthTy:virtual
INFO	[2012-10-15 17:05:08:122] <24803> SubTy:
INFO	[2012-10-15 17:05:08:122] <24803> OrdNo:1000000201
INFO	[2012-10-15 17:05:08:122] <24803> Amt:34900
INFO	[2012-10-15 17:05:08:122] <24803> UserEmail:noff@naver.com
INFO	[2012-10-15 17:05:08:123] <24803> ProdNm:베네통
INFO	[2012-10-15 17:05:08:123] <24803> MallUrl:http://www.casebuy.me
INFO	[2012-10-15 17:05:08:123] <24803> UserId:1
INFO	[2012-10-15 17:05:08:123] <24803> OrdNm:박용남
INFO	[2012-10-15 17:05:08:123] <24803> OrdPhone:010-2717-8221
INFO	[2012-10-15 17:05:08:123] <24803> OrdAddr:서울 중구 충무로2가 50-6
INFO	[2012-10-15 17:05:08:123] <24803> RcpNm:박용남
INFO	[2012-10-15 17:05:08:123] <24803> RcpPhone:010-2717-8221
INFO	[2012-10-15 17:05:08:123] <24803> DlvAddr:서울 중구 충무로2가 50-6
INFO	[2012-10-15 17:05:08:123] <24803> Remark:부재시 전화주세요
INFO	[2012-10-15 17:05:08:123] <24803> DeviId:9000400001
INFO	[2012-10-15 17:05:08:123] <24803> AuthYn:N
INFO	[2012-10-15 17:05:08:123] <24803> Instmt:
INFO	[2012-10-15 17:05:08:123] <24803> UserIp:211.48.34.44
INFO	[2012-10-15 17:05:08:123] <24803> partial_mm:
INFO	[2012-10-15 17:05:08:123] <24803> noIntMonth:
INFO	[2012-10-15 17:05:08:124] <24803> KVP_CURRENCY:
INFO	[2012-10-15 17:05:08:124] <24803> KVP_CARDCODE:
INFO	[2012-10-15 17:05:08:124] <24803> KVP_SESSIONKEY:
INFO	[2012-10-15 17:05:08:124] <24803> KVP_ENCDATA:
INFO	[2012-10-15 17:05:08:124] <24803> KVP_CONAME:
INFO	[2012-10-15 17:05:08:124] <24803> KVP_NOINT:
INFO	[2012-10-15 17:05:08:124] <24803> KVP_QUOTA:
INFO	[2012-10-15 17:05:08:124] <24803> CardNo:
INFO	[2012-10-15 17:05:08:124] <24803> MPI_CAVV:
INFO	[2012-10-15 17:05:08:124] <24803> MPI_ECI:
INFO	[2012-10-15 17:05:08:124] <24803> MPI_MD64:
INFO	[2012-10-15 17:05:08:124] <24803> ExpMon:
INFO	[2012-10-15 17:05:08:124] <24803> ExpYear:
INFO	[2012-10-15 17:05:08:124] <24803> Passwd:
INFO	[2012-10-15 17:05:08:124] <24803> SocId:
INFO	[2012-10-15 17:05:08:124] <24803> HP_SERVERINFO:
INFO	[2012-10-15 17:05:08:125] <24803> HP_HANDPHONE:
INFO	[2012-10-15 17:05:08:125] <24803> HP_COMPANY:
INFO	[2012-10-15 17:05:08:125] <24803> HP_ID:
INFO	[2012-10-15 17:05:08:125] <24803> HP_SUBID:
INFO	[2012-10-15 17:05:08:125] <24803> HP_UNITType:
INFO	[2012-10-15 17:05:08:125] <24803> HP_IDEN:
INFO	[2012-10-15 17:05:08:125] <24803> HP_IPADDR:
INFO	[2012-10-15 17:05:08:125] <24803> VIRTUAL_CENTERCD:88
INFO	[2012-10-15 17:05:08:125] <24803> VIRTUAL_DEPODT:20121020
INFO	[2012-10-15 17:05:08:125] <24803> ZuminCode:1212121234567
INFO	[2012-10-15 17:05:08:125] <24803> MallPage:/lovehlic/agspay_mobile/AGS_VirAcctResult.php;N;;34900;;
INFO	[2012-10-15 17:05:08:125] <24803> VIRTUAL_NO:56200412943838
INFO	[2012-10-15 17:05:08:125] <24803> ES_SENDNO:
INFO	[2012-10-15 17:05:08:125] <24803> Column1:상점정보입력1
INFO	[2012-10-15 17:05:08:125] <24803> Column2:상점정보입력2
INFO	[2012-10-15 17:05:08:125] <24803> Column3:상점정보입력3
INFO	[2012-10-15 17:05:08:126] <24803> Make NetCancel ID Start
INFO	[2012-10-15 17:05:08:126] <24803> AEGIS_VIR_yulabs79_20121015170508126618
INFO	[2012-10-15 17:05:08:126] <24803> Make NetCancel ID End
INFO	[2012-10-15 17:05:08:126] <24803> Make NetCancelID OK
INFO	[2012-10-15 17:05:08:126] <24803> Make Msg Start
INFO	[2012-10-15 17:05:08:126] <24803> virtual Make MSG OK 
INFO	[2012-10-15 17:05:08:126] <24803> Make Msg End
INFO	[2012-10-15 17:05:08:158] <24803> Make Pay Msg OK
INFO	[2012-10-15 17:05:08:158] <24803> Send & Recv Msg Start
INFO	[2012-10-15 17:05:08:159] <24803> Send Data To PG Start [ 
INFO	[2012-10-15 17:05:08:159] <24803> 0:000327Vvir_n
INFO	[2012-10-15 17:05:08:159] <24803> 1:yulabs79
INFO	[2012-10-15 17:05:08:159] <24803> 2:1000000201
INFO	[2012-10-15 17:05:08:159] <24803> 3:88
INFO	[2012-10-15 17:05:08:159] <24803> 4:56200412943838
INFO	[2012-10-15 17:05:08:159] <24803> 5:34900
INFO	[2012-10-15 17:05:08:159] <24803> 6:20121020
INFO	[2012-10-15 17:05:08:159] <24803> 7:박용남
INFO	[2012-10-15 17:05:08:159] <24803> 8:1212121234567
INFO	[2012-10-15 17:05:08:159] <24803> 9:010-2717-8221
INFO	[2012-10-15 17:05:08:159] <24803> 10:noff@naver.com
INFO	[2012-10-15 17:05:08:159] <24803> 11:서울 중구 충무로2가 50-6
INFO	[2012-10-15 17:05:08:159] <24803> 12:박용남
INFO	[2012-10-15 17:05:08:159] <24803> 13:010-2717-8221
INFO	[2012-10-15 17:05:08:159] <24803> 14:서울 중구 충무로2가 50-6
INFO	[2012-10-15 17:05:08:159] <24803> 15:베네통
INFO	[2012-10-15 17:05:08:159] <24803> 16:부재시 전화주세요
INFO	[2012-10-15 17:05:08:159] <24803> 17:http://www.casebuy.me
INFO	[2012-10-15 17:05:08:159] <24803> 18:/lovehlic/agspay_mobile/AGS_VirAcctResult.php;N;;34900;;
INFO	[2012-10-15 17:05:08:159] <24803> 19:AEGIS_VIR_yulabs79_20121015170508126618
INFO	[2012-10-15 17:05:08:159] <24803> 20:
INFO	[2012-10-15 17:05:08:159] <24803> ] Send Data To PG End 
INFO	[2012-10-15 17:05:08:159] <24803> SendMsg : [000327Vvir_n|yulabs79|1000000201|88|56200412943838|34900|20121020|박용남|1212121234567|010-2717-8221|noff@naver.com|서울 중구 충무로2가 50-6|박용남|010-2717-8221|서울 중구 충무로2가 50-6|베네통|부재시 전화주세요|http://www.casebuy.me|/lovehlic/agspay_mobile/AGS_VirAcctResult.php;N;;34900;;|AEGIS_VIR_yulabs79_20121015170508126618|]
INFO	[2012-10-15 17:05:08:159] <24803> Connect IP:[220.85.12.3] Port:[29760]
INFO	[2012-10-15 17:05:08:164] <24803> Socket Open OK
INFO	[2012-10-15 17:05:08:568] <24803> RecvMsg Length : [000056]
INFO	[2012-10-15 17:05:08:568] <24803> RecvMsg : [vir_n|yulabs79|20121015170508|56200412943838|y|정상배포|]
INFO	[2012-10-15 17:05:08:568] <24803> Socket Close OK
INFO	[2012-10-15 17:05:08:568] <24803> RecvMsg Length Check OK
INFO	[2012-10-15 17:05:08:568] <24803> Send & Recv Msg End
INFO	[2012-10-15 17:05:08:568] <24803> Send & Recv Msg OK
INFO	[2012-10-15 17:05:08:569] <24803> Parse Msg Start
INFO	[2012-10-15 17:05:08:569] <24803> virtual RECV MSG Parsing OK 
INFO	[2012-10-15 17:05:08:569] <24803> Parse Msg End
INFO	[2012-10-15 17:05:08:569] <24803> Msg Parsing OK
INFO	[2012-10-15 17:05:08:569] <24803> virtual Pay Result Value [
INFO	[2012-10-15 17:05:08:569] <24803> NetCancID:AEGIS_VIR_yulabs79_20121015170508126618
INFO	[2012-10-15 17:05:08:569] <24803> rAuthTy:vir_n
INFO	[2012-10-15 17:05:08:569] <24803> rStoreId:yulabs79
INFO	[2012-10-15 17:05:08:569] <24803> rApprTm:20121015170508
INFO	[2012-10-15 17:05:08:569] <24803> rVirNo:56200412943838
INFO	[2012-10-15 17:05:08:569] <24803> rSuccYn:y
INFO	[2012-10-15 17:05:08:569] <24803> rResMsg:정상배포
INFO	[2012-10-15 17:05:08:569] <24803> rOrdNo:1000000201
INFO	[2012-10-15 17:05:08:569] <24803> rProdNm:베네통
INFO	[2012-10-15 17:05:08:569] <24803> rAmt:34900
INFO	[2012-10-15 17:05:08:570] <24803> ]
INFO	[2012-10-15 17:05:08:570] <24803> END  정상배포 Transaction time:[0.489sec]
INFO	[2012-10-15 17:05:08:570] <24803> ===============================================================
