INFO	[2012-10-04 16:33:07:513] <10267> ===============================================================
INFO	[2012-10-04 16:33:07:513] <10267> START AgsPay40 php (OS:Linux2.6.18-238.9.1.el5xen,PHP:5.2.17)
INFO	[2012-10-04 16:33:07:513] <10267> card Pay Start!
INFO	[2012-10-04 16:33:07:513] <10267> AgsPayHome:/mnt/DATA/WWW/casebuy.me/ko/agspay_mobile/
INFO	[2012-10-04 16:33:07:513] <10267> StoreId:aegis
INFO	[2012-10-04 16:33:07:513] <10267> log:true
INFO	[2012-10-04 16:33:07:513] <10267> logLevel:INFO
INFO	[2012-10-04 16:33:07:513] <10267> UseNetCancel:true
INFO	[2012-10-04 16:33:07:513] <10267> Type:Pay
INFO	[2012-10-04 16:33:07:513] <10267> RecvLen:7
INFO	[2012-10-04 16:33:07:513] <10267> AuthTy:card
INFO	[2012-10-04 16:33:07:513] <10267> SubTy:visa3d
INFO	[2012-10-04 16:33:07:513] <10267> OrdNo:1000000001
INFO	[2012-10-04 16:33:07:513] <10267> Amt:1000
INFO	[2012-10-04 16:33:07:513] <10267> UserEmail:test@test.com
INFO	[2012-10-04 16:33:07:514] <10267> ProdNm:ÌÖåÏä§Ìä∏
INFO	[2012-10-04 16:33:07:514] <10267> MallUrl:http://www.allthegate.com
INFO	[2012-10-04 16:33:07:514] <10267> UserId:test
INFO	[2012-10-04 16:33:07:514] <10267> OrdNm:ÌôçÍ∏∏Îèô
INFO	[2012-10-04 16:33:07:514] <10267> OrdPhone:02-111-1111
INFO	[2012-10-04 16:33:07:514] <10267> OrdAddr:ÏÑúÏö∏Ïãú Í∞ïÎÇ®Íµ¨ Ï≤≠Îã¥Îèô
INFO	[2012-10-04 16:33:07:514] <10267> RcpNm:ÍπÄÍ∏∏Îèô
INFO	[2012-10-04 16:33:07:514] <10267> RcpPhone:02-111-2222
INFO	[2012-10-04 16:33:07:514] <10267> DlvAddr:ÏÑúÏö∏Ïãú Í∞ïÎÇ®Íµ¨ Ï≤≠Îã¥Îèô
INFO	[2012-10-04 16:33:07:514] <10267> Remark:Ïò§ÌõÑÏóê Î∞∞ÏÜ°ÏöîÎßù
INFO	[2012-10-04 16:33:07:514] <10267> DeviId:9000400001
INFO	[2012-10-04 16:33:07:514] <10267> AuthYn:N;110.70.31.170;N;;1000;;null;
INFO	[2012-10-04 16:33:07:514] <10267> Instmt:00
INFO	[2012-10-04 16:33:07:514] <10267> UserIp:110.70.31.170
INFO	[2012-10-04 16:33:07:514] <10267> partial_mm:00
INFO	[2012-10-04 16:33:07:514] <10267> noIntMonth:
INFO	[2012-10-04 16:33:07:514] <10267> KVP_CURRENCY:
INFO	[2012-10-04 16:33:07:514] <10267> KVP_CARDCODE:
INFO	[2012-10-04 16:33:07:515] <10267> KVP_SESSIONKEY:
INFO	[2012-10-04 16:33:07:515] <10267> KVP_ENCDATA:
INFO	[2012-10-04 16:33:07:515] <10267> KVP_CONAME:
INFO	[2012-10-04 16:33:07:515] <10267> KVP_NOINT:
INFO	[2012-10-04 16:33:07:515] <10267> KVP_QUOTA:
INFO	[2012-10-04 16:33:07:515] <10267> CardNo:4374360069657003
INFO	[2012-10-04 16:33:07:515] <10267> MPI_CAVV:AAABCBYzFSASEAQWMzMVAAAAAAA=
INFO	[2012-10-04 16:33:07:515] <10267> MPI_ECI:05
INFO	[2012-10-04 16:33:07:515] <10267> MPI_MD64:MjAxMjEwMDQxNjMxMTAxODAxMDY=
INFO	[2012-10-04 16:33:07:515] <10267> ExpMon:2049
INFO	[2012-10-04 16:33:07:515] <10267> ExpYear:12
INFO	[2012-10-04 16:33:07:515] <10267> Passwd:
INFO	[2012-10-04 16:33:07:515] <10267> SocId:
INFO	[2012-10-04 16:33:07:515] <10267> HP_SERVERINFO:
INFO	[2012-10-04 16:33:07:515] <10267> HP_HANDPHONE:
INFO	[2012-10-04 16:33:07:515] <10267> HP_COMPANY:
INFO	[2012-10-04 16:33:07:515] <10267> HP_ID:
INFO	[2012-10-04 16:33:07:515] <10267> HP_SUBID:
INFO	[2012-10-04 16:33:07:516] <10267> HP_UNITType:
INFO	[2012-10-04 16:33:07:516] <10267> HP_IDEN:
INFO	[2012-10-04 16:33:07:516] <10267> HP_IPADDR:
INFO	[2012-10-04 16:33:07:516] <10267> VIRTUAL_CENTERCD:
INFO	[2012-10-04 16:33:07:516] <10267> VIRTUAL_DEPODT:
INFO	[2012-10-04 16:33:07:516] <10267> ZuminCode:
INFO	[2012-10-04 16:33:07:516] <10267> MallPage:
INFO	[2012-10-04 16:33:07:516] <10267> VIRTUAL_NO:
INFO	[2012-10-04 16:33:07:516] <10267> ES_SENDNO:
INFO	[2012-10-04 16:33:07:516] <10267> Column1:ÏÉÅÏ†êÏ†ïÎ≥¥ÏûÖÎ†•1
INFO	[2012-10-04 16:33:07:516] <10267> Column2:ÏÉÅÏ†êÏ†ïÎ≥¥ÏûÖÎ†•2
INFO	[2012-10-04 16:33:07:516] <10267> Column3:ÏÉÅÏ†êÏ†ïÎ≥¥ÏûÖÎ†•3
INFO	[2012-10-04 16:33:07:516] <10267> Make NetCancel ID Start
INFO	[2012-10-04 16:33:07:516] <10267> AEGIS_VISAaegis_20121004163307516235
INFO	[2012-10-04 16:33:07:516] <10267> Make NetCancel ID End
INFO	[2012-10-04 16:33:07:516] <10267> Make NetCancelID OK
INFO	[2012-10-04 16:33:07:517] <10267> Make Msg Start
INFO	[2012-10-04 16:33:07:517] <10267> Encrypt Start
INFO	[2012-10-04 16:33:07:517] <10267> Encrypt End
INFO	[2012-10-04 16:33:07:517] <10267> Encrypt Start
INFO	[2012-10-04 16:33:07:517] <10267> Encrypt End
INFO	[2012-10-04 16:33:07:517] <10267> Encrypt Start
INFO	[2012-10-04 16:33:07:517] <10267> Encrypt End
INFO	[2012-10-04 16:33:07:517] <10267> Encrypt Start
INFO	[2012-10-04 16:33:07:517] <10267> Encrypt End
INFO	[2012-10-04 16:33:07:517] <10267> card-visa3d Make MSG OK 
INFO	[2012-10-04 16:33:07:517] <10267> Make Msg End
INFO	[2012-10-04 16:33:07:517] <10267> Make Pay Msg OK
INFO	[2012-10-04 16:33:07:517] <10267> Send & Recv Msg Start
INFO	[2012-10-04 16:33:07:517] <10267> Send Data To PG Start [ 
INFO	[2012-10-04 16:33:07:517] <10267> 0:0003530mobile
INFO	[2012-10-04 16:33:07:517] <10267> 1:aegis
INFO	[2012-10-04 16:33:07:517] <10267> 2:test
INFO	[2012-10-04 16:33:07:517] <10267> 3:1000
INFO	[2012-10-04 16:33:07:517] <10267> 4:1000000001
INFO	[2012-10-04 16:33:07:517] <10267> 5:9000400001
INFO	[2012-10-04 16:33:07:517] <10267> 6:3748311563608819
INFO	[2012-10-04 16:33:07:517] <10267> 7:914306
INFO	[2012-10-04 16:33:07:517] <10267> 8:00
INFO	[2012-10-04 16:33:07:517] <10267> 9:N;110.70.31.170;N;;1000;;null;
INFO	[2012-10-04 16:33:07:517] <10267> 10:
INFO	[2012-10-04 16:33:07:517] <10267> 11:
INFO	[2012-10-04 16:33:07:517] <10267> 12:ÍπÄÍ∏∏Îèô
INFO	[2012-10-04 16:33:07:517] <10267> 13:02-111-2222
INFO	[2012-10-04 16:33:07:517] <10267> 14:ÏÑúÏö∏Ïãú Í∞ïÎÇ®Íµ¨ Ï≤≠Îã¥Îèô
INFO	[2012-10-04 16:33:07:517] <10267> 15:ÌôçÍ∏∏Îèô
INFO	[2012-10-04 16:33:07:517] <10267> 16:110.70.31.170;02-111-1111
INFO	[2012-10-04 16:33:07:517] <10267> 17:test@test.com;Ïò§ÌõÑÏóê Î∞∞ÏÜ°ÏöîÎßù
INFO	[2012-10-04 16:33:07:517] <10267> 18:ÌÖåÏä§Ìä∏
INFO	[2012-10-04 16:33:07:517] <10267> 19:AAABCBYzFSASEAQWMzMVAAAAAAA=
INFO	[2012-10-04 16:33:07:517] <10267> 20:MjAxMjEwMDQxNjMxMTAxODAxMDY=
INFO	[2012-10-04 16:33:07:517] <10267> 21:05
INFO	[2012-10-04 16:33:07:517] <10267> 22:test@test.com
INFO	[2012-10-04 16:33:07:517] <10267> 23:AEGIS_VISAaegis_20121004163307516235
INFO	[2012-10-04 16:33:07:517] <10267> 24:
INFO	[2012-10-04 16:33:07:518] <10267> ] Send Data To PG End 
INFO	[2012-10-04 16:33:07:518] <10267> SendMsg : [0003530mobile|aegis|test|1000|1000000001|9000400001|3748311563608819|914306|00|N;110.70.31.170;N;;1000;;null;|||ÍπÄÍ∏∏Îèô|02-111-2222|ÏÑúÏö∏Ïãú Í∞ïÎÇ®Íµ¨ Ï≤≠Îã¥Îèô|ÌôçÍ∏∏Îèô|110.70.31.170;02-111-1111|test@test.com;Ïò§ÌõÑÏóê Î∞∞ÏÜ°ÏöîÎßù|ÌÖåÏä§Ìä∏|AAABCBYzFSASEAQWMzMVAAAAAAA=|MjAxMjEwMDQxNjMxMTAxODAxMDY=|05|test@test.com|AEGIS_VISAaegis_20121004163307516235|]
INFO	[2012-10-04 16:33:07:518] <10267> Connect IP:[220.85.12.3] Port:[29760]
INFO	[2012-10-04 16:33:07:550] <10267> Socket Open OK
INFO	[2012-10-04 16:33:08:537] <10267> RecvMsg Length : [000107]
INFO	[2012-10-04 16:33:08:537] <10267> RecvMsg : [aegis|0610|1000000001|10057508|000000001000|y|¡§ªÛΩ¬¿Œ|Ω≈«—|20121004163308|0500|18570317|0500|Ω≈«—|511078|
]
INFO	[2012-10-04 16:33:08:537] <10267> Socket Close OK
INFO	[2012-10-04 16:33:08:537] <10267> RecvMsg Length Check OK
INFO	[2012-10-04 16:33:08:537] <10267> Send & Recv Msg End
INFO	[2012-10-04 16:33:08:537] <10267> Send & Recv Msg OK
INFO	[2012-10-04 16:33:08:537] <10267> Parse Msg Start
INFO	[2012-10-04 16:33:08:537] <10267> card-visa3d RECV MSG Parsing OK 
INFO	[2012-10-04 16:33:08:537] <10267> Parse Msg End
INFO	[2012-10-04 16:33:08:537] <10267> Msg Parsing OK
INFO	[2012-10-04 16:33:08:537] <10267> card Pay Result Value [
INFO	[2012-10-04 16:33:08:537] <10267> NetCancID:AEGIS_VISAaegis_20121004163307516235
INFO	[2012-10-04 16:33:08:538] <10267> rStoreId:aegis
INFO	[2012-10-04 16:33:08:538] <10267> rBusiCd:0610
INFO	[2012-10-04 16:33:08:538] <10267> rOrdNo:1000000001
INFO	[2012-10-04 16:33:08:538] <10267> rApprNo:10057508
INFO	[2012-10-04 16:33:08:538] <10267> rInstmt:00
INFO	[2012-10-04 16:33:08:538] <10267> rAmt:000000001000
INFO	[2012-10-04 16:33:08:538] <10267> rSuccYn:y
INFO	[2012-10-04 16:33:08:538] <10267> rResMsg:¡§ªÛΩ¬¿Œ
INFO	[2012-10-04 16:33:08:538] <10267> rCardNm:Ω≈«—
INFO	[2012-10-04 16:33:08:538] <10267> rApprTm:20121004163308
INFO	[2012-10-04 16:33:08:538] <10267> rCardCd:0500
INFO	[2012-10-04 16:33:08:538] <10267> rMembNo:18570317
INFO	[2012-10-04 16:33:08:538] <10267> rAquiCd:0500
INFO	[2012-10-04 16:33:08:538] <10267> rAquiNm:Ω≈«—
INFO	[2012-10-04 16:33:08:538] <10267> rDealNo:511078
INFO	[2012-10-04 16:33:08:538] <10267> rProdNm:ÌÖåÏä§Ìä∏
INFO	[2012-10-04 16:33:08:538] <10267> ]
INFO	[2012-10-04 16:33:08:539] <10267> END  ¡§ªÛΩ¬¿Œ Transaction time:[1.026sec]
INFO	[2012-10-04 16:33:08:539] <10267> ===============================================================
