INFO	[2012-10-18 18:12:10:566] <24802> ===============================================================
INFO	[2012-10-18 18:12:10:566] <24802> START AgsPay40 php (OS:Linux2.6.18-238.9.1.el5xen,PHP:5.2.17)
INFO	[2012-10-18 18:12:10:567] <24802> virtual Pay Start!
INFO	[2012-10-18 18:12:10:567] <24802> AgsPayHome:/mnt/DATA/WWW/casebuy.me/ko/agspay_mobile/
INFO	[2012-10-18 18:12:10:567] <24802> StoreId:yulabs79
INFO	[2012-10-18 18:12:10:567] <24802> log:true
INFO	[2012-10-18 18:12:10:567] <24802> logLevel:INFO
INFO	[2012-10-18 18:12:10:567] <24802> UseNetCancel:true
INFO	[2012-10-18 18:12:10:567] <24802> Type:Pay
INFO	[2012-10-18 18:12:10:567] <24802> RecvLen:7
INFO	[2012-10-18 18:12:10:567] <24802> AuthTy:virtual
INFO	[2012-10-18 18:12:10:567] <24802> SubTy:
INFO	[2012-10-18 18:12:10:567] <24802> OrdNo:1000000235
INFO	[2012-10-18 18:12:10:567] <24802> Amt:16000
INFO	[2012-10-18 18:12:10:567] <24802> UserEmail:duddns@cultstory.com
INFO	[2012-10-18 18:12:10:567] <24802> ProdNm:오카모토 003 RF 리얼핏
INFO	[2012-10-18 18:12:10:567] <24802> MallUrl:http://www.casebuy.me
INFO	[2012-10-18 18:12:10:567] <24802> UserId:18
INFO	[2012-10-18 18:12:10:568] <24802> OrdNm:&
INFO	[2012-10-18 18:12:10:568] <24802> OrdPhone:010-9924-1672
INFO	[2012-10-18 18:12:10:568] <24802> OrdAddr:서울 중구 충무로2가 50-6 라이온스빌딩
INFO	[2012-10-18 18:12:10:568] <24802> RcpNm:&
INFO	[2012-10-18 18:12:10:568] <24802> RcpPhone:010-9924-1672
INFO	[2012-10-18 18:12:10:568] <24802> DlvAddr:서울 중구 충무로2가 50-6 라이온스빌딩
INFO	[2012-10-18 18:12:10:568] <24802> Remark:
INFO	[2012-10-18 18:12:10:568] <24802> DeviId:9000400001
INFO	[2012-10-18 18:12:10:568] <24802> AuthYn:N
INFO	[2012-10-18 18:12:10:568] <24802> Instmt:
INFO	[2012-10-18 18:12:10:568] <24802> UserIp:211.48.34.44
INFO	[2012-10-18 18:12:10:568] <24802> partial_mm:
INFO	[2012-10-18 18:12:10:568] <24802> noIntMonth:
INFO	[2012-10-18 18:12:10:568] <24802> KVP_CURRENCY:
INFO	[2012-10-18 18:12:10:568] <24802> KVP_CARDCODE:
INFO	[2012-10-18 18:12:10:568] <24802> KVP_SESSIONKEY:
INFO	[2012-10-18 18:12:10:569] <24802> KVP_ENCDATA:
INFO	[2012-10-18 18:12:10:569] <24802> KVP_CONAME:
INFO	[2012-10-18 18:12:10:569] <24802> KVP_NOINT:
INFO	[2012-10-18 18:12:10:569] <24802> KVP_QUOTA:
INFO	[2012-10-18 18:12:10:569] <24802> CardNo:
INFO	[2012-10-18 18:12:10:569] <24802> MPI_CAVV:
INFO	[2012-10-18 18:12:10:569] <24802> MPI_ECI:
INFO	[2012-10-18 18:12:10:569] <24802> MPI_MD64:
INFO	[2012-10-18 18:12:10:569] <24802> ExpMon:
INFO	[2012-10-18 18:12:10:569] <24802> ExpYear:
INFO	[2012-10-18 18:12:10:569] <24802> Passwd:
INFO	[2012-10-18 18:12:10:569] <24802> SocId:
INFO	[2012-10-18 18:12:10:569] <24802> HP_SERVERINFO:
INFO	[2012-10-18 18:12:10:569] <24802> HP_HANDPHONE:
INFO	[2012-10-18 18:12:10:569] <24802> HP_COMPANY:
INFO	[2012-10-18 18:12:10:569] <24802> HP_ID:
INFO	[2012-10-18 18:12:10:570] <24802> HP_SUBID:
INFO	[2012-10-18 18:12:10:570] <24802> HP_UNITType:
INFO	[2012-10-18 18:12:10:570] <24802> HP_IDEN:
INFO	[2012-10-18 18:12:10:570] <24802> HP_IPADDR:
INFO	[2012-10-18 18:12:10:570] <24802> VIRTUAL_CENTERCD:20
INFO	[2012-10-18 18:12:10:570] <24802> VIRTUAL_DEPODT:20121023
INFO	[2012-10-18 18:12:10:570] <24802> ZuminCode:1212121234567
INFO	[2012-10-18 18:12:10:570] <24802> MallPage:/lovehlic/agspay_mobile/AGS_VirAcctResult.php;N;;16000;;
INFO	[2012-10-18 18:12:10:570] <24802> VIRTUAL_NO:26360495618183
INFO	[2012-10-18 18:12:10:570] <24802> ES_SENDNO:
INFO	[2012-10-18 18:12:10:570] <24802> Column1:상점정보입력1
INFO	[2012-10-18 18:12:10:570] <24802> Column2:상점정보입력2
INFO	[2012-10-18 18:12:10:570] <24802> Column3:상점정보입력3
INFO	[2012-10-18 18:12:10:570] <24802> Make NetCancel ID Start
INFO	[2012-10-18 18:12:10:570] <24802> AEGIS_VIR_yulabs79_20121018181210570844
INFO	[2012-10-18 18:12:10:571] <24802> Make NetCancel ID End
INFO	[2012-10-18 18:12:10:571] <24802> Make NetCancelID OK
INFO	[2012-10-18 18:12:10:571] <24802> Make Msg Start
INFO	[2012-10-18 18:12:10:571] <24802> virtual Make MSG OK 
INFO	[2012-10-18 18:12:10:571] <24802> Make Msg End
INFO	[2012-10-18 18:12:10:571] <24802> Make Pay Msg OK
INFO	[2012-10-18 18:12:10:571] <24802> Send & Recv Msg Start
INFO	[2012-10-18 18:12:10:571] <24802> Send Data To PG Start [ 
INFO	[2012-10-18 18:12:10:571] <24802> 0:000348Vvir_n
INFO	[2012-10-18 18:12:10:571] <24802> 1:yulabs79
INFO	[2012-10-18 18:12:10:571] <24802> 2:1000000235
INFO	[2012-10-18 18:12:10:571] <24802> 3:20
INFO	[2012-10-18 18:12:10:571] <24802> 4:26360495618183
INFO	[2012-10-18 18:12:10:571] <24802> 5:16000
INFO	[2012-10-18 18:12:10:571] <24802> 6:20121023
INFO	[2012-10-18 18:12:10:571] <24802> 7:&
INFO	[2012-10-18 18:12:10:571] <24802> 8:1212121234567
INFO	[2012-10-18 18:12:10:571] <24802> 9:010-9924-1672
INFO	[2012-10-18 18:12:10:571] <24802> 10:duddns@cultstory.com
INFO	[2012-10-18 18:12:10:571] <24802> 11:서울 중구 충무로2가 50-6 라이온스빌딩
INFO	[2012-10-18 18:12:10:571] <24802> 12:&
INFO	[2012-10-18 18:12:10:571] <24802> 13:010-9924-1672
INFO	[2012-10-18 18:12:10:571] <24802> 14:서울 중구 충무로2가 50-6 라이온스빌딩
INFO	[2012-10-18 18:12:10:571] <24802> 15:오카모토 003 RF 리얼핏
INFO	[2012-10-18 18:12:10:571] <24802> 16:
INFO	[2012-10-18 18:12:10:571] <24802> 17:http://www.casebuy.me
INFO	[2012-10-18 18:12:10:571] <24802> 18:/lovehlic/agspay_mobile/AGS_VirAcctResult.php;N;;16000;;
INFO	[2012-10-18 18:12:10:571] <24802> 19:AEGIS_VIR_yulabs79_20121018181210570844
INFO	[2012-10-18 18:12:10:571] <24802> 20:
INFO	[2012-10-18 18:12:10:571] <24802> ] Send Data To PG End 
INFO	[2012-10-18 18:12:10:571] <24802> SendMsg : [000348Vvir_n|yulabs79|1000000235|20|26360495618183|16000|20121023|&|1212121234567|010-9924-1672|duddns@cultstory.com|서울 중구 충무로2가 50-6 라이온스빌딩|&|010-9924-1672|서울 중구 충무로2가 50-6 라이온스빌딩|오카모토 003 RF 리얼핏||http://www.casebuy.me|/lovehlic/agspay_mobile/AGS_VirAcctResult.php;N;;16000;;|AEGIS_VIR_yulabs79_20121018181210570844|]
INFO	[2012-10-18 18:12:10:571] <24802> Connect IP:[220.85.12.3] Port:[29760]
INFO	[2012-10-18 18:12:10:577] <24802> Socket Open OK
INFO	[2012-10-18 18:12:10:974] <24802> RecvMsg Length : [000056]
INFO	[2012-10-18 18:12:10:974] <24802> RecvMsg : [vir_n|yulabs79|20121018181210|26360495618183|y|정상배포|]
INFO	[2012-10-18 18:12:10:974] <24802> Socket Close OK
INFO	[2012-10-18 18:12:10:974] <24802> RecvMsg Length Check OK
INFO	[2012-10-18 18:12:10:974] <24802> Send & Recv Msg End
INFO	[2012-10-18 18:12:10:974] <24802> Send & Recv Msg OK
INFO	[2012-10-18 18:12:10:974] <24802> Parse Msg Start
INFO	[2012-10-18 18:12:10:974] <24802> virtual RECV MSG Parsing OK 
INFO	[2012-10-18 18:12:10:974] <24802> Parse Msg End
INFO	[2012-10-18 18:12:10:974] <24802> Msg Parsing OK
INFO	[2012-10-18 18:12:10:974] <24802> virtual Pay Result Value [
INFO	[2012-10-18 18:12:10:975] <24802> NetCancID:AEGIS_VIR_yulabs79_20121018181210570844
INFO	[2012-10-18 18:12:10:975] <24802> rAuthTy:vir_n
INFO	[2012-10-18 18:12:10:975] <24802> rStoreId:yulabs79
INFO	[2012-10-18 18:12:10:975] <24802> rApprTm:20121018181210
INFO	[2012-10-18 18:12:10:975] <24802> rVirNo:26360495618183
INFO	[2012-10-18 18:12:10:975] <24802> rSuccYn:y
INFO	[2012-10-18 18:12:10:975] <24802> rResMsg:정상배포
INFO	[2012-10-18 18:12:10:975] <24802> rOrdNo:1000000235
INFO	[2012-10-18 18:12:10:975] <24802> rProdNm:오카모토 003 RF 리얼핏
INFO	[2012-10-18 18:12:10:975] <24802> rAmt:16000
INFO	[2012-10-18 18:12:10:975] <24802> ]
INFO	[2012-10-18 18:12:10:975] <24802> END  정상배포 Transaction time:[0.409sec]
INFO	[2012-10-18 18:12:10:975] <24802> ===============================================================
