INFO	[2012-11-26 19:03:52:339] <18627> ===============================================================
INFO	[2012-11-26 19:03:52:356] <18627> START AgsPay40 php (OS:Darwin12.2.0,PHP:5.2.17)
INFO	[2012-11-26 19:03:52:356] <18627> card Pay Start!
INFO	[2012-11-26 19:03:52:356] <18627> AgsPayHome:/Users/musicndelight/workspace/caseshop_server/ko/agspay_mobile/
INFO	[2012-11-26 19:03:52:356] <18627> StoreId:aegis
INFO	[2012-11-26 19:03:52:356] <18627> log:true
INFO	[2012-11-26 19:03:52:357] <18627> logLevel:INFO
INFO	[2012-11-26 19:03:52:357] <18627> UseNetCancel:true
INFO	[2012-11-26 19:03:52:357] <18627> Type:Pay
INFO	[2012-11-26 19:03:52:357] <18627> RecvLen:7
INFO	[2012-11-26 19:03:52:357] <18627> AuthTy:card
INFO	[2012-11-26 19:03:52:357] <18627> SubTy:visa3d
INFO	[2012-11-26 19:03:52:357] <18627> OrdNo:57
INFO	[2012-11-26 19:03:52:357] <18627> Amt:18500
INFO	[2012-11-26 19:03:52:357] <18627> UserEmail:noff@naver.com
INFO	[2012-11-26 19:03:52:358] <18627> ProdNm:가죽 귀요미
INFO	[2012-11-26 19:03:52:358] <18627> MallUrl:http://casebuy.me
INFO	[2012-11-26 19:03:52:358] <18627> UserId:
INFO	[2012-11-26 19:03:52:358] <18627> OrdNm:박용남
INFO	[2012-11-26 19:03:52:358] <18627> OrdPhone:01027178221
INFO	[2012-11-26 19:03:52:358] <18627> OrdAddr:[120-836] 서울 서대문구 창천동122번지 미르빌라트 A동 306호
INFO	[2012-11-26 19:03:52:358] <18627> RcpNm:박용남
INFO	[2012-11-26 19:03:52:358] <18627> RcpPhone:01027178221
INFO	[2012-11-26 19:03:52:358] <18627> DlvAddr:[120-836] 서울 서대문구 창천동122번지 미르빌라트 A동 306호
INFO	[2012-11-26 19:03:52:359] <18627> Remark:빨리 보내줘
INFO	[2012-11-26 19:03:52:359] <18627> DeviId:9000400001
INFO	[2012-11-26 19:03:52:359] <18627> AuthYn:N;211.246.77.65;N;;18500;;null;
INFO	[2012-11-26 19:03:52:359] <18627> Instmt:00
INFO	[2012-11-26 19:03:52:359] <18627> UserIp:211.246.77.65
INFO	[2012-11-26 19:03:52:359] <18627> partial_mm:00
INFO	[2012-11-26 19:03:52:359] <18627> noIntMonth:
INFO	[2012-11-26 19:03:52:359] <18627> KVP_CURRENCY:
INFO	[2012-11-26 19:03:52:360] <18627> KVP_CARDCODE:
INFO	[2012-11-26 19:03:52:360] <18627> KVP_SESSIONKEY:
INFO	[2012-11-26 19:03:52:360] <18627> KVP_ENCDATA:
INFO	[2012-11-26 19:03:52:360] <18627> KVP_CONAME:
INFO	[2012-11-26 19:03:52:360] <18627> KVP_NOINT:
INFO	[2012-11-26 19:03:52:360] <18627> KVP_QUOTA:
INFO	[2012-11-26 19:03:52:360] <18627> CardNo:4374360069657003
INFO	[2012-11-26 19:03:52:360] <18627> MPI_CAVV:AAABBUMpZyASESYZASlnAAAAAAA=
INFO	[2012-11-26 19:03:52:360] <18627> MPI_ECI:05
INFO	[2012-11-26 19:03:52:361] <18627> MPI_MD64:MjAxMjExMjYxOTAwNTU5NTAxMDY=
INFO	[2012-11-26 19:03:52:361] <18627> ExpMon:2049
INFO	[2012-11-26 19:03:52:361] <18627> ExpYear:12
INFO	[2012-11-26 19:03:52:361] <18627> Passwd:
INFO	[2012-11-26 19:03:52:361] <18627> SocId:
INFO	[2012-11-26 19:03:52:361] <18627> HP_SERVERINFO:
INFO	[2012-11-26 19:03:52:361] <18627> HP_HANDPHONE:
INFO	[2012-11-26 19:03:52:361] <18627> HP_COMPANY:
INFO	[2012-11-26 19:03:52:362] <18627> HP_ID:
INFO	[2012-11-26 19:03:52:362] <18627> HP_SUBID:
INFO	[2012-11-26 19:03:52:362] <18627> HP_UNITType:
INFO	[2012-11-26 19:03:52:362] <18627> HP_IDEN:
INFO	[2012-11-26 19:03:52:362] <18627> HP_IPADDR:
INFO	[2012-11-26 19:03:52:362] <18627> VIRTUAL_CENTERCD:
INFO	[2012-11-26 19:03:52:362] <18627> VIRTUAL_DEPODT:
INFO	[2012-11-26 19:03:52:362] <18627> ZuminCode:
INFO	[2012-11-26 19:03:52:362] <18627> MallPage:
INFO	[2012-11-26 19:03:52:363] <18627> VIRTUAL_NO:
INFO	[2012-11-26 19:03:52:363] <18627> ES_SENDNO:
INFO	[2012-11-26 19:03:52:363] <18627> Column1:상점정보입력1
INFO	[2012-11-26 19:03:52:363] <18627> Column2:상점정보입력2
INFO	[2012-11-26 19:03:52:363] <18627> Column3:상점정보입력3
INFO	[2012-11-26 19:03:52:363] <18627> Make NetCancel ID Start
INFO	[2012-11-26 19:03:52:363] <18627> AEGIS_VISAaegis_20121126190352363303
INFO	[2012-11-26 19:03:52:364] <18627> Make NetCancel ID End
INFO	[2012-11-26 19:03:52:364] <18627> Make NetCancelID OK
INFO	[2012-11-26 19:03:52:364] <18627> Make Msg Start
INFO	[2012-11-26 19:03:52:364] <18627> Encrypt Start
INFO	[2012-11-26 19:03:52:364] <18627> Encrypt End
INFO	[2012-11-26 19:03:52:364] <18627> Encrypt Start
INFO	[2012-11-26 19:03:52:364] <18627> Encrypt End
INFO	[2012-11-26 19:03:52:364] <18627> Encrypt Start
INFO	[2012-11-26 19:03:52:365] <18627> Encrypt End
INFO	[2012-11-26 19:03:52:365] <18627> Encrypt Start
INFO	[2012-11-26 19:03:52:365] <18627> Encrypt End
INFO	[2012-11-26 19:03:52:365] <18627> card-visa3d Make MSG OK 
INFO	[2012-11-26 19:03:52:365] <18627> Make Msg End
INFO	[2012-11-26 19:03:52:366] <18627> Make Pay Msg OK
INFO	[2012-11-26 19:03:52:366] <18627> Send & Recv Msg Start
INFO	[2012-11-26 19:03:52:366] <18627> Send Data To PG Start [ 
INFO	[2012-11-26 19:03:52:366] <18627> 0:0003590mobile
INFO	[2012-11-26 19:03:52:366] <18627> 1:aegis
INFO	[2012-11-26 19:03:52:366] <18627> 2:
INFO	[2012-11-26 19:03:52:366] <18627> 3:18500
INFO	[2012-11-26 19:03:52:366] <18627> 4:57
INFO	[2012-11-26 19:03:52:366] <18627> 5:9000400001
INFO	[2012-11-26 19:03:52:366] <18627> 6:3748311563608819
INFO	[2012-11-26 19:03:52:366] <18627> 7:914306
INFO	[2012-11-26 19:03:52:366] <18627> 8:00
INFO	[2012-11-26 19:03:52:366] <18627> 9:N;211.246.77.65;N;;18500;;null;
INFO	[2012-11-26 19:03:52:366] <18627> 10:
INFO	[2012-11-26 19:03:52:366] <18627> 11:
INFO	[2012-11-26 19:03:52:366] <18627> 12:박용남
INFO	[2012-11-26 19:03:52:366] <18627> 13:01027178221
INFO	[2012-11-26 19:03:52:366] <18627> 14:[120-836] 서울 서대문구 창천동122번지 미르빌라트 A동 306호
INFO	[2012-11-26 19:03:52:366] <18627> 15:박용남
INFO	[2012-11-26 19:03:52:366] <18627> 16:211.246.77.65;01027178221
INFO	[2012-11-26 19:03:52:366] <18627> 17:noff@naver.com;빨리 보내줘
INFO	[2012-11-26 19:03:52:366] <18627> 18:가죽 귀요미
INFO	[2012-11-26 19:03:52:366] <18627> 19:AAABBUMpZyASESYZASlnAAAAAAA=
INFO	[2012-11-26 19:03:52:366] <18627> 20:MjAxMjExMjYxOTAwNTU5NTAxMDY=
INFO	[2012-11-26 19:03:52:366] <18627> 21:05
INFO	[2012-11-26 19:03:52:366] <18627> 22:noff@naver.com
INFO	[2012-11-26 19:03:52:366] <18627> 23:AEGIS_VISAaegis_20121126190352363303
INFO	[2012-11-26 19:03:52:366] <18627> 24:
INFO	[2012-11-26 19:03:52:366] <18627> ] Send Data To PG End 
INFO	[2012-11-26 19:03:52:366] <18627> SendMsg : [0003590mobile|aegis||18500|57|9000400001|3748311563608819|914306|00|N;211.246.77.65;N;;18500;;null;|||박용남|01027178221|[120-836] 서울 서대문구 창천동122번지 미르빌라트 A동 306호|박용남|211.246.77.65;01027178221|noff@naver.com;빨리 보내줘|가죽 귀요미|AAABBUMpZyASESYZASlnAAAAAAA=|MjAxMjExMjYxOTAwNTU5NTAxMDY=|05|noff@naver.com|AEGIS_VISAaegis_20121126190352363303|]
INFO	[2012-11-26 19:03:52:366] <18627> Connect IP:[220.85.12.3] Port:[29760]
INFO	[2012-11-26 19:03:52:372] <18627> Socket Open OK
INFO	[2012-11-26 19:03:53:201] <18627> RecvMsg Length : [000099]
INFO	[2012-11-26 19:03:53:201] <18627> RecvMsg : [aegis|0610|57|10060997|000000018500|y|정상승인|신한|20121126190354|0500|18570317|0500|신한|536481|
]
INFO	[2012-11-26 19:03:53:201] <18627> Socket Close OK
INFO	[2012-11-26 19:03:53:202] <18627> RecvMsg Length Check OK
INFO	[2012-11-26 19:03:53:202] <18627> Send & Recv Msg End
INFO	[2012-11-26 19:03:53:202] <18627> Send & Recv Msg OK
INFO	[2012-11-26 19:03:53:202] <18627> Parse Msg Start
INFO	[2012-11-26 19:03:53:202] <18627> card-visa3d RECV MSG Parsing OK 
INFO	[2012-11-26 19:03:53:202] <18627> Parse Msg End
INFO	[2012-11-26 19:03:53:202] <18627> Msg Parsing OK
INFO	[2012-11-26 19:03:53:202] <18627> card Pay Result Value [
INFO	[2012-11-26 19:03:53:203] <18627> NetCancID:AEGIS_VISAaegis_20121126190352363303
INFO	[2012-11-26 19:03:53:203] <18627> rStoreId:aegis
INFO	[2012-11-26 19:03:53:203] <18627> rBusiCd:0610
INFO	[2012-11-26 19:03:53:203] <18627> rOrdNo:57
INFO	[2012-11-26 19:03:53:203] <18627> rApprNo:10060997
INFO	[2012-11-26 19:03:53:203] <18627> rInstmt:00
INFO	[2012-11-26 19:03:53:203] <18627> rAmt:000000018500
INFO	[2012-11-26 19:03:53:203] <18627> rSuccYn:y
INFO	[2012-11-26 19:03:53:204] <18627> rResMsg:정상승인
INFO	[2012-11-26 19:03:53:204] <18627> rCardNm:신한
INFO	[2012-11-26 19:03:53:204] <18627> rApprTm:20121126190354
INFO	[2012-11-26 19:03:53:204] <18627> rCardCd:0500
INFO	[2012-11-26 19:03:53:204] <18627> rMembNo:18570317
INFO	[2012-11-26 19:03:53:204] <18627> rAquiCd:0500
INFO	[2012-11-26 19:03:53:204] <18627> rAquiNm:신한
INFO	[2012-11-26 19:03:53:204] <18627> rDealNo:536481
INFO	[2012-11-26 19:03:53:204] <18627> rProdNm:가죽 귀요미
INFO	[2012-11-26 19:03:53:205] <18627> ]
INFO	[2012-11-26 19:03:53:205] <18627> END  정상승인 Transaction time:[0.87sec]
INFO	[2012-11-26 19:03:53:205] <18627> ===============================================================
