INFO	[2012-10-11 12:12:48:330] <9895> ===============================================================
INFO	[2012-10-11 12:12:48:331] <9895> START AgsPay40 php (OS:Linux2.6.18-238.9.1.el5xen,PHP:5.2.17)
INFO	[2012-10-11 12:12:48:331] <9895> card Pay Start!
INFO	[2012-10-11 12:12:48:331] <9895> AgsPayHome:/mnt/DATA/WWW/casebuy.me/ko/agspay_mobile/
INFO	[2012-10-11 12:12:48:331] <9895> StoreId:yulabs79
INFO	[2012-10-11 12:12:48:331] <9895> log:true
INFO	[2012-10-11 12:12:48:331] <9895> logLevel:INFO
INFO	[2012-10-11 12:12:48:331] <9895> UseNetCancel:true
INFO	[2012-10-11 12:12:48:331] <9895> Type:Pay
INFO	[2012-10-11 12:12:48:331] <9895> RecvLen:7
INFO	[2012-10-11 12:12:48:331] <9895> AuthTy:card
INFO	[2012-10-11 12:12:48:331] <9895> SubTy:visa3d
INFO	[2012-10-11 12:12:48:331] <9895> OrdNo:1000000184
INFO	[2012-10-11 12:12:48:331] <9895> Amt:6000
INFO	[2012-10-11 12:12:48:331] <9895> UserEmail:floorboy@ymail.com
INFO	[2012-10-11 12:12:48:331] <9895> ProdNm:ABC
INFO	[2012-10-11 12:12:48:332] <9895> MallUrl:http://www.casebuy.me
INFO	[2012-10-11 12:12:48:332] <9895> UserId:29
INFO	[2012-10-11 12:12:48:332] <9895> OrdNm:초코똥
INFO	[2012-10-11 12:12:48:332] <9895> OrdPhone:010-2717-8221
INFO	[2012-10-11 12:12:48:332] <9895> OrdAddr:서울 중구 충무로2가 50-6 라이온스빌딩 1003호
INFO	[2012-10-11 12:12:48:332] <9895> RcpNm:초코똥
INFO	[2012-10-11 12:12:48:332] <9895> RcpPhone:010-2717-8221
INFO	[2012-10-11 12:12:48:332] <9895> DlvAddr:서울 중구 충무로2가 50-6 라이온스빌딩 1003호
INFO	[2012-10-11 12:12:48:332] <9895> Remark:hihi
INFO	[2012-10-11 12:12:48:332] <9895> DeviId:9000400001
INFO	[2012-10-11 12:12:48:332] <9895> AuthYn:N;211.246.78.175;N;;6000;;null;
INFO	[2012-10-11 12:12:48:332] <9895> Instmt:00
INFO	[2012-10-11 12:12:48:332] <9895> UserIp:211.246.78.175
INFO	[2012-10-11 12:12:48:332] <9895> partial_mm:00
INFO	[2012-10-11 12:12:48:332] <9895> noIntMonth:
INFO	[2012-10-11 12:12:48:332] <9895> KVP_CURRENCY:
INFO	[2012-10-11 12:12:48:333] <9895> KVP_CARDCODE:
INFO	[2012-10-11 12:12:48:333] <9895> KVP_SESSIONKEY:
INFO	[2012-10-11 12:12:48:333] <9895> KVP_ENCDATA:
INFO	[2012-10-11 12:12:48:333] <9895> KVP_CONAME:
INFO	[2012-10-11 12:12:48:333] <9895> KVP_NOINT:
INFO	[2012-10-11 12:12:48:333] <9895> KVP_QUOTA:
INFO	[2012-10-11 12:12:48:333] <9895> CardNo:4374360069657003
INFO	[2012-10-11 12:12:48:333] <9895> MPI_CAVV:AAABCHUHFSASEBESEgcVAAAAAAA=
INFO	[2012-10-11 12:12:48:333] <9895> MPI_ECI:05
INFO	[2012-10-11 12:12:48:333] <9895> MPI_MD64:MjAxMjEwMTExMjExMzM1NDYxMDY=
INFO	[2012-10-11 12:12:48:333] <9895> ExpMon:2049
INFO	[2012-10-11 12:12:48:333] <9895> ExpYear:12
INFO	[2012-10-11 12:12:48:333] <9895> Passwd:
INFO	[2012-10-11 12:12:48:333] <9895> SocId:
INFO	[2012-10-11 12:12:48:333] <9895> HP_SERVERINFO:
INFO	[2012-10-11 12:12:48:333] <9895> HP_HANDPHONE:
INFO	[2012-10-11 12:12:48:334] <9895> HP_COMPANY:
INFO	[2012-10-11 12:12:48:334] <9895> HP_ID:
INFO	[2012-10-11 12:12:48:334] <9895> HP_SUBID:
INFO	[2012-10-11 12:12:48:334] <9895> HP_UNITType:
INFO	[2012-10-11 12:12:48:334] <9895> HP_IDEN:
INFO	[2012-10-11 12:12:48:334] <9895> HP_IPADDR:
INFO	[2012-10-11 12:12:48:334] <9895> VIRTUAL_CENTERCD:
INFO	[2012-10-11 12:12:48:334] <9895> VIRTUAL_DEPODT:
INFO	[2012-10-11 12:12:48:334] <9895> ZuminCode:
INFO	[2012-10-11 12:12:48:334] <9895> MallPage:
INFO	[2012-10-11 12:12:48:334] <9895> VIRTUAL_NO:
INFO	[2012-10-11 12:12:48:334] <9895> ES_SENDNO:
INFO	[2012-10-11 12:12:48:334] <9895> Column1:상점정보입력1
INFO	[2012-10-11 12:12:48:334] <9895> Column2:상점정보입력2
INFO	[2012-10-11 12:12:48:334] <9895> Column3:상점정보입력3
INFO	[2012-10-11 12:12:48:334] <9895> Make NetCancel ID Start
INFO	[2012-10-11 12:12:48:335] <9895> AEGIS_VISAyulabs79_20121011121248335938
INFO	[2012-10-11 12:12:48:335] <9895> Make NetCancel ID End
INFO	[2012-10-11 12:12:48:335] <9895> Make NetCancelID OK
INFO	[2012-10-11 12:12:48:335] <9895> Make Msg Start
INFO	[2012-10-11 12:12:48:335] <9895> Encrypt Start
INFO	[2012-10-11 12:12:48:335] <9895> Encrypt End
INFO	[2012-10-11 12:12:48:335] <9895> Encrypt Start
INFO	[2012-10-11 12:12:48:335] <9895> Encrypt End
INFO	[2012-10-11 12:12:48:335] <9895> Encrypt Start
INFO	[2012-10-11 12:12:48:335] <9895> Encrypt End
INFO	[2012-10-11 12:12:48:335] <9895> Encrypt Start
INFO	[2012-10-11 12:12:48:335] <9895> Encrypt End
INFO	[2012-10-11 12:12:48:335] <9895> card-visa3d Make MSG OK 
INFO	[2012-10-11 12:12:48:335] <9895> Make Msg End
INFO	[2012-10-11 12:12:48:336] <9895> Make Pay Msg OK
INFO	[2012-10-11 12:12:48:336] <9895> Send & Recv Msg Start
INFO	[2012-10-11 12:12:48:336] <9895> Send Data To PG Start [ 
INFO	[2012-10-11 12:12:48:336] <9895> 0:0003580mobile
INFO	[2012-10-11 12:12:48:336] <9895> 1:yulabs79
INFO	[2012-10-11 12:12:48:336] <9895> 2:29
INFO	[2012-10-11 12:12:48:336] <9895> 3:6000
INFO	[2012-10-11 12:12:48:336] <9895> 4:1000000184
INFO	[2012-10-11 12:12:48:336] <9895> 5:9000400001
INFO	[2012-10-11 12:12:48:336] <9895> 6:3748311563608819
INFO	[2012-10-11 12:12:48:336] <9895> 7:914306
INFO	[2012-10-11 12:12:48:336] <9895> 8:00
INFO	[2012-10-11 12:12:48:336] <9895> 9:N;211.246.78.175;N;;6000;;null;
INFO	[2012-10-11 12:12:48:336] <9895> 10:
INFO	[2012-10-11 12:12:48:336] <9895> 11:
INFO	[2012-10-11 12:12:48:336] <9895> 12:초코똥
INFO	[2012-10-11 12:12:48:336] <9895> 13:010-2717-8221
INFO	[2012-10-11 12:12:48:336] <9895> 14:서울 중구 충무로2가 50-6 라이온스빌딩 1003호
INFO	[2012-10-11 12:12:48:336] <9895> 15:초코똥
INFO	[2012-10-11 12:12:48:336] <9895> 16:211.246.78.175;010-2717-8221
INFO	[2012-10-11 12:12:48:336] <9895> 17:floorboy@ymail.com;hihi
INFO	[2012-10-11 12:12:48:336] <9895> 18:ABC
INFO	[2012-10-11 12:12:48:336] <9895> 19:AAABCHUHFSASEBESEgcVAAAAAAA=
INFO	[2012-10-11 12:12:48:336] <9895> 20:MjAxMjEwMTExMjExMzM1NDYxMDY=
INFO	[2012-10-11 12:12:48:336] <9895> 21:05
INFO	[2012-10-11 12:12:48:336] <9895> 22:floorboy@ymail.com
INFO	[2012-10-11 12:12:48:336] <9895> 23:AEGIS_VISAyulabs79_20121011121248335938
INFO	[2012-10-11 12:12:48:336] <9895> 24:
INFO	[2012-10-11 12:12:48:336] <9895> ] Send Data To PG End 
INFO	[2012-10-11 12:12:48:336] <9895> SendMsg : [0003580mobile|yulabs79|29|6000|1000000184|9000400001|3748311563608819|914306|00|N;211.246.78.175;N;;6000;;null;|||초코똥|010-2717-8221|서울 중구 충무로2가 50-6 라이온스빌딩 1003호|초코똥|211.246.78.175;010-2717-8221|floorboy@ymail.com;hihi|ABC|AAABCHUHFSASEBESEgcVAAAAAAA=|MjAxMjEwMTExMjExMzM1NDYxMDY=|05|floorboy@ymail.com|AEGIS_VISAyulabs79_20121011121248335938|]
INFO	[2012-10-11 12:12:48:336] <9895> Connect IP:[220.85.12.3] Port:[29760]
INFO	[2012-10-11 12:12:48:342] <9895> Socket Open OK
INFO	[2012-10-11 12:12:51:744] <9895> RecvMsg Length : [000110]
INFO	[2012-10-11 12:12:51:744] <9895> RecvMsg : [yulabs79|0610|1000000184|47709313|000000006000|y|정상승인|신한|20121011121249|0500|18570317|0500|신한|504690|
]
INFO	[2012-10-11 12:12:51:744] <9895> Socket Close OK
INFO	[2012-10-11 12:12:51:744] <9895> RecvMsg Length Check OK
INFO	[2012-10-11 12:12:51:744] <9895> Send & Recv Msg End
INFO	[2012-10-11 12:12:51:744] <9895> Send & Recv Msg OK
INFO	[2012-10-11 12:12:51:744] <9895> Parse Msg Start
INFO	[2012-10-11 12:12:51:745] <9895> card-visa3d RECV MSG Parsing OK 
INFO	[2012-10-11 12:12:51:745] <9895> Parse Msg End
INFO	[2012-10-11 12:12:51:745] <9895> Msg Parsing OK
INFO	[2012-10-11 12:12:51:745] <9895> card Pay Result Value [
INFO	[2012-10-11 12:12:51:745] <9895> NetCancID:AEGIS_VISAyulabs79_20121011121248335938
INFO	[2012-10-11 12:12:51:745] <9895> rStoreId:yulabs79
INFO	[2012-10-11 12:12:51:745] <9895> rBusiCd:0610
INFO	[2012-10-11 12:12:51:745] <9895> rOrdNo:1000000184
INFO	[2012-10-11 12:12:51:745] <9895> rApprNo:47709313
INFO	[2012-10-11 12:12:51:745] <9895> rInstmt:00
INFO	[2012-10-11 12:12:51:745] <9895> rAmt:000000006000
INFO	[2012-10-11 12:12:51:745] <9895> rSuccYn:y
INFO	[2012-10-11 12:12:51:745] <9895> rResMsg:정상승인
INFO	[2012-10-11 12:12:51:745] <9895> rCardNm:신한
INFO	[2012-10-11 12:12:51:745] <9895> rApprTm:20121011121249
INFO	[2012-10-11 12:12:51:745] <9895> rCardCd:0500
INFO	[2012-10-11 12:12:51:746] <9895> rMembNo:18570317
INFO	[2012-10-11 12:12:51:746] <9895> rAquiCd:0500
INFO	[2012-10-11 12:12:51:746] <9895> rAquiNm:신한
INFO	[2012-10-11 12:12:51:746] <9895> rDealNo:504690
INFO	[2012-10-11 12:12:51:746] <9895> rProdNm:ABC
INFO	[2012-10-11 12:12:51:746] <9895> ]
INFO	[2012-10-11 12:12:51:746] <9895> END  정상승인 Transaction time:[3.416sec]
INFO	[2012-10-11 12:12:51:746] <9895> ===============================================================
INFO	[2012-10-11 16:37:55:891] <10520> ===============================================================
INFO	[2012-10-11 16:37:55:891] <10520> START AgsPay40 php (OS:Linux2.6.18-238.9.1.el5xen,PHP:5.2.17)
INFO	[2012-10-11 16:37:55:892] <10520> virtual Pay Start!
INFO	[2012-10-11 16:37:55:892] <10520> AgsPayHome:/mnt/DATA/WWW/casebuy.me/ko/agspay_mobile/
INFO	[2012-10-11 16:37:55:892] <10520> StoreId:yulabs79
INFO	[2012-10-11 16:37:55:892] <10520> log:true
INFO	[2012-10-11 16:37:55:892] <10520> logLevel:INFO
INFO	[2012-10-11 16:37:55:892] <10520> UseNetCancel:true
INFO	[2012-10-11 16:37:55:892] <10520> Type:Pay
INFO	[2012-10-11 16:37:55:892] <10520> RecvLen:7
INFO	[2012-10-11 16:37:55:892] <10520> AuthTy:virtual
INFO	[2012-10-11 16:37:55:892] <10520> SubTy:
INFO	[2012-10-11 16:37:55:892] <10520> OrdNo:1000000185
INFO	[2012-10-11 16:37:55:892] <10520> Amt:18500
INFO	[2012-10-11 16:37:55:892] <10520> UserEmail:z8@cultstory.com
INFO	[2012-10-11 16:37:55:893] <10520> ProdNm:오카모토 울트라 슬림
INFO	[2012-10-11 16:37:55:893] <10520> MallUrl:http://www.casebuy.me
INFO	[2012-10-11 16:37:55:893] <10520> UserId:14
INFO	[2012-10-11 16:37:55:893] <10520> OrdNm:윤체필
INFO	[2012-10-11 16:37:55:893] <10520> OrdPhone:010-3366-8016
INFO	[2012-10-11 16:37:55:893] <10520> OrdAddr:서울 중구 충무로2가 라이온스빌딩
INFO	[2012-10-11 16:37:55:893] <10520> RcpNm:유정환
INFO	[2012-10-11 16:37:55:893] <10520> RcpPhone:010-3366-8016
INFO	[2012-10-11 16:37:55:893] <10520> DlvAddr:제주 제주시 이도2동 제주시청 103
INFO	[2012-10-11 16:37:55:893] <10520> Remark:
INFO	[2012-10-11 16:37:55:893] <10520> DeviId:9000400001
INFO	[2012-10-11 16:37:55:893] <10520> AuthYn:N
INFO	[2012-10-11 16:37:55:893] <10520> Instmt:
INFO	[2012-10-11 16:37:55:893] <10520> UserIp:211.48.34.44
INFO	[2012-10-11 16:37:55:893] <10520> partial_mm:
INFO	[2012-10-11 16:37:55:894] <10520> noIntMonth:
INFO	[2012-10-11 16:37:55:894] <10520> KVP_CURRENCY:
INFO	[2012-10-11 16:37:55:894] <10520> KVP_CARDCODE:
INFO	[2012-10-11 16:37:55:894] <10520> KVP_SESSIONKEY:
INFO	[2012-10-11 16:37:55:894] <10520> KVP_ENCDATA:
INFO	[2012-10-11 16:37:55:894] <10520> KVP_CONAME:
INFO	[2012-10-11 16:37:55:894] <10520> KVP_NOINT:
INFO	[2012-10-11 16:37:55:894] <10520> KVP_QUOTA:
INFO	[2012-10-11 16:37:55:894] <10520> CardNo:
INFO	[2012-10-11 16:37:55:894] <10520> MPI_CAVV:
INFO	[2012-10-11 16:37:55:894] <10520> MPI_ECI:
INFO	[2012-10-11 16:37:55:894] <10520> MPI_MD64:
INFO	[2012-10-11 16:37:55:894] <10520> ExpMon:
INFO	[2012-10-11 16:37:55:894] <10520> ExpYear:
INFO	[2012-10-11 16:37:55:894] <10520> Passwd:
INFO	[2012-10-11 16:37:55:894] <10520> SocId:
INFO	[2012-10-11 16:37:55:895] <10520> HP_SERVERINFO:
INFO	[2012-10-11 16:37:55:895] <10520> HP_HANDPHONE:
INFO	[2012-10-11 16:37:55:895] <10520> HP_COMPANY:
INFO	[2012-10-11 16:37:55:895] <10520> HP_ID:
INFO	[2012-10-11 16:37:55:895] <10520> HP_SUBID:
INFO	[2012-10-11 16:37:55:895] <10520> HP_UNITType:
INFO	[2012-10-11 16:37:55:895] <10520> HP_IDEN:
INFO	[2012-10-11 16:37:55:895] <10520> HP_IPADDR:
INFO	[2012-10-11 16:37:55:895] <10520> VIRTUAL_CENTERCD:20
INFO	[2012-10-11 16:37:55:895] <10520> VIRTUAL_DEPODT:20121016
INFO	[2012-10-11 16:37:55:895] <10520> ZuminCode:1212121234567
INFO	[2012-10-11 16:37:55:895] <10520> MallPage:/lovehlic/agspay_mobile/AGS_VirAcctResult.php;N;;18500;;
INFO	[2012-10-11 16:37:55:895] <10520> VIRTUAL_NO:26360484218578
INFO	[2012-10-11 16:37:55:895] <10520> ES_SENDNO:
INFO	[2012-10-11 16:37:55:895] <10520> Column1:상점정보입력1
INFO	[2012-10-11 16:37:55:896] <10520> Column2:상점정보입력2
INFO	[2012-10-11 16:37:55:896] <10520> Column3:상점정보입력3
INFO	[2012-10-11 16:37:55:896] <10520> Make NetCancel ID Start
INFO	[2012-10-11 16:37:55:896] <10520> AEGIS_VIR_yulabs79_20121011163755896625
INFO	[2012-10-11 16:37:55:896] <10520> Make NetCancel ID End
INFO	[2012-10-11 16:37:55:896] <10520> Make NetCancelID OK
INFO	[2012-10-11 16:37:55:896] <10520> Make Msg Start
INFO	[2012-10-11 16:37:55:896] <10520> virtual Make MSG OK 
INFO	[2012-10-11 16:37:55:896] <10520> Make Msg End
INFO	[2012-10-11 16:37:55:896] <10520> Make Pay Msg OK
INFO	[2012-10-11 16:37:55:896] <10520> Send & Recv Msg Start
INFO	[2012-10-11 16:37:55:896] <10520> Send Data To PG Start [ 
INFO	[2012-10-11 16:37:55:896] <10520> 0:000342Vvir_n
INFO	[2012-10-11 16:37:55:896] <10520> 1:yulabs79
INFO	[2012-10-11 16:37:55:896] <10520> 2:1000000185
INFO	[2012-10-11 16:37:55:896] <10520> 3:20
INFO	[2012-10-11 16:37:55:896] <10520> 4:26360484218578
INFO	[2012-10-11 16:37:55:896] <10520> 5:18500
INFO	[2012-10-11 16:37:55:896] <10520> 6:20121016
INFO	[2012-10-11 16:37:55:896] <10520> 7:윤체필
INFO	[2012-10-11 16:37:55:896] <10520> 8:1212121234567
INFO	[2012-10-11 16:37:55:896] <10520> 9:010-3366-8016
INFO	[2012-10-11 16:37:55:896] <10520> 10:z8@cultstory.com
INFO	[2012-10-11 16:37:55:896] <10520> 11:서울 중구 충무로2가 라이온스빌딩
INFO	[2012-10-11 16:37:55:896] <10520> 12:유정환
INFO	[2012-10-11 16:37:55:896] <10520> 13:010-3366-8016
INFO	[2012-10-11 16:37:55:896] <10520> 14:제주 제주시 이도2동 제주시청 103
INFO	[2012-10-11 16:37:55:896] <10520> 15:오카모토 울트라 슬림
INFO	[2012-10-11 16:37:55:896] <10520> 16:
INFO	[2012-10-11 16:37:55:896] <10520> 17:http://www.casebuy.me
INFO	[2012-10-11 16:37:55:896] <10520> 18:/lovehlic/agspay_mobile/AGS_VirAcctResult.php;N;;18500;;
INFO	[2012-10-11 16:37:55:896] <10520> 19:AEGIS_VIR_yulabs79_20121011163755896625
INFO	[2012-10-11 16:37:55:896] <10520> 20:
INFO	[2012-10-11 16:37:55:897] <10520> ] Send Data To PG End 
INFO	[2012-10-11 16:37:55:897] <10520> SendMsg : [000342Vvir_n|yulabs79|1000000185|20|26360484218578|18500|20121016|윤체필|1212121234567|010-3366-8016|z8@cultstory.com|서울 중구 충무로2가 라이온스빌딩|유정환|010-3366-8016|제주 제주시 이도2동 제주시청 103|오카모토 울트라 슬림||http://www.casebuy.me|/lovehlic/agspay_mobile/AGS_VirAcctResult.php;N;;18500;;|AEGIS_VIR_yulabs79_20121011163755896625|]
INFO	[2012-10-11 16:37:55:897] <10520> Connect IP:[220.85.12.3] Port:[29760]
INFO	[2012-10-11 16:37:55:902] <10520> Socket Open OK
INFO	[2012-10-11 16:37:56:295] <10520> RecvMsg Length : [000056]
INFO	[2012-10-11 16:37:56:295] <10520> RecvMsg : [vir_n|yulabs79|20121011163756|26360484218578|y|정상배포|]
INFO	[2012-10-11 16:37:56:295] <10520> Socket Close OK
INFO	[2012-10-11 16:37:56:296] <10520> RecvMsg Length Check OK
INFO	[2012-10-11 16:37:56:296] <10520> Send & Recv Msg End
INFO	[2012-10-11 16:37:56:296] <10520> Send & Recv Msg OK
INFO	[2012-10-11 16:37:56:296] <10520> Parse Msg Start
INFO	[2012-10-11 16:37:56:296] <10520> virtual RECV MSG Parsing OK 
INFO	[2012-10-11 16:37:56:296] <10520> Parse Msg End
INFO	[2012-10-11 16:37:56:296] <10520> Msg Parsing OK
INFO	[2012-10-11 16:37:56:296] <10520> virtual Pay Result Value [
INFO	[2012-10-11 16:37:56:296] <10520> NetCancID:AEGIS_VIR_yulabs79_20121011163755896625
INFO	[2012-10-11 16:37:56:296] <10520> rAuthTy:vir_n
INFO	[2012-10-11 16:37:56:296] <10520> rStoreId:yulabs79
INFO	[2012-10-11 16:37:56:296] <10520> rApprTm:20121011163756
INFO	[2012-10-11 16:37:56:296] <10520> rVirNo:26360484218578
INFO	[2012-10-11 16:37:56:297] <10520> rSuccYn:y
INFO	[2012-10-11 16:37:56:297] <10520> rResMsg:정상배포
INFO	[2012-10-11 16:37:56:297] <10520> rOrdNo:1000000185
INFO	[2012-10-11 16:37:56:297] <10520> rProdNm:오카모토 울트라 슬림
INFO	[2012-10-11 16:37:56:297] <10520> rAmt:18500
INFO	[2012-10-11 16:37:56:297] <10520> ]
INFO	[2012-10-11 16:37:56:297] <10520> END  정상배포 Transaction time:[0.406sec]
INFO	[2012-10-11 16:37:56:297] <10520> ===============================================================
