INFO	[2012-09-18 11:39:19:275] <21186> ===============================================================
INFO	[2012-09-18 11:39:19:275] <21186> START AgsPay40 php (OS:Linux2.6.18-238.9.1.el5xen,PHP:5.2.17)
INFO	[2012-09-18 11:39:19:275] <21186> card Pay Start!
INFO	[2012-09-18 11:39:19:275] <21186> AgsPayHome:/mnt/DATA/WWW/casebuy.me/ko/agspay/
INFO	[2012-09-18 11:39:19:275] <21186> StoreId:
INFO	[2012-09-18 11:39:19:275] <21186> log:true
INFO	[2012-09-18 11:39:19:276] <21186> logLevel:INFO
INFO	[2012-09-18 11:39:19:276] <21186> UseNetCancel:true
INFO	[2012-09-18 11:39:19:276] <21186> Type:Pay
INFO	[2012-09-18 11:39:19:276] <21186> RecvLen:7
INFO	[2012-09-18 11:39:19:276] <21186> AuthTy:card
INFO	[2012-09-18 11:39:19:276] <21186> SubTy:visa3d
INFO	[2012-09-18 11:39:19:276] <21186> OrdNo:
INFO	[2012-09-18 11:39:19:276] <21186> Amt:
INFO	[2012-09-18 11:39:19:276] <21186> UserEmail:
INFO	[2012-09-18 11:39:19:276] <21186> ProdNm:
INFO	[2012-09-18 11:39:19:276] <21186> MallUrl:
INFO	[2012-09-18 11:39:19:276] <21186> UserId:
INFO	[2012-09-18 11:39:19:276] <21186> OrdNm:
INFO	[2012-09-18 11:39:19:276] <21186> OrdPhone:
INFO	[2012-09-18 11:39:19:276] <21186> OrdAddr:
INFO	[2012-09-18 11:39:19:276] <21186> RcpNm:
INFO	[2012-09-18 11:39:19:277] <21186> RcpPhone:
INFO	[2012-09-18 11:39:19:277] <21186> DlvAddr:
INFO	[2012-09-18 11:39:19:277] <21186> Remark:
INFO	[2012-09-18 11:39:19:277] <21186> DeviId:
INFO	[2012-09-18 11:39:19:277] <21186> AuthYn:
INFO	[2012-09-18 11:39:19:277] <21186> Instmt:
INFO	[2012-09-18 11:39:19:277] <21186> UserIp:211.48.34.44
INFO	[2012-09-18 11:39:19:277] <21186> partial_mm:
INFO	[2012-09-18 11:39:19:277] <21186> noIntMonth:
INFO	[2012-09-18 11:39:19:277] <21186> KVP_CURRENCY:
INFO	[2012-09-18 11:39:19:277] <21186> KVP_CARDCODE:
INFO	[2012-09-18 11:39:19:277] <21186> KVP_SESSIONKEY:
INFO	[2012-09-18 11:39:19:277] <21186> KVP_ENCDATA:
INFO	[2012-09-18 11:39:19:277] <21186> KVP_CONAME:
INFO	[2012-09-18 11:39:19:277] <21186> KVP_NOINT:
INFO	[2012-09-18 11:39:19:277] <21186> KVP_QUOTA:
INFO	[2012-09-18 11:39:19:278] <21186> CardNo:
INFO	[2012-09-18 11:39:19:278] <21186> MPI_CAVV:
INFO	[2012-09-18 11:39:19:278] <21186> MPI_ECI:
INFO	[2012-09-18 11:39:19:278] <21186> MPI_MD64:
INFO	[2012-09-18 11:39:19:278] <21186> ExpMon:
INFO	[2012-09-18 11:39:19:278] <21186> ExpYear:
INFO	[2012-09-18 11:39:19:278] <21186> Passwd:
INFO	[2012-09-18 11:39:19:278] <21186> SocId:
INFO	[2012-09-18 11:39:19:278] <21186> ICHE_OUTBANKNAME:
INFO	[2012-09-18 11:39:19:278] <21186> ICHE_OUTACCTNO:
INFO	[2012-09-18 11:39:19:278] <21186> ICHE_OUTBANKMASTER:
INFO	[2012-09-18 11:39:19:278] <21186> ICHE_AMOUNT:
INFO	[2012-09-18 11:39:19:278] <21186> HP_SERVERINFO:
INFO	[2012-09-18 11:39:19:278] <21186> HP_HANDPHONE:
INFO	[2012-09-18 11:39:19:278] <21186> HP_COMPANY:
INFO	[2012-09-18 11:39:19:278] <21186> HP_ID:
INFO	[2012-09-18 11:39:19:279] <21186> HP_SUBID:
INFO	[2012-09-18 11:39:19:279] <21186> HP_UNITType:
INFO	[2012-09-18 11:39:19:279] <21186> HP_IDEN:
INFO	[2012-09-18 11:39:19:279] <21186> HP_IPADDR:
INFO	[2012-09-18 11:39:19:279] <21186> ARS_NAME:
INFO	[2012-09-18 11:39:19:279] <21186> ARS_PHONE:
INFO	[2012-09-18 11:39:19:279] <21186> VIRTUAL_CENTERCD:99
INFO	[2012-09-18 11:39:19:279] <21186> VIRTUAL_DEPODT:
INFO	[2012-09-18 11:39:19:279] <21186> ZuminCode:
INFO	[2012-09-18 11:39:19:279] <21186> MallPage:
INFO	[2012-09-18 11:39:19:279] <21186> VIRTUAL_NO:
INFO	[2012-09-18 11:39:19:279] <21186> ES_SENDNO:
INFO	[2012-09-18 11:39:19:279] <21186> ICHE_SOCKETYN:
INFO	[2012-09-18 11:39:19:279] <21186> ICHE_POSMTID:
INFO	[2012-09-18 11:39:19:279] <21186> ICHE_FNBCMTID:
INFO	[2012-09-18 11:39:19:279] <21186> ICHE_APTRTS:
INFO	[2012-09-18 11:39:19:279] <21186> ICHE_REMARK1:
INFO	[2012-09-18 11:39:19:280] <21186> ICHE_REMARK2:
INFO	[2012-09-18 11:39:19:280] <21186> ICHE_ECWYN:
INFO	[2012-09-18 11:39:19:280] <21186> ICHE_ECWID:
INFO	[2012-09-18 11:39:19:280] <21186> ICHE_ECWAMT1:
INFO	[2012-09-18 11:39:19:280] <21186> ICHE_ECWAMT2:
INFO	[2012-09-18 11:39:19:280] <21186> ICHE_CASHYN:
INFO	[2012-09-18 11:39:19:280] <21186> ICHE_CASHGUBUN_CD:
INFO	[2012-09-18 11:39:19:280] <21186> ICHE_CASHID_NO:
INFO	[2012-09-18 11:39:19:280] <21186> ICHEARS_SOCKETYN:
INFO	[2012-09-18 11:39:19:280] <21186> ICHEARS_ADMNO:
INFO	[2012-09-18 11:39:19:280] <21186> ICHEARS_POSMTID:
INFO	[2012-09-18 11:39:19:280] <21186> ICHEARS_CENTERCD:
INFO	[2012-09-18 11:39:19:280] <21186> ICHEARS_HPNO:
INFO	[2012-09-18 11:39:19:280] <21186> card Pay Result Value [
INFO	[2012-09-18 11:39:19:280] <21186> rSuccYn:n
INFO	[2012-09-18 11:39:19:281] <21186> rResMsg:상점아이디 입력여부 확인요망 <br>주문번호 입력여부 확인요망 <br>상품명 입력여부 확인요망 <br>금액 입력여부 확인요망 <br>단말기아이디 입력여부 확인요망 <br>인증여부 입력여부 확인요망 <br>
INFO	[2012-09-18 11:39:19:281] <21186> ]
INFO	[2012-09-18 11:39:19:281] <21186> END  상점아이디 입력여부 확인요망 <br>주문번호 입력여부 확인요망 <br>상품명 입력여부 확인요망 <br>금액 입력여부 확인요망 <br>단말기아이디 입력여부 확인요망 <br>인증여부 입력여부 확인요망 <br> Transaction time:[0.006sec]
INFO	[2012-09-18 11:39:19:281] <21186> ===============================================================
