INFO	[2012-09-13 15:18:40:965] <11824> ===============================================================
INFO	[2012-09-13 15:18:40:965] <11824> START AgsPay40 php (OS:Linux2.6.18-238.9.1.el5xen,PHP:5.2.17)
INFO	[2012-09-13 15:18:40:965] <11824> card Pay Start!
INFO	[2012-09-13 15:18:40:965] <11824> AgsPayHome:/mnt/DATA/WWW/casebuy.me/ko/agspay/
INFO	[2012-09-13 15:18:40:965] <11824> StoreId:yulabs79
INFO	[2012-09-13 15:18:40:966] <11824> log:true
INFO	[2012-09-13 15:18:40:966] <11824> logLevel:INFO
INFO	[2012-09-13 15:18:40:966] <11824> UseNetCancel:true
INFO	[2012-09-13 15:18:40:966] <11824> Type:Pay
INFO	[2012-09-13 15:18:40:966] <11824> RecvLen:7
INFO	[2012-09-13 15:18:40:966] <11824> AuthTy:card
INFO	[2012-09-13 15:18:40:966] <11824> SubTy:visa3d
INFO	[2012-09-13 15:18:40:966] <11824> OrdNo:1000000005
INFO	[2012-09-13 15:18:40:966] <11824> Amt:14750
INFO	[2012-09-13 15:18:40:966] <11824> UserEmail:dkdj@kd.c
INFO	[2012-09-13 15:18:40:966] <11824> ProdNm:Î°±Îü¨Î∏å9p
INFO	[2012-09-13 15:18:40:966] <11824> MallUrl:http://www.casebuy.me
INFO	[2012-09-13 15:18:40:966] <11824> UserId:
INFO	[2012-09-13 15:18:40:966] <11824> OrdNm:Î∞ïÏö©ÎÇ®
INFO	[2012-09-13 15:18:40:966] <11824> OrdPhone:010-2717-8221
INFO	[2012-09-13 15:18:40:966] <11824> OrdAddr:ÏÑúÏö∏ ÏÑúÎåÄÎ¨∏Íµ¨ Ï∞ΩÏ≤úÎèô 122Î≤àÏßÄ
INFO	[2012-09-13 15:18:40:967] <11824> RcpNm:Î∞ïÏö©ÎÇ®
INFO	[2012-09-13 15:18:40:967] <11824> RcpPhone:010-2717-8221
INFO	[2012-09-13 15:18:40:967] <11824> DlvAddr:ÏÑúÏö∏ ÏÑúÎåÄÎ¨∏Íµ¨ Ï∞ΩÏ≤úÎèô 122Î≤àÏßÄ
INFO	[2012-09-13 15:18:40:967] <11824> Remark:Î∂ÄÏû¨Ïãú Ï†ÑÌôîÏ£ºÏÑ∏Ïöî
INFO	[2012-09-13 15:18:40:967] <11824> DeviId:9000400001
INFO	[2012-09-13 15:18:40:967] <11824> AuthYn:N;211.48.34.44;N;;14750;;null;;;
INFO	[2012-09-13 15:18:40:967] <11824> Instmt:00
INFO	[2012-09-13 15:18:40:967] <11824> UserIp:211.48.34.44
INFO	[2012-09-13 15:18:40:967] <11824> partial_mm:
INFO	[2012-09-13 15:18:40:967] <11824> noIntMonth:
INFO	[2012-09-13 15:18:40:967] <11824> KVP_CURRENCY:WON
INFO	[2012-09-13 15:18:40:967] <11824> KVP_CARDCODE:
INFO	[2012-09-13 15:18:40:967] <11824> KVP_SESSIONKEY:
INFO	[2012-09-13 15:18:40:967] <11824> KVP_ENCDATA:
INFO	[2012-09-13 15:18:40:967] <11824> KVP_CONAME:
INFO	[2012-09-13 15:18:40:967] <11824> KVP_NOINT:
INFO	[2012-09-13 15:18:40:968] <11824> KVP_QUOTA:
INFO	[2012-09-13 15:18:40:968] <11824> CardNo:4374360069657003
INFO	[2012-09-13 15:18:40:968] <11824> MPI_CAVV:AAABAHNHGCASCRMUJkcYAAAAAAA=
INFO	[2012-09-13 15:18:40:968] <11824> MPI_ECI:05
INFO	[2012-09-13 15:18:40:968] <11824> MPI_MD64:MjAxMjA5MTMxNTE3NDc2NTgxMDY=
INFO	[2012-09-13 15:18:40:968] <11824> ExpMon:12
INFO	[2012-09-13 15:18:40:968] <11824> ExpYear:2049
INFO	[2012-09-13 15:18:40:968] <11824> Passwd:
INFO	[2012-09-13 15:18:40:968] <11824> SocId:
INFO	[2012-09-13 15:18:40:968] <11824> ICHE_OUTBANKNAME:
INFO	[2012-09-13 15:18:40:968] <11824> ICHE_OUTACCTNO:
INFO	[2012-09-13 15:18:40:968] <11824> ICHE_OUTBANKMASTER:
INFO	[2012-09-13 15:18:40:968] <11824> ICHE_AMOUNT:
INFO	[2012-09-13 15:18:40:968] <11824> HP_SERVERINFO:
INFO	[2012-09-13 15:18:40:968] <11824> HP_HANDPHONE:
INFO	[2012-09-13 15:18:40:968] <11824> HP_COMPANY:
INFO	[2012-09-13 15:18:40:969] <11824> HP_ID:
INFO	[2012-09-13 15:18:40:969] <11824> HP_SUBID:
INFO	[2012-09-13 15:18:40:969] <11824> HP_UNITType:2
INFO	[2012-09-13 15:18:40:969] <11824> HP_IDEN:
INFO	[2012-09-13 15:18:40:969] <11824> HP_IPADDR:
INFO	[2012-09-13 15:18:40:969] <11824> ARS_NAME:
INFO	[2012-09-13 15:18:40:969] <11824> ARS_PHONE:
INFO	[2012-09-13 15:18:40:969] <11824> VIRTUAL_CENTERCD:99
INFO	[2012-09-13 15:18:40:969] <11824> VIRTUAL_DEPODT:
INFO	[2012-09-13 15:18:40:969] <11824> ZuminCode:
INFO	[2012-09-13 15:18:40:969] <11824> MallPage:/mall/AGS_VirAcctResult.php
INFO	[2012-09-13 15:18:40:969] <11824> VIRTUAL_NO:
INFO	[2012-09-13 15:18:40:969] <11824> ES_SENDNO:
INFO	[2012-09-13 15:18:40:969] <11824> ICHE_SOCKETYN:Y
INFO	[2012-09-13 15:18:40:969] <11824> ICHE_POSMTID:
INFO	[2012-09-13 15:18:40:969] <11824> ICHE_FNBCMTID:
INFO	[2012-09-13 15:18:40:970] <11824> ICHE_APTRTS:
INFO	[2012-09-13 15:18:40:970] <11824> ICHE_REMARK1:
INFO	[2012-09-13 15:18:40:970] <11824> ICHE_REMARK2:
INFO	[2012-09-13 15:18:40:970] <11824> ICHE_ECWYN:
INFO	[2012-09-13 15:18:40:970] <11824> ICHE_ECWID:
INFO	[2012-09-13 15:18:40:970] <11824> ICHE_ECWAMT1:
INFO	[2012-09-13 15:18:40:970] <11824> ICHE_ECWAMT2:
INFO	[2012-09-13 15:18:40:970] <11824> ICHE_CASHYN:N
INFO	[2012-09-13 15:18:40:970] <11824> ICHE_CASHGUBUN_CD:
INFO	[2012-09-13 15:18:40:970] <11824> ICHE_CASHID_NO:
INFO	[2012-09-13 15:18:40:970] <11824> ICHEARS_SOCKETYN:Y
INFO	[2012-09-13 15:18:40:970] <11824> ICHEARS_ADMNO:
INFO	[2012-09-13 15:18:40:970] <11824> ICHEARS_POSMTID:
INFO	[2012-09-13 15:18:40:970] <11824> ICHEARS_CENTERCD:
INFO	[2012-09-13 15:18:40:970] <11824> ICHEARS_HPNO:
INFO	[2012-09-13 15:18:40:971] <11824> Make NetCancel ID Start
INFO	[2012-09-13 15:18:40:971] <11824> AEGIS_VISAyulabs79_20120913151840971316
INFO	[2012-09-13 15:18:40:971] <11824> Make NetCancel ID End
INFO	[2012-09-13 15:18:40:971] <11824> Make NetCancelID OK
INFO	[2012-09-13 15:18:40:971] <11824> Make Msg Start
INFO	[2012-09-13 15:18:40:971] <11824> Encrypt Start
INFO	[2012-09-13 15:18:40:971] <11824> Encrypt End
INFO	[2012-09-13 15:18:40:971] <11824> Encrypt Start
INFO	[2012-09-13 15:18:40:971] <11824> Encrypt End
INFO	[2012-09-13 15:18:40:971] <11824> Encrypt Start
INFO	[2012-09-13 15:18:40:971] <11824> Encrypt End
INFO	[2012-09-13 15:18:40:971] <11824> Encrypt Start
INFO	[2012-09-13 15:18:40:971] <11824> Encrypt End
INFO	[2012-09-13 15:18:40:971] <11824> card-visa3d Make MSG OK 
INFO	[2012-09-13 15:18:40:972] <11824> Make Msg End
INFO	[2012-09-13 15:18:40:972] <11824> Make Pay Msg OK
INFO	[2012-09-13 15:18:40:972] <11824> Send & Recv Msg Start
INFO	[2012-09-13 15:18:40:972] <11824> Send Data To PG Start [ 
INFO	[2012-09-13 15:18:40:972] <11824> 0:0003680plug15
INFO	[2012-09-13 15:18:40:972] <11824> 1:yulabs79
INFO	[2012-09-13 15:18:40:972] <11824> 2:
INFO	[2012-09-13 15:18:40:972] <11824> 3:14750
INFO	[2012-09-13 15:18:40:972] <11824> 4:1000000005
INFO	[2012-09-13 15:18:40:972] <11824> 5:9000400001
INFO	[2012-09-13 15:18:40:972] <11824> 6:3748311563608819
INFO	[2012-09-13 15:18:40:972] <11824> 7:283587
INFO	[2012-09-13 15:18:40:972] <11824> 8:00
INFO	[2012-09-13 15:18:40:972] <11824> 9:N;211.48.34.44;N;;14750;;null;;;
INFO	[2012-09-13 15:18:40:972] <11824> 10:
INFO	[2012-09-13 15:18:40:972] <11824> 11:
INFO	[2012-09-13 15:18:40:972] <11824> 12:Î∞ïÏö©ÎÇ®
INFO	[2012-09-13 15:18:40:972] <11824> 13:010-2717-8221
INFO	[2012-09-13 15:18:40:972] <11824> 14:ÏÑúÏö∏ ÏÑúÎåÄÎ¨∏Íµ¨ Ï∞ΩÏ≤úÎèô 122Î≤àÏßÄ
INFO	[2012-09-13 15:18:40:972] <11824> 15:Î∞ïÏö©ÎÇ®
INFO	[2012-09-13 15:18:40:972] <11824> 16:211.48.34.44;010-2717-8221
INFO	[2012-09-13 15:18:40:972] <11824> 17:dkdj@kd.c;Î∂ÄÏû¨Ïãú Ï†ÑÌôîÏ£ºÏÑ∏Ïöî
INFO	[2012-09-13 15:18:40:972] <11824> 18:Î°±Îü¨Î∏å9p
INFO	[2012-09-13 15:18:40:972] <11824> 19:AAABAHNHGCASCRMUJkcYAAAAAAA=
INFO	[2012-09-13 15:18:40:972] <11824> 20:MjAxMjA5MTMxNTE3NDc2NTgxMDY=
INFO	[2012-09-13 15:18:40:972] <11824> 21:05
INFO	[2012-09-13 15:18:40:972] <11824> 22:dkdj@kd.c
INFO	[2012-09-13 15:18:40:972] <11824> 23:AEGIS_VISAyulabs79_20120913151840971316
INFO	[2012-09-13 15:18:40:972] <11824> 24:
INFO	[2012-09-13 15:18:40:972] <11824> ] Send Data To PG End 
INFO	[2012-09-13 15:18:40:972] <11824> SendMsg : [0003680plug15|yulabs79||14750|1000000005|9000400001|3748311563608819|283587|00|N;211.48.34.44;N;;14750;;null;;;|||Î∞ïÏö©ÎÇ®|010-2717-8221|ÏÑúÏö∏ ÏÑúÎåÄÎ¨∏Íµ¨ Ï∞ΩÏ≤úÎèô 122Î≤àÏßÄ|Î∞ïÏö©ÎÇ®|211.48.34.44;010-2717-8221|dkdj@kd.c;Î∂ÄÏû¨Ïãú Ï†ÑÌôîÏ£ºÏÑ∏Ïöî|Î°±Îü¨Î∏å9p|AAABAHNHGCASCRMUJkcYAAAAAAA=|MjAxMjA5MTMxNTE3NDc2NTgxMDY=|05|dkdj@kd.c|AEGIS_VISAyulabs79_20120913151840971316|]
INFO	[2012-09-13 15:18:40:972] <11824> Connect IP:[220.85.12.3] Port:[29760]
INFO	[2012-09-13 15:18:40:978] <11824> Socket Open OK
INFO	[2012-09-13 15:18:43:491] <11824> RecvMsg Length : [000108]
INFO	[2012-09-13 15:18:43:491] <11824> RecvMsg : [yulabs79|0610|1000000005|        |000000014750|n|HW-ƒ´µÂªÁ¿¸»≠ø‰∏¡||20120913151841|0500|18570317|0||509295|
]
INFO	[2012-09-13 15:18:43:491] <11824> Socket Close OK
INFO	[2012-09-13 15:18:43:491] <11824> RecvMsg Length Check OK
INFO	[2012-09-13 15:18:43:491] <11824> Send & Recv Msg End
INFO	[2012-09-13 15:18:43:491] <11824> Send & Recv Msg OK
INFO	[2012-09-13 15:18:43:491] <11824> Parse Msg Start
INFO	[2012-09-13 15:18:43:491] <11824> card-visa3d RECV MSG Parsing OK 
INFO	[2012-09-13 15:18:43:491] <11824> Parse Msg End
INFO	[2012-09-13 15:18:43:491] <11824> Msg Parsing OK
INFO	[2012-09-13 15:18:43:491] <11824> card Pay Result Value [
INFO	[2012-09-13 15:18:43:492] <11824> NetCancID:AEGIS_VISAyulabs79_20120913151840971316
INFO	[2012-09-13 15:18:43:492] <11824> rStoreId:yulabs79
INFO	[2012-09-13 15:18:43:492] <11824> rBusiCd:0610
INFO	[2012-09-13 15:18:43:492] <11824> rOrdNo:1000000005
INFO	[2012-09-13 15:18:43:492] <11824> rApprNo:        
INFO	[2012-09-13 15:18:43:492] <11824> rInstmt:00
INFO	[2012-09-13 15:18:43:492] <11824> rAmt:000000014750
INFO	[2012-09-13 15:18:43:492] <11824> rSuccYn:n
INFO	[2012-09-13 15:18:43:492] <11824> rResMsg:HW-ƒ´µÂªÁ¿¸»≠ø‰∏¡
INFO	[2012-09-13 15:18:43:492] <11824> rCardNm:
INFO	[2012-09-13 15:18:43:492] <11824> rApprTm:20120913151841
INFO	[2012-09-13 15:18:43:492] <11824> rCardCd:0500
INFO	[2012-09-13 15:18:43:492] <11824> rMembNo:18570317
INFO	[2012-09-13 15:18:43:492] <11824> rAquiCd:0
INFO	[2012-09-13 15:18:43:492] <11824> rAquiNm:
INFO	[2012-09-13 15:18:43:492] <11824> rDealNo:509295
INFO	[2012-09-13 15:18:43:493] <11824> rProdNm:Î°±Îü¨Î∏å9p
INFO	[2012-09-13 15:18:43:493] <11824> ]
INFO	[2012-09-13 15:18:43:493] <11824> END  HW-ƒ´µÂªÁ¿¸»≠ø‰∏¡ Transaction time:[2.528sec]
INFO	[2012-09-13 15:18:43:493] <11824> ===============================================================
