INFO	[2012-08-29 10:55:30:672] <12733> ===============================================================
INFO	[2012-08-29 10:55:30:672] <12733> START AgsPay40 php (OS:Darwin12.0.0,PHP:5.3.5)
INFO	[2012-08-29 10:55:30:672] <12733> card Pay Start!
INFO	[2012-08-29 10:55:30:672] <12733> AgsPayHome:/Applications/MAMP/htdocs/ko/agspay/
INFO	[2012-08-29 10:55:30:672] <12733> StoreId:aegis
INFO	[2012-08-29 10:55:30:672] <12733> log:true
INFO	[2012-08-29 10:55:30:672] <12733> logLevel:INFO
INFO	[2012-08-29 10:55:30:672] <12733> UseNetCancel:true
INFO	[2012-08-29 10:55:30:672] <12733> Type:Pay
INFO	[2012-08-29 10:55:30:672] <12733> RecvLen:7
INFO	[2012-08-29 10:55:30:672] <12733> AuthTy:card
INFO	[2012-08-29 10:55:30:672] <12733> SubTy:visa3d
INFO	[2012-08-29 10:55:30:672] <12733> OrdNo:1000000001
INFO	[2012-08-29 10:55:30:672] <12733> Amt:1000
INFO	[2012-08-29 10:55:30:672] <12733> UserEmail:test@test.com
INFO	[2012-08-29 10:55:30:672] <12733> ProdNm:∏∂øÏΩ∫
INFO	[2012-08-29 10:55:30:672] <12733> MallUrl:http://www.allthegate.com
INFO	[2012-08-29 10:55:30:672] <12733> UserId:test
INFO	[2012-08-29 10:55:30:672] <12733> OrdNm:»´±Êµø
INFO	[2012-08-29 10:55:30:672] <12733> OrdPhone:02-111-1111
INFO	[2012-08-29 10:55:30:672] <12733> OrdAddr:º≠øÔΩ√ ∞≠≥≤±∏ √ª¥„µø
INFO	[2012-08-29 10:55:30:672] <12733> RcpNm:±Ë±Êµø
INFO	[2012-08-29 10:55:30:672] <12733> RcpPhone:02-111-1111
INFO	[2012-08-29 10:55:30:672] <12733> DlvAddr:º≠øÔΩ√ ∞≠≥≤±∏ √ª¥„µø
INFO	[2012-08-29 10:55:30:672] <12733> Remark:ø¿»ƒø° πËº€ø‰∏¡
INFO	[2012-08-29 10:55:30:672] <12733> DeviId:9000400001
INFO	[2012-08-29 10:55:30:672] <12733> AuthYn:N;211.48.34.44;N;;1000;;null;;;
INFO	[2012-08-29 10:55:30:673] <12733> Instmt:00
INFO	[2012-08-29 10:55:30:673] <12733> UserIp:192.168.0.1
INFO	[2012-08-29 10:55:30:673] <12733> partial_mm:
INFO	[2012-08-29 10:55:30:673] <12733> noIntMonth:
INFO	[2012-08-29 10:55:30:673] <12733> KVP_CURRENCY:WON
INFO	[2012-08-29 10:55:30:673] <12733> KVP_CARDCODE:
INFO	[2012-08-29 10:55:30:673] <12733> KVP_SESSIONKEY:
INFO	[2012-08-29 10:55:30:673] <12733> KVP_ENCDATA:
INFO	[2012-08-29 10:55:30:673] <12733> KVP_CONAME:
INFO	[2012-08-29 10:55:30:673] <12733> KVP_NOINT:
INFO	[2012-08-29 10:55:30:673] <12733> KVP_QUOTA:
INFO	[2012-08-29 10:55:30:673] <12733> CardNo:4374360069657003
INFO	[2012-08-29 10:55:30:673] <12733> MPI_CAVV:AAABBEJVlSASCCkQVVWVAAAAAAA=
INFO	[2012-08-29 10:55:30:673] <12733> MPI_ECI:05
INFO	[2012-08-29 10:55:30:673] <12733> MPI_MD64:MjAxMjA4MjkxMDU0NTk4OTQxMDY=
INFO	[2012-08-29 10:55:30:673] <12733> ExpMon:12
INFO	[2012-08-29 10:55:30:673] <12733> ExpYear:2049
INFO	[2012-08-29 10:55:30:673] <12733> Passwd:
INFO	[2012-08-29 10:55:30:673] <12733> SocId:
INFO	[2012-08-29 10:55:30:673] <12733> ICHE_OUTBANKNAME:
INFO	[2012-08-29 10:55:30:673] <12733> ICHE_OUTACCTNO:
INFO	[2012-08-29 10:55:30:673] <12733> ICHE_OUTBANKMASTER:
INFO	[2012-08-29 10:55:30:673] <12733> ICHE_AMOUNT:
INFO	[2012-08-29 10:55:30:673] <12733> HP_SERVERINFO:
INFO	[2012-08-29 10:55:30:673] <12733> HP_HANDPHONE:
INFO	[2012-08-29 10:55:30:673] <12733> HP_COMPANY:
INFO	[2012-08-29 10:55:30:673] <12733> HP_ID:
INFO	[2012-08-29 10:55:30:673] <12733> HP_SUBID:
INFO	[2012-08-29 10:55:30:673] <12733> HP_UNITType:1
INFO	[2012-08-29 10:55:30:673] <12733> HP_IDEN:
INFO	[2012-08-29 10:55:30:673] <12733> HP_IPADDR:
INFO	[2012-08-29 10:55:30:673] <12733> ARS_NAME:
INFO	[2012-08-29 10:55:30:673] <12733> ARS_PHONE:
INFO	[2012-08-29 10:55:30:673] <12733> VIRTUAL_CENTERCD:99
INFO	[2012-08-29 10:55:30:673] <12733> VIRTUAL_DEPODT:
INFO	[2012-08-29 10:55:30:673] <12733> ZuminCode:
INFO	[2012-08-29 10:55:30:673] <12733> MallPage:/mall/AGS_VirAcctResult.php
INFO	[2012-08-29 10:55:30:673] <12733> VIRTUAL_NO:
INFO	[2012-08-29 10:55:30:673] <12733> ES_SENDNO:
INFO	[2012-08-29 10:55:30:673] <12733> ICHE_SOCKETYN:Y
INFO	[2012-08-29 10:55:30:673] <12733> ICHE_POSMTID:
INFO	[2012-08-29 10:55:30:674] <12733> ICHE_FNBCMTID:
INFO	[2012-08-29 10:55:30:674] <12733> ICHE_APTRTS:
INFO	[2012-08-29 10:55:30:674] <12733> ICHE_REMARK1:
INFO	[2012-08-29 10:55:30:674] <12733> ICHE_REMARK2:
INFO	[2012-08-29 10:55:30:674] <12733> ICHE_ECWYN:
INFO	[2012-08-29 10:55:30:674] <12733> ICHE_ECWID:
INFO	[2012-08-29 10:55:30:674] <12733> ICHE_ECWAMT1:
INFO	[2012-08-29 10:55:30:674] <12733> ICHE_ECWAMT2:
INFO	[2012-08-29 10:55:30:674] <12733> ICHE_CASHYN:N
INFO	[2012-08-29 10:55:30:674] <12733> ICHE_CASHGUBUN_CD:
INFO	[2012-08-29 10:55:30:674] <12733> ICHE_CASHID_NO:
INFO	[2012-08-29 10:55:30:674] <12733> ICHEARS_SOCKETYN:Y
INFO	[2012-08-29 10:55:30:674] <12733> ICHEARS_ADMNO:
INFO	[2012-08-29 10:55:30:674] <12733> ICHEARS_POSMTID:
INFO	[2012-08-29 10:55:30:674] <12733> ICHEARS_CENTERCD:
INFO	[2012-08-29 10:55:30:674] <12733> ICHEARS_HPNO:
INFO	[2012-08-29 10:55:30:674] <12733> Make NetCancel ID Start
INFO	[2012-08-29 10:55:30:674] <12733> AEGIS_VISAaegis_20120829105530674850
INFO	[2012-08-29 10:55:30:674] <12733> Make NetCancel ID End
INFO	[2012-08-29 10:55:30:674] <12733> Make NetCancelID OK
INFO	[2012-08-29 10:55:30:674] <12733> Make Msg Start
INFO	[2012-08-29 10:55:30:674] <12733> Encrypt Start
INFO	[2012-08-29 10:55:30:674] <12733> Encrypt End
INFO	[2012-08-29 10:55:30:674] <12733> Encrypt Start
INFO	[2012-08-29 10:55:30:674] <12733> Encrypt End
INFO	[2012-08-29 10:55:30:674] <12733> Encrypt Start
INFO	[2012-08-29 10:55:30:674] <12733> Encrypt End
INFO	[2012-08-29 10:55:30:674] <12733> Encrypt Start
INFO	[2012-08-29 10:55:30:674] <12733> Encrypt End
INFO	[2012-08-29 10:55:30:674] <12733> card-visa3d Make MSG OK 
INFO	[2012-08-29 10:55:30:674] <12733> Make Msg End
INFO	[2012-08-29 10:55:30:674] <12733> Make Pay Msg OK
INFO	[2012-08-29 10:55:30:674] <12733> Send & Recv Msg Start
INFO	[2012-08-29 10:55:30:675] <12733> Send Data To PG Start [ 
INFO	[2012-08-29 10:55:30:675] <12733> 0:0003270plug15
INFO	[2012-08-29 10:55:30:675] <12733> 1:aegis
INFO	[2012-08-29 10:55:30:675] <12733> 2:test
INFO	[2012-08-29 10:55:30:675] <12733> 3:1000
INFO	[2012-08-29 10:55:30:675] <12733> 4:1000000001
INFO	[2012-08-29 10:55:30:675] <12733> 5:9000400001
INFO	[2012-08-29 10:55:30:675] <12733> 6:3748311563608819
INFO	[2012-08-29 10:55:30:675] <12733> 7:283587
INFO	[2012-08-29 10:55:30:675] <12733> 8:00
INFO	[2012-08-29 10:55:30:675] <12733> 9:N;211.48.34.44;N;;1000;;null;;;
INFO	[2012-08-29 10:55:30:675] <12733> 10:
INFO	[2012-08-29 10:55:30:675] <12733> 11:
INFO	[2012-08-29 10:55:30:675] <12733> 12:±Ë±Êµø
INFO	[2012-08-29 10:55:30:675] <12733> 13:02-111-1111
INFO	[2012-08-29 10:55:30:675] <12733> 14:º≠øÔΩ√ ∞≠≥≤±∏ √ª¥„µø
INFO	[2012-08-29 10:55:30:675] <12733> 15:»´±Êµø
INFO	[2012-08-29 10:55:30:675] <12733> 16:192.168.0.1;02-111-1111
INFO	[2012-08-29 10:55:30:675] <12733> 17:test@test.com;ø¿»ƒø° πËº€ø‰∏¡
INFO	[2012-08-29 10:55:30:675] <12733> 18:∏∂øÏΩ∫
INFO	[2012-08-29 10:55:30:675] <12733> 19:AAABBEJVlSASCCkQVVWVAAAAAAA=
INFO	[2012-08-29 10:55:30:675] <12733> 20:MjAxMjA4MjkxMDU0NTk4OTQxMDY=
INFO	[2012-08-29 10:55:30:675] <12733> 21:05
INFO	[2012-08-29 10:55:30:675] <12733> 22:test@test.com
INFO	[2012-08-29 10:55:30:675] <12733> 23:AEGIS_VISAaegis_20120829105530674850
INFO	[2012-08-29 10:55:30:675] <12733> 24:
INFO	[2012-08-29 10:55:30:675] <12733> ] Send Data To PG End 
INFO	[2012-08-29 10:55:30:675] <12733> SendMsg : [0003270plug15|aegis|test|1000|1000000001|9000400001|3748311563608819|283587|00|N;211.48.34.44;N;;1000;;null;;;|||±Ë±Êµø|02-111-1111|º≠øÔΩ√ ∞≠≥≤±∏ √ª¥„µø|»´±Êµø|192.168.0.1;02-111-1111|test@test.com;ø¿»ƒø° πËº€ø‰∏¡|∏∂øÏΩ∫|AAABBEJVlSASCCkQVVWVAAAAAAA=|MjAxMjA4MjkxMDU0NTk4OTQxMDY=|05|test@test.com|AEGIS_VISAaegis_20120829105530674850|]
INFO	[2012-08-29 10:55:30:675] <12733> Connect IP:[220.85.12.3] Port:[29760]
INFO	[2012-08-29 10:55:30:682] <12733> Socket Open OK
INFO	[2012-08-29 10:55:31:797] <12733> RecvMsg Length : [000107]
INFO	[2012-08-29 10:55:31:797] <12733> RecvMsg : [aegis|0610|1000000001|10055554|000000001000|y|¡§ªÛΩ¬¿Œ|Ω≈«—|20120829105529|0500|18570317|0500|Ω≈«—|504018|
]
INFO	[2012-08-29 10:55:31:797] <12733> Socket Close OK
INFO	[2012-08-29 10:55:31:797] <12733> RecvMsg Length Check OK
INFO	[2012-08-29 10:55:31:797] <12733> Send & Recv Msg End
INFO	[2012-08-29 10:55:31:797] <12733> Send & Recv Msg OK
INFO	[2012-08-29 10:55:31:797] <12733> Parse Msg Start
INFO	[2012-08-29 10:55:31:797] <12733> card-visa3d RECV MSG Parsing OK 
INFO	[2012-08-29 10:55:31:797] <12733> Parse Msg End
INFO	[2012-08-29 10:55:31:797] <12733> Msg Parsing OK
INFO	[2012-08-29 10:55:31:797] <12733> card Pay Result Value [
INFO	[2012-08-29 10:55:31:797] <12733> NetCancID:AEGIS_VISAaegis_20120829105530674850
INFO	[2012-08-29 10:55:31:797] <12733> rStoreId:aegis
INFO	[2012-08-29 10:55:31:797] <12733> rBusiCd:0610
INFO	[2012-08-29 10:55:31:797] <12733> rOrdNo:1000000001
INFO	[2012-08-29 10:55:31:797] <12733> rApprNo:10055554
INFO	[2012-08-29 10:55:31:797] <12733> rInstmt:00
INFO	[2012-08-29 10:55:31:797] <12733> rAmt:000000001000
INFO	[2012-08-29 10:55:31:797] <12733> rSuccYn:y
INFO	[2012-08-29 10:55:31:797] <12733> rResMsg:¡§ªÛΩ¬¿Œ
INFO	[2012-08-29 10:55:31:797] <12733> rCardNm:Ω≈«—
INFO	[2012-08-29 10:55:31:797] <12733> rApprTm:20120829105529
INFO	[2012-08-29 10:55:31:797] <12733> rCardCd:0500
INFO	[2012-08-29 10:55:31:797] <12733> rMembNo:18570317
INFO	[2012-08-29 10:55:31:797] <12733> rAquiCd:0500
INFO	[2012-08-29 10:55:31:797] <12733> rAquiNm:Ω≈«—
INFO	[2012-08-29 10:55:31:797] <12733> rDealNo:504018
INFO	[2012-08-29 10:55:31:797] <12733> rProdNm:∏∂øÏΩ∫
INFO	[2012-08-29 10:55:31:797] <12733> ]
INFO	[2012-08-29 10:55:31:797] <12733> END  ¡§ªÛΩ¬¿Œ Transaction time:[1.13sec]
INFO	[2012-08-29 10:55:31:797] <12733> ===============================================================
INFO	[2012-08-29 11:21:46:19] <22231> ===============================================================
INFO	[2012-08-29 11:21:46:32] <22231> START AgsPay40 php (OS:Darwin12.0.0,PHP:5.3.5)
INFO	[2012-08-29 11:21:46:32] <22231> card Pay Start!
INFO	[2012-08-29 11:21:46:32] <22231> AgsPayHome:/Applications/MAMP/htdocs/ko/agspay/
INFO	[2012-08-29 11:21:46:32] <22231> StoreId:aegis
INFO	[2012-08-29 11:21:46:32] <22231> log:true
INFO	[2012-08-29 11:21:46:32] <22231> logLevel:INFO
INFO	[2012-08-29 11:21:46:32] <22231> UseNetCancel:true
INFO	[2012-08-29 11:21:46:32] <22231> Type:Pay
INFO	[2012-08-29 11:21:46:32] <22231> RecvLen:7
INFO	[2012-08-29 11:21:46:32] <22231> AuthTy:card
INFO	[2012-08-29 11:21:46:32] <22231> SubTy:visa3d
INFO	[2012-08-29 11:21:46:32] <22231> OrdNo:1000000001
INFO	[2012-08-29 11:21:46:32] <22231> Amt:1000
INFO	[2012-08-29 11:21:46:32] <22231> UserEmail:test@test.com
INFO	[2012-08-29 11:21:46:32] <22231> ProdNm:ÎßàÏö∞Ïä§
INFO	[2012-08-29 11:21:46:33] <22231> MallUrl:http://www.allthegate.com
INFO	[2012-08-29 11:21:46:33] <22231> UserId:test
INFO	[2012-08-29 11:21:46:33] <22231> OrdNm:ÌôçÍ∏∏Îèô
INFO	[2012-08-29 11:21:46:33] <22231> OrdPhone:02-111-1111
INFO	[2012-08-29 11:21:46:33] <22231> OrdAddr:ÏÑúÏö∏Ïãú Í∞ïÎÇ®Íµ¨ Ï≤≠Îã¥Îèô
INFO	[2012-08-29 11:21:46:33] <22231> RcpNm:ÍπÄÍ∏∏Îèô
INFO	[2012-08-29 11:21:46:33] <22231> RcpPhone:02-111-1111
INFO	[2012-08-29 11:21:46:33] <22231> DlvAddr:ÏÑúÏö∏Ïãú Í∞ïÎÇ®Íµ¨ Ï≤≠Îã¥Îèô
INFO	[2012-08-29 11:21:46:33] <22231> Remark:Ïò§ÌõÑÏóê Î∞∞ÏÜ°ÏöîÎßù
INFO	[2012-08-29 11:21:46:33] <22231> DeviId:9000400001
INFO	[2012-08-29 11:21:46:33] <22231> AuthYn:N;211.48.34.44;N;;1000;;null;;;
INFO	[2012-08-29 11:21:46:33] <22231> Instmt:00
INFO	[2012-08-29 11:21:46:33] <22231> UserIp:192.168.0.1
INFO	[2012-08-29 11:21:46:33] <22231> partial_mm:
INFO	[2012-08-29 11:21:46:33] <22231> noIntMonth:
INFO	[2012-08-29 11:21:46:33] <22231> KVP_CURRENCY:WON
INFO	[2012-08-29 11:21:46:33] <22231> KVP_CARDCODE:
INFO	[2012-08-29 11:21:46:33] <22231> KVP_SESSIONKEY:
INFO	[2012-08-29 11:21:46:33] <22231> KVP_ENCDATA:
INFO	[2012-08-29 11:21:46:33] <22231> KVP_CONAME:
INFO	[2012-08-29 11:21:46:33] <22231> KVP_NOINT:
INFO	[2012-08-29 11:21:46:33] <22231> KVP_QUOTA:
INFO	[2012-08-29 11:21:46:33] <22231> CardNo:4374360069657003
INFO	[2012-08-29 11:21:46:33] <22231> MPI_CAVV:AAABBSljgCASCCkRIGOAAAAAAAA=
INFO	[2012-08-29 11:21:46:33] <22231> MPI_ECI:05
INFO	[2012-08-29 11:21:46:33] <22231> MPI_MD64:MjAxMjA4MjkxMTIxMDg3OTkxMDY=
INFO	[2012-08-29 11:21:46:33] <22231> ExpMon:12
INFO	[2012-08-29 11:21:46:33] <22231> ExpYear:2049
INFO	[2012-08-29 11:21:46:33] <22231> Passwd:
INFO	[2012-08-29 11:21:46:33] <22231> SocId:
INFO	[2012-08-29 11:21:46:33] <22231> ICHE_OUTBANKNAME:
INFO	[2012-08-29 11:21:46:33] <22231> ICHE_OUTACCTNO:
INFO	[2012-08-29 11:21:46:33] <22231> ICHE_OUTBANKMASTER:
INFO	[2012-08-29 11:21:46:33] <22231> ICHE_AMOUNT:
INFO	[2012-08-29 11:21:46:33] <22231> HP_SERVERINFO:
INFO	[2012-08-29 11:21:46:33] <22231> HP_HANDPHONE:
INFO	[2012-08-29 11:21:46:33] <22231> HP_COMPANY:
INFO	[2012-08-29 11:21:46:33] <22231> HP_ID:
INFO	[2012-08-29 11:21:46:33] <22231> HP_SUBID:
INFO	[2012-08-29 11:21:46:33] <22231> HP_UNITType:1
INFO	[2012-08-29 11:21:46:34] <22231> HP_IDEN:
INFO	[2012-08-29 11:21:46:34] <22231> HP_IPADDR:
INFO	[2012-08-29 11:21:46:34] <22231> ARS_NAME:
INFO	[2012-08-29 11:21:46:34] <22231> ARS_PHONE:
INFO	[2012-08-29 11:21:46:34] <22231> VIRTUAL_CENTERCD:99
INFO	[2012-08-29 11:21:46:34] <22231> VIRTUAL_DEPODT:
INFO	[2012-08-29 11:21:46:34] <22231> ZuminCode:
INFO	[2012-08-29 11:21:46:34] <22231> MallPage:/mall/AGS_VirAcctResult.php
INFO	[2012-08-29 11:21:46:34] <22231> VIRTUAL_NO:
INFO	[2012-08-29 11:21:46:34] <22231> ES_SENDNO:
INFO	[2012-08-29 11:21:46:34] <22231> ICHE_SOCKETYN:Y
INFO	[2012-08-29 11:21:46:34] <22231> ICHE_POSMTID:
INFO	[2012-08-29 11:21:46:34] <22231> ICHE_FNBCMTID:
INFO	[2012-08-29 11:21:46:34] <22231> ICHE_APTRTS:
INFO	[2012-08-29 11:21:46:34] <22231> ICHE_REMARK1:
INFO	[2012-08-29 11:21:46:34] <22231> ICHE_REMARK2:
INFO	[2012-08-29 11:21:46:34] <22231> ICHE_ECWYN:
INFO	[2012-08-29 11:21:46:34] <22231> ICHE_ECWID:
INFO	[2012-08-29 11:21:46:34] <22231> ICHE_ECWAMT1:
INFO	[2012-08-29 11:21:46:34] <22231> ICHE_ECWAMT2:
INFO	[2012-08-29 11:21:46:34] <22231> ICHE_CASHYN:N
INFO	[2012-08-29 11:21:46:34] <22231> ICHE_CASHGUBUN_CD:
INFO	[2012-08-29 11:21:46:34] <22231> ICHE_CASHID_NO:
INFO	[2012-08-29 11:21:46:34] <22231> ICHEARS_SOCKETYN:Y
INFO	[2012-08-29 11:21:46:34] <22231> ICHEARS_ADMNO:
INFO	[2012-08-29 11:21:46:34] <22231> ICHEARS_POSMTID:
INFO	[2012-08-29 11:21:46:34] <22231> ICHEARS_CENTERCD:
INFO	[2012-08-29 11:21:46:34] <22231> ICHEARS_HPNO:
INFO	[2012-08-29 11:21:46:34] <22231> Make NetCancel ID Start
INFO	[2012-08-29 11:21:46:34] <22231> AEGIS_VISAaegis_20120829112146034136
INFO	[2012-08-29 11:21:46:34] <22231> Make NetCancel ID End
INFO	[2012-08-29 11:21:46:34] <22231> Make NetCancelID OK
INFO	[2012-08-29 11:21:46:34] <22231> Make Msg Start
INFO	[2012-08-29 11:21:46:34] <22231> Encrypt Start
INFO	[2012-08-29 11:21:46:34] <22231> Encrypt End
INFO	[2012-08-29 11:21:46:34] <22231> Encrypt Start
INFO	[2012-08-29 11:21:46:35] <22231> Encrypt End
INFO	[2012-08-29 11:21:46:35] <22231> Encrypt Start
INFO	[2012-08-29 11:21:46:35] <22231> Encrypt End
INFO	[2012-08-29 11:21:46:35] <22231> Encrypt Start
INFO	[2012-08-29 11:21:46:35] <22231> Encrypt End
INFO	[2012-08-29 11:21:46:35] <22231> card-visa3d Make MSG OK 
INFO	[2012-08-29 11:21:46:35] <22231> Make Msg End
INFO	[2012-08-29 11:21:46:35] <22231> Make Pay Msg OK
INFO	[2012-08-29 11:21:46:35] <22231> Send & Recv Msg Start
INFO	[2012-08-29 11:21:46:35] <22231> Send Data To PG Start [ 
INFO	[2012-08-29 11:21:46:35] <22231> 0:0003520plug15
INFO	[2012-08-29 11:21:46:35] <22231> 1:aegis
INFO	[2012-08-29 11:21:46:35] <22231> 2:test
INFO	[2012-08-29 11:21:46:35] <22231> 3:1000
INFO	[2012-08-29 11:21:46:35] <22231> 4:1000000001
INFO	[2012-08-29 11:21:46:35] <22231> 5:9000400001
INFO	[2012-08-29 11:21:46:35] <22231> 6:3748311563608819
INFO	[2012-08-29 11:21:46:35] <22231> 7:283587
INFO	[2012-08-29 11:21:46:35] <22231> 8:00
INFO	[2012-08-29 11:21:46:35] <22231> 9:N;211.48.34.44;N;;1000;;null;;;
INFO	[2012-08-29 11:21:46:35] <22231> 10:
INFO	[2012-08-29 11:21:46:35] <22231> 11:
INFO	[2012-08-29 11:21:46:35] <22231> 12:ÍπÄÍ∏∏Îèô
INFO	[2012-08-29 11:21:46:35] <22231> 13:02-111-1111
INFO	[2012-08-29 11:21:46:35] <22231> 14:ÏÑúÏö∏Ïãú Í∞ïÎÇ®Íµ¨ Ï≤≠Îã¥Îèô
INFO	[2012-08-29 11:21:46:35] <22231> 15:ÌôçÍ∏∏Îèô
INFO	[2012-08-29 11:21:46:35] <22231> 16:192.168.0.1;02-111-1111
INFO	[2012-08-29 11:21:46:35] <22231> 17:test@test.com;Ïò§ÌõÑÏóê Î∞∞ÏÜ°ÏöîÎßù
INFO	[2012-08-29 11:21:46:35] <22231> 18:ÎßàÏö∞Ïä§
INFO	[2012-08-29 11:21:46:35] <22231> 19:AAABBSljgCASCCkRIGOAAAAAAAA=
INFO	[2012-08-29 11:21:46:35] <22231> 20:MjAxMjA4MjkxMTIxMDg3OTkxMDY=
INFO	[2012-08-29 11:21:46:35] <22231> 21:05
INFO	[2012-08-29 11:21:46:35] <22231> 22:test@test.com
INFO	[2012-08-29 11:21:46:35] <22231> 23:AEGIS_VISAaegis_20120829112146034136
INFO	[2012-08-29 11:21:46:35] <22231> 24:
INFO	[2012-08-29 11:21:46:35] <22231> ] Send Data To PG End 
INFO	[2012-08-29 11:21:46:35] <22231> SendMsg : [0003520plug15|aegis|test|1000|1000000001|9000400001|3748311563608819|283587|00|N;211.48.34.44;N;;1000;;null;;;|||ÍπÄÍ∏∏Îèô|02-111-1111|ÏÑúÏö∏Ïãú Í∞ïÎÇ®Íµ¨ Ï≤≠Îã¥Îèô|ÌôçÍ∏∏Îèô|192.168.0.1;02-111-1111|test@test.com;Ïò§ÌõÑÏóê Î∞∞ÏÜ°ÏöîÎßù|ÎßàÏö∞Ïä§|AAABBSljgCASCCkRIGOAAAAAAAA=|MjAxMjA4MjkxMTIxMDg3OTkxMDY=|05|test@test.com|AEGIS_VISAaegis_20120829112146034136|]
INFO	[2012-08-29 11:21:46:35] <22231> Connect IP:[220.85.12.3] Port:[29760]
INFO	[2012-08-29 11:21:46:41] <22231> Socket Open OK
INFO	[2012-08-29 11:21:47:59] <22231> RecvMsg Length : [000107]
INFO	[2012-08-29 11:21:47:59] <22231> RecvMsg : [aegis|0610|1000000001|10055556|000000001000|y|¡§ªÛΩ¬¿Œ|Ω≈«—|20120829112147|0500|18570317|0500|Ω≈«—|504465|
]
INFO	[2012-08-29 11:21:47:59] <22231> Socket Close OK
INFO	[2012-08-29 11:21:47:59] <22231> RecvMsg Length Check OK
INFO	[2012-08-29 11:21:47:59] <22231> Send & Recv Msg End
INFO	[2012-08-29 11:21:47:59] <22231> Send & Recv Msg OK
INFO	[2012-08-29 11:21:47:59] <22231> Parse Msg Start
INFO	[2012-08-29 11:21:47:59] <22231> card-visa3d RECV MSG Parsing OK 
INFO	[2012-08-29 11:21:47:59] <22231> Parse Msg End
INFO	[2012-08-29 11:21:47:59] <22231> Msg Parsing OK
INFO	[2012-08-29 11:21:47:59] <22231> card Pay Result Value [
INFO	[2012-08-29 11:21:47:59] <22231> NetCancID:AEGIS_VISAaegis_20120829112146034136
INFO	[2012-08-29 11:21:47:59] <22231> rStoreId:aegis
INFO	[2012-08-29 11:21:47:59] <22231> rBusiCd:0610
INFO	[2012-08-29 11:21:47:59] <22231> rOrdNo:1000000001
INFO	[2012-08-29 11:21:47:59] <22231> rApprNo:10055556
INFO	[2012-08-29 11:21:47:59] <22231> rInstmt:00
INFO	[2012-08-29 11:21:47:59] <22231> rAmt:000000001000
INFO	[2012-08-29 11:21:47:59] <22231> rSuccYn:y
INFO	[2012-08-29 11:21:47:59] <22231> rResMsg:¡§ªÛΩ¬¿Œ
INFO	[2012-08-29 11:21:47:59] <22231> rCardNm:Ω≈«—
INFO	[2012-08-29 11:21:47:59] <22231> rApprTm:20120829112147
INFO	[2012-08-29 11:21:47:59] <22231> rCardCd:0500
INFO	[2012-08-29 11:21:47:59] <22231> rMembNo:18570317
INFO	[2012-08-29 11:21:47:59] <22231> rAquiCd:0500
INFO	[2012-08-29 11:21:47:59] <22231> rAquiNm:Ω≈«—
INFO	[2012-08-29 11:21:47:60] <22231> rDealNo:504465
INFO	[2012-08-29 11:21:47:60] <22231> rProdNm:ÎßàÏö∞Ïä§
INFO	[2012-08-29 11:21:47:60] <22231> ]
INFO	[2012-08-29 11:21:47:60] <22231> END  ¡§ªÛΩ¬¿Œ Transaction time:[1.04sec]
INFO	[2012-08-29 11:21:47:60] <22231> ===============================================================
INFO	[2012-08-29 17:17:00:98] <64645> ===============================================================
INFO	[2012-08-29 17:17:00:144] <64645> START AgsPay40 php (OS:Darwin12.0.0,PHP:5.3.5)
INFO	[2012-08-29 17:17:06:350] <64645> ===============================================================
INFO	[2012-08-29 17:17:06:350] <64645> START AgsPay40 php (OS:Darwin12.0.0,PHP:5.3.5)
INFO	[2012-08-29 17:17:12:603] <64645> ===============================================================
INFO	[2012-08-29 17:17:12:603] <64645> START AgsPay40 php (OS:Darwin12.0.0,PHP:5.3.5)
INFO	[2012-08-29 17:17:41:966] <69247> ===============================================================
INFO	[2012-08-29 17:17:41:966] <69247> START AgsPay40 php (OS:Darwin12.0.0,PHP:5.3.5)
INFO	[2012-08-29 17:17:44:637] <69247> ===============================================================
INFO	[2012-08-29 17:17:44:637] <69247> START AgsPay40 php (OS:Darwin12.0.0,PHP:5.3.5)
INFO	[2012-08-29 17:18:23:966] <58920> ===============================================================
INFO	[2012-08-29 17:18:23:966] <58920> START AgsPay40 php (OS:Darwin12.0.0,PHP:5.3.5)
INFO	[2012-08-29 17:18:32:604] <58920> ===============================================================
INFO	[2012-08-29 17:18:32:604] <58920> START AgsPay40 php (OS:Darwin12.0.0,PHP:5.3.5)
INFO	[2012-08-29 17:18:41:126] <58920> ===============================================================
INFO	[2012-08-29 17:18:41:126] <58920> START AgsPay40 php (OS:Darwin12.0.0,PHP:5.3.5)
INFO	[2012-08-29 17:18:41:153] <58920> ===============================================================
INFO	[2012-08-29 17:18:41:153] <58920> START AgsPay40 php (OS:Darwin12.0.0,PHP:5.3.5)
INFO	[2012-08-29 17:24:43:91] <69505> ===============================================================
INFO	[2012-08-29 17:24:43:108] <69505> START AgsPay40 php (OS:Darwin12.0.0,PHP:5.3.5)
