INFO	[2012-10-08 11:43:59:705] <10483> ===============================================================
INFO	[2012-10-08 11:43:59:705] <10483> START AgsPay40 php (OS:Linux2.6.18-238.9.1.el5xen,PHP:5.2.17)
INFO	[2012-10-08 11:43:59:705] <10483> card Pay Start!
INFO	[2012-10-08 11:43:59:705] <10483> AgsPayHome:/mnt/DATA/WWW/casebuy.me/ko/agspay/
INFO	[2012-10-08 11:43:59:705] <10483> StoreId:yulabs79
INFO	[2012-10-08 11:43:59:705] <10483> log:true
INFO	[2012-10-08 11:43:59:706] <10483> logLevel:INFO
INFO	[2012-10-08 11:43:59:706] <10483> UseNetCancel:true
INFO	[2012-10-08 11:43:59:706] <10483> Type:Pay
INFO	[2012-10-08 11:43:59:706] <10483> RecvLen:7
INFO	[2012-10-08 11:43:59:706] <10483> AuthTy:card
INFO	[2012-10-08 11:43:59:706] <10483> SubTy:visa3d
INFO	[2012-10-08 11:43:59:706] <10483> OrdNo:1000000094
INFO	[2012-10-08 11:43:59:706] <10483> Amt:6000
INFO	[2012-10-08 11:43:59:706] <10483> UserEmail:noff@cultstory.com
INFO	[2012-10-08 11:43:59:706] <10483> ProdNm:오카모토
INFO	[2012-10-08 11:43:59:706] <10483> MallUrl:http://www.casebuy.me
INFO	[2012-10-08 11:43:59:706] <10483> UserId:16
INFO	[2012-10-08 11:43:59:706] <10483> OrdNm:박용남
INFO	[2012-10-08 11:43:59:706] <10483> OrdPhone:010-2717-8221
INFO	[2012-10-08 11:43:59:706] <10483> OrdAddr:서울 서대문구 창천동 122
INFO	[2012-10-08 11:43:59:706] <10483> RcpNm:박용남
INFO	[2012-10-08 11:43:59:707] <10483> RcpPhone:010-2717-8221
INFO	[2012-10-08 11:43:59:707] <10483> DlvAddr:서울 서대문구 창천동 122
INFO	[2012-10-08 11:43:59:707] <10483> Remark:
INFO	[2012-10-08 11:43:59:707] <10483> DeviId:9000400001
INFO	[2012-10-08 11:43:59:707] <10483> AuthYn:N;211.48.34.44;N;;6000;;null;;;
INFO	[2012-10-08 11:43:59:707] <10483> Instmt:00
INFO	[2012-10-08 11:43:59:707] <10483> UserIp:211.48.34.44
INFO	[2012-10-08 11:43:59:707] <10483> partial_mm:
INFO	[2012-10-08 11:43:59:707] <10483> noIntMonth:
INFO	[2012-10-08 11:43:59:707] <10483> KVP_CURRENCY:WON
INFO	[2012-10-08 11:43:59:707] <10483> KVP_CARDCODE:
INFO	[2012-10-08 11:43:59:707] <10483> KVP_SESSIONKEY:
INFO	[2012-10-08 11:43:59:707] <10483> KVP_ENCDATA:
INFO	[2012-10-08 11:43:59:707] <10483> KVP_CONAME:
INFO	[2012-10-08 11:43:59:707] <10483> KVP_NOINT:
INFO	[2012-10-08 11:43:59:708] <10483> KVP_QUOTA:
INFO	[2012-10-08 11:43:59:708] <10483> CardNo:4374360069657003
INFO	[2012-10-08 11:43:59:708] <10483> MPI_CAVV:AAABAJIXYCASEAgRQxdgAAAAAAA=
INFO	[2012-10-08 11:43:59:708] <10483> MPI_ECI:05
INFO	[2012-10-08 11:43:59:708] <10483> MPI_MD64:MjAxMjEwMDgxMTQzMjI3ODIxMDY=
INFO	[2012-10-08 11:43:59:708] <10483> ExpMon:12
INFO	[2012-10-08 11:43:59:708] <10483> ExpYear:2049
INFO	[2012-10-08 11:43:59:708] <10483> Passwd:
INFO	[2012-10-08 11:43:59:708] <10483> SocId:
INFO	[2012-10-08 11:43:59:708] <10483> ICHE_OUTBANKNAME:
INFO	[2012-10-08 11:43:59:708] <10483> ICHE_OUTACCTNO:
INFO	[2012-10-08 11:43:59:708] <10483> ICHE_OUTBANKMASTER:
INFO	[2012-10-08 11:43:59:708] <10483> ICHE_AMOUNT:
INFO	[2012-10-08 11:43:59:708] <10483> HP_SERVERINFO:
INFO	[2012-10-08 11:43:59:708] <10483> HP_HANDPHONE:
INFO	[2012-10-08 11:43:59:709] <10483> HP_COMPANY:
INFO	[2012-10-08 11:43:59:709] <10483> HP_ID:
INFO	[2012-10-08 11:43:59:709] <10483> HP_SUBID:
INFO	[2012-10-08 11:43:59:709] <10483> HP_UNITType:2
INFO	[2012-10-08 11:43:59:709] <10483> HP_IDEN:
INFO	[2012-10-08 11:43:59:709] <10483> HP_IPADDR:
INFO	[2012-10-08 11:43:59:709] <10483> ARS_NAME:
INFO	[2012-10-08 11:43:59:709] <10483> ARS_PHONE:
INFO	[2012-10-08 11:43:59:709] <10483> VIRTUAL_CENTERCD:99
INFO	[2012-10-08 11:43:59:709] <10483> VIRTUAL_DEPODT:
INFO	[2012-10-08 11:43:59:709] <10483> ZuminCode:
INFO	[2012-10-08 11:43:59:709] <10483> MallPage:/ko/agspay/AGS_VirAcctResult.php
INFO	[2012-10-08 11:43:59:709] <10483> VIRTUAL_NO:
INFO	[2012-10-08 11:43:59:709] <10483> ES_SENDNO:
INFO	[2012-10-08 11:43:59:709] <10483> ICHE_SOCKETYN:Y
INFO	[2012-10-08 11:43:59:709] <10483> ICHE_POSMTID:
INFO	[2012-10-08 11:43:59:710] <10483> ICHE_FNBCMTID:
INFO	[2012-10-08 11:43:59:710] <10483> ICHE_APTRTS:
INFO	[2012-10-08 11:43:59:710] <10483> ICHE_REMARK1:
INFO	[2012-10-08 11:43:59:710] <10483> ICHE_REMARK2:
INFO	[2012-10-08 11:43:59:710] <10483> ICHE_ECWYN:
INFO	[2012-10-08 11:43:59:710] <10483> ICHE_ECWID:
INFO	[2012-10-08 11:43:59:710] <10483> ICHE_ECWAMT1:
INFO	[2012-10-08 11:43:59:710] <10483> ICHE_ECWAMT2:
INFO	[2012-10-08 11:43:59:710] <10483> ICHE_CASHYN:N
INFO	[2012-10-08 11:43:59:710] <10483> ICHE_CASHGUBUN_CD:
INFO	[2012-10-08 11:43:59:710] <10483> ICHE_CASHID_NO:
INFO	[2012-10-08 11:43:59:710] <10483> ICHEARS_SOCKETYN:Y
INFO	[2012-10-08 11:43:59:710] <10483> ICHEARS_ADMNO:
INFO	[2012-10-08 11:43:59:710] <10483> ICHEARS_POSMTID:
INFO	[2012-10-08 11:43:59:710] <10483> ICHEARS_CENTERCD:
INFO	[2012-10-08 11:43:59:711] <10483> ICHEARS_HPNO:
INFO	[2012-10-08 11:43:59:711] <10483> Make NetCancel ID Start
INFO	[2012-10-08 11:43:59:711] <10483> AEGIS_VISAyulabs79_20121008114359711818
INFO	[2012-10-08 11:43:59:711] <10483> Make NetCancel ID End
INFO	[2012-10-08 11:43:59:711] <10483> Make NetCancelID OK
INFO	[2012-10-08 11:43:59:711] <10483> Make Msg Start
INFO	[2012-10-08 11:43:59:711] <10483> Encrypt Start
INFO	[2012-10-08 11:43:59:711] <10483> Encrypt End
INFO	[2012-10-08 11:43:59:711] <10483> Encrypt Start
INFO	[2012-10-08 11:43:59:711] <10483> Encrypt End
INFO	[2012-10-08 11:43:59:711] <10483> Encrypt Start
INFO	[2012-10-08 11:43:59:711] <10483> Encrypt End
INFO	[2012-10-08 11:43:59:711] <10483> Encrypt Start
INFO	[2012-10-08 11:43:59:711] <10483> Encrypt End
INFO	[2012-10-08 11:43:59:712] <10483> card-visa3d Make MSG OK 
INFO	[2012-10-08 11:43:59:712] <10483> Make Msg End
INFO	[2012-10-08 11:43:59:712] <10483> Make Pay Msg OK
INFO	[2012-10-08 11:43:59:712] <10483> Send & Recv Msg Start
INFO	[2012-10-08 11:43:59:712] <10483> Send Data To PG Start [ 
INFO	[2012-10-08 11:43:59:712] <10483> 0:0003370plug15
INFO	[2012-10-08 11:43:59:712] <10483> 1:yulabs79
INFO	[2012-10-08 11:43:59:712] <10483> 2:16
INFO	[2012-10-08 11:43:59:712] <10483> 3:6000
INFO	[2012-10-08 11:43:59:712] <10483> 4:1000000094
INFO	[2012-10-08 11:43:59:712] <10483> 5:9000400001
INFO	[2012-10-08 11:43:59:712] <10483> 6:3748311563608819
INFO	[2012-10-08 11:43:59:712] <10483> 7:283587
INFO	[2012-10-08 11:43:59:712] <10483> 8:00
INFO	[2012-10-08 11:43:59:712] <10483> 9:N;211.48.34.44;N;;6000;;null;;;
INFO	[2012-10-08 11:43:59:712] <10483> 10:
INFO	[2012-10-08 11:43:59:712] <10483> 11:
INFO	[2012-10-08 11:43:59:712] <10483> 12:박용남
INFO	[2012-10-08 11:43:59:712] <10483> 13:010-2717-8221
INFO	[2012-10-08 11:43:59:712] <10483> 14:서울 서대문구 창천동 122
INFO	[2012-10-08 11:43:59:712] <10483> 15:박용남
INFO	[2012-10-08 11:43:59:712] <10483> 16:211.48.34.44;010-2717-8221
INFO	[2012-10-08 11:43:59:712] <10483> 17:noff@cultstory.com;
INFO	[2012-10-08 11:43:59:712] <10483> 18:오카모토
INFO	[2012-10-08 11:43:59:712] <10483> 19:AAABAJIXYCASEAgRQxdgAAAAAAA=
INFO	[2012-10-08 11:43:59:712] <10483> 20:MjAxMjEwMDgxMTQzMjI3ODIxMDY=
INFO	[2012-10-08 11:43:59:712] <10483> 21:05
INFO	[2012-10-08 11:43:59:712] <10483> 22:noff@cultstory.com
INFO	[2012-10-08 11:43:59:712] <10483> 23:AEGIS_VISAyulabs79_20121008114359711818
INFO	[2012-10-08 11:43:59:712] <10483> 24:
INFO	[2012-10-08 11:43:59:712] <10483> ] Send Data To PG End 
INFO	[2012-10-08 11:43:59:712] <10483> SendMsg : [0003370plug15|yulabs79|16|6000|1000000094|9000400001|3748311563608819|283587|00|N;211.48.34.44;N;;6000;;null;;;|||박용남|010-2717-8221|서울 서대문구 창천동 122|박용남|211.48.34.44;010-2717-8221|noff@cultstory.com;|오카모토|AAABAJIXYCASEAgRQxdgAAAAAAA=|MjAxMjEwMDgxMTQzMjI3ODIxMDY=|05|noff@cultstory.com|AEGIS_VISAyulabs79_20121008114359711818|]
INFO	[2012-10-08 11:43:59:712] <10483> Connect IP:[220.85.12.3] Port:[29760]
INFO	[2012-10-08 11:43:59:717] <10483> Socket Open OK
INFO	[2012-10-08 11:44:01:604] <10483> RecvMsg Length : [000110]
INFO	[2012-10-08 11:44:01:604] <10483> RecvMsg : [yulabs79|0610|1000000094|31897179|000000006000|y|정상승인|신한|20121008114400|0500|18570317|0500|신한|508427|
]
INFO	[2012-10-08 11:44:01:604] <10483> Socket Close OK
INFO	[2012-10-08 11:44:01:604] <10483> RecvMsg Length Check OK
INFO	[2012-10-08 11:44:01:604] <10483> Send & Recv Msg End
INFO	[2012-10-08 11:44:01:605] <10483> Send & Recv Msg OK
INFO	[2012-10-08 11:44:01:605] <10483> Parse Msg Start
INFO	[2012-10-08 11:44:01:605] <10483> card-visa3d RECV MSG Parsing OK 
INFO	[2012-10-08 11:44:01:605] <10483> Parse Msg End
INFO	[2012-10-08 11:44:01:605] <10483> Msg Parsing OK
INFO	[2012-10-08 11:44:01:605] <10483> card Pay Result Value [
INFO	[2012-10-08 11:44:01:605] <10483> NetCancID:AEGIS_VISAyulabs79_20121008114359711818
INFO	[2012-10-08 11:44:01:605] <10483> rStoreId:yulabs79
INFO	[2012-10-08 11:44:01:605] <10483> rBusiCd:0610
INFO	[2012-10-08 11:44:01:605] <10483> rOrdNo:1000000094
INFO	[2012-10-08 11:44:01:605] <10483> rApprNo:31897179
INFO	[2012-10-08 11:44:01:605] <10483> rInstmt:00
INFO	[2012-10-08 11:44:01:605] <10483> rAmt:000000006000
INFO	[2012-10-08 11:44:01:605] <10483> rSuccYn:y
INFO	[2012-10-08 11:44:01:605] <10483> rResMsg:정상승인
INFO	[2012-10-08 11:44:01:605] <10483> rCardNm:신한
INFO	[2012-10-08 11:44:01:606] <10483> rApprTm:20121008114400
INFO	[2012-10-08 11:44:01:606] <10483> rCardCd:0500
INFO	[2012-10-08 11:44:01:606] <10483> rMembNo:18570317
INFO	[2012-10-08 11:44:01:606] <10483> rAquiCd:0500
INFO	[2012-10-08 11:44:01:606] <10483> rAquiNm:신한
INFO	[2012-10-08 11:44:01:606] <10483> rDealNo:508427
INFO	[2012-10-08 11:44:01:606] <10483> rProdNm:오카모토
INFO	[2012-10-08 11:44:01:606] <10483> ]
INFO	[2012-10-08 11:44:01:606] <10483> END  정상승인 Transaction time:[1.901sec]
INFO	[2012-10-08 11:44:01:606] <10483> ===============================================================
INFO	[2012-10-08 11:48:27:666] <10478> ===============================================================
INFO	[2012-10-08 11:48:27:666] <10478> START AgsPay40 php (OS:Linux2.6.18-238.9.1.el5xen,PHP:5.2.17)
INFO	[2012-10-08 11:48:27:666] <10478> card Pay Start!
INFO	[2012-10-08 11:48:27:666] <10478> AgsPayHome:/mnt/DATA/WWW/casebuy.me/ko/agspay/
INFO	[2012-10-08 11:48:27:667] <10478> StoreId:yulabs79
INFO	[2012-10-08 11:48:27:667] <10478> log:true
INFO	[2012-10-08 11:48:27:667] <10478> logLevel:INFO
INFO	[2012-10-08 11:48:27:667] <10478> UseNetCancel:true
INFO	[2012-10-08 11:48:27:667] <10478> Type:Pay
INFO	[2012-10-08 11:48:27:667] <10478> RecvLen:7
INFO	[2012-10-08 11:48:27:667] <10478> AuthTy:card
INFO	[2012-10-08 11:48:27:667] <10478> SubTy:visa3d
INFO	[2012-10-08 11:48:27:667] <10478> OrdNo:1000000095
INFO	[2012-10-08 11:48:27:667] <10478> Amt:6000
INFO	[2012-10-08 11:48:27:667] <10478> UserEmail:noff@cultstory.com
INFO	[2012-10-08 11:48:27:667] <10478> ProdNm:체어맨 2박스
INFO	[2012-10-08 11:48:27:667] <10478> MallUrl:http://www.casebuy.me
INFO	[2012-10-08 11:48:27:667] <10478> UserId:16
INFO	[2012-10-08 11:48:27:667] <10478> OrdNm:박용남
INFO	[2012-10-08 11:48:27:667] <10478> OrdPhone:010-2717-8221
INFO	[2012-10-08 11:48:27:668] <10478> OrdAddr:서울 서대문구 창천동 122
INFO	[2012-10-08 11:48:27:668] <10478> RcpNm:박용남
INFO	[2012-10-08 11:48:27:668] <10478> RcpPhone:010-2717-8221
INFO	[2012-10-08 11:48:27:668] <10478> DlvAddr:서울 서대문구 창천동 122
INFO	[2012-10-08 11:48:27:668] <10478> Remark:r
INFO	[2012-10-08 11:48:27:668] <10478> DeviId:9000400001
INFO	[2012-10-08 11:48:27:668] <10478> AuthYn:N;211.48.34.44;N;;6000;;null;;;
INFO	[2012-10-08 11:48:27:668] <10478> Instmt:00
INFO	[2012-10-08 11:48:27:668] <10478> UserIp:211.48.34.44
INFO	[2012-10-08 11:48:27:668] <10478> partial_mm:
INFO	[2012-10-08 11:48:27:668] <10478> noIntMonth:
INFO	[2012-10-08 11:48:27:668] <10478> KVP_CURRENCY:WON
INFO	[2012-10-08 11:48:27:668] <10478> KVP_CARDCODE:
INFO	[2012-10-08 11:48:27:668] <10478> KVP_SESSIONKEY:
INFO	[2012-10-08 11:48:27:668] <10478> KVP_ENCDATA:
INFO	[2012-10-08 11:48:27:668] <10478> KVP_CONAME:
INFO	[2012-10-08 11:48:27:669] <10478> KVP_NOINT:
INFO	[2012-10-08 11:48:27:669] <10478> KVP_QUOTA:
INFO	[2012-10-08 11:48:27:669] <10478> CardNo:4374360069657003
INFO	[2012-10-08 11:48:27:669] <10478> MPI_CAVV:AAABCVdBRSASEAgRSEFFAAAAAAA=
INFO	[2012-10-08 11:48:27:669] <10478> MPI_ECI:05
INFO	[2012-10-08 11:48:27:669] <10478> MPI_MD64:MjAxMjEwMDgxMTQ3NTM0NTcxMDY=
INFO	[2012-10-08 11:48:27:669] <10478> ExpMon:12
INFO	[2012-10-08 11:48:27:669] <10478> ExpYear:2049
INFO	[2012-10-08 11:48:27:669] <10478> Passwd:
INFO	[2012-10-08 11:48:27:669] <10478> SocId:
INFO	[2012-10-08 11:48:27:669] <10478> ICHE_OUTBANKNAME:
INFO	[2012-10-08 11:48:27:669] <10478> ICHE_OUTACCTNO:
INFO	[2012-10-08 11:48:27:669] <10478> ICHE_OUTBANKMASTER:
INFO	[2012-10-08 11:48:27:669] <10478> ICHE_AMOUNT:
INFO	[2012-10-08 11:48:27:669] <10478> HP_SERVERINFO:
INFO	[2012-10-08 11:48:27:670] <10478> HP_HANDPHONE:
INFO	[2012-10-08 11:48:27:670] <10478> HP_COMPANY:
INFO	[2012-10-08 11:48:27:670] <10478> HP_ID:
INFO	[2012-10-08 11:48:27:670] <10478> HP_SUBID:
INFO	[2012-10-08 11:48:27:670] <10478> HP_UNITType:2
INFO	[2012-10-08 11:48:27:670] <10478> HP_IDEN:
INFO	[2012-10-08 11:48:27:670] <10478> HP_IPADDR:
INFO	[2012-10-08 11:48:27:670] <10478> ARS_NAME:
INFO	[2012-10-08 11:48:27:670] <10478> ARS_PHONE:
INFO	[2012-10-08 11:48:27:670] <10478> VIRTUAL_CENTERCD:99
INFO	[2012-10-08 11:48:27:670] <10478> VIRTUAL_DEPODT:
INFO	[2012-10-08 11:48:27:670] <10478> ZuminCode:
INFO	[2012-10-08 11:48:27:670] <10478> MallPage:/ko/agspay/AGS_VirAcctResult.php
INFO	[2012-10-08 11:48:27:670] <10478> VIRTUAL_NO:
INFO	[2012-10-08 11:48:27:670] <10478> ES_SENDNO:
INFO	[2012-10-08 11:48:27:670] <10478> ICHE_SOCKETYN:Y
INFO	[2012-10-08 11:48:27:671] <10478> ICHE_POSMTID:
INFO	[2012-10-08 11:48:27:671] <10478> ICHE_FNBCMTID:
INFO	[2012-10-08 11:48:27:671] <10478> ICHE_APTRTS:
INFO	[2012-10-08 11:48:27:671] <10478> ICHE_REMARK1:
INFO	[2012-10-08 11:48:27:671] <10478> ICHE_REMARK2:
INFO	[2012-10-08 11:48:27:671] <10478> ICHE_ECWYN:
INFO	[2012-10-08 11:48:27:671] <10478> ICHE_ECWID:
INFO	[2012-10-08 11:48:27:671] <10478> ICHE_ECWAMT1:
INFO	[2012-10-08 11:48:27:671] <10478> ICHE_ECWAMT2:
INFO	[2012-10-08 11:48:27:671] <10478> ICHE_CASHYN:N
INFO	[2012-10-08 11:48:27:671] <10478> ICHE_CASHGUBUN_CD:
INFO	[2012-10-08 11:48:27:671] <10478> ICHE_CASHID_NO:
INFO	[2012-10-08 11:48:27:671] <10478> ICHEARS_SOCKETYN:Y
INFO	[2012-10-08 11:48:27:671] <10478> ICHEARS_ADMNO:
INFO	[2012-10-08 11:48:27:671] <10478> ICHEARS_POSMTID:
INFO	[2012-10-08 11:48:27:671] <10478> ICHEARS_CENTERCD:
INFO	[2012-10-08 11:48:27:672] <10478> ICHEARS_HPNO:
INFO	[2012-10-08 11:48:27:672] <10478> Make NetCancel ID Start
INFO	[2012-10-08 11:48:27:672] <10478> AEGIS_VISAyulabs79_20121008114827672116
INFO	[2012-10-08 11:48:27:672] <10478> Make NetCancel ID End
INFO	[2012-10-08 11:48:27:672] <10478> Make NetCancelID OK
INFO	[2012-10-08 11:48:27:672] <10478> Make Msg Start
INFO	[2012-10-08 11:48:27:672] <10478> Encrypt Start
INFO	[2012-10-08 11:48:27:672] <10478> Encrypt End
INFO	[2012-10-08 11:48:27:672] <10478> Encrypt Start
INFO	[2012-10-08 11:48:27:672] <10478> Encrypt End
INFO	[2012-10-08 11:48:27:672] <10478> Encrypt Start
INFO	[2012-10-08 11:48:27:672] <10478> Encrypt End
INFO	[2012-10-08 11:48:27:672] <10478> Encrypt Start
INFO	[2012-10-08 11:48:27:672] <10478> Encrypt End
INFO	[2012-10-08 11:48:27:673] <10478> card-visa3d Make MSG OK 
INFO	[2012-10-08 11:48:27:673] <10478> Make Msg End
INFO	[2012-10-08 11:48:27:673] <10478> Make Pay Msg OK
INFO	[2012-10-08 11:48:27:673] <10478> Send & Recv Msg Start
INFO	[2012-10-08 11:48:27:673] <10478> Send Data To PG Start [ 
INFO	[2012-10-08 11:48:27:673] <10478> 0:0003420plug15
INFO	[2012-10-08 11:48:27:673] <10478> 1:yulabs79
INFO	[2012-10-08 11:48:27:673] <10478> 2:16
INFO	[2012-10-08 11:48:27:673] <10478> 3:6000
INFO	[2012-10-08 11:48:27:673] <10478> 4:1000000095
INFO	[2012-10-08 11:48:27:673] <10478> 5:9000400001
INFO	[2012-10-08 11:48:27:673] <10478> 6:3748311563608819
INFO	[2012-10-08 11:48:27:673] <10478> 7:283587
INFO	[2012-10-08 11:48:27:673] <10478> 8:00
INFO	[2012-10-08 11:48:27:673] <10478> 9:N;211.48.34.44;N;;6000;;null;;;
INFO	[2012-10-08 11:48:27:673] <10478> 10:
INFO	[2012-10-08 11:48:27:673] <10478> 11:
INFO	[2012-10-08 11:48:27:673] <10478> 12:박용남
INFO	[2012-10-08 11:48:27:673] <10478> 13:010-2717-8221
INFO	[2012-10-08 11:48:27:673] <10478> 14:서울 서대문구 창천동 122
INFO	[2012-10-08 11:48:27:673] <10478> 15:박용남
INFO	[2012-10-08 11:48:27:673] <10478> 16:211.48.34.44;010-2717-8221
INFO	[2012-10-08 11:48:27:673] <10478> 17:noff@cultstory.com;r
INFO	[2012-10-08 11:48:27:673] <10478> 18:체어맨 2박스
INFO	[2012-10-08 11:48:27:673] <10478> 19:AAABCVdBRSASEAgRSEFFAAAAAAA=
INFO	[2012-10-08 11:48:27:673] <10478> 20:MjAxMjEwMDgxMTQ3NTM0NTcxMDY=
INFO	[2012-10-08 11:48:27:673] <10478> 21:05
INFO	[2012-10-08 11:48:27:673] <10478> 22:noff@cultstory.com
INFO	[2012-10-08 11:48:27:673] <10478> 23:AEGIS_VISAyulabs79_20121008114827672116
INFO	[2012-10-08 11:48:27:673] <10478> 24:
INFO	[2012-10-08 11:48:27:673] <10478> ] Send Data To PG End 
INFO	[2012-10-08 11:48:27:673] <10478> SendMsg : [0003420plug15|yulabs79|16|6000|1000000095|9000400001|3748311563608819|283587|00|N;211.48.34.44;N;;6000;;null;;;|||박용남|010-2717-8221|서울 서대문구 창천동 122|박용남|211.48.34.44;010-2717-8221|noff@cultstory.com;r|체어맨 2박스|AAABCVdBRSASEAgRSEFFAAAAAAA=|MjAxMjEwMDgxMTQ3NTM0NTcxMDY=|05|noff@cultstory.com|AEGIS_VISAyulabs79_20121008114827672116|]
INFO	[2012-10-08 11:48:27:673] <10478> Connect IP:[220.85.12.3] Port:[29760]
INFO	[2012-10-08 11:48:27:679] <10478> Socket Open OK
INFO	[2012-10-08 11:48:29:28] <10478> RecvMsg Length : [000110]
INFO	[2012-10-08 11:48:29:28] <10478> RecvMsg : [yulabs79|0610|1000000095|31924808|000000006000|y|정상승인|신한|20121008114827|0500|18570317|0500|신한|508761|
]
INFO	[2012-10-08 11:48:29:28] <10478> Socket Close OK
INFO	[2012-10-08 11:48:29:28] <10478> RecvMsg Length Check OK
INFO	[2012-10-08 11:48:29:28] <10478> Send & Recv Msg End
INFO	[2012-10-08 11:48:29:28] <10478> Send & Recv Msg OK
INFO	[2012-10-08 11:48:29:29] <10478> Parse Msg Start
INFO	[2012-10-08 11:48:29:29] <10478> card-visa3d RECV MSG Parsing OK 
INFO	[2012-10-08 11:48:29:29] <10478> Parse Msg End
INFO	[2012-10-08 11:48:29:29] <10478> Msg Parsing OK
INFO	[2012-10-08 11:48:29:29] <10478> card Pay Result Value [
INFO	[2012-10-08 11:48:29:29] <10478> NetCancID:AEGIS_VISAyulabs79_20121008114827672116
INFO	[2012-10-08 11:48:29:29] <10478> rStoreId:yulabs79
INFO	[2012-10-08 11:48:29:29] <10478> rBusiCd:0610
INFO	[2012-10-08 11:48:29:29] <10478> rOrdNo:1000000095
INFO	[2012-10-08 11:48:29:29] <10478> rApprNo:31924808
INFO	[2012-10-08 11:48:29:29] <10478> rInstmt:00
INFO	[2012-10-08 11:48:29:29] <10478> rAmt:000000006000
INFO	[2012-10-08 11:48:29:29] <10478> rSuccYn:y
INFO	[2012-10-08 11:48:29:29] <10478> rResMsg:정상승인
INFO	[2012-10-08 11:48:29:29] <10478> rCardNm:신한
INFO	[2012-10-08 11:48:29:30] <10478> rApprTm:20121008114827
INFO	[2012-10-08 11:48:29:30] <10478> rCardCd:0500
INFO	[2012-10-08 11:48:29:30] <10478> rMembNo:18570317
INFO	[2012-10-08 11:48:29:30] <10478> rAquiCd:0500
INFO	[2012-10-08 11:48:29:30] <10478> rAquiNm:신한
INFO	[2012-10-08 11:48:29:30] <10478> rDealNo:508761
INFO	[2012-10-08 11:48:29:30] <10478> rProdNm:체어맨 2박스
INFO	[2012-10-08 11:48:29:30] <10478> ]
INFO	[2012-10-08 11:48:29:30] <10478> END  정상승인 Transaction time:[1.364sec]
INFO	[2012-10-08 11:48:29:30] <10478> ===============================================================
