INFO	[2012-08-30 16:20:34:238] <20171> ===============================================================
INFO	[2012-08-30 16:20:34:239] <20171> START AgsPay40 php (OS:Darwin12.0.0,PHP:5.2.17)
INFO	[2012-08-30 16:20:34:239] <20171>  Pay Start!
INFO	[2012-08-30 16:20:34:239] <20171> AgsPayHome:/Applications/MAMP/htdocs/ko/agspay/
INFO	[2012-08-30 16:20:34:239] <20171> StoreId:
INFO	[2012-08-30 16:20:34:239] <20171> log:true
INFO	[2012-08-30 16:20:34:239] <20171> logLevel:INFO
INFO	[2012-08-30 16:20:34:239] <20171> UseNetCancel:true
INFO	[2012-08-30 16:20:34:239] <20171> Type:Pay
INFO	[2012-08-30 16:20:34:239] <20171> RecvLen:7
INFO	[2012-08-30 16:20:34:239] <20171> AuthTy:
INFO	[2012-08-30 16:20:34:240] <20171> SubTy:
INFO	[2012-08-30 16:20:34:240] <20171> OrdNo:
INFO	[2012-08-30 16:20:34:240] <20171> Amt:
INFO	[2012-08-30 16:20:34:240] <20171> UserEmail:
INFO	[2012-08-30 16:20:34:240] <20171> ProdNm:
INFO	[2012-08-30 16:20:34:240] <20171> MallUrl:
INFO	[2012-08-30 16:20:34:240] <20171> UserId:
INFO	[2012-08-30 16:20:34:240] <20171> OrdNm:
INFO	[2012-08-30 16:20:34:240] <20171> OrdPhone:
INFO	[2012-08-30 16:20:34:240] <20171> OrdAddr:
INFO	[2012-08-30 16:20:34:240] <20171> RcpNm:
INFO	[2012-08-30 16:20:34:240] <20171> RcpPhone:
INFO	[2012-08-30 16:20:34:241] <20171> DlvAddr:
INFO	[2012-08-30 16:20:34:241] <20171> Remark:
INFO	[2012-08-30 16:20:34:241] <20171> DeviId:
INFO	[2012-08-30 16:20:34:241] <20171> AuthYn:
INFO	[2012-08-30 16:20:34:241] <20171> Instmt:
INFO	[2012-08-30 16:20:34:241] <20171> UserIp:192.168.0.1
INFO	[2012-08-30 16:20:34:241] <20171> partial_mm:
INFO	[2012-08-30 16:20:34:241] <20171> noIntMonth:
INFO	[2012-08-30 16:20:34:241] <20171> KVP_CURRENCY:
INFO	[2012-08-30 16:20:34:241] <20171> KVP_CARDCODE:
INFO	[2012-08-30 16:20:34:241] <20171> KVP_SESSIONKEY:
INFO	[2012-08-30 16:20:34:242] <20171> KVP_ENCDATA:
INFO	[2012-08-30 16:20:34:242] <20171> KVP_CONAME:
INFO	[2012-08-30 16:20:34:242] <20171> KVP_NOINT:
INFO	[2012-08-30 16:20:34:242] <20171> KVP_QUOTA:
INFO	[2012-08-30 16:20:34:242] <20171> CardNo:
INFO	[2012-08-30 16:20:34:242] <20171> MPI_CAVV:
INFO	[2012-08-30 16:20:34:242] <20171> MPI_ECI:
INFO	[2012-08-30 16:20:34:242] <20171> MPI_MD64:
INFO	[2012-08-30 16:20:34:243] <20171> ExpMon:
INFO	[2012-08-30 16:20:34:243] <20171> ExpYear:
INFO	[2012-08-30 16:20:34:243] <20171> Passwd:
INFO	[2012-08-30 16:20:34:243] <20171> SocId:
INFO	[2012-08-30 16:20:34:243] <20171> ICHE_OUTBANKNAME:
INFO	[2012-08-30 16:20:34:243] <20171> ICHE_OUTACCTNO:
INFO	[2012-08-30 16:20:34:243] <20171> ICHE_OUTBANKMASTER:
INFO	[2012-08-30 16:20:34:243] <20171> ICHE_AMOUNT:
INFO	[2012-08-30 16:20:34:243] <20171> HP_SERVERINFO:
INFO	[2012-08-30 16:20:34:243] <20171> HP_HANDPHONE:
INFO	[2012-08-30 16:20:34:244] <20171> HP_COMPANY:
INFO	[2012-08-30 16:20:34:244] <20171> HP_ID:
INFO	[2012-08-30 16:20:34:244] <20171> HP_SUBID:
INFO	[2012-08-30 16:20:34:244] <20171> HP_UNITType:
INFO	[2012-08-30 16:20:34:244] <20171> HP_IDEN:
INFO	[2012-08-30 16:20:34:244] <20171> HP_IPADDR:
INFO	[2012-08-30 16:20:34:244] <20171> ARS_NAME:
INFO	[2012-08-30 16:20:34:244] <20171> ARS_PHONE:
INFO	[2012-08-30 16:20:34:244] <20171> VIRTUAL_CENTERCD:
INFO	[2012-08-30 16:20:34:244] <20171> VIRTUAL_DEPODT:
INFO	[2012-08-30 16:20:34:244] <20171> ZuminCode:
INFO	[2012-08-30 16:20:34:245] <20171> MallPage:
INFO	[2012-08-30 16:20:34:245] <20171> VIRTUAL_NO:
INFO	[2012-08-30 16:20:34:245] <20171> ES_SENDNO:
INFO	[2012-08-30 16:20:34:245] <20171> ICHE_SOCKETYN:
INFO	[2012-08-30 16:20:34:245] <20171> ICHE_POSMTID:
INFO	[2012-08-30 16:20:34:245] <20171> ICHE_FNBCMTID:
INFO	[2012-08-30 16:20:34:245] <20171> ICHE_APTRTS:
INFO	[2012-08-30 16:20:34:245] <20171> ICHE_REMARK1:
INFO	[2012-08-30 16:20:34:245] <20171> ICHE_REMARK2:
INFO	[2012-08-30 16:20:34:245] <20171> ICHE_ECWYN:
INFO	[2012-08-30 16:20:34:246] <20171> ICHE_ECWID:
INFO	[2012-08-30 16:20:34:246] <20171> ICHE_ECWAMT1:
INFO	[2012-08-30 16:20:34:246] <20171> ICHE_ECWAMT2:
INFO	[2012-08-30 16:20:34:246] <20171> ICHE_CASHYN:
INFO	[2012-08-30 16:20:34:246] <20171> ICHE_CASHGUBUN_CD:
INFO	[2012-08-30 16:20:34:246] <20171> ICHE_CASHID_NO:
INFO	[2012-08-30 16:20:34:246] <20171> ICHEARS_SOCKETYN:
INFO	[2012-08-30 16:20:34:246] <20171> ICHEARS_ADMNO:
INFO	[2012-08-30 16:20:34:246] <20171> ICHEARS_POSMTID:
INFO	[2012-08-30 16:20:34:246] <20171> ICHEARS_CENTERCD:
INFO	[2012-08-30 16:20:34:246] <20171> ICHEARS_HPNO:
INFO	[2012-08-30 16:20:34:246] <20171>  Pay Result Value [
INFO	[2012-08-30 16:20:34:247] <20171> rSuccYn:n
INFO	[2012-08-30 16:20:34:247] <20171> rResMsg:상점아이디 입력여부 확인요망 <br>주문번호 입력여부 확인요망 <br>상품명 입력여부 확인요망 <br>금액 입력여부 확인요망 <br>단말기아이디 입력여부 확인요망 <br>인증여부 입력여부 확인요망 <br>
INFO	[2012-08-30 16:20:34:247] <20171> ]
INFO	[2012-08-30 16:20:34:247] <20171> END  상점아이디 입력여부 확인요망 <br>주문번호 입력여부 확인요망 <br>상품명 입력여부 확인요망 <br>금액 입력여부 확인요망 <br>단말기아이디 입력여부 확인요망 <br>인증여부 입력여부 확인요망 <br> Transaction time:[0.01sec]
INFO	[2012-08-30 16:20:34:247] <20171> ===============================================================
INFO	[2012-08-30 16:20:34:892] <20171> ===============================================================
INFO	[2012-08-30 16:20:34:892] <20171> START AgsPay40 php (OS:Darwin12.0.0,PHP:5.2.17)
INFO	[2012-08-30 16:20:34:892] <20171>  Pay Start!
INFO	[2012-08-30 16:20:34:892] <20171> AgsPayHome:/Applications/MAMP/htdocs/ko/agspay/
INFO	[2012-08-30 16:20:34:892] <20171> StoreId:
INFO	[2012-08-30 16:20:34:892] <20171> log:true
INFO	[2012-08-30 16:20:34:892] <20171> logLevel:INFO
INFO	[2012-08-30 16:20:34:892] <20171> UseNetCancel:true
INFO	[2012-08-30 16:20:34:893] <20171> Type:Pay
INFO	[2012-08-30 16:20:34:893] <20171> RecvLen:7
INFO	[2012-08-30 16:20:34:893] <20171> AuthTy:
INFO	[2012-08-30 16:20:34:893] <20171> SubTy:
INFO	[2012-08-30 16:20:34:893] <20171> OrdNo:
INFO	[2012-08-30 16:20:34:893] <20171> Amt:
INFO	[2012-08-30 16:20:34:893] <20171> UserEmail:
INFO	[2012-08-30 16:20:34:893] <20171> ProdNm:
INFO	[2012-08-30 16:20:34:893] <20171> MallUrl:
INFO	[2012-08-30 16:20:34:893] <20171> UserId:
INFO	[2012-08-30 16:20:34:894] <20171> OrdNm:
INFO	[2012-08-30 16:20:34:894] <20171> OrdPhone:
INFO	[2012-08-30 16:20:34:894] <20171> OrdAddr:
INFO	[2012-08-30 16:20:34:894] <20171> RcpNm:
INFO	[2012-08-30 16:20:34:894] <20171> RcpPhone:
INFO	[2012-08-30 16:20:34:894] <20171> DlvAddr:
INFO	[2012-08-30 16:20:34:894] <20171> Remark:
INFO	[2012-08-30 16:20:34:894] <20171> DeviId:
INFO	[2012-08-30 16:20:34:894] <20171> AuthYn:
INFO	[2012-08-30 16:20:34:894] <20171> Instmt:
INFO	[2012-08-30 16:20:34:894] <20171> UserIp:192.168.0.1
INFO	[2012-08-30 16:20:34:895] <20171> partial_mm:
INFO	[2012-08-30 16:20:34:895] <20171> noIntMonth:
INFO	[2012-08-30 16:20:34:895] <20171> KVP_CURRENCY:
INFO	[2012-08-30 16:20:34:895] <20171> KVP_CARDCODE:
INFO	[2012-08-30 16:20:34:895] <20171> KVP_SESSIONKEY:
INFO	[2012-08-30 16:20:34:895] <20171> KVP_ENCDATA:
INFO	[2012-08-30 16:20:34:895] <20171> KVP_CONAME:
INFO	[2012-08-30 16:20:34:895] <20171> KVP_NOINT:
INFO	[2012-08-30 16:20:34:895] <20171> KVP_QUOTA:
INFO	[2012-08-30 16:20:34:895] <20171> CardNo:
INFO	[2012-08-30 16:20:34:896] <20171> MPI_CAVV:
INFO	[2012-08-30 16:20:34:896] <20171> MPI_ECI:
INFO	[2012-08-30 16:20:34:896] <20171> MPI_MD64:
INFO	[2012-08-30 16:20:34:896] <20171> ExpMon:
INFO	[2012-08-30 16:20:34:896] <20171> ExpYear:
INFO	[2012-08-30 16:20:34:896] <20171> Passwd:
INFO	[2012-08-30 16:20:34:896] <20171> SocId:
INFO	[2012-08-30 16:20:34:896] <20171> ICHE_OUTBANKNAME:
INFO	[2012-08-30 16:20:34:896] <20171> ICHE_OUTACCTNO:
INFO	[2012-08-30 16:20:34:896] <20171> ICHE_OUTBANKMASTER:
INFO	[2012-08-30 16:20:34:896] <20171> ICHE_AMOUNT:
INFO	[2012-08-30 16:20:34:897] <20171> HP_SERVERINFO:
INFO	[2012-08-30 16:20:34:897] <20171> HP_HANDPHONE:
INFO	[2012-08-30 16:20:34:897] <20171> HP_COMPANY:
INFO	[2012-08-30 16:20:34:897] <20171> HP_ID:
INFO	[2012-08-30 16:20:34:897] <20171> HP_SUBID:
INFO	[2012-08-30 16:20:34:897] <20171> HP_UNITType:
INFO	[2012-08-30 16:20:34:897] <20171> HP_IDEN:
INFO	[2012-08-30 16:20:34:897] <20171> HP_IPADDR:
INFO	[2012-08-30 16:20:34:897] <20171> ARS_NAME:
INFO	[2012-08-30 16:20:34:897] <20171> ARS_PHONE:
INFO	[2012-08-30 16:20:34:898] <20171> VIRTUAL_CENTERCD:
INFO	[2012-08-30 16:20:34:898] <20171> VIRTUAL_DEPODT:
INFO	[2012-08-30 16:20:34:898] <20171> ZuminCode:
INFO	[2012-08-30 16:20:34:898] <20171> MallPage:
INFO	[2012-08-30 16:20:34:898] <20171> VIRTUAL_NO:
INFO	[2012-08-30 16:20:34:898] <20171> ES_SENDNO:
INFO	[2012-08-30 16:20:34:898] <20171> ICHE_SOCKETYN:
INFO	[2012-08-30 16:20:34:898] <20171> ICHE_POSMTID:
INFO	[2012-08-30 16:20:34:898] <20171> ICHE_FNBCMTID:
INFO	[2012-08-30 16:20:34:898] <20171> ICHE_APTRTS:
INFO	[2012-08-30 16:20:34:898] <20171> ICHE_REMARK1:
INFO	[2012-08-30 16:20:34:899] <20171> ICHE_REMARK2:
INFO	[2012-08-30 16:20:34:899] <20171> ICHE_ECWYN:
INFO	[2012-08-30 16:20:34:899] <20171> ICHE_ECWID:
INFO	[2012-08-30 16:20:34:899] <20171> ICHE_ECWAMT1:
INFO	[2012-08-30 16:20:34:899] <20171> ICHE_ECWAMT2:
INFO	[2012-08-30 16:20:34:899] <20171> ICHE_CASHYN:
INFO	[2012-08-30 16:20:34:899] <20171> ICHE_CASHGUBUN_CD:
INFO	[2012-08-30 16:20:34:899] <20171> ICHE_CASHID_NO:
INFO	[2012-08-30 16:20:34:899] <20171> ICHEARS_SOCKETYN:
INFO	[2012-08-30 16:20:34:899] <20171> ICHEARS_ADMNO:
INFO	[2012-08-30 16:20:34:899] <20171> ICHEARS_POSMTID:
INFO	[2012-08-30 16:20:34:900] <20171> ICHEARS_CENTERCD:
INFO	[2012-08-30 16:20:34:900] <20171> ICHEARS_HPNO:
INFO	[2012-08-30 16:20:34:900] <20171>  Pay Result Value [
INFO	[2012-08-30 16:20:34:900] <20171> rSuccYn:n
INFO	[2012-08-30 16:20:34:900] <20171> rResMsg:상점아이디 입력여부 확인요망 <br>주문번호 입력여부 확인요망 <br>상품명 입력여부 확인요망 <br>금액 입력여부 확인요망 <br>단말기아이디 입력여부 확인요망 <br>인증여부 입력여부 확인요망 <br>
INFO	[2012-08-30 16:20:34:900] <20171> ]
INFO	[2012-08-30 16:20:34:900] <20171> END  상점아이디 입력여부 확인요망 <br>주문번호 입력여부 확인요망 <br>상품명 입력여부 확인요망 <br>금액 입력여부 확인요망 <br>단말기아이디 입력여부 확인요망 <br>인증여부 입력여부 확인요망 <br> Transaction time:[0.01sec]
INFO	[2012-08-30 16:20:34:900] <20171> ===============================================================
INFO	[2012-08-30 16:20:57:985] <19792> ===============================================================
INFO	[2012-08-30 16:20:57:986] <19792> START AgsPay40 php (OS:Darwin12.0.0,PHP:5.2.17)
INFO	[2012-08-30 16:20:57:986] <19792>  Pay Start!
INFO	[2012-08-30 16:20:57:986] <19792> AgsPayHome:/Applications/MAMP/htdocs/ko/agspay/
INFO	[2012-08-30 16:20:57:986] <19792> StoreId:
INFO	[2012-08-30 16:20:57:986] <19792> log:true
INFO	[2012-08-30 16:20:57:986] <19792> logLevel:INFO
INFO	[2012-08-30 16:20:57:986] <19792> UseNetCancel:true
INFO	[2012-08-30 16:20:57:986] <19792> Type:Pay
INFO	[2012-08-30 16:20:57:986] <19792> RecvLen:7
INFO	[2012-08-30 16:20:57:986] <19792> AuthTy:
INFO	[2012-08-30 16:20:57:987] <19792> SubTy:
INFO	[2012-08-30 16:20:57:987] <19792> OrdNo:
INFO	[2012-08-30 16:20:57:987] <19792> Amt:
INFO	[2012-08-30 16:20:57:987] <19792> UserEmail:
INFO	[2012-08-30 16:20:57:987] <19792> ProdNm:
INFO	[2012-08-30 16:20:57:987] <19792> MallUrl:
INFO	[2012-08-30 16:20:57:987] <19792> UserId:
INFO	[2012-08-30 16:20:57:987] <19792> OrdNm:
INFO	[2012-08-30 16:20:57:987] <19792> OrdPhone:
INFO	[2012-08-30 16:20:57:987] <19792> OrdAddr:
INFO	[2012-08-30 16:20:57:987] <19792> RcpNm:
INFO	[2012-08-30 16:20:57:987] <19792> RcpPhone:
INFO	[2012-08-30 16:20:57:988] <19792> DlvAddr:
INFO	[2012-08-30 16:20:57:988] <19792> Remark:
INFO	[2012-08-30 16:20:57:988] <19792> DeviId:
INFO	[2012-08-30 16:20:57:988] <19792> AuthYn:
INFO	[2012-08-30 16:20:57:988] <19792> Instmt:
INFO	[2012-08-30 16:20:57:988] <19792> UserIp:192.168.0.1
INFO	[2012-08-30 16:20:57:988] <19792> partial_mm:
INFO	[2012-08-30 16:20:57:988] <19792> noIntMonth:
INFO	[2012-08-30 16:20:57:988] <19792> KVP_CURRENCY:
INFO	[2012-08-30 16:20:57:988] <19792> KVP_CARDCODE:
INFO	[2012-08-30 16:20:57:988] <19792> KVP_SESSIONKEY:
INFO	[2012-08-30 16:20:57:989] <19792> KVP_ENCDATA:
INFO	[2012-08-30 16:20:57:989] <19792> KVP_CONAME:
INFO	[2012-08-30 16:20:57:989] <19792> KVP_NOINT:
INFO	[2012-08-30 16:20:57:989] <19792> KVP_QUOTA:
INFO	[2012-08-30 16:20:57:989] <19792> CardNo:
INFO	[2012-08-30 16:20:57:989] <19792> MPI_CAVV:
INFO	[2012-08-30 16:20:57:989] <19792> MPI_ECI:
INFO	[2012-08-30 16:20:57:989] <19792> MPI_MD64:
INFO	[2012-08-30 16:20:57:989] <19792> ExpMon:
INFO	[2012-08-30 16:20:57:989] <19792> ExpYear:
INFO	[2012-08-30 16:20:57:989] <19792> Passwd:
INFO	[2012-08-30 16:20:57:990] <19792> SocId:
INFO	[2012-08-30 16:20:57:990] <19792> ICHE_OUTBANKNAME:
INFO	[2012-08-30 16:20:57:990] <19792> ICHE_OUTACCTNO:
INFO	[2012-08-30 16:20:57:990] <19792> ICHE_OUTBANKMASTER:
INFO	[2012-08-30 16:20:57:990] <19792> ICHE_AMOUNT:
INFO	[2012-08-30 16:20:57:990] <19792> HP_SERVERINFO:
INFO	[2012-08-30 16:20:57:990] <19792> HP_HANDPHONE:
INFO	[2012-08-30 16:20:57:990] <19792> HP_COMPANY:
INFO	[2012-08-30 16:20:57:990] <19792> HP_ID:
INFO	[2012-08-30 16:20:57:990] <19792> HP_SUBID:
INFO	[2012-08-30 16:20:57:991] <19792> HP_UNITType:
INFO	[2012-08-30 16:20:57:991] <19792> HP_IDEN:
INFO	[2012-08-30 16:20:57:991] <19792> HP_IPADDR:
INFO	[2012-08-30 16:20:57:991] <19792> ARS_NAME:
INFO	[2012-08-30 16:20:57:991] <19792> ARS_PHONE:
INFO	[2012-08-30 16:20:57:991] <19792> VIRTUAL_CENTERCD:
INFO	[2012-08-30 16:20:57:991] <19792> VIRTUAL_DEPODT:
INFO	[2012-08-30 16:20:57:991] <19792> ZuminCode:
INFO	[2012-08-30 16:20:57:991] <19792> MallPage:
INFO	[2012-08-30 16:20:57:991] <19792> VIRTUAL_NO:
INFO	[2012-08-30 16:20:57:991] <19792> ES_SENDNO:
INFO	[2012-08-30 16:20:57:992] <19792> ICHE_SOCKETYN:
INFO	[2012-08-30 16:20:57:992] <19792> ICHE_POSMTID:
INFO	[2012-08-30 16:20:57:992] <19792> ICHE_FNBCMTID:
INFO	[2012-08-30 16:20:57:992] <19792> ICHE_APTRTS:
INFO	[2012-08-30 16:20:57:992] <19792> ICHE_REMARK1:
INFO	[2012-08-30 16:20:57:992] <19792> ICHE_REMARK2:
INFO	[2012-08-30 16:20:57:992] <19792> ICHE_ECWYN:
INFO	[2012-08-30 16:20:57:992] <19792> ICHE_ECWID:
INFO	[2012-08-30 16:20:57:992] <19792> ICHE_ECWAMT1:
INFO	[2012-08-30 16:20:57:992] <19792> ICHE_ECWAMT2:
INFO	[2012-08-30 16:20:57:992] <19792> ICHE_CASHYN:
INFO	[2012-08-30 16:20:57:993] <19792> ICHE_CASHGUBUN_CD:
INFO	[2012-08-30 16:20:57:993] <19792> ICHE_CASHID_NO:
INFO	[2012-08-30 16:20:57:993] <19792> ICHEARS_SOCKETYN:
INFO	[2012-08-30 16:20:57:993] <19792> ICHEARS_ADMNO:
INFO	[2012-08-30 16:20:57:993] <19792> ICHEARS_POSMTID:
INFO	[2012-08-30 16:20:57:993] <19792> ICHEARS_CENTERCD:
INFO	[2012-08-30 16:20:57:993] <19792> ICHEARS_HPNO:
INFO	[2012-08-30 16:20:57:993] <19792>  Pay Result Value [
INFO	[2012-08-30 16:20:57:993] <19792> rSuccYn:n
INFO	[2012-08-30 16:20:57:993] <19792> rResMsg:상점아이디 입력여부 확인요망 <br>주문번호 입력여부 확인요망 <br>상품명 입력여부 확인요망 <br>금액 입력여부 확인요망 <br>단말기아이디 입력여부 확인요망 <br>인증여부 입력여부 확인요망 <br>
INFO	[2012-08-30 16:20:57:993] <19792> ]
INFO	[2012-08-30 16:20:57:994] <19792> END  상점아이디 입력여부 확인요망 <br>주문번호 입력여부 확인요망 <br>상품명 입력여부 확인요망 <br>금액 입력여부 확인요망 <br>단말기아이디 입력여부 확인요망 <br>인증여부 입력여부 확인요망 <br> Transaction time:[0sec]
INFO	[2012-08-30 16:20:57:994] <19792> ===============================================================
INFO	[2012-08-30 16:21:37:169] <18840> ===============================================================
INFO	[2012-08-30 16:21:37:169] <18840> START AgsPay40 php (OS:Darwin12.0.0,PHP:5.2.17)
INFO	[2012-08-30 16:21:37:169] <18840>  Pay Start!
INFO	[2012-08-30 16:21:37:170] <18840> AgsPayHome:/Applications/MAMP/htdocs/ko/agspay/
INFO	[2012-08-30 16:21:37:170] <18840> StoreId:
INFO	[2012-08-30 16:21:37:170] <18840> log:true
INFO	[2012-08-30 16:21:37:170] <18840> logLevel:INFO
INFO	[2012-08-30 16:21:37:170] <18840> UseNetCancel:true
INFO	[2012-08-30 16:21:37:170] <18840> Type:Pay
INFO	[2012-08-30 16:21:37:170] <18840> RecvLen:7
INFO	[2012-08-30 16:21:37:170] <18840> AuthTy:
INFO	[2012-08-30 16:21:37:170] <18840> SubTy:
INFO	[2012-08-30 16:21:37:170] <18840> OrdNo:
INFO	[2012-08-30 16:21:37:170] <18840> Amt:
INFO	[2012-08-30 16:21:37:171] <18840> UserEmail:
INFO	[2012-08-30 16:21:37:171] <18840> ProdNm:
INFO	[2012-08-30 16:21:37:171] <18840> MallUrl:
INFO	[2012-08-30 16:21:37:171] <18840> UserId:
INFO	[2012-08-30 16:21:37:171] <18840> OrdNm:
INFO	[2012-08-30 16:21:37:171] <18840> OrdPhone:
INFO	[2012-08-30 16:21:37:171] <18840> OrdAddr:
INFO	[2012-08-30 16:21:37:171] <18840> RcpNm:
INFO	[2012-08-30 16:21:37:171] <18840> RcpPhone:
INFO	[2012-08-30 16:21:37:171] <18840> DlvAddr:
INFO	[2012-08-30 16:21:37:171] <18840> Remark:
INFO	[2012-08-30 16:21:37:172] <18840> DeviId:
INFO	[2012-08-30 16:21:37:172] <18840> AuthYn:
INFO	[2012-08-30 16:21:37:172] <18840> Instmt:
INFO	[2012-08-30 16:21:37:172] <18840> UserIp:192.168.0.1
INFO	[2012-08-30 16:21:37:172] <18840> partial_mm:
INFO	[2012-08-30 16:21:37:172] <18840> noIntMonth:
INFO	[2012-08-30 16:21:37:172] <18840> KVP_CURRENCY:
INFO	[2012-08-30 16:21:37:172] <18840> KVP_CARDCODE:
INFO	[2012-08-30 16:21:37:172] <18840> KVP_SESSIONKEY:
INFO	[2012-08-30 16:21:37:172] <18840> KVP_ENCDATA:
INFO	[2012-08-30 16:21:37:172] <18840> KVP_CONAME:
INFO	[2012-08-30 16:21:37:172] <18840> KVP_NOINT:
INFO	[2012-08-30 16:21:37:173] <18840> KVP_QUOTA:
INFO	[2012-08-30 16:21:37:173] <18840> CardNo:
INFO	[2012-08-30 16:21:37:173] <18840> MPI_CAVV:
INFO	[2012-08-30 16:21:37:173] <18840> MPI_ECI:
INFO	[2012-08-30 16:21:37:173] <18840> MPI_MD64:
INFO	[2012-08-30 16:21:37:173] <18840> ExpMon:
INFO	[2012-08-30 16:21:37:173] <18840> ExpYear:
INFO	[2012-08-30 16:21:37:173] <18840> Passwd:
INFO	[2012-08-30 16:21:37:173] <18840> SocId:
INFO	[2012-08-30 16:21:37:173] <18840> ICHE_OUTBANKNAME:
INFO	[2012-08-30 16:21:37:173] <18840> ICHE_OUTACCTNO:
INFO	[2012-08-30 16:21:37:174] <18840> ICHE_OUTBANKMASTER:
INFO	[2012-08-30 16:21:37:174] <18840> ICHE_AMOUNT:
INFO	[2012-08-30 16:21:37:174] <18840> HP_SERVERINFO:
INFO	[2012-08-30 16:21:37:174] <18840> HP_HANDPHONE:
INFO	[2012-08-30 16:21:37:174] <18840> HP_COMPANY:
INFO	[2012-08-30 16:21:37:174] <18840> HP_ID:
INFO	[2012-08-30 16:21:37:175] <18840> HP_SUBID:
INFO	[2012-08-30 16:21:37:175] <18840> HP_UNITType:
INFO	[2012-08-30 16:21:37:175] <18840> HP_IDEN:
INFO	[2012-08-30 16:21:37:175] <18840> HP_IPADDR:
INFO	[2012-08-30 16:21:37:175] <18840> ARS_NAME:
INFO	[2012-08-30 16:21:37:175] <18840> ARS_PHONE:
INFO	[2012-08-30 16:21:37:175] <18840> VIRTUAL_CENTERCD:
INFO	[2012-08-30 16:21:37:175] <18840> VIRTUAL_DEPODT:
INFO	[2012-08-30 16:21:37:175] <18840> ZuminCode:
INFO	[2012-08-30 16:21:37:175] <18840> MallPage:
INFO	[2012-08-30 16:21:37:176] <18840> VIRTUAL_NO:
INFO	[2012-08-30 16:21:37:176] <18840> ES_SENDNO:
INFO	[2012-08-30 16:21:37:176] <18840> ICHE_SOCKETYN:
INFO	[2012-08-30 16:21:37:176] <18840> ICHE_POSMTID:
INFO	[2012-08-30 16:21:37:176] <18840> ICHE_FNBCMTID:
INFO	[2012-08-30 16:21:37:176] <18840> ICHE_APTRTS:
INFO	[2012-08-30 16:21:37:176] <18840> ICHE_REMARK1:
INFO	[2012-08-30 16:21:37:176] <18840> ICHE_REMARK2:
INFO	[2012-08-30 16:21:37:176] <18840> ICHE_ECWYN:
INFO	[2012-08-30 16:21:37:176] <18840> ICHE_ECWID:
INFO	[2012-08-30 16:21:37:176] <18840> ICHE_ECWAMT1:
INFO	[2012-08-30 16:21:37:177] <18840> ICHE_ECWAMT2:
INFO	[2012-08-30 16:21:37:177] <18840> ICHE_CASHYN:
INFO	[2012-08-30 16:21:37:177] <18840> ICHE_CASHGUBUN_CD:
INFO	[2012-08-30 16:21:37:177] <18840> ICHE_CASHID_NO:
INFO	[2012-08-30 16:21:37:177] <18840> ICHEARS_SOCKETYN:
INFO	[2012-08-30 16:21:37:177] <18840> ICHEARS_ADMNO:
INFO	[2012-08-30 16:21:37:177] <18840> ICHEARS_POSMTID:
INFO	[2012-08-30 16:21:37:177] <18840> ICHEARS_CENTERCD:
INFO	[2012-08-30 16:21:37:177] <18840> ICHEARS_HPNO:
INFO	[2012-08-30 16:21:37:177] <18840>  Pay Result Value [
INFO	[2012-08-30 16:21:37:177] <18840> rSuccYn:n
INFO	[2012-08-30 16:21:37:178] <18840> rResMsg:상점아이디 입력여부 확인요망 <br>주문번호 입력여부 확인요망 <br>상품명 입력여부 확인요망 <br>금액 입력여부 확인요망 <br>단말기아이디 입력여부 확인요망 <br>인증여부 입력여부 확인요망 <br>
INFO	[2012-08-30 16:21:37:178] <18840> ]
INFO	[2012-08-30 16:21:37:178] <18840> END  상점아이디 입력여부 확인요망 <br>주문번호 입력여부 확인요망 <br>상품명 입력여부 확인요망 <br>금액 입력여부 확인요망 <br>단말기아이디 입력여부 확인요망 <br>인증여부 입력여부 확인요망 <br> Transaction time:[0.01sec]
INFO	[2012-08-30 16:21:37:178] <18840> ===============================================================
INFO	[2012-08-30 16:22:17:460] <19609> ===============================================================
INFO	[2012-08-30 16:22:17:460] <19609> START AgsPay40 php (OS:Darwin12.0.0,PHP:5.2.17)
INFO	[2012-08-30 16:22:17:460] <19609>  Pay Start!
INFO	[2012-08-30 16:22:17:460] <19609> AgsPayHome:/Applications/MAMP/htdocs/ko/agspay/
INFO	[2012-08-30 16:22:17:461] <19609> StoreId:
INFO	[2012-08-30 16:22:17:461] <19609> log:true
INFO	[2012-08-30 16:22:17:461] <19609> logLevel:INFO
INFO	[2012-08-30 16:22:17:461] <19609> UseNetCancel:true
INFO	[2012-08-30 16:22:17:461] <19609> Type:Pay
INFO	[2012-08-30 16:22:17:461] <19609> RecvLen:7
INFO	[2012-08-30 16:22:17:461] <19609> AuthTy:
INFO	[2012-08-30 16:22:17:461] <19609> SubTy:
INFO	[2012-08-30 16:22:17:461] <19609> OrdNo:
INFO	[2012-08-30 16:22:17:461] <19609> Amt:
INFO	[2012-08-30 16:22:17:461] <19609> UserEmail:
INFO	[2012-08-30 16:22:17:462] <19609> ProdNm:
INFO	[2012-08-30 16:22:17:462] <19609> MallUrl:
INFO	[2012-08-30 16:22:17:462] <19609> UserId:
INFO	[2012-08-30 16:22:17:462] <19609> OrdNm:
INFO	[2012-08-30 16:22:17:462] <19609> OrdPhone:
INFO	[2012-08-30 16:22:17:462] <19609> OrdAddr:
INFO	[2012-08-30 16:22:17:462] <19609> RcpNm:
INFO	[2012-08-30 16:22:17:462] <19609> RcpPhone:
INFO	[2012-08-30 16:22:17:462] <19609> DlvAddr:
INFO	[2012-08-30 16:22:17:462] <19609> Remark:
INFO	[2012-08-30 16:22:17:462] <19609> DeviId:
INFO	[2012-08-30 16:22:17:463] <19609> AuthYn:
INFO	[2012-08-30 16:22:17:463] <19609> Instmt:
INFO	[2012-08-30 16:22:17:463] <19609> UserIp:192.168.0.1
INFO	[2012-08-30 16:22:17:463] <19609> partial_mm:
INFO	[2012-08-30 16:22:17:463] <19609> noIntMonth:
INFO	[2012-08-30 16:22:17:463] <19609> KVP_CURRENCY:
INFO	[2012-08-30 16:22:17:463] <19609> KVP_CARDCODE:
INFO	[2012-08-30 16:22:17:463] <19609> KVP_SESSIONKEY:
INFO	[2012-08-30 16:22:17:463] <19609> KVP_ENCDATA:
INFO	[2012-08-30 16:22:17:463] <19609> KVP_CONAME:
INFO	[2012-08-30 16:22:17:463] <19609> KVP_NOINT:
INFO	[2012-08-30 16:22:17:463] <19609> KVP_QUOTA:
INFO	[2012-08-30 16:22:17:464] <19609> CardNo:
INFO	[2012-08-30 16:22:17:464] <19609> MPI_CAVV:
INFO	[2012-08-30 16:22:17:464] <19609> MPI_ECI:
INFO	[2012-08-30 16:22:17:464] <19609> MPI_MD64:
INFO	[2012-08-30 16:22:17:464] <19609> ExpMon:
INFO	[2012-08-30 16:22:17:464] <19609> ExpYear:
INFO	[2012-08-30 16:22:17:464] <19609> Passwd:
INFO	[2012-08-30 16:22:17:464] <19609> SocId:
INFO	[2012-08-30 16:22:17:464] <19609> ICHE_OUTBANKNAME:
INFO	[2012-08-30 16:22:17:464] <19609> ICHE_OUTACCTNO:
INFO	[2012-08-30 16:22:17:464] <19609> ICHE_OUTBANKMASTER:
INFO	[2012-08-30 16:22:17:465] <19609> ICHE_AMOUNT:
INFO	[2012-08-30 16:22:17:465] <19609> HP_SERVERINFO:
INFO	[2012-08-30 16:22:17:465] <19609> HP_HANDPHONE:
INFO	[2012-08-30 16:22:17:465] <19609> HP_COMPANY:
INFO	[2012-08-30 16:22:17:465] <19609> HP_ID:
INFO	[2012-08-30 16:22:17:465] <19609> HP_SUBID:
INFO	[2012-08-30 16:22:17:465] <19609> HP_UNITType:
INFO	[2012-08-30 16:22:17:465] <19609> HP_IDEN:
INFO	[2012-08-30 16:22:17:465] <19609> HP_IPADDR:
INFO	[2012-08-30 16:22:17:465] <19609> ARS_NAME:
INFO	[2012-08-30 16:22:17:465] <19609> ARS_PHONE:
INFO	[2012-08-30 16:22:17:466] <19609> VIRTUAL_CENTERCD:
INFO	[2012-08-30 16:22:17:466] <19609> VIRTUAL_DEPODT:
INFO	[2012-08-30 16:22:17:466] <19609> ZuminCode:
INFO	[2012-08-30 16:22:17:466] <19609> MallPage:
INFO	[2012-08-30 16:22:17:466] <19609> VIRTUAL_NO:
INFO	[2012-08-30 16:22:17:466] <19609> ES_SENDNO:
INFO	[2012-08-30 16:22:17:466] <19609> ICHE_SOCKETYN:
INFO	[2012-08-30 16:22:17:466] <19609> ICHE_POSMTID:
INFO	[2012-08-30 16:22:17:466] <19609> ICHE_FNBCMTID:
INFO	[2012-08-30 16:22:17:466] <19609> ICHE_APTRTS:
INFO	[2012-08-30 16:22:17:467] <19609> ICHE_REMARK1:
INFO	[2012-08-30 16:22:17:467] <19609> ICHE_REMARK2:
INFO	[2012-08-30 16:22:17:467] <19609> ICHE_ECWYN:
INFO	[2012-08-30 16:22:17:467] <19609> ICHE_ECWID:
INFO	[2012-08-30 16:22:17:467] <19609> ICHE_ECWAMT1:
INFO	[2012-08-30 16:22:17:467] <19609> ICHE_ECWAMT2:
INFO	[2012-08-30 16:22:17:467] <19609> ICHE_CASHYN:
INFO	[2012-08-30 16:22:17:467] <19609> ICHE_CASHGUBUN_CD:
INFO	[2012-08-30 16:22:17:467] <19609> ICHE_CASHID_NO:
INFO	[2012-08-30 16:22:17:467] <19609> ICHEARS_SOCKETYN:
INFO	[2012-08-30 16:22:17:467] <19609> ICHEARS_ADMNO:
INFO	[2012-08-30 16:22:17:468] <19609> ICHEARS_POSMTID:
INFO	[2012-08-30 16:22:17:468] <19609> ICHEARS_CENTERCD:
INFO	[2012-08-30 16:22:17:468] <19609> ICHEARS_HPNO:
INFO	[2012-08-30 16:22:17:468] <19609>  Pay Result Value [
INFO	[2012-08-30 16:22:17:468] <19609> rSuccYn:n
INFO	[2012-08-30 16:22:17:468] <19609> rResMsg:상점아이디 입력여부 확인요망 <br>주문번호 입력여부 확인요망 <br>상품명 입력여부 확인요망 <br>금액 입력여부 확인요망 <br>단말기아이디 입력여부 확인요망 <br>인증여부 입력여부 확인요망 <br>
INFO	[2012-08-30 16:22:17:468] <19609> ]
INFO	[2012-08-30 16:22:17:468] <19609> END  상점아이디 입력여부 확인요망 <br>주문번호 입력여부 확인요망 <br>상품명 입력여부 확인요망 <br>금액 입력여부 확인요망 <br>단말기아이디 입력여부 확인요망 <br>인증여부 입력여부 확인요망 <br> Transaction time:[0.01sec]
INFO	[2012-08-30 16:22:17:468] <19609> ===============================================================
INFO	[2012-08-30 16:22:38:246] <19548> ===============================================================
INFO	[2012-08-30 16:22:38:246] <19548> START AgsPay40 php (OS:Darwin12.0.0,PHP:5.2.17)
INFO	[2012-08-30 16:22:38:246] <19548>  Pay Start!
INFO	[2012-08-30 16:22:38:246] <19548> AgsPayHome:/Applications/MAMP/htdocs/ko/agspay/
INFO	[2012-08-30 16:22:38:246] <19548> StoreId:
INFO	[2012-08-30 16:22:38:246] <19548> log:true
INFO	[2012-08-30 16:22:38:246] <19548> logLevel:INFO
INFO	[2012-08-30 16:22:38:246] <19548> UseNetCancel:true
INFO	[2012-08-30 16:22:38:246] <19548> Type:Pay
INFO	[2012-08-30 16:22:38:246] <19548> RecvLen:7
INFO	[2012-08-30 16:22:38:247] <19548> AuthTy:
INFO	[2012-08-30 16:22:38:247] <19548> SubTy:
INFO	[2012-08-30 16:22:38:247] <19548> OrdNo:
INFO	[2012-08-30 16:22:38:247] <19548> Amt:
INFO	[2012-08-30 16:22:38:247] <19548> UserEmail:
INFO	[2012-08-30 16:22:38:247] <19548> ProdNm:
INFO	[2012-08-30 16:22:38:247] <19548> MallUrl:
INFO	[2012-08-30 16:22:38:247] <19548> UserId:
INFO	[2012-08-30 16:22:38:247] <19548> OrdNm:
INFO	[2012-08-30 16:22:38:247] <19548> OrdPhone:
INFO	[2012-08-30 16:22:38:247] <19548> OrdAddr:
INFO	[2012-08-30 16:22:38:248] <19548> RcpNm:
INFO	[2012-08-30 16:22:38:248] <19548> RcpPhone:
INFO	[2012-08-30 16:22:38:248] <19548> DlvAddr:
INFO	[2012-08-30 16:22:38:248] <19548> Remark:
INFO	[2012-08-30 16:22:38:248] <19548> DeviId:
INFO	[2012-08-30 16:22:38:248] <19548> AuthYn:
INFO	[2012-08-30 16:22:38:248] <19548> Instmt:
INFO	[2012-08-30 16:22:38:248] <19548> UserIp:192.168.0.1
INFO	[2012-08-30 16:22:38:248] <19548> partial_mm:
INFO	[2012-08-30 16:22:38:248] <19548> noIntMonth:
INFO	[2012-08-30 16:22:38:248] <19548> KVP_CURRENCY:
INFO	[2012-08-30 16:22:38:248] <19548> KVP_CARDCODE:
INFO	[2012-08-30 16:22:38:249] <19548> KVP_SESSIONKEY:
INFO	[2012-08-30 16:22:38:249] <19548> KVP_ENCDATA:
INFO	[2012-08-30 16:22:38:249] <19548> KVP_CONAME:
INFO	[2012-08-30 16:22:38:249] <19548> KVP_NOINT:
INFO	[2012-08-30 16:22:38:249] <19548> KVP_QUOTA:
INFO	[2012-08-30 16:22:38:249] <19548> CardNo:
INFO	[2012-08-30 16:22:38:249] <19548> MPI_CAVV:
INFO	[2012-08-30 16:22:38:249] <19548> MPI_ECI:
INFO	[2012-08-30 16:22:38:249] <19548> MPI_MD64:
INFO	[2012-08-30 16:22:38:249] <19548> ExpMon:
INFO	[2012-08-30 16:22:38:249] <19548> ExpYear:
INFO	[2012-08-30 16:22:38:250] <19548> Passwd:
INFO	[2012-08-30 16:22:38:250] <19548> SocId:
INFO	[2012-08-30 16:22:38:250] <19548> ICHE_OUTBANKNAME:
INFO	[2012-08-30 16:22:38:250] <19548> ICHE_OUTACCTNO:
INFO	[2012-08-30 16:22:38:250] <19548> ICHE_OUTBANKMASTER:
INFO	[2012-08-30 16:22:38:250] <19548> ICHE_AMOUNT:
INFO	[2012-08-30 16:22:38:250] <19548> HP_SERVERINFO:
INFO	[2012-08-30 16:22:38:250] <19548> HP_HANDPHONE:
INFO	[2012-08-30 16:22:38:250] <19548> HP_COMPANY:
INFO	[2012-08-30 16:22:38:250] <19548> HP_ID:
INFO	[2012-08-30 16:22:38:250] <19548> HP_SUBID:
INFO	[2012-08-30 16:22:38:251] <19548> HP_UNITType:
INFO	[2012-08-30 16:22:38:251] <19548> HP_IDEN:
INFO	[2012-08-30 16:22:38:251] <19548> HP_IPADDR:
INFO	[2012-08-30 16:22:38:251] <19548> ARS_NAME:
INFO	[2012-08-30 16:22:38:251] <19548> ARS_PHONE:
INFO	[2012-08-30 16:22:38:251] <19548> VIRTUAL_CENTERCD:
INFO	[2012-08-30 16:22:38:251] <19548> VIRTUAL_DEPODT:
INFO	[2012-08-30 16:22:38:251] <19548> ZuminCode:
INFO	[2012-08-30 16:22:38:251] <19548> MallPage:
INFO	[2012-08-30 16:22:38:251] <19548> VIRTUAL_NO:
INFO	[2012-08-30 16:22:38:251] <19548> ES_SENDNO:
INFO	[2012-08-30 16:22:38:252] <19548> ICHE_SOCKETYN:
INFO	[2012-08-30 16:22:38:252] <19548> ICHE_POSMTID:
INFO	[2012-08-30 16:22:38:252] <19548> ICHE_FNBCMTID:
INFO	[2012-08-30 16:22:38:252] <19548> ICHE_APTRTS:
INFO	[2012-08-30 16:22:38:252] <19548> ICHE_REMARK1:
INFO	[2012-08-30 16:22:38:252] <19548> ICHE_REMARK2:
INFO	[2012-08-30 16:22:38:252] <19548> ICHE_ECWYN:
INFO	[2012-08-30 16:22:38:252] <19548> ICHE_ECWID:
INFO	[2012-08-30 16:22:38:252] <19548> ICHE_ECWAMT1:
INFO	[2012-08-30 16:22:38:252] <19548> ICHE_ECWAMT2:
INFO	[2012-08-30 16:22:38:252] <19548> ICHE_CASHYN:
INFO	[2012-08-30 16:22:38:252] <19548> ICHE_CASHGUBUN_CD:
INFO	[2012-08-30 16:22:38:253] <19548> ICHE_CASHID_NO:
INFO	[2012-08-30 16:22:38:253] <19548> ICHEARS_SOCKETYN:
INFO	[2012-08-30 16:22:38:253] <19548> ICHEARS_ADMNO:
INFO	[2012-08-30 16:22:38:253] <19548> ICHEARS_POSMTID:
INFO	[2012-08-30 16:22:38:253] <19548> ICHEARS_CENTERCD:
INFO	[2012-08-30 16:22:38:253] <19548> ICHEARS_HPNO:
INFO	[2012-08-30 16:22:38:253] <19548>  Pay Result Value [
INFO	[2012-08-30 16:22:38:253] <19548> rSuccYn:n
INFO	[2012-08-30 16:22:38:253] <19548> rResMsg:상점아이디 입력여부 확인요망 <br>주문번호 입력여부 확인요망 <br>상품명 입력여부 확인요망 <br>금액 입력여부 확인요망 <br>단말기아이디 입력여부 확인요망 <br>인증여부 입력여부 확인요망 <br>
INFO	[2012-08-30 16:22:38:253] <19548> ]
INFO	[2012-08-30 16:22:38:254] <19548> END  상점아이디 입력여부 확인요망 <br>주문번호 입력여부 확인요망 <br>상품명 입력여부 확인요망 <br>금액 입력여부 확인요망 <br>단말기아이디 입력여부 확인요망 <br>인증여부 입력여부 확인요망 <br> Transaction time:[0sec]
INFO	[2012-08-30 16:22:38:254] <19548> ===============================================================
