INFO	[2012-10-06 17:46:31:902] <10267> ===============================================================
INFO	[2012-10-06 17:46:31:902] <10267> START AgsPay40 php (OS:Linux2.6.18-238.9.1.el5xen,PHP:5.2.17)
INFO	[2012-10-06 17:46:31:902] <10267> card Pay Start!
INFO	[2012-10-06 17:46:31:902] <10267> AgsPayHome:/mnt/DATA/WWW/scomdcom.com/loveholic/agspay_mobile/
INFO	[2012-10-06 17:46:31:902] <10267> StoreId:yulabs79
INFO	[2012-10-06 17:46:31:903] <10267> log:true
INFO	[2012-10-06 17:46:31:903] <10267> logLevel:INFO
INFO	[2012-10-06 17:46:31:903] <10267> UseNetCancel:true
INFO	[2012-10-06 17:46:31:903] <10267> Type:Pay
INFO	[2012-10-06 17:46:31:903] <10267> RecvLen:7
INFO	[2012-10-06 17:46:31:903] <10267> AuthTy:card
INFO	[2012-10-06 17:46:31:903] <10267> SubTy:visa3d
INFO	[2012-10-06 17:46:31:903] <10267> OrdNo:10000011
INFO	[2012-10-06 17:46:31:903] <10267> Amt:1000
INFO	[2012-10-06 17:46:31:903] <10267> UserEmail:noff@naver.com
INFO	[2012-10-06 17:46:31:903] <10267> ProdNm:Ïö¥ÏàòÎåÄÌÜµ
INFO	[2012-10-06 17:46:31:903] <10267> MallUrl:http://www.scomdcom.com
INFO	[2012-10-06 17:46:31:903] <10267> UserId:noff
INFO	[2012-10-06 17:46:31:903] <10267> OrdNm:Î∞ïÏö©ÎÇ®
INFO	[2012-10-06 17:46:31:903] <10267> OrdPhone:01027178221
INFO	[2012-10-06 17:46:31:903] <10267> OrdAddr:ÏÑúÏö∏Ïãú ÏÑúÎåÄÎ¨∏Íµ¨ Ï∞ΩÏ≤úÎèô
INFO	[2012-10-06 17:46:31:904] <10267> RcpNm:Î∞ïÏö©ÎÇ®
INFO	[2012-10-06 17:46:31:904] <10267> RcpPhone:01027178221
INFO	[2012-10-06 17:46:31:904] <10267> DlvAddr:ÏÑúÏö∏Ïãú ÏÑúÎåÄÎ¨∏Íµ¨ Ï∞ΩÏ≤úÎèô
INFO	[2012-10-06 17:46:31:904] <10267> Remark:
INFO	[2012-10-06 17:46:31:904] <10267> DeviId:9000400001
INFO	[2012-10-06 17:46:31:904] <10267> AuthYn:N;175.223.3.196;N;;1000;;null;
INFO	[2012-10-06 17:46:31:904] <10267> Instmt:00
INFO	[2012-10-06 17:46:31:904] <10267> UserIp:175.223.3.196
INFO	[2012-10-06 17:46:31:904] <10267> partial_mm:00
INFO	[2012-10-06 17:46:31:904] <10267> noIntMonth:
INFO	[2012-10-06 17:46:31:904] <10267> KVP_CURRENCY:
INFO	[2012-10-06 17:46:31:904] <10267> KVP_CARDCODE:
INFO	[2012-10-06 17:46:31:904] <10267> KVP_SESSIONKEY:
INFO	[2012-10-06 17:46:31:904] <10267> KVP_ENCDATA:
INFO	[2012-10-06 17:46:31:904] <10267> KVP_CONAME:
INFO	[2012-10-06 17:46:31:904] <10267> KVP_NOINT:
INFO	[2012-10-06 17:46:31:905] <10267> KVP_QUOTA:
INFO	[2012-10-06 17:46:31:905] <10267> CardNo:4374360069657003
INFO	[2012-10-06 17:46:31:905] <10267> MPI_CAVV:AAABBwd2lSASEAYXRnaVAAAAAAA=
INFO	[2012-10-06 17:46:31:905] <10267> MPI_ECI:05
INFO	[2012-10-06 17:46:31:905] <10267> MPI_MD64:MjAxMjEwMDYxNzQ3NTQ3NzIxMDY=
INFO	[2012-10-06 17:46:31:905] <10267> ExpMon:2049
INFO	[2012-10-06 17:46:31:905] <10267> ExpYear:12
INFO	[2012-10-06 17:46:31:905] <10267> Passwd:
INFO	[2012-10-06 17:46:31:905] <10267> SocId:
INFO	[2012-10-06 17:46:31:905] <10267> HP_SERVERINFO:
INFO	[2012-10-06 17:46:31:905] <10267> HP_HANDPHONE:
INFO	[2012-10-06 17:46:31:905] <10267> HP_COMPANY:
INFO	[2012-10-06 17:46:31:905] <10267> HP_ID:
INFO	[2012-10-06 17:46:31:905] <10267> HP_SUBID:
INFO	[2012-10-06 17:46:31:905] <10267> HP_UNITType:
INFO	[2012-10-06 17:46:31:905] <10267> HP_IDEN:
INFO	[2012-10-06 17:46:31:905] <10267> HP_IPADDR:
INFO	[2012-10-06 17:46:31:906] <10267> VIRTUAL_CENTERCD:
INFO	[2012-10-06 17:46:31:906] <10267> VIRTUAL_DEPODT:
INFO	[2012-10-06 17:46:31:906] <10267> ZuminCode:
INFO	[2012-10-06 17:46:31:906] <10267> MallPage:
INFO	[2012-10-06 17:46:31:906] <10267> VIRTUAL_NO:
INFO	[2012-10-06 17:46:31:906] <10267> ES_SENDNO:
INFO	[2012-10-06 17:46:31:906] <10267> Column1:ÏÉÅÏ†êÏ†ïÎ≥¥ÏûÖÎ†•1
INFO	[2012-10-06 17:46:31:906] <10267> Column2:ÏÉÅÏ†êÏ†ïÎ≥¥ÏûÖÎ†•2
INFO	[2012-10-06 17:46:31:906] <10267> Column3:ÏÉÅÏ†êÏ†ïÎ≥¥ÏûÖÎ†•3
INFO	[2012-10-06 17:46:31:906] <10267> Make NetCancel ID Start
INFO	[2012-10-06 17:46:31:906] <10267> AEGIS_VISAyulabs79_20121006174631906147
INFO	[2012-10-06 17:46:31:906] <10267> Make NetCancel ID End
INFO	[2012-10-06 17:46:31:906] <10267> Make NetCancelID OK
INFO	[2012-10-06 17:46:31:906] <10267> Make Msg Start
INFO	[2012-10-06 17:46:31:907] <10267> Encrypt Start
INFO	[2012-10-06 17:46:31:907] <10267> Encrypt End
INFO	[2012-10-06 17:46:31:907] <10267> Encrypt Start
INFO	[2012-10-06 17:46:31:907] <10267> Encrypt End
INFO	[2012-10-06 17:46:31:907] <10267> Encrypt Start
INFO	[2012-10-06 17:46:31:907] <10267> Encrypt End
INFO	[2012-10-06 17:46:31:907] <10267> Encrypt Start
INFO	[2012-10-06 17:46:31:907] <10267> Encrypt End
INFO	[2012-10-06 17:46:31:907] <10267> card-visa3d Make MSG OK 
INFO	[2012-10-06 17:46:31:907] <10267> Make Msg End
INFO	[2012-10-06 17:46:31:907] <10267> Make Pay Msg OK
INFO	[2012-10-06 17:46:31:907] <10267> Send & Recv Msg Start
INFO	[2012-10-06 17:46:31:907] <10267> Send Data To PG Start [ 
INFO	[2012-10-06 17:46:31:907] <10267> 0:0003430mobile
INFO	[2012-10-06 17:46:31:907] <10267> 1:yulabs79
INFO	[2012-10-06 17:46:31:907] <10267> 2:noff
INFO	[2012-10-06 17:46:31:907] <10267> 3:1000
INFO	[2012-10-06 17:46:31:907] <10267> 4:10000011
INFO	[2012-10-06 17:46:31:907] <10267> 5:9000400001
INFO	[2012-10-06 17:46:31:907] <10267> 6:3748311563608819
INFO	[2012-10-06 17:46:31:907] <10267> 7:914306
INFO	[2012-10-06 17:46:31:907] <10267> 8:00
INFO	[2012-10-06 17:46:31:907] <10267> 9:N;175.223.3.196;N;;1000;;null;
INFO	[2012-10-06 17:46:31:907] <10267> 10:
INFO	[2012-10-06 17:46:31:907] <10267> 11:
INFO	[2012-10-06 17:46:31:907] <10267> 12:Î∞ïÏö©ÎÇ®
INFO	[2012-10-06 17:46:31:907] <10267> 13:01027178221
INFO	[2012-10-06 17:46:31:907] <10267> 14:ÏÑúÏö∏Ïãú ÏÑúÎåÄÎ¨∏Íµ¨ Ï∞ΩÏ≤úÎèô
INFO	[2012-10-06 17:46:31:907] <10267> 15:Î∞ïÏö©ÎÇ®
INFO	[2012-10-06 17:46:31:907] <10267> 16:175.223.3.196;01027178221
INFO	[2012-10-06 17:46:31:907] <10267> 17:noff@naver.com;
INFO	[2012-10-06 17:46:31:907] <10267> 18:Ïö¥ÏàòÎåÄÌÜµ
INFO	[2012-10-06 17:46:31:907] <10267> 19:AAABBwd2lSASEAYXRnaVAAAAAAA=
INFO	[2012-10-06 17:46:31:907] <10267> 20:MjAxMjEwMDYxNzQ3NTQ3NzIxMDY=
INFO	[2012-10-06 17:46:31:907] <10267> 21:05
INFO	[2012-10-06 17:46:31:907] <10267> 22:noff@naver.com
INFO	[2012-10-06 17:46:31:907] <10267> 23:AEGIS_VISAyulabs79_20121006174631906147
INFO	[2012-10-06 17:46:31:907] <10267> 24:
INFO	[2012-10-06 17:46:31:908] <10267> ] Send Data To PG End 
INFO	[2012-10-06 17:46:31:908] <10267> SendMsg : [0003430mobile|yulabs79|noff|1000|10000011|9000400001|3748311563608819|914306|00|N;175.223.3.196;N;;1000;;null;|||Î∞ïÏö©ÎÇ®|01027178221|ÏÑúÏö∏Ïãú ÏÑúÎåÄÎ¨∏Íµ¨ Ï∞ΩÏ≤úÎèô|Î∞ïÏö©ÎÇ®|175.223.3.196;01027178221|noff@naver.com;|Ïö¥ÏàòÎåÄÌÜµ|AAABBwd2lSASEAYXRnaVAAAAAAA=|MjAxMjEwMDYxNzQ3NTQ3NzIxMDY=|05|noff@naver.com|AEGIS_VISAyulabs79_20121006174631906147|]
INFO	[2012-10-06 17:46:31:908] <10267> Connect IP:[220.85.12.3] Port:[29760]
INFO	[2012-10-06 17:46:31:913] <10267> Socket Open OK
INFO	[2012-10-06 17:46:32:865] <10267> RecvMsg Length : [000096]
INFO	[2012-10-06 17:46:32:865] <10267> RecvMsg : [yulabs79|0610|10000011|        |000000001000|n|23-¿Ø»ø±‚∞£ø¿∑˘||20121006174631|0500||0||506052|
]
INFO	[2012-10-06 17:46:32:865] <10267> Socket Close OK
INFO	[2012-10-06 17:46:32:865] <10267> RecvMsg Length Check OK
INFO	[2012-10-06 17:46:32:865] <10267> Send & Recv Msg End
INFO	[2012-10-06 17:46:32:865] <10267> Send & Recv Msg OK
INFO	[2012-10-06 17:46:32:865] <10267> Parse Msg Start
INFO	[2012-10-06 17:46:32:866] <10267> card-visa3d RECV MSG Parsing OK 
INFO	[2012-10-06 17:46:32:866] <10267> Parse Msg End
INFO	[2012-10-06 17:46:32:866] <10267> Msg Parsing OK
INFO	[2012-10-06 17:46:32:866] <10267> card Pay Result Value [
INFO	[2012-10-06 17:46:32:866] <10267> NetCancID:AEGIS_VISAyulabs79_20121006174631906147
INFO	[2012-10-06 17:46:32:866] <10267> rStoreId:yulabs79
INFO	[2012-10-06 17:46:32:866] <10267> rBusiCd:0610
INFO	[2012-10-06 17:46:32:866] <10267> rOrdNo:10000011
INFO	[2012-10-06 17:46:32:866] <10267> rApprNo:        
INFO	[2012-10-06 17:46:32:866] <10267> rInstmt:00
INFO	[2012-10-06 17:46:32:866] <10267> rAmt:000000001000
INFO	[2012-10-06 17:46:32:866] <10267> rSuccYn:n
INFO	[2012-10-06 17:46:32:866] <10267> rResMsg:23-¿Ø»ø±‚∞£ø¿∑˘
INFO	[2012-10-06 17:46:32:866] <10267> rCardNm:
INFO	[2012-10-06 17:46:32:866] <10267> rApprTm:20121006174631
INFO	[2012-10-06 17:46:32:867] <10267> rCardCd:0500
INFO	[2012-10-06 17:46:32:867] <10267> rMembNo:
INFO	[2012-10-06 17:46:32:867] <10267> rAquiCd:0
INFO	[2012-10-06 17:46:32:867] <10267> rAquiNm:
INFO	[2012-10-06 17:46:32:867] <10267> rDealNo:506052
INFO	[2012-10-06 17:46:32:867] <10267> rProdNm:Ïö¥ÏàòÎåÄÌÜµ
INFO	[2012-10-06 17:46:32:867] <10267> ]
INFO	[2012-10-06 17:46:32:867] <10267> END  23-¿Ø»ø±‚∞£ø¿∑˘ Transaction time:[0.965sec]
INFO	[2012-10-06 17:46:32:867] <10267> ===============================================================
