INFO	[2012-10-12 19:25:59:457] <10517> ===============================================================
INFO	[2012-10-12 19:25:59:457] <10517> START AgsPay40 php (OS:Linux2.6.18-238.9.1.el5xen,PHP:5.2.17)
INFO	[2012-10-12 19:25:59:457] <10517> virtual Pay Start!
INFO	[2012-10-12 19:25:59:457] <10517> AgsPayHome:/mnt/DATA/WWW/scomdcom.com/loveholic/agspay_mobile/
INFO	[2012-10-12 19:25:59:457] <10517> StoreId:yulabs79
INFO	[2012-10-12 19:25:59:457] <10517> log:true
INFO	[2012-10-12 19:25:59:457] <10517> logLevel:INFO
INFO	[2012-10-12 19:25:59:458] <10517> UseNetCancel:true
INFO	[2012-10-12 19:25:59:458] <10517> Type:Pay
INFO	[2012-10-12 19:25:59:458] <10517> RecvLen:7
INFO	[2012-10-12 19:25:59:458] <10517> AuthTy:virtual
INFO	[2012-10-12 19:25:59:458] <10517> SubTy:
INFO	[2012-10-12 19:25:59:458] <10517> OrdNo:1000000193
INFO	[2012-10-12 19:25:59:458] <10517> Amt:178950
INFO	[2012-10-12 19:25:59:458] <10517> UserEmail:
INFO	[2012-10-12 19:25:59:458] <10517> ProdNm:듀렉스
INFO	[2012-10-12 19:25:59:458] <10517> MallUrl:http://www.scomdcom.com
INFO	[2012-10-12 19:25:59:458] <10517> UserId:14
INFO	[2012-10-12 19:25:59:458] <10517> OrdNm:윤체필
INFO	[2012-10-12 19:25:59:458] <10517> OrdPhone:010-3366-8016
INFO	[2012-10-12 19:25:59:458] <10517> OrdAddr:서울 중구 충무로2가 라이온스빌딩
INFO	[2012-10-12 19:25:59:458] <10517> RcpNm:유정환
INFO	[2012-10-12 19:25:59:458] <10517> RcpPhone:010-3366-8016
INFO	[2012-10-12 19:25:59:459] <10517> DlvAddr:제주 제주시 이도2동 제주시청 103
INFO	[2012-10-12 19:25:59:459] <10517> Remark:
INFO	[2012-10-12 19:25:59:459] <10517> DeviId:9000400001
INFO	[2012-10-12 19:25:59:459] <10517> AuthYn:N
INFO	[2012-10-12 19:25:59:459] <10517> Instmt:
INFO	[2012-10-12 19:25:59:459] <10517> UserIp:211.48.34.44
INFO	[2012-10-12 19:25:59:459] <10517> partial_mm:
INFO	[2012-10-12 19:25:59:459] <10517> noIntMonth:
INFO	[2012-10-12 19:25:59:459] <10517> KVP_CURRENCY:
INFO	[2012-10-12 19:25:59:459] <10517> KVP_CARDCODE:
INFO	[2012-10-12 19:25:59:459] <10517> KVP_SESSIONKEY:
INFO	[2012-10-12 19:25:59:459] <10517> KVP_ENCDATA:
INFO	[2012-10-12 19:25:59:459] <10517> KVP_CONAME:
INFO	[2012-10-12 19:25:59:459] <10517> KVP_NOINT:
INFO	[2012-10-12 19:25:59:459] <10517> KVP_QUOTA:
INFO	[2012-10-12 19:25:59:459] <10517> CardNo:
INFO	[2012-10-12 19:25:59:460] <10517> MPI_CAVV:
INFO	[2012-10-12 19:25:59:460] <10517> MPI_ECI:
INFO	[2012-10-12 19:25:59:460] <10517> MPI_MD64:
INFO	[2012-10-12 19:25:59:460] <10517> ExpMon:
INFO	[2012-10-12 19:25:59:460] <10517> ExpYear:
INFO	[2012-10-12 19:25:59:460] <10517> Passwd:
INFO	[2012-10-12 19:25:59:460] <10517> SocId:
INFO	[2012-10-12 19:25:59:460] <10517> HP_SERVERINFO:
INFO	[2012-10-12 19:25:59:460] <10517> HP_HANDPHONE:
INFO	[2012-10-12 19:25:59:460] <10517> HP_COMPANY:
INFO	[2012-10-12 19:25:59:460] <10517> HP_ID:
INFO	[2012-10-12 19:25:59:460] <10517> HP_SUBID:
INFO	[2012-10-12 19:25:59:460] <10517> HP_UNITType:
INFO	[2012-10-12 19:25:59:460] <10517> HP_IDEN:
INFO	[2012-10-12 19:25:59:460] <10517> HP_IPADDR:
INFO	[2012-10-12 19:25:59:460] <10517> VIRTUAL_CENTERCD:11
INFO	[2012-10-12 19:25:59:461] <10517> VIRTUAL_DEPODT:20121017
INFO	[2012-10-12 19:25:59:461] <10517> ZuminCode:1212121234567
INFO	[2012-10-12 19:25:59:461] <10517> MallPage:/lovehlic/agspay_mobile/AGS_VirAcctResult.php;N;;178950;;
INFO	[2012-10-12 19:25:59:461] <10517> VIRTUAL_NO:79000120427248
INFO	[2012-10-12 19:25:59:461] <10517> ES_SENDNO:
INFO	[2012-10-12 19:25:59:461] <10517> Column1:상점정보입력1
INFO	[2012-10-12 19:25:59:461] <10517> Column2:상점정보입력2
INFO	[2012-10-12 19:25:59:461] <10517> Column3:상점정보입력3
INFO	[2012-10-12 19:25:59:461] <10517> Make NetCancel ID Start
INFO	[2012-10-12 19:25:59:461] <10517> AEGIS_VIR_yulabs79_20121012192559461827
INFO	[2012-10-12 19:25:59:461] <10517> Make NetCancel ID End
INFO	[2012-10-12 19:25:59:461] <10517> Make NetCancelID OK
INFO	[2012-10-12 19:25:59:461] <10517> Make Msg Start
INFO	[2012-10-12 19:25:59:461] <10517> virtual Make MSG OK 
INFO	[2012-10-12 19:25:59:461] <10517> Make Msg End
INFO	[2012-10-12 19:25:59:462] <10517> Make Pay Msg OK
INFO	[2012-10-12 19:25:59:462] <10517> Send & Recv Msg Start
INFO	[2012-10-12 19:25:59:462] <10517> Send Data To PG Start [ 
INFO	[2012-10-12 19:25:59:462] <10517> 0:000314Vvir_n
INFO	[2012-10-12 19:25:59:462] <10517> 1:yulabs79
INFO	[2012-10-12 19:25:59:462] <10517> 2:1000000193
INFO	[2012-10-12 19:25:59:462] <10517> 3:11
INFO	[2012-10-12 19:25:59:462] <10517> 4:79000120427248
INFO	[2012-10-12 19:25:59:462] <10517> 5:178950
INFO	[2012-10-12 19:25:59:462] <10517> 6:20121017
INFO	[2012-10-12 19:25:59:462] <10517> 7:윤체필
INFO	[2012-10-12 19:25:59:462] <10517> 8:1212121234567
INFO	[2012-10-12 19:25:59:462] <10517> 9:010-3366-8016
INFO	[2012-10-12 19:25:59:462] <10517> 10:
INFO	[2012-10-12 19:25:59:462] <10517> 11:서울 중구 충무로2가 라이온스빌딩
INFO	[2012-10-12 19:25:59:462] <10517> 12:유정환
INFO	[2012-10-12 19:25:59:462] <10517> 13:010-3366-8016
INFO	[2012-10-12 19:25:59:462] <10517> 14:제주 제주시 이도2동 제주시청 103
INFO	[2012-10-12 19:25:59:462] <10517> 15:듀렉스
INFO	[2012-10-12 19:25:59:462] <10517> 16:
INFO	[2012-10-12 19:25:59:462] <10517> 17:http://www.scomdcom.com
INFO	[2012-10-12 19:25:59:462] <10517> 18:/lovehlic/agspay_mobile/AGS_VirAcctResult.php;N;;178950;;
INFO	[2012-10-12 19:25:59:462] <10517> 19:AEGIS_VIR_yulabs79_20121012192559461827
INFO	[2012-10-12 19:25:59:462] <10517> 20:
INFO	[2012-10-12 19:25:59:462] <10517> ] Send Data To PG End 
INFO	[2012-10-12 19:25:59:462] <10517> SendMsg : [000314Vvir_n|yulabs79|1000000193|11|79000120427248|178950|20121017|윤체필|1212121234567|010-3366-8016||서울 중구 충무로2가 라이온스빌딩|유정환|010-3366-8016|제주 제주시 이도2동 제주시청 103|듀렉스||http://www.scomdcom.com|/lovehlic/agspay_mobile/AGS_VirAcctResult.php;N;;178950;;|AEGIS_VIR_yulabs79_20121012192559461827|]
INFO	[2012-10-12 19:25:59:462] <10517> Connect IP:[220.85.12.3] Port:[29760]
INFO	[2012-10-12 19:25:59:467] <10517> Socket Open OK
INFO	[2012-10-12 19:25:59:635] <10517> RecvMsg Length : [000063]
INFO	[2012-10-12 19:25:59:635] <10517> RecvMsg : [vir_n|yulabs79|20121012192559|79000120427248|n|이메일 길이오류|]
INFO	[2012-10-12 19:25:59:635] <10517> Socket Close OK
INFO	[2012-10-12 19:25:59:635] <10517> RecvMsg Length Check OK
INFO	[2012-10-12 19:25:59:635] <10517> Send & Recv Msg End
INFO	[2012-10-12 19:25:59:635] <10517> Send & Recv Msg OK
INFO	[2012-10-12 19:25:59:635] <10517> Parse Msg Start
INFO	[2012-10-12 19:25:59:635] <10517> virtual RECV MSG Parsing OK 
INFO	[2012-10-12 19:25:59:636] <10517> Parse Msg End
INFO	[2012-10-12 19:25:59:636] <10517> Msg Parsing OK
INFO	[2012-10-12 19:25:59:636] <10517> virtual Pay Result Value [
INFO	[2012-10-12 19:25:59:636] <10517> NetCancID:AEGIS_VIR_yulabs79_20121012192559461827
INFO	[2012-10-12 19:25:59:636] <10517> rAuthTy:vir_n
INFO	[2012-10-12 19:25:59:636] <10517> rStoreId:yulabs79
INFO	[2012-10-12 19:25:59:636] <10517> rApprTm:20121012192559
INFO	[2012-10-12 19:25:59:636] <10517> rVirNo:79000120427248
INFO	[2012-10-12 19:25:59:636] <10517> rSuccYn:n
INFO	[2012-10-12 19:25:59:636] <10517> rResMsg:이메일 길이오류
INFO	[2012-10-12 19:25:59:636] <10517> rOrdNo:1000000193
INFO	[2012-10-12 19:25:59:636] <10517> rProdNm:듀렉스
INFO	[2012-10-12 19:25:59:636] <10517> rAmt:178950
INFO	[2012-10-12 19:25:59:636] <10517> ]
INFO	[2012-10-12 19:25:59:636] <10517> END  이메일 길이오류 Transaction time:[0.18sec]
INFO	[2012-10-12 19:25:59:637] <10517> ===============================================================
INFO	[2012-10-12 19:26:23:189] <10520> ===============================================================
INFO	[2012-10-12 19:26:23:190] <10520> START AgsPay40 php (OS:Linux2.6.18-238.9.1.el5xen,PHP:5.2.17)
INFO	[2012-10-12 19:26:23:190] <10520> virtual Pay Start!
INFO	[2012-10-12 19:26:23:190] <10520> AgsPayHome:/mnt/DATA/WWW/scomdcom.com/loveholic/agspay_mobile/
INFO	[2012-10-12 19:26:23:190] <10520> StoreId:yulabs79
INFO	[2012-10-12 19:26:23:190] <10520> log:true
INFO	[2012-10-12 19:26:23:190] <10520> logLevel:INFO
INFO	[2012-10-12 19:26:23:190] <10520> UseNetCancel:true
INFO	[2012-10-12 19:26:23:190] <10520> Type:Pay
INFO	[2012-10-12 19:26:23:190] <10520> RecvLen:7
INFO	[2012-10-12 19:26:23:190] <10520> AuthTy:virtual
INFO	[2012-10-12 19:26:23:190] <10520> SubTy:
INFO	[2012-10-12 19:26:23:190] <10520> OrdNo:1000000193
INFO	[2012-10-12 19:26:23:190] <10520> Amt:178950
INFO	[2012-10-12 19:26:23:190] <10520> UserEmail:
INFO	[2012-10-12 19:26:23:190] <10520> ProdNm:ABC
INFO	[2012-10-12 19:26:23:191] <10520> MallUrl:http://www.scomdcom.com
INFO	[2012-10-12 19:26:23:191] <10520> UserId:14
INFO	[2012-10-12 19:26:23:191] <10520> OrdNm:윤체필
INFO	[2012-10-12 19:26:23:191] <10520> OrdPhone:010-3366-8016
INFO	[2012-10-12 19:26:23:191] <10520> OrdAddr:서울 중구 충무로2가 라이온스빌딩
INFO	[2012-10-12 19:26:23:191] <10520> RcpNm:유정환
INFO	[2012-10-12 19:26:23:191] <10520> RcpPhone:010-3366-8016
INFO	[2012-10-12 19:26:23:191] <10520> DlvAddr:제주 제주시 이도2동 제주시청 103
INFO	[2012-10-12 19:26:23:191] <10520> Remark:
INFO	[2012-10-12 19:26:23:191] <10520> DeviId:9000400001
INFO	[2012-10-12 19:26:23:191] <10520> AuthYn:N
INFO	[2012-10-12 19:26:23:191] <10520> Instmt:
INFO	[2012-10-12 19:26:23:191] <10520> UserIp:211.48.34.44
INFO	[2012-10-12 19:26:23:191] <10520> partial_mm:
INFO	[2012-10-12 19:26:23:191] <10520> noIntMonth:
INFO	[2012-10-12 19:26:23:191] <10520> KVP_CURRENCY:
INFO	[2012-10-12 19:26:23:192] <10520> KVP_CARDCODE:
INFO	[2012-10-12 19:26:23:192] <10520> KVP_SESSIONKEY:
INFO	[2012-10-12 19:26:23:192] <10520> KVP_ENCDATA:
INFO	[2012-10-12 19:26:23:192] <10520> KVP_CONAME:
INFO	[2012-10-12 19:26:23:192] <10520> KVP_NOINT:
INFO	[2012-10-12 19:26:23:192] <10520> KVP_QUOTA:
INFO	[2012-10-12 19:26:23:192] <10520> CardNo:
INFO	[2012-10-12 19:26:23:192] <10520> MPI_CAVV:
INFO	[2012-10-12 19:26:23:192] <10520> MPI_ECI:
INFO	[2012-10-12 19:26:23:192] <10520> MPI_MD64:
INFO	[2012-10-12 19:26:23:192] <10520> ExpMon:
INFO	[2012-10-12 19:26:23:192] <10520> ExpYear:
INFO	[2012-10-12 19:26:23:192] <10520> Passwd:
INFO	[2012-10-12 19:26:23:192] <10520> SocId:
INFO	[2012-10-12 19:26:23:192] <10520> HP_SERVERINFO:
INFO	[2012-10-12 19:26:23:193] <10520> HP_HANDPHONE:
INFO	[2012-10-12 19:26:23:193] <10520> HP_COMPANY:
INFO	[2012-10-12 19:26:23:193] <10520> HP_ID:
INFO	[2012-10-12 19:26:23:193] <10520> HP_SUBID:
INFO	[2012-10-12 19:26:23:193] <10520> HP_UNITType:
INFO	[2012-10-12 19:26:23:193] <10520> HP_IDEN:
INFO	[2012-10-12 19:26:23:193] <10520> HP_IPADDR:
INFO	[2012-10-12 19:26:23:193] <10520> VIRTUAL_CENTERCD:81
INFO	[2012-10-12 19:26:23:193] <10520> VIRTUAL_DEPODT:20121017
INFO	[2012-10-12 19:26:23:193] <10520> ZuminCode:1212121234567
INFO	[2012-10-12 19:26:23:193] <10520> MallPage:/lovehlic/agspay_mobile/AGS_VirAcctResult.php;N;;178950;;
INFO	[2012-10-12 19:26:23:193] <10520> VIRTUAL_NO:11294851559937
INFO	[2012-10-12 19:26:23:193] <10520> ES_SENDNO:
INFO	[2012-10-12 19:26:23:193] <10520> Column1:상점정보입력1
INFO	[2012-10-12 19:26:23:193] <10520> Column2:상점정보입력2
INFO	[2012-10-12 19:26:23:193] <10520> Column3:상점정보입력3
INFO	[2012-10-12 19:26:23:194] <10520> Make NetCancel ID Start
INFO	[2012-10-12 19:26:23:194] <10520> AEGIS_VIR_yulabs79_20121012192623194756
INFO	[2012-10-12 19:26:23:194] <10520> Make NetCancel ID End
INFO	[2012-10-12 19:26:23:194] <10520> Make NetCancelID OK
INFO	[2012-10-12 19:26:23:194] <10520> Make Msg Start
INFO	[2012-10-12 19:26:23:194] <10520> virtual Make MSG OK 
INFO	[2012-10-12 19:26:23:194] <10520> Make Msg End
INFO	[2012-10-12 19:26:23:194] <10520> Make Pay Msg OK
INFO	[2012-10-12 19:26:23:194] <10520> Send & Recv Msg Start
INFO	[2012-10-12 19:26:23:194] <10520> Send Data To PG Start [ 
INFO	[2012-10-12 19:26:23:194] <10520> 0:000311Vvir_n
INFO	[2012-10-12 19:26:23:194] <10520> 1:yulabs79
INFO	[2012-10-12 19:26:23:194] <10520> 2:1000000193
INFO	[2012-10-12 19:26:23:194] <10520> 3:81
INFO	[2012-10-12 19:26:23:194] <10520> 4:11294851559937
INFO	[2012-10-12 19:26:23:194] <10520> 5:178950
INFO	[2012-10-12 19:26:23:194] <10520> 6:20121017
INFO	[2012-10-12 19:26:23:194] <10520> 7:윤체필
INFO	[2012-10-12 19:26:23:194] <10520> 8:1212121234567
INFO	[2012-10-12 19:26:23:194] <10520> 9:010-3366-8016
INFO	[2012-10-12 19:26:23:194] <10520> 10:
INFO	[2012-10-12 19:26:23:194] <10520> 11:서울 중구 충무로2가 라이온스빌딩
INFO	[2012-10-12 19:26:23:194] <10520> 12:유정환
INFO	[2012-10-12 19:26:23:194] <10520> 13:010-3366-8016
INFO	[2012-10-12 19:26:23:194] <10520> 14:제주 제주시 이도2동 제주시청 103
INFO	[2012-10-12 19:26:23:194] <10520> 15:ABC
INFO	[2012-10-12 19:26:23:194] <10520> 16:
INFO	[2012-10-12 19:26:23:194] <10520> 17:http://www.scomdcom.com
INFO	[2012-10-12 19:26:23:194] <10520> 18:/lovehlic/agspay_mobile/AGS_VirAcctResult.php;N;;178950;;
INFO	[2012-10-12 19:26:23:194] <10520> 19:AEGIS_VIR_yulabs79_20121012192623194756
INFO	[2012-10-12 19:26:23:194] <10520> 20:
INFO	[2012-10-12 19:26:23:194] <10520> ] Send Data To PG End 
INFO	[2012-10-12 19:26:23:194] <10520> SendMsg : [000311Vvir_n|yulabs79|1000000193|81|11294851559937|178950|20121017|윤체필|1212121234567|010-3366-8016||서울 중구 충무로2가 라이온스빌딩|유정환|010-3366-8016|제주 제주시 이도2동 제주시청 103|ABC||http://www.scomdcom.com|/lovehlic/agspay_mobile/AGS_VirAcctResult.php;N;;178950;;|AEGIS_VIR_yulabs79_20121012192623194756|]
INFO	[2012-10-12 19:26:23:195] <10520> Connect IP:[220.85.12.3] Port:[29760]
INFO	[2012-10-12 19:26:23:200] <10520> Socket Open OK
INFO	[2012-10-12 19:26:23:365] <10520> RecvMsg Length : [000063]
INFO	[2012-10-12 19:26:23:365] <10520> RecvMsg : [vir_n|yulabs79|20121012192622|11294851559937|n|이메일 길이오류|]
INFO	[2012-10-12 19:26:23:365] <10520> Socket Close OK
INFO	[2012-10-12 19:26:23:365] <10520> RecvMsg Length Check OK
INFO	[2012-10-12 19:26:23:365] <10520> Send & Recv Msg End
INFO	[2012-10-12 19:26:23:365] <10520> Send & Recv Msg OK
INFO	[2012-10-12 19:26:23:366] <10520> Parse Msg Start
INFO	[2012-10-12 19:26:23:366] <10520> virtual RECV MSG Parsing OK 
INFO	[2012-10-12 19:26:23:366] <10520> Parse Msg End
INFO	[2012-10-12 19:26:23:366] <10520> Msg Parsing OK
INFO	[2012-10-12 19:26:23:366] <10520> virtual Pay Result Value [
INFO	[2012-10-12 19:26:23:366] <10520> NetCancID:AEGIS_VIR_yulabs79_20121012192623194756
INFO	[2012-10-12 19:26:23:366] <10520> rAuthTy:vir_n
INFO	[2012-10-12 19:26:23:366] <10520> rStoreId:yulabs79
INFO	[2012-10-12 19:26:23:366] <10520> rApprTm:20121012192622
INFO	[2012-10-12 19:26:23:366] <10520> rVirNo:11294851559937
INFO	[2012-10-12 19:26:23:366] <10520> rSuccYn:n
INFO	[2012-10-12 19:26:23:366] <10520> rResMsg:이메일 길이오류
INFO	[2012-10-12 19:26:23:366] <10520> rOrdNo:1000000193
INFO	[2012-10-12 19:26:23:366] <10520> rProdNm:ABC
INFO	[2012-10-12 19:26:23:366] <10520> rAmt:178950
INFO	[2012-10-12 19:26:23:367] <10520> ]
INFO	[2012-10-12 19:26:23:367] <10520> END  이메일 길이오류 Transaction time:[0.177sec]
INFO	[2012-10-12 19:26:23:367] <10520> ===============================================================
INFO	[2012-10-12 19:26:58:620] <10531> ===============================================================
INFO	[2012-10-12 19:26:58:620] <10531> START AgsPay40 php (OS:Linux2.6.18-238.9.1.el5xen,PHP:5.2.17)
INFO	[2012-10-12 19:26:58:620] <10531> virtual Pay Start!
INFO	[2012-10-12 19:26:58:620] <10531> AgsPayHome:/mnt/DATA/WWW/scomdcom.com/loveholic/agspay_mobile/
INFO	[2012-10-12 19:26:58:620] <10531> StoreId:yulabs79
INFO	[2012-10-12 19:26:58:620] <10531> log:true
INFO	[2012-10-12 19:26:58:620] <10531> logLevel:INFO
INFO	[2012-10-12 19:26:58:620] <10531> UseNetCancel:true
INFO	[2012-10-12 19:26:58:620] <10531> Type:Pay
INFO	[2012-10-12 19:26:58:620] <10531> RecvLen:7
INFO	[2012-10-12 19:26:58:620] <10531> AuthTy:virtual
INFO	[2012-10-12 19:26:58:620] <10531> SubTy:
INFO	[2012-10-12 19:26:58:620] <10531> OrdNo:1000000193
INFO	[2012-10-12 19:26:58:620] <10531> Amt:178950
INFO	[2012-10-12 19:26:58:620] <10531> UserEmail:z9roma@gmail.com
INFO	[2012-10-12 19:26:58:621] <10531> ProdNm:체어맨 2박스
INFO	[2012-10-12 19:26:58:621] <10531> MallUrl:http://www.scomdcom.com
INFO	[2012-10-12 19:26:58:621] <10531> UserId:14
INFO	[2012-10-12 19:26:58:621] <10531> OrdNm:윤체필
INFO	[2012-10-12 19:26:58:621] <10531> OrdPhone:010-3366-8016
INFO	[2012-10-12 19:26:58:621] <10531> OrdAddr:서울 중구 충무로2가 라이온스빌딩
INFO	[2012-10-12 19:26:58:621] <10531> RcpNm:유정환
INFO	[2012-10-12 19:26:58:621] <10531> RcpPhone:010-3366-8016
INFO	[2012-10-12 19:26:58:621] <10531> DlvAddr:제주 제주시 이도2동 제주시청 103
INFO	[2012-10-12 19:26:58:621] <10531> Remark:
INFO	[2012-10-12 19:26:58:621] <10531> DeviId:9000400001
INFO	[2012-10-12 19:26:58:621] <10531> AuthYn:N
INFO	[2012-10-12 19:26:58:621] <10531> Instmt:
INFO	[2012-10-12 19:26:58:621] <10531> UserIp:211.48.34.44
INFO	[2012-10-12 19:26:58:621] <10531> partial_mm:
INFO	[2012-10-12 19:26:58:621] <10531> noIntMonth:
INFO	[2012-10-12 19:26:58:622] <10531> KVP_CURRENCY:
INFO	[2012-10-12 19:26:58:622] <10531> KVP_CARDCODE:
INFO	[2012-10-12 19:26:58:622] <10531> KVP_SESSIONKEY:
INFO	[2012-10-12 19:26:58:622] <10531> KVP_ENCDATA:
INFO	[2012-10-12 19:26:58:622] <10531> KVP_CONAME:
INFO	[2012-10-12 19:26:58:622] <10531> KVP_NOINT:
INFO	[2012-10-12 19:26:58:622] <10531> KVP_QUOTA:
INFO	[2012-10-12 19:26:58:622] <10531> CardNo:
INFO	[2012-10-12 19:26:58:622] <10531> MPI_CAVV:
INFO	[2012-10-12 19:26:58:622] <10531> MPI_ECI:
INFO	[2012-10-12 19:26:58:622] <10531> MPI_MD64:
INFO	[2012-10-12 19:26:58:622] <10531> ExpMon:
INFO	[2012-10-12 19:26:58:622] <10531> ExpYear:
INFO	[2012-10-12 19:26:58:622] <10531> Passwd:
INFO	[2012-10-12 19:26:58:622] <10531> SocId:
INFO	[2012-10-12 19:26:58:622] <10531> HP_SERVERINFO:
INFO	[2012-10-12 19:26:58:623] <10531> HP_HANDPHONE:
INFO	[2012-10-12 19:26:58:623] <10531> HP_COMPANY:
INFO	[2012-10-12 19:26:58:623] <10531> HP_ID:
INFO	[2012-10-12 19:26:58:623] <10531> HP_SUBID:
INFO	[2012-10-12 19:26:58:623] <10531> HP_UNITType:
INFO	[2012-10-12 19:26:58:623] <10531> HP_IDEN:
INFO	[2012-10-12 19:26:58:623] <10531> HP_IPADDR:
INFO	[2012-10-12 19:26:58:623] <10531> VIRTUAL_CENTERCD:03
INFO	[2012-10-12 19:26:58:623] <10531> VIRTUAL_DEPODT:20121017
INFO	[2012-10-12 19:26:58:623] <10531> ZuminCode:1212121234567
INFO	[2012-10-12 19:26:58:623] <10531> MallPage:/lovehlic/agspay_mobile/AGS_VirAcctResult.php;N;;178950;;
INFO	[2012-10-12 19:26:58:623] <10531> VIRTUAL_NO:13700002797091
INFO	[2012-10-12 19:26:58:623] <10531> ES_SENDNO:
INFO	[2012-10-12 19:26:58:623] <10531> Column1:상점정보입력1
INFO	[2012-10-12 19:26:58:623] <10531> Column2:상점정보입력2
INFO	[2012-10-12 19:26:58:623] <10531> Column3:상점정보입력3
INFO	[2012-10-12 19:26:58:624] <10531> Make NetCancel ID Start
INFO	[2012-10-12 19:26:58:624] <10531> AEGIS_VIR_yulabs79_20121012192658624292
INFO	[2012-10-12 19:26:58:624] <10531> Make NetCancel ID End
INFO	[2012-10-12 19:26:58:624] <10531> Make NetCancelID OK
INFO	[2012-10-12 19:26:58:624] <10531> Make Msg Start
INFO	[2012-10-12 19:26:58:624] <10531> virtual Make MSG OK 
INFO	[2012-10-12 19:26:58:624] <10531> Make Msg End
INFO	[2012-10-12 19:26:58:624] <10531> Make Pay Msg OK
INFO	[2012-10-12 19:26:58:624] <10531> Send & Recv Msg Start
INFO	[2012-10-12 19:26:58:624] <10531> Send Data To PG Start [ 
INFO	[2012-10-12 19:26:58:624] <10531> 0:000336Vvir_n
INFO	[2012-10-12 19:26:58:624] <10531> 1:yulabs79
INFO	[2012-10-12 19:26:58:624] <10531> 2:1000000193
INFO	[2012-10-12 19:26:58:624] <10531> 3:03
INFO	[2012-10-12 19:26:58:624] <10531> 4:13700002797091
INFO	[2012-10-12 19:26:58:624] <10531> 5:178950
INFO	[2012-10-12 19:26:58:624] <10531> 6:20121017
INFO	[2012-10-12 19:26:58:624] <10531> 7:윤체필
INFO	[2012-10-12 19:26:58:624] <10531> 8:1212121234567
INFO	[2012-10-12 19:26:58:624] <10531> 9:010-3366-8016
INFO	[2012-10-12 19:26:58:624] <10531> 10:z9roma@gmail.com
INFO	[2012-10-12 19:26:58:624] <10531> 11:서울 중구 충무로2가 라이온스빌딩
INFO	[2012-10-12 19:26:58:624] <10531> 12:유정환
INFO	[2012-10-12 19:26:58:624] <10531> 13:010-3366-8016
INFO	[2012-10-12 19:26:58:624] <10531> 14:제주 제주시 이도2동 제주시청 103
INFO	[2012-10-12 19:26:58:624] <10531> 15:체어맨 2박스
INFO	[2012-10-12 19:26:58:624] <10531> 16:
INFO	[2012-10-12 19:26:58:624] <10531> 17:http://www.scomdcom.com
INFO	[2012-10-12 19:26:58:624] <10531> 18:/lovehlic/agspay_mobile/AGS_VirAcctResult.php;N;;178950;;
INFO	[2012-10-12 19:26:58:624] <10531> 19:AEGIS_VIR_yulabs79_20121012192658624292
INFO	[2012-10-12 19:26:58:624] <10531> 20:
INFO	[2012-10-12 19:26:58:624] <10531> ] Send Data To PG End 
INFO	[2012-10-12 19:26:58:625] <10531> SendMsg : [000336Vvir_n|yulabs79|1000000193|03|13700002797091|178950|20121017|윤체필|1212121234567|010-3366-8016|z9roma@gmail.com|서울 중구 충무로2가 라이온스빌딩|유정환|010-3366-8016|제주 제주시 이도2동 제주시청 103|체어맨 2박스||http://www.scomdcom.com|/lovehlic/agspay_mobile/AGS_VirAcctResult.php;N;;178950;;|AEGIS_VIR_yulabs79_20121012192658624292|]
INFO	[2012-10-12 19:26:58:625] <10531> Connect IP:[220.85.12.3] Port:[29760]
INFO	[2012-10-12 19:26:58:630] <10531> Socket Open OK
INFO	[2012-10-12 19:26:58:993] <10531> RecvMsg Length : [000056]
INFO	[2012-10-12 19:26:58:993] <10531> RecvMsg : [vir_n|yulabs79|20121012192658|13700002797091|y|정상배포|]
INFO	[2012-10-12 19:26:58:993] <10531> Socket Close OK
INFO	[2012-10-12 19:26:58:993] <10531> RecvMsg Length Check OK
INFO	[2012-10-12 19:26:58:993] <10531> Send & Recv Msg End
INFO	[2012-10-12 19:26:58:993] <10531> Send & Recv Msg OK
INFO	[2012-10-12 19:26:58:993] <10531> Parse Msg Start
INFO	[2012-10-12 19:26:58:993] <10531> virtual RECV MSG Parsing OK 
INFO	[2012-10-12 19:26:58:993] <10531> Parse Msg End
INFO	[2012-10-12 19:26:58:993] <10531> Msg Parsing OK
INFO	[2012-10-12 19:26:58:994] <10531> virtual Pay Result Value [
INFO	[2012-10-12 19:26:58:994] <10531> NetCancID:AEGIS_VIR_yulabs79_20121012192658624292
INFO	[2012-10-12 19:26:58:994] <10531> rAuthTy:vir_n
INFO	[2012-10-12 19:26:58:994] <10531> rStoreId:yulabs79
INFO	[2012-10-12 19:26:58:994] <10531> rApprTm:20121012192658
INFO	[2012-10-12 19:26:58:994] <10531> rVirNo:13700002797091
INFO	[2012-10-12 19:26:58:994] <10531> rSuccYn:y
INFO	[2012-10-12 19:26:58:994] <10531> rResMsg:정상배포
INFO	[2012-10-12 19:26:58:994] <10531> rOrdNo:1000000193
INFO	[2012-10-12 19:26:58:994] <10531> rProdNm:체어맨 2박스
INFO	[2012-10-12 19:26:58:994] <10531> rAmt:178950
INFO	[2012-10-12 19:26:58:994] <10531> ]
INFO	[2012-10-12 19:26:58:994] <10531> END  정상배포 Transaction time:[0.375sec]
INFO	[2012-10-12 19:26:58:994] <10531> ===============================================================
INFO	[2012-10-12 19:37:36:790] <10516> ===============================================================
INFO	[2012-10-12 19:37:36:790] <10516> START AgsPay40 php (OS:Linux2.6.18-238.9.1.el5xen,PHP:5.2.17)
INFO	[2012-10-12 19:37:36:790] <10516> virtual Pay Start!
INFO	[2012-10-12 19:37:36:790] <10516> AgsPayHome:/mnt/DATA/WWW/scomdcom.com/loveholic/agspay_mobile/
INFO	[2012-10-12 19:37:36:790] <10516> StoreId:yulabs79
INFO	[2012-10-12 19:37:36:790] <10516> log:true
INFO	[2012-10-12 19:37:36:790] <10516> logLevel:INFO
INFO	[2012-10-12 19:37:36:790] <10516> UseNetCancel:true
INFO	[2012-10-12 19:37:36:791] <10516> Type:Pay
INFO	[2012-10-12 19:37:36:791] <10516> RecvLen:7
INFO	[2012-10-12 19:37:36:791] <10516> AuthTy:virtual
INFO	[2012-10-12 19:37:36:791] <10516> SubTy:
INFO	[2012-10-12 19:37:36:791] <10516> OrdNo:1000000194
INFO	[2012-10-12 19:37:36:791] <10516> Amt:18050
INFO	[2012-10-12 19:37:36:791] <10516> UserEmail:z8roma@gmail.com
INFO	[2012-10-12 19:37:36:791] <10516> ProdNm:크리스탈
INFO	[2012-10-12 19:37:36:791] <10516> MallUrl:http://www.scomdcom.com
INFO	[2012-10-12 19:37:36:791] <10516> UserId:
INFO	[2012-10-12 19:37:36:791] <10516> OrdNm:윤체필
INFO	[2012-10-12 19:37:36:791] <10516> OrdPhone:010-3366-8016
INFO	[2012-10-12 19:37:36:791] <10516> OrdAddr:서울 중구 충무로2가 라이온스빌딩
INFO	[2012-10-12 19:37:36:791] <10516> RcpNm:유정환
INFO	[2012-10-12 19:37:36:791] <10516> RcpPhone:010-3366-8016
INFO	[2012-10-12 19:37:36:791] <10516> DlvAddr:제주 제주시 이도2동 제주시청 103
INFO	[2012-10-12 19:37:36:791] <10516> Remark:
INFO	[2012-10-12 19:37:36:792] <10516> DeviId:9000400001
INFO	[2012-10-12 19:37:36:792] <10516> AuthYn:N
INFO	[2012-10-12 19:37:36:792] <10516> Instmt:
INFO	[2012-10-12 19:37:36:792] <10516> UserIp:211.48.34.44
INFO	[2012-10-12 19:37:36:792] <10516> partial_mm:
INFO	[2012-10-12 19:37:36:792] <10516> noIntMonth:
INFO	[2012-10-12 19:37:36:792] <10516> KVP_CURRENCY:
INFO	[2012-10-12 19:37:36:792] <10516> KVP_CARDCODE:
INFO	[2012-10-12 19:37:36:792] <10516> KVP_SESSIONKEY:
INFO	[2012-10-12 19:37:36:792] <10516> KVP_ENCDATA:
INFO	[2012-10-12 19:37:36:792] <10516> KVP_CONAME:
INFO	[2012-10-12 19:37:36:792] <10516> KVP_NOINT:
INFO	[2012-10-12 19:37:36:792] <10516> KVP_QUOTA:
INFO	[2012-10-12 19:37:36:792] <10516> CardNo:
INFO	[2012-10-12 19:37:36:792] <10516> MPI_CAVV:
INFO	[2012-10-12 19:37:36:793] <10516> MPI_ECI:
INFO	[2012-10-12 19:37:36:793] <10516> MPI_MD64:
INFO	[2012-10-12 19:37:36:793] <10516> ExpMon:
INFO	[2012-10-12 19:37:36:793] <10516> ExpYear:
INFO	[2012-10-12 19:37:36:793] <10516> Passwd:
INFO	[2012-10-12 19:37:36:793] <10516> SocId:
INFO	[2012-10-12 19:37:36:793] <10516> HP_SERVERINFO:
INFO	[2012-10-12 19:37:36:793] <10516> HP_HANDPHONE:
INFO	[2012-10-12 19:37:36:793] <10516> HP_COMPANY:
INFO	[2012-10-12 19:37:36:793] <10516> HP_ID:
INFO	[2012-10-12 19:37:36:793] <10516> HP_SUBID:
INFO	[2012-10-12 19:37:36:793] <10516> HP_UNITType:
INFO	[2012-10-12 19:37:36:793] <10516> HP_IDEN:
INFO	[2012-10-12 19:37:36:793] <10516> HP_IPADDR:
INFO	[2012-10-12 19:37:36:793] <10516> VIRTUAL_CENTERCD:04
INFO	[2012-10-12 19:37:36:793] <10516> VIRTUAL_DEPODT:20121017
INFO	[2012-10-12 19:37:36:794] <10516> ZuminCode:1212121234567
INFO	[2012-10-12 19:37:36:794] <10516> MallPage:/lovehlic/agspay_mobile/AGS_VirAcctResult.php;N;;18050;;
INFO	[2012-10-12 19:37:36:794] <10516> VIRTUAL_NO:87039012930320
INFO	[2012-10-12 19:37:36:794] <10516> ES_SENDNO:
INFO	[2012-10-12 19:37:36:794] <10516> Column1:상점정보입력1
INFO	[2012-10-12 19:37:36:794] <10516> Column2:상점정보입력2
INFO	[2012-10-12 19:37:36:794] <10516> Column3:상점정보입력3
INFO	[2012-10-12 19:37:36:794] <10516> Make NetCancel ID Start
INFO	[2012-10-12 19:37:36:794] <10516> AEGIS_VIR_yulabs79_20121012193736794460
INFO	[2012-10-12 19:37:36:794] <10516> Make NetCancel ID End
INFO	[2012-10-12 19:37:36:794] <10516> Make NetCancelID OK
INFO	[2012-10-12 19:37:36:794] <10516> Make Msg Start
INFO	[2012-10-12 19:37:36:795] <10516> virtual Make MSG OK 
INFO	[2012-10-12 19:37:36:795] <10516> Make Msg End
INFO	[2012-10-12 19:37:36:795] <10516> Make Pay Msg OK
INFO	[2012-10-12 19:37:36:795] <10516> Send & Recv Msg Start
INFO	[2012-10-12 19:37:36:795] <10516> Send Data To PG Start [ 
INFO	[2012-10-12 19:37:36:795] <10516> 0:000330Vvir_n
INFO	[2012-10-12 19:37:36:795] <10516> 1:yulabs79
INFO	[2012-10-12 19:37:36:795] <10516> 2:1000000194
INFO	[2012-10-12 19:37:36:795] <10516> 3:04
INFO	[2012-10-12 19:37:36:795] <10516> 4:87039012930320
INFO	[2012-10-12 19:37:36:795] <10516> 5:18050
INFO	[2012-10-12 19:37:36:795] <10516> 6:20121017
INFO	[2012-10-12 19:37:36:795] <10516> 7:윤체필
INFO	[2012-10-12 19:37:36:795] <10516> 8:1212121234567
INFO	[2012-10-12 19:37:36:795] <10516> 9:010-3366-8016
INFO	[2012-10-12 19:37:36:795] <10516> 10:z8roma@gmail.com
INFO	[2012-10-12 19:37:36:795] <10516> 11:서울 중구 충무로2가 라이온스빌딩
INFO	[2012-10-12 19:37:36:795] <10516> 12:유정환
INFO	[2012-10-12 19:37:36:795] <10516> 13:010-3366-8016
INFO	[2012-10-12 19:37:36:795] <10516> 14:제주 제주시 이도2동 제주시청 103
INFO	[2012-10-12 19:37:36:795] <10516> 15:크리스탈
INFO	[2012-10-12 19:37:36:795] <10516> 16:
INFO	[2012-10-12 19:37:36:795] <10516> 17:http://www.scomdcom.com
INFO	[2012-10-12 19:37:36:795] <10516> 18:/lovehlic/agspay_mobile/AGS_VirAcctResult.php;N;;18050;;
INFO	[2012-10-12 19:37:36:795] <10516> 19:AEGIS_VIR_yulabs79_20121012193736794460
INFO	[2012-10-12 19:37:36:795] <10516> 20:
INFO	[2012-10-12 19:37:36:795] <10516> ] Send Data To PG End 
INFO	[2012-10-12 19:37:36:795] <10516> SendMsg : [000330Vvir_n|yulabs79|1000000194|04|87039012930320|18050|20121017|윤체필|1212121234567|010-3366-8016|z8roma@gmail.com|서울 중구 충무로2가 라이온스빌딩|유정환|010-3366-8016|제주 제주시 이도2동 제주시청 103|크리스탈||http://www.scomdcom.com|/lovehlic/agspay_mobile/AGS_VirAcctResult.php;N;;18050;;|AEGIS_VIR_yulabs79_20121012193736794460|]
INFO	[2012-10-12 19:37:36:795] <10516> Connect IP:[220.85.12.3] Port:[29760]
INFO	[2012-10-12 19:37:36:801] <10516> Socket Open OK
INFO	[2012-10-12 19:37:37:137] <10516> RecvMsg Length : [000056]
INFO	[2012-10-12 19:37:37:137] <10516> RecvMsg : [vir_n|yulabs79|20121012193736|87039012930320|y|정상배포|]
INFO	[2012-10-12 19:37:37:137] <10516> Socket Close OK
INFO	[2012-10-12 19:37:37:137] <10516> RecvMsg Length Check OK
INFO	[2012-10-12 19:37:37:137] <10516> Send & Recv Msg End
INFO	[2012-10-12 19:37:37:137] <10516> Send & Recv Msg OK
INFO	[2012-10-12 19:37:37:137] <10516> Parse Msg Start
INFO	[2012-10-12 19:37:37:137] <10516> virtual RECV MSG Parsing OK 
INFO	[2012-10-12 19:37:37:137] <10516> Parse Msg End
INFO	[2012-10-12 19:37:37:137] <10516> Msg Parsing OK
INFO	[2012-10-12 19:37:37:137] <10516> virtual Pay Result Value [
INFO	[2012-10-12 19:37:37:138] <10516> NetCancID:AEGIS_VIR_yulabs79_20121012193736794460
INFO	[2012-10-12 19:37:37:138] <10516> rAuthTy:vir_n
INFO	[2012-10-12 19:37:37:138] <10516> rStoreId:yulabs79
INFO	[2012-10-12 19:37:37:138] <10516> rApprTm:20121012193736
INFO	[2012-10-12 19:37:37:138] <10516> rVirNo:87039012930320
INFO	[2012-10-12 19:37:37:138] <10516> rSuccYn:y
INFO	[2012-10-12 19:37:37:138] <10516> rResMsg:정상배포
INFO	[2012-10-12 19:37:37:138] <10516> rOrdNo:1000000194
INFO	[2012-10-12 19:37:37:138] <10516> rProdNm:크리스탈
INFO	[2012-10-12 19:37:37:138] <10516> rAmt:18050
INFO	[2012-10-12 19:37:37:138] <10516> ]
INFO	[2012-10-12 19:37:37:138] <10516> END  정상배포 Transaction time:[0.349sec]
INFO	[2012-10-12 19:37:37:138] <10516> ===============================================================
