INFO	[2012-08-29 10:18:26:762] <12733> ===============================================================
INFO	[2012-08-29 10:18:26:762] <12733> START AgsPay40 php (OS:Darwin12.0.0,PHP:5.3.5)
INFO	[2012-08-29 10:18:26:762] <12733> card Pay Start!
INFO	[2012-08-29 10:18:26:762] <12733> AgsPayHome:/Applications/MAMP/htdocs/ko/application/logs
INFO	[2012-08-29 10:18:26:762] <12733> StoreId:aegis
INFO	[2012-08-29 10:18:26:762] <12733> log:true
INFO	[2012-08-29 10:18:26:762] <12733> logLevel:INFO
INFO	[2012-08-29 10:18:26:762] <12733> UseNetCancel:true
INFO	[2012-08-29 10:18:26:762] <12733> Type:Pay
INFO	[2012-08-29 10:18:26:762] <12733> RecvLen:7
INFO	[2012-08-29 10:18:26:762] <12733> AuthTy:card
INFO	[2012-08-29 10:18:26:762] <12733> SubTy:visa3d
INFO	[2012-08-29 10:18:26:762] <12733> OrdNo:1000000001
INFO	[2012-08-29 10:18:26:762] <12733> Amt:1000
INFO	[2012-08-29 10:18:26:762] <12733> UserEmail:test@test.com
INFO	[2012-08-29 10:18:26:762] <12733> ProdNm:
INFO	[2012-08-29 10:18:26:762] <12733> MallUrl:http://www.allthegate.com
INFO	[2012-08-29 10:18:26:762] <12733> UserId:test
INFO	[2012-08-29 10:18:26:762] <12733> OrdNm:
INFO	[2012-08-29 10:18:26:762] <12733> OrdPhone:02-111-1111
INFO	[2012-08-29 10:18:26:762] <12733> OrdAddr:
INFO	[2012-08-29 10:18:26:762] <12733> RcpNm:
INFO	[2012-08-29 10:18:26:762] <12733> RcpPhone:02-111-1111
INFO	[2012-08-29 10:18:26:762] <12733> DlvAddr:
INFO	[2012-08-29 10:18:26:762] <12733> Remark:
INFO	[2012-08-29 10:18:26:762] <12733> DeviId:9000400001
INFO	[2012-08-29 10:18:26:762] <12733> AuthYn:N;211.48.34.44;N;;1000;;null;;;
INFO	[2012-08-29 10:18:26:762] <12733> Instmt:00
INFO	[2012-08-29 10:18:26:762] <12733> UserIp:192.168.0.1
INFO	[2012-08-29 10:18:26:762] <12733> partial_mm:
INFO	[2012-08-29 10:18:26:762] <12733> noIntMonth:
INFO	[2012-08-29 10:18:26:762] <12733> KVP_CURRENCY:WON
INFO	[2012-08-29 10:18:26:762] <12733> KVP_CARDCODE:
INFO	[2012-08-29 10:18:26:762] <12733> KVP_SESSIONKEY:
INFO	[2012-08-29 10:18:26:762] <12733> KVP_ENCDATA:
INFO	[2012-08-29 10:18:26:763] <12733> KVP_CONAME:
INFO	[2012-08-29 10:18:26:763] <12733> KVP_NOINT:
INFO	[2012-08-29 10:18:26:763] <12733> KVP_QUOTA:
INFO	[2012-08-29 10:18:26:763] <12733> CardNo:4374360069657003
INFO	[2012-08-29 10:18:26:763] <12733> MPI_CAVV:AAABCYV1CSASCCkQF3UJAAAAAAA=
INFO	[2012-08-29 10:18:26:763] <12733> MPI_ECI:05
INFO	[2012-08-29 10:18:26:763] <12733> MPI_MD64:MjAxMjA4MjkxMDE3MjM5MzMxMDY=
INFO	[2012-08-29 10:18:26:763] <12733> ExpMon:12
INFO	[2012-08-29 10:18:26:763] <12733> ExpYear:2049
INFO	[2012-08-29 10:18:26:763] <12733> Passwd:
INFO	[2012-08-29 10:18:26:763] <12733> SocId:
INFO	[2012-08-29 10:18:26:763] <12733> ICHE_OUTBANKNAME:
INFO	[2012-08-29 10:18:26:763] <12733> ICHE_OUTACCTNO:
INFO	[2012-08-29 10:18:26:763] <12733> ICHE_OUTBANKMASTER:
INFO	[2012-08-29 10:18:26:763] <12733> ICHE_AMOUNT:
INFO	[2012-08-29 10:18:26:763] <12733> HP_SERVERINFO:
INFO	[2012-08-29 10:18:26:763] <12733> HP_HANDPHONE:
INFO	[2012-08-29 10:18:26:763] <12733> HP_COMPANY:
INFO	[2012-08-29 10:18:26:763] <12733> HP_ID:
INFO	[2012-08-29 10:18:26:763] <12733> HP_SUBID:
INFO	[2012-08-29 10:18:26:763] <12733> HP_UNITType:1
INFO	[2012-08-29 10:18:26:763] <12733> HP_IDEN:
INFO	[2012-08-29 10:18:26:763] <12733> HP_IPADDR:
INFO	[2012-08-29 10:18:26:763] <12733> ARS_NAME:
INFO	[2012-08-29 10:18:26:763] <12733> ARS_PHONE:
INFO	[2012-08-29 10:18:26:763] <12733> VIRTUAL_CENTERCD:99
INFO	[2012-08-29 10:18:26:763] <12733> VIRTUAL_DEPODT:
INFO	[2012-08-29 10:18:26:763] <12733> ZuminCode:
INFO	[2012-08-29 10:18:26:763] <12733> MallPage:/mall/AGS_VirAcctResult.php
INFO	[2012-08-29 10:18:26:763] <12733> VIRTUAL_NO:
INFO	[2012-08-29 10:18:26:763] <12733> ES_SENDNO:
INFO	[2012-08-29 10:18:26:763] <12733> ICHE_SOCKETYN:Y
INFO	[2012-08-29 10:18:26:763] <12733> ICHE_POSMTID:
INFO	[2012-08-29 10:18:26:763] <12733> ICHE_FNBCMTID:
INFO	[2012-08-29 10:18:26:763] <12733> ICHE_APTRTS:
INFO	[2012-08-29 10:18:26:763] <12733> ICHE_REMARK1:
INFO	[2012-08-29 10:18:26:764] <12733> ICHE_REMARK2:
INFO	[2012-08-29 10:18:26:764] <12733> ICHE_ECWYN:
INFO	[2012-08-29 10:18:26:764] <12733> ICHE_ECWID:
INFO	[2012-08-29 10:18:26:764] <12733> ICHE_ECWAMT1:
INFO	[2012-08-29 10:18:26:764] <12733> ICHE_ECWAMT2:
INFO	[2012-08-29 10:18:26:764] <12733> ICHE_CASHYN:N
INFO	[2012-08-29 10:18:26:764] <12733> ICHE_CASHGUBUN_CD:
INFO	[2012-08-29 10:18:26:764] <12733> ICHE_CASHID_NO:
INFO	[2012-08-29 10:18:26:764] <12733> ICHEARS_SOCKETYN:Y
INFO	[2012-08-29 10:18:26:764] <12733> ICHEARS_ADMNO:
INFO	[2012-08-29 10:18:26:764] <12733> ICHEARS_POSMTID:
INFO	[2012-08-29 10:18:26:764] <12733> ICHEARS_CENTERCD:
INFO	[2012-08-29 10:18:26:764] <12733> ICHEARS_HPNO:
INFO	[2012-08-29 10:18:26:764] <12733> card Pay Result Value [
INFO	[2012-08-29 10:18:26:764] <12733> rSuccYn:n
INFO	[2012-08-29 10:18:26:764] <12733> rResMsg:상품명 입력여부 확인요망 <br>
INFO	[2012-08-29 10:18:26:764] <12733> ]
INFO	[2012-08-29 10:18:26:764] <12733> END   Transaction time:[0.004sec]
INFO	[2012-08-29 10:18:26:764] <12733> ===============================================================
INFO	[2012-08-29 10:22:08:94] <12732> ===============================================================
INFO	[2012-08-29 10:22:08:94] <12732> START AgsPay40 php (OS:Darwin12.0.0,PHP:5.3.5)
INFO	[2012-08-29 10:22:08:94] <12732> card Pay Start!
INFO	[2012-08-29 10:22:08:94] <12732> AgsPayHome:/Applications/MAMP/htdocs/ko/application/logs
INFO	[2012-08-29 10:22:08:94] <12732> StoreId:aegis
INFO	[2012-08-29 10:22:08:94] <12732> log:true
INFO	[2012-08-29 10:22:08:94] <12732> logLevel:INFO
INFO	[2012-08-29 10:22:08:94] <12732> UseNetCancel:true
INFO	[2012-08-29 10:22:08:94] <12732> Type:Pay
INFO	[2012-08-29 10:22:08:94] <12732> RecvLen:7
INFO	[2012-08-29 10:22:08:94] <12732> AuthTy:card
INFO	[2012-08-29 10:22:08:94] <12732> SubTy:visa3d
INFO	[2012-08-29 10:22:08:94] <12732> OrdNo:1000000001
INFO	[2012-08-29 10:22:08:94] <12732> Amt:1000
INFO	[2012-08-29 10:22:08:94] <12732> UserEmail:test@test.com
INFO	[2012-08-29 10:22:08:94] <12732> ProdNm:
INFO	[2012-08-29 10:22:08:94] <12732> MallUrl:http://www.allthegate.com
INFO	[2012-08-29 10:22:08:94] <12732> UserId:test
INFO	[2012-08-29 10:22:08:94] <12732> OrdNm:
INFO	[2012-08-29 10:22:08:94] <12732> OrdPhone:02-111-1111
INFO	[2012-08-29 10:22:08:94] <12732> OrdAddr:
INFO	[2012-08-29 10:22:08:94] <12732> RcpNm:
INFO	[2012-08-29 10:22:08:94] <12732> RcpPhone:02-111-1111
INFO	[2012-08-29 10:22:08:94] <12732> DlvAddr:
INFO	[2012-08-29 10:22:08:95] <12732> Remark:
INFO	[2012-08-29 10:22:08:95] <12732> DeviId:9000400001
INFO	[2012-08-29 10:22:08:95] <12732> AuthYn:N;211.48.34.44;N;;1000;;null;;;
INFO	[2012-08-29 10:22:08:95] <12732> Instmt:00
INFO	[2012-08-29 10:22:08:95] <12732> UserIp:192.168.0.1
INFO	[2012-08-29 10:22:08:95] <12732> partial_mm:
INFO	[2012-08-29 10:22:08:95] <12732> noIntMonth:
INFO	[2012-08-29 10:22:08:95] <12732> KVP_CURRENCY:WON
INFO	[2012-08-29 10:22:08:95] <12732> KVP_CARDCODE:
INFO	[2012-08-29 10:22:08:95] <12732> KVP_SESSIONKEY:
INFO	[2012-08-29 10:22:08:95] <12732> KVP_ENCDATA:
INFO	[2012-08-29 10:22:08:95] <12732> KVP_CONAME:
INFO	[2012-08-29 10:22:08:95] <12732> KVP_NOINT:
INFO	[2012-08-29 10:22:08:95] <12732> KVP_QUOTA:
INFO	[2012-08-29 10:22:08:95] <12732> CardNo:4374360069657003
INFO	[2012-08-29 10:22:08:95] <12732> MPI_CAVV:AAABBIERdCASCCkQIhF0AAAAAAA=
INFO	[2012-08-29 10:22:08:95] <12732> MPI_ECI:05
INFO	[2012-08-29 10:22:08:95] <12732> MPI_MD64:MjAxMjA4MjkxMDIxMzgyNjcxMDY=
INFO	[2012-08-29 10:22:08:95] <12732> ExpMon:12
INFO	[2012-08-29 10:22:08:95] <12732> ExpYear:2049
INFO	[2012-08-29 10:22:08:95] <12732> Passwd:
INFO	[2012-08-29 10:22:08:95] <12732> SocId:
INFO	[2012-08-29 10:22:08:95] <12732> ICHE_OUTBANKNAME:
INFO	[2012-08-29 10:22:08:95] <12732> ICHE_OUTACCTNO:
INFO	[2012-08-29 10:22:08:95] <12732> ICHE_OUTBANKMASTER:
INFO	[2012-08-29 10:22:08:95] <12732> ICHE_AMOUNT:
INFO	[2012-08-29 10:22:08:95] <12732> HP_SERVERINFO:
INFO	[2012-08-29 10:22:08:95] <12732> HP_HANDPHONE:
INFO	[2012-08-29 10:22:08:95] <12732> HP_COMPANY:
INFO	[2012-08-29 10:22:08:95] <12732> HP_ID:
INFO	[2012-08-29 10:22:08:97] <12732> HP_SUBID:
INFO	[2012-08-29 10:22:08:97] <12732> HP_UNITType:1
INFO	[2012-08-29 10:22:08:97] <12732> HP_IDEN:
INFO	[2012-08-29 10:22:08:97] <12732> HP_IPADDR:
INFO	[2012-08-29 10:22:08:97] <12732> ARS_NAME:
INFO	[2012-08-29 10:22:08:97] <12732> ARS_PHONE:
INFO	[2012-08-29 10:22:08:97] <12732> VIRTUAL_CENTERCD:99
INFO	[2012-08-29 10:22:08:97] <12732> VIRTUAL_DEPODT:
INFO	[2012-08-29 10:22:08:97] <12732> ZuminCode:
INFO	[2012-08-29 10:22:08:97] <12732> MallPage:/mall/AGS_VirAcctResult.php
INFO	[2012-08-29 10:22:08:97] <12732> VIRTUAL_NO:
INFO	[2012-08-29 10:22:08:97] <12732> ES_SENDNO:
INFO	[2012-08-29 10:22:08:97] <12732> ICHE_SOCKETYN:Y
INFO	[2012-08-29 10:22:08:97] <12732> ICHE_POSMTID:
INFO	[2012-08-29 10:22:08:97] <12732> ICHE_FNBCMTID:
INFO	[2012-08-29 10:22:08:97] <12732> ICHE_APTRTS:
INFO	[2012-08-29 10:22:08:97] <12732> ICHE_REMARK1:
INFO	[2012-08-29 10:22:08:97] <12732> ICHE_REMARK2:
INFO	[2012-08-29 10:22:08:97] <12732> ICHE_ECWYN:
INFO	[2012-08-29 10:22:08:97] <12732> ICHE_ECWID:
INFO	[2012-08-29 10:22:08:97] <12732> ICHE_ECWAMT1:
INFO	[2012-08-29 10:22:08:97] <12732> ICHE_ECWAMT2:
INFO	[2012-08-29 10:22:08:97] <12732> ICHE_CASHYN:N
INFO	[2012-08-29 10:22:08:97] <12732> ICHE_CASHGUBUN_CD:
INFO	[2012-08-29 10:22:08:97] <12732> ICHE_CASHID_NO:
INFO	[2012-08-29 10:22:08:98] <12732> ICHEARS_SOCKETYN:Y
INFO	[2012-08-29 10:22:08:98] <12732> ICHEARS_ADMNO:
INFO	[2012-08-29 10:22:08:98] <12732> ICHEARS_POSMTID:
INFO	[2012-08-29 10:22:08:98] <12732> ICHEARS_CENTERCD:
INFO	[2012-08-29 10:22:08:98] <12732> ICHEARS_HPNO:
INFO	[2012-08-29 10:22:08:98] <12732> card Pay Result Value [
INFO	[2012-08-29 10:22:08:98] <12732> rSuccYn:n
INFO	[2012-08-29 10:22:08:98] <12732> rResMsg:상품명 입력여부 확인요망 <br>
INFO	[2012-08-29 10:22:08:98] <12732> ]
INFO	[2012-08-29 10:22:08:98] <12732> END   Transaction time:[0.004sec]
INFO	[2012-08-29 10:22:08:98] <12732> ===============================================================
INFO	[2012-08-29 10:24:31:980] <12713> ===============================================================
INFO	[2012-08-29 10:24:31:980] <12713> START AgsPay40 php (OS:Darwin12.0.0,PHP:5.3.5)
INFO	[2012-08-29 10:24:31:980] <12713> card Pay Start!
INFO	[2012-08-29 10:24:31:980] <12713> AgsPayHome:/Applications/MAMP/htdocs/ko/application/logs
INFO	[2012-08-29 10:24:31:980] <12713> StoreId:aegis
INFO	[2012-08-29 10:24:31:980] <12713> log:true
INFO	[2012-08-29 10:24:31:980] <12713> logLevel:INFO
INFO	[2012-08-29 10:24:31:980] <12713> UseNetCancel:true
INFO	[2012-08-29 10:24:31:980] <12713> Type:Pay
INFO	[2012-08-29 10:24:31:980] <12713> RecvLen:7
INFO	[2012-08-29 10:24:31:980] <12713> AuthTy:card
INFO	[2012-08-29 10:24:31:980] <12713> SubTy:visa3d
INFO	[2012-08-29 10:24:31:980] <12713> OrdNo:1000000001
INFO	[2012-08-29 10:24:31:980] <12713> Amt:1000
INFO	[2012-08-29 10:24:31:980] <12713> UserEmail:test@test.com
INFO	[2012-08-29 10:24:31:980] <12713> ProdNm:
INFO	[2012-08-29 10:24:31:980] <12713> MallUrl:http://www.allthegate.com
INFO	[2012-08-29 10:24:31:980] <12713> UserId:test
INFO	[2012-08-29 10:24:31:980] <12713> OrdNm:
INFO	[2012-08-29 10:24:31:980] <12713> OrdPhone:02-111-1111
INFO	[2012-08-29 10:24:31:980] <12713> OrdAddr:
INFO	[2012-08-29 10:24:31:980] <12713> RcpNm:
INFO	[2012-08-29 10:24:31:980] <12713> RcpPhone:02-111-1111
INFO	[2012-08-29 10:24:31:980] <12713> DlvAddr:
INFO	[2012-08-29 10:24:31:980] <12713> Remark:
INFO	[2012-08-29 10:24:31:980] <12713> DeviId:9000400001
INFO	[2012-08-29 10:24:31:980] <12713> AuthYn:N;211.48.34.44;N;;1000;;null;;;
INFO	[2012-08-29 10:24:31:980] <12713> Instmt:00
INFO	[2012-08-29 10:24:31:980] <12713> UserIp:192.168.0.1
INFO	[2012-08-29 10:24:31:980] <12713> partial_mm:
INFO	[2012-08-29 10:24:31:980] <12713> noIntMonth:
INFO	[2012-08-29 10:24:31:980] <12713> KVP_CURRENCY:WON
INFO	[2012-08-29 10:24:31:980] <12713> KVP_CARDCODE:
INFO	[2012-08-29 10:24:31:980] <12713> KVP_SESSIONKEY:
INFO	[2012-08-29 10:24:31:981] <12713> KVP_ENCDATA:
INFO	[2012-08-29 10:24:31:981] <12713> KVP_CONAME:
INFO	[2012-08-29 10:24:31:981] <12713> KVP_NOINT:
INFO	[2012-08-29 10:24:31:981] <12713> KVP_QUOTA:
INFO	[2012-08-29 10:24:31:981] <12713> CardNo:4374360069657003
INFO	[2012-08-29 10:24:31:981] <12713> MPI_CAVV:AAABBIERdCASCCkQIhF0AAAAAAA=
INFO	[2012-08-29 10:24:31:981] <12713> MPI_ECI:05
INFO	[2012-08-29 10:24:31:981] <12713> MPI_MD64:MjAxMjA4MjkxMDIxMzgyNjcxMDY=
INFO	[2012-08-29 10:24:31:981] <12713> ExpMon:12
INFO	[2012-08-29 10:24:31:981] <12713> ExpYear:2049
INFO	[2012-08-29 10:24:31:981] <12713> Passwd:
INFO	[2012-08-29 10:24:31:981] <12713> SocId:
INFO	[2012-08-29 10:24:31:981] <12713> ICHE_OUTBANKNAME:
INFO	[2012-08-29 10:24:31:981] <12713> ICHE_OUTACCTNO:
INFO	[2012-08-29 10:24:31:981] <12713> ICHE_OUTBANKMASTER:
INFO	[2012-08-29 10:24:31:981] <12713> ICHE_AMOUNT:
INFO	[2012-08-29 10:24:31:981] <12713> HP_SERVERINFO:
INFO	[2012-08-29 10:24:31:981] <12713> HP_HANDPHONE:
INFO	[2012-08-29 10:24:31:981] <12713> HP_COMPANY:
INFO	[2012-08-29 10:24:31:981] <12713> HP_ID:
INFO	[2012-08-29 10:24:31:981] <12713> HP_SUBID:
INFO	[2012-08-29 10:24:31:981] <12713> HP_UNITType:1
INFO	[2012-08-29 10:24:31:981] <12713> HP_IDEN:
INFO	[2012-08-29 10:24:31:981] <12713> HP_IPADDR:
INFO	[2012-08-29 10:24:31:981] <12713> ARS_NAME:
INFO	[2012-08-29 10:24:31:981] <12713> ARS_PHONE:
INFO	[2012-08-29 10:24:31:981] <12713> VIRTUAL_CENTERCD:99
INFO	[2012-08-29 10:24:31:981] <12713> VIRTUAL_DEPODT:
INFO	[2012-08-29 10:24:31:981] <12713> ZuminCode:
INFO	[2012-08-29 10:24:31:981] <12713> MallPage:/mall/AGS_VirAcctResult.php
INFO	[2012-08-29 10:24:31:981] <12713> VIRTUAL_NO:
INFO	[2012-08-29 10:24:31:981] <12713> ES_SENDNO:
INFO	[2012-08-29 10:24:31:981] <12713> ICHE_SOCKETYN:Y
INFO	[2012-08-29 10:24:31:981] <12713> ICHE_POSMTID:
INFO	[2012-08-29 10:24:31:981] <12713> ICHE_FNBCMTID:
INFO	[2012-08-29 10:24:31:981] <12713> ICHE_APTRTS:
INFO	[2012-08-29 10:24:31:981] <12713> ICHE_REMARK1:
INFO	[2012-08-29 10:24:31:981] <12713> ICHE_REMARK2:
INFO	[2012-08-29 10:24:31:981] <12713> ICHE_ECWYN:
INFO	[2012-08-29 10:24:31:982] <12713> ICHE_ECWID:
INFO	[2012-08-29 10:24:31:982] <12713> ICHE_ECWAMT1:
INFO	[2012-08-29 10:24:31:982] <12713> ICHE_ECWAMT2:
INFO	[2012-08-29 10:24:31:982] <12713> ICHE_CASHYN:N
INFO	[2012-08-29 10:24:31:982] <12713> ICHE_CASHGUBUN_CD:
INFO	[2012-08-29 10:24:31:982] <12713> ICHE_CASHID_NO:
INFO	[2012-08-29 10:24:31:982] <12713> ICHEARS_SOCKETYN:Y
INFO	[2012-08-29 10:24:31:982] <12713> ICHEARS_ADMNO:
INFO	[2012-08-29 10:24:31:982] <12713> ICHEARS_POSMTID:
INFO	[2012-08-29 10:24:31:982] <12713> ICHEARS_CENTERCD:
INFO	[2012-08-29 10:24:31:982] <12713> ICHEARS_HPNO:
INFO	[2012-08-29 10:24:31:982] <12713> card Pay Result Value [
INFO	[2012-08-29 10:24:31:982] <12713> rSuccYn:n
INFO	[2012-08-29 10:24:31:982] <12713> rResMsg:상품명 입력여부 확인요망 <br>
INFO	[2012-08-29 10:24:31:982] <12713> ]
INFO	[2012-08-29 10:24:31:982] <12713> END   Transaction time:[0.002sec]
INFO	[2012-08-29 10:24:31:982] <12713> ===============================================================
INFO	[2012-08-29 10:27:09:284] <22230> ===============================================================
INFO	[2012-08-29 10:27:09:284] <22230> START AgsPay40 php (OS:Darwin12.0.0,PHP:5.3.5)
INFO	[2012-08-29 10:27:09:284] <22230> card Pay Start!
INFO	[2012-08-29 10:27:09:284] <22230> AgsPayHome:/Applications/MAMP/htdocs/ko/application/logs
INFO	[2012-08-29 10:27:09:284] <22230> StoreId:aegis
INFO	[2012-08-29 10:27:09:284] <22230> log:true
INFO	[2012-08-29 10:27:09:284] <22230> logLevel:INFO
INFO	[2012-08-29 10:27:09:284] <22230> UseNetCancel:true
INFO	[2012-08-29 10:27:09:284] <22230> Type:Pay
INFO	[2012-08-29 10:27:09:284] <22230> RecvLen:7
INFO	[2012-08-29 10:27:09:284] <22230> AuthTy:card
INFO	[2012-08-29 10:27:09:284] <22230> SubTy:visa3d
INFO	[2012-08-29 10:27:09:284] <22230> OrdNo:1000000001
INFO	[2012-08-29 10:27:09:284] <22230> Amt:1000
INFO	[2012-08-29 10:27:09:284] <22230> UserEmail:test@test.com
INFO	[2012-08-29 10:27:09:284] <22230> ProdNm:
INFO	[2012-08-29 10:27:09:284] <22230> MallUrl:http://www.allthegate.com
INFO	[2012-08-29 10:27:09:285] <22230> UserId:test
INFO	[2012-08-29 10:27:09:285] <22230> OrdNm:
INFO	[2012-08-29 10:27:09:285] <22230> OrdPhone:02-111-1111
INFO	[2012-08-29 10:27:09:285] <22230> OrdAddr:
INFO	[2012-08-29 10:27:09:285] <22230> RcpNm:
INFO	[2012-08-29 10:27:09:285] <22230> RcpPhone:02-111-1111
INFO	[2012-08-29 10:27:09:285] <22230> DlvAddr:
INFO	[2012-08-29 10:27:09:285] <22230> Remark:
INFO	[2012-08-29 10:27:09:285] <22230> DeviId:9000400001
INFO	[2012-08-29 10:27:09:285] <22230> AuthYn:N;211.48.34.44;N;;1000;;null;;;
INFO	[2012-08-29 10:27:09:285] <22230> Instmt:00
INFO	[2012-08-29 10:27:09:285] <22230> UserIp:192.168.0.1
INFO	[2012-08-29 10:27:09:285] <22230> partial_mm:
INFO	[2012-08-29 10:27:09:285] <22230> noIntMonth:
INFO	[2012-08-29 10:27:09:285] <22230> KVP_CURRENCY:WON
INFO	[2012-08-29 10:27:09:285] <22230> KVP_CARDCODE:
INFO	[2012-08-29 10:27:09:285] <22230> KVP_SESSIONKEY:
INFO	[2012-08-29 10:27:09:285] <22230> KVP_ENCDATA:
INFO	[2012-08-29 10:27:09:285] <22230> KVP_CONAME:
INFO	[2012-08-29 10:27:09:285] <22230> KVP_NOINT:
INFO	[2012-08-29 10:27:09:285] <22230> KVP_QUOTA:
INFO	[2012-08-29 10:27:09:285] <22230> CardNo:4374360069657003
INFO	[2012-08-29 10:27:09:285] <22230> MPI_CAVV:AAABBIERdCASCCkQIhF0AAAAAAA=
INFO	[2012-08-29 10:27:09:285] <22230> MPI_ECI:05
INFO	[2012-08-29 10:27:09:285] <22230> MPI_MD64:MjAxMjA4MjkxMDIxMzgyNjcxMDY=
INFO	[2012-08-29 10:27:09:285] <22230> ExpMon:12
INFO	[2012-08-29 10:27:09:285] <22230> ExpYear:2049
INFO	[2012-08-29 10:27:09:285] <22230> Passwd:
INFO	[2012-08-29 10:27:09:285] <22230> SocId:
INFO	[2012-08-29 10:27:09:286] <22230> ICHE_OUTBANKNAME:
INFO	[2012-08-29 10:27:09:286] <22230> ICHE_OUTACCTNO:
INFO	[2012-08-29 10:27:09:286] <22230> ICHE_OUTBANKMASTER:
INFO	[2012-08-29 10:27:09:286] <22230> ICHE_AMOUNT:
INFO	[2012-08-29 10:27:09:286] <22230> HP_SERVERINFO:
INFO	[2012-08-29 10:27:09:286] <22230> HP_HANDPHONE:
INFO	[2012-08-29 10:27:09:286] <22230> HP_COMPANY:
INFO	[2012-08-29 10:27:09:286] <22230> HP_ID:
INFO	[2012-08-29 10:27:09:286] <22230> HP_SUBID:
INFO	[2012-08-29 10:27:09:286] <22230> HP_UNITType:1
INFO	[2012-08-29 10:27:09:286] <22230> HP_IDEN:
INFO	[2012-08-29 10:27:09:286] <22230> HP_IPADDR:
INFO	[2012-08-29 10:27:09:286] <22230> ARS_NAME:
INFO	[2012-08-29 10:27:09:286] <22230> ARS_PHONE:
INFO	[2012-08-29 10:27:09:286] <22230> VIRTUAL_CENTERCD:99
INFO	[2012-08-29 10:27:09:286] <22230> VIRTUAL_DEPODT:
INFO	[2012-08-29 10:27:09:286] <22230> ZuminCode:
INFO	[2012-08-29 10:27:09:286] <22230> MallPage:/mall/AGS_VirAcctResult.php
INFO	[2012-08-29 10:27:09:286] <22230> VIRTUAL_NO:
INFO	[2012-08-29 10:27:09:286] <22230> ES_SENDNO:
INFO	[2012-08-29 10:27:09:286] <22230> ICHE_SOCKETYN:Y
INFO	[2012-08-29 10:27:09:286] <22230> ICHE_POSMTID:
INFO	[2012-08-29 10:27:09:286] <22230> ICHE_FNBCMTID:
INFO	[2012-08-29 10:27:09:286] <22230> ICHE_APTRTS:
INFO	[2012-08-29 10:27:09:286] <22230> ICHE_REMARK1:
INFO	[2012-08-29 10:27:09:286] <22230> ICHE_REMARK2:
INFO	[2012-08-29 10:27:09:286] <22230> ICHE_ECWYN:
INFO	[2012-08-29 10:27:09:286] <22230> ICHE_ECWID:
INFO	[2012-08-29 10:27:09:286] <22230> ICHE_ECWAMT1:
INFO	[2012-08-29 10:27:09:286] <22230> ICHE_ECWAMT2:
INFO	[2012-08-29 10:27:09:286] <22230> ICHE_CASHYN:N
INFO	[2012-08-29 10:27:09:286] <22230> ICHE_CASHGUBUN_CD:
INFO	[2012-08-29 10:27:09:286] <22230> ICHE_CASHID_NO:
INFO	[2012-08-29 10:27:09:286] <22230> ICHEARS_SOCKETYN:Y
INFO	[2012-08-29 10:27:09:286] <22230> ICHEARS_ADMNO:
INFO	[2012-08-29 10:27:09:286] <22230> ICHEARS_POSMTID:
INFO	[2012-08-29 10:27:09:286] <22230> ICHEARS_CENTERCD:
INFO	[2012-08-29 10:27:09:286] <22230> ICHEARS_HPNO:
INFO	[2012-08-29 10:27:09:287] <22230> card Pay Result Value [
INFO	[2012-08-29 10:27:09:287] <22230> rSuccYn:n
INFO	[2012-08-29 10:27:09:287] <22230> rResMsg:상품명 입력여부 확인요망 <br>
INFO	[2012-08-29 10:27:09:287] <22230> ]
INFO	[2012-08-29 10:27:09:287] <22230> END   Transaction time:[0.003sec]
INFO	[2012-08-29 10:27:09:287] <22230> ===============================================================
INFO	[2012-08-29 10:41:53:887] <28991> ===============================================================
INFO	[2012-08-29 10:41:53:887] <28991> START AgsPay40 php (OS:Darwin12.0.0,PHP:5.3.5)
INFO	[2012-08-29 10:41:53:887] <28991> card Pay Start!
INFO	[2012-08-29 10:41:53:887] <28991> AgsPayHome:/Applications/MAMP/htdocs/ko/application/logs
INFO	[2012-08-29 10:41:53:887] <28991> StoreId:aegis
INFO	[2012-08-29 10:41:53:887] <28991> log:true
INFO	[2012-08-29 10:41:53:887] <28991> logLevel:INFO
INFO	[2012-08-29 10:41:53:887] <28991> UseNetCancel:true
INFO	[2012-08-29 10:41:53:887] <28991> Type:Pay
INFO	[2012-08-29 10:41:53:887] <28991> RecvLen:7
INFO	[2012-08-29 10:41:53:887] <28991> AuthTy:card
INFO	[2012-08-29 10:41:53:887] <28991> SubTy:visa3d
INFO	[2012-08-29 10:41:53:887] <28991> OrdNo:1000000001
INFO	[2012-08-29 10:41:53:887] <28991> Amt:1000
INFO	[2012-08-29 10:41:53:887] <28991> UserEmail:test@test.com
INFO	[2012-08-29 10:41:53:888] <28991> ProdNm:
INFO	[2012-08-29 10:41:53:888] <28991> MallUrl:http://www.allthegate.com
INFO	[2012-08-29 10:41:53:888] <28991> UserId:test
INFO	[2012-08-29 10:41:53:888] <28991> OrdNm:
INFO	[2012-08-29 10:41:53:888] <28991> OrdPhone:02-111-1111
INFO	[2012-08-29 10:41:53:888] <28991> OrdAddr:
INFO	[2012-08-29 10:41:53:888] <28991> RcpNm:
INFO	[2012-08-29 10:41:53:888] <28991> RcpPhone:02-111-1111
INFO	[2012-08-29 10:41:53:888] <28991> DlvAddr:
INFO	[2012-08-29 10:41:53:888] <28991> Remark:
INFO	[2012-08-29 10:41:53:888] <28991> DeviId:9000400001
INFO	[2012-08-29 10:41:53:888] <28991> AuthYn:N;211.48.34.44;N;;1000;;null;;;
INFO	[2012-08-29 10:41:53:888] <28991> Instmt:00
INFO	[2012-08-29 10:41:53:888] <28991> UserIp:192.168.0.1
INFO	[2012-08-29 10:41:53:888] <28991> partial_mm:
INFO	[2012-08-29 10:41:53:888] <28991> noIntMonth:
INFO	[2012-08-29 10:41:53:888] <28991> KVP_CURRENCY:WON
INFO	[2012-08-29 10:41:53:888] <28991> KVP_CARDCODE:
INFO	[2012-08-29 10:41:53:888] <28991> KVP_SESSIONKEY:
INFO	[2012-08-29 10:41:53:888] <28991> KVP_ENCDATA:
INFO	[2012-08-29 10:41:53:888] <28991> KVP_CONAME:
INFO	[2012-08-29 10:41:53:888] <28991> KVP_NOINT:
INFO	[2012-08-29 10:41:53:888] <28991> KVP_QUOTA:
INFO	[2012-08-29 10:41:53:888] <28991> CardNo:4374360069657003
INFO	[2012-08-29 10:41:53:888] <28991> MPI_CAVV:AAABBIERdCASCCkQIhF0AAAAAAA=
INFO	[2012-08-29 10:41:53:888] <28991> MPI_ECI:05
INFO	[2012-08-29 10:41:53:888] <28991> MPI_MD64:MjAxMjA4MjkxMDIxMzgyNjcxMDY=
INFO	[2012-08-29 10:41:53:888] <28991> ExpMon:12
INFO	[2012-08-29 10:41:53:888] <28991> ExpYear:2049
INFO	[2012-08-29 10:41:53:888] <28991> Passwd:
INFO	[2012-08-29 10:41:53:888] <28991> SocId:
INFO	[2012-08-29 10:41:53:888] <28991> ICHE_OUTBANKNAME:
INFO	[2012-08-29 10:41:53:888] <28991> ICHE_OUTACCTNO:
INFO	[2012-08-29 10:41:53:888] <28991> ICHE_OUTBANKMASTER:
INFO	[2012-08-29 10:41:53:888] <28991> ICHE_AMOUNT:
INFO	[2012-08-29 10:41:53:888] <28991> HP_SERVERINFO:
INFO	[2012-08-29 10:41:53:889] <28991> HP_HANDPHONE:
INFO	[2012-08-29 10:41:53:889] <28991> HP_COMPANY:
INFO	[2012-08-29 10:41:53:889] <28991> HP_ID:
INFO	[2012-08-29 10:41:53:889] <28991> HP_SUBID:
INFO	[2012-08-29 10:41:53:889] <28991> HP_UNITType:1
INFO	[2012-08-29 10:41:53:889] <28991> HP_IDEN:
INFO	[2012-08-29 10:41:53:889] <28991> HP_IPADDR:
INFO	[2012-08-29 10:41:53:889] <28991> ARS_NAME:
INFO	[2012-08-29 10:41:53:889] <28991> ARS_PHONE:
INFO	[2012-08-29 10:41:53:889] <28991> VIRTUAL_CENTERCD:99
INFO	[2012-08-29 10:41:53:889] <28991> VIRTUAL_DEPODT:
INFO	[2012-08-29 10:41:53:889] <28991> ZuminCode:
INFO	[2012-08-29 10:41:53:889] <28991> MallPage:/mall/AGS_VirAcctResult.php
INFO	[2012-08-29 10:41:53:889] <28991> VIRTUAL_NO:
INFO	[2012-08-29 10:41:53:889] <28991> ES_SENDNO:
INFO	[2012-08-29 10:41:53:889] <28991> ICHE_SOCKETYN:Y
INFO	[2012-08-29 10:41:53:889] <28991> ICHE_POSMTID:
INFO	[2012-08-29 10:41:53:889] <28991> ICHE_FNBCMTID:
INFO	[2012-08-29 10:41:53:889] <28991> ICHE_APTRTS:
INFO	[2012-08-29 10:41:53:889] <28991> ICHE_REMARK1:
INFO	[2012-08-29 10:41:53:889] <28991> ICHE_REMARK2:
INFO	[2012-08-29 10:41:53:889] <28991> ICHE_ECWYN:
INFO	[2012-08-29 10:41:53:889] <28991> ICHE_ECWID:
INFO	[2012-08-29 10:41:53:889] <28991> ICHE_ECWAMT1:
INFO	[2012-08-29 10:41:53:889] <28991> ICHE_ECWAMT2:
INFO	[2012-08-29 10:41:53:889] <28991> ICHE_CASHYN:N
INFO	[2012-08-29 10:41:53:889] <28991> ICHE_CASHGUBUN_CD:
INFO	[2012-08-29 10:41:53:889] <28991> ICHE_CASHID_NO:
INFO	[2012-08-29 10:41:53:889] <28991> ICHEARS_SOCKETYN:Y
INFO	[2012-08-29 10:41:53:889] <28991> ICHEARS_ADMNO:
INFO	[2012-08-29 10:41:53:889] <28991> ICHEARS_POSMTID:
INFO	[2012-08-29 10:41:53:889] <28991> ICHEARS_CENTERCD:
INFO	[2012-08-29 10:41:53:889] <28991> ICHEARS_HPNO:
INFO	[2012-08-29 10:41:53:889] <28991> card Pay Result Value [
INFO	[2012-08-29 10:41:53:889] <28991> rSuccYn:n
INFO	[2012-08-29 10:41:53:889] <28991> rResMsg:상품명 입력여부 확인요망 <br>
INFO	[2012-08-29 10:41:53:890] <28991> ]
INFO	[2012-08-29 10:41:53:890] <28991> END   Transaction time:[0.003sec]
INFO	[2012-08-29 10:41:53:890] <28991> ===============================================================
INFO	[2012-08-29 10:47:05:177] <12711> ===============================================================
INFO	[2012-08-29 10:47:05:177] <12711> START AgsPay40 php (OS:Darwin12.0.0,PHP:5.3.5)
INFO	[2012-08-29 10:47:05:177] <12711> card Pay Start!
INFO	[2012-08-29 10:47:05:177] <12711> AgsPayHome:/Applications/MAMP/htdocs/ko/application/logs
INFO	[2012-08-29 10:47:05:177] <12711> StoreId:aegis
INFO	[2012-08-29 10:47:05:177] <12711> log:true
INFO	[2012-08-29 10:47:05:177] <12711> logLevel:INFO
INFO	[2012-08-29 10:47:05:177] <12711> UseNetCancel:true
INFO	[2012-08-29 10:47:05:177] <12711> Type:Pay
INFO	[2012-08-29 10:47:05:177] <12711> RecvLen:7
INFO	[2012-08-29 10:47:05:177] <12711> AuthTy:card
INFO	[2012-08-29 10:47:05:177] <12711> SubTy:visa3d
INFO	[2012-08-29 10:47:05:177] <12711> OrdNo:1000000001
INFO	[2012-08-29 10:47:05:177] <12711> Amt:1000
INFO	[2012-08-29 10:47:05:177] <12711> UserEmail:test@test.com
INFO	[2012-08-29 10:47:05:177] <12711> ProdNm:
INFO	[2012-08-29 10:47:05:177] <12711> MallUrl:http://www.allthegate.com
INFO	[2012-08-29 10:47:05:177] <12711> UserId:test
INFO	[2012-08-29 10:47:05:177] <12711> OrdNm:
INFO	[2012-08-29 10:47:05:177] <12711> OrdPhone:02-111-1111
INFO	[2012-08-29 10:47:05:177] <12711> OrdAddr:
INFO	[2012-08-29 10:47:05:177] <12711> RcpNm:
INFO	[2012-08-29 10:47:05:177] <12711> RcpPhone:02-111-1111
INFO	[2012-08-29 10:47:05:177] <12711> DlvAddr:
INFO	[2012-08-29 10:47:05:177] <12711> Remark:
INFO	[2012-08-29 10:47:05:177] <12711> DeviId:9000400001
INFO	[2012-08-29 10:47:05:177] <12711> AuthYn:N;211.48.34.44;N;;1000;;null;;;
INFO	[2012-08-29 10:47:05:177] <12711> Instmt:00
INFO	[2012-08-29 10:47:05:177] <12711> UserIp:192.168.0.1
INFO	[2012-08-29 10:47:05:177] <12711> partial_mm:
INFO	[2012-08-29 10:47:05:177] <12711> noIntMonth:
INFO	[2012-08-29 10:47:05:177] <12711> KVP_CURRENCY:WON
INFO	[2012-08-29 10:47:05:178] <12711> KVP_CARDCODE:
INFO	[2012-08-29 10:47:05:178] <12711> KVP_SESSIONKEY:
INFO	[2012-08-29 10:47:05:178] <12711> KVP_ENCDATA:
INFO	[2012-08-29 10:47:05:178] <12711> KVP_CONAME:
INFO	[2012-08-29 10:47:05:178] <12711> KVP_NOINT:
INFO	[2012-08-29 10:47:05:178] <12711> KVP_QUOTA:
INFO	[2012-08-29 10:47:05:178] <12711> CardNo:4374360069657003
INFO	[2012-08-29 10:47:05:178] <12711> MPI_CAVV:AAABACE5VCASCCkQRjlUAAAAAAA=
INFO	[2012-08-29 10:47:05:178] <12711> MPI_ECI:05
INFO	[2012-08-29 10:47:05:178] <12711> MPI_MD64:MjAxMjA4MjkxMDQ2MjIxNTYxMDY=
INFO	[2012-08-29 10:47:05:178] <12711> ExpMon:12
INFO	[2012-08-29 10:47:05:178] <12711> ExpYear:2049
INFO	[2012-08-29 10:47:05:178] <12711> Passwd:
INFO	[2012-08-29 10:47:05:178] <12711> SocId:
INFO	[2012-08-29 10:47:05:178] <12711> ICHE_OUTBANKNAME:
INFO	[2012-08-29 10:47:05:178] <12711> ICHE_OUTACCTNO:
INFO	[2012-08-29 10:47:05:178] <12711> ICHE_OUTBANKMASTER:
INFO	[2012-08-29 10:47:05:178] <12711> ICHE_AMOUNT:
INFO	[2012-08-29 10:47:05:178] <12711> HP_SERVERINFO:
INFO	[2012-08-29 10:47:05:178] <12711> HP_HANDPHONE:
INFO	[2012-08-29 10:47:05:178] <12711> HP_COMPANY:
INFO	[2012-08-29 10:47:05:178] <12711> HP_ID:
INFO	[2012-08-29 10:47:05:178] <12711> HP_SUBID:
INFO	[2012-08-29 10:47:05:178] <12711> HP_UNITType:1
INFO	[2012-08-29 10:47:05:178] <12711> HP_IDEN:
INFO	[2012-08-29 10:47:05:178] <12711> HP_IPADDR:
INFO	[2012-08-29 10:47:05:178] <12711> ARS_NAME:
INFO	[2012-08-29 10:47:05:178] <12711> ARS_PHONE:
INFO	[2012-08-29 10:47:05:178] <12711> VIRTUAL_CENTERCD:99
INFO	[2012-08-29 10:47:05:178] <12711> VIRTUAL_DEPODT:
INFO	[2012-08-29 10:47:05:178] <12711> ZuminCode:
INFO	[2012-08-29 10:47:05:178] <12711> MallPage:/mall/AGS_VirAcctResult.php
INFO	[2012-08-29 10:47:05:178] <12711> VIRTUAL_NO:
INFO	[2012-08-29 10:47:05:178] <12711> ES_SENDNO:
INFO	[2012-08-29 10:47:05:178] <12711> ICHE_SOCKETYN:Y
INFO	[2012-08-29 10:47:05:179] <12711> ICHE_POSMTID:
INFO	[2012-08-29 10:47:05:179] <12711> ICHE_FNBCMTID:
INFO	[2012-08-29 10:47:05:179] <12711> ICHE_APTRTS:
INFO	[2012-08-29 10:47:05:179] <12711> ICHE_REMARK1:
INFO	[2012-08-29 10:47:05:179] <12711> ICHE_REMARK2:
INFO	[2012-08-29 10:47:05:179] <12711> ICHE_ECWYN:
INFO	[2012-08-29 10:47:05:179] <12711> ICHE_ECWID:
INFO	[2012-08-29 10:47:05:179] <12711> ICHE_ECWAMT1:
INFO	[2012-08-29 10:47:05:179] <12711> ICHE_ECWAMT2:
INFO	[2012-08-29 10:47:05:179] <12711> ICHE_CASHYN:N
INFO	[2012-08-29 10:47:05:179] <12711> ICHE_CASHGUBUN_CD:
INFO	[2012-08-29 10:47:05:179] <12711> ICHE_CASHID_NO:
INFO	[2012-08-29 10:47:05:179] <12711> ICHEARS_SOCKETYN:Y
INFO	[2012-08-29 10:47:05:179] <12711> ICHEARS_ADMNO:
INFO	[2012-08-29 10:47:05:179] <12711> ICHEARS_POSMTID:
INFO	[2012-08-29 10:47:05:179] <12711> ICHEARS_CENTERCD:
INFO	[2012-08-29 10:47:05:179] <12711> ICHEARS_HPNO:
INFO	[2012-08-29 10:47:05:179] <12711> card Pay Result Value [
INFO	[2012-08-29 10:47:05:179] <12711> rSuccYn:n
INFO	[2012-08-29 10:47:05:179] <12711> rResMsg:상품명 입력여부 확인요망 <br>
INFO	[2012-08-29 10:47:05:179] <12711> ]
INFO	[2012-08-29 10:47:05:179] <12711> END   Transaction time:[0.003sec]
INFO	[2012-08-29 10:47:05:179] <12711> ===============================================================
