INFO	[2012-08-28 18:45:48:809] <12713> ===============================================================
INFO	[2012-08-28 18:45:48:809] <12713> START AgsPay40 php (OS:Darwin12.0.0,PHP:5.3.5)
INFO	[2012-08-28 18:45:48:809] <12713>  Pay Start!
INFO	[2012-08-28 18:45:48:809] <12713> AgsPayHome:/Applications/MAMP/htdocs/ko/application/logs
INFO	[2012-08-28 18:45:48:809] <12713> StoreId:
INFO	[2012-08-28 18:45:48:809] <12713> log:true
INFO	[2012-08-28 18:45:48:809] <12713> logLevel:INFO
INFO	[2012-08-28 18:45:48:809] <12713> UseNetCancel:true
INFO	[2012-08-28 18:45:48:809] <12713> Type:Pay
INFO	[2012-08-28 18:45:48:809] <12713> RecvLen:7
INFO	[2012-08-28 18:45:48:809] <12713> AuthTy:
INFO	[2012-08-28 18:45:48:809] <12713> SubTy:
INFO	[2012-08-28 18:45:48:809] <12713> OrdNo:
INFO	[2012-08-28 18:45:48:809] <12713> Amt:
INFO	[2012-08-28 18:45:48:809] <12713> UserEmail:
INFO	[2012-08-28 18:45:48:809] <12713> ProdNm:
INFO	[2012-08-28 18:45:48:809] <12713> MallUrl:
INFO	[2012-08-28 18:45:48:809] <12713> UserId:
INFO	[2012-08-28 18:45:48:809] <12713> OrdNm:
INFO	[2012-08-28 18:45:48:809] <12713> OrdPhone:
INFO	[2012-08-28 18:45:48:809] <12713> OrdAddr:
INFO	[2012-08-28 18:45:48:809] <12713> RcpNm:
INFO	[2012-08-28 18:45:48:809] <12713> RcpPhone:
INFO	[2012-08-28 18:45:48:809] <12713> DlvAddr:
INFO	[2012-08-28 18:45:48:809] <12713> Remark:
INFO	[2012-08-28 18:45:48:809] <12713> DeviId:
INFO	[2012-08-28 18:45:48:809] <12713> AuthYn:
INFO	[2012-08-28 18:45:48:809] <12713> Instmt:
INFO	[2012-08-28 18:45:48:809] <12713> UserIp:192.168.0.1
INFO	[2012-08-28 18:45:48:809] <12713> partial_mm:
INFO	[2012-08-28 18:45:48:809] <12713> noIntMonth:
INFO	[2012-08-28 18:45:48:809] <12713> KVP_CURRENCY:
INFO	[2012-08-28 18:45:48:809] <12713> KVP_CARDCODE:
INFO	[2012-08-28 18:45:48:809] <12713> KVP_SESSIONKEY:
INFO	[2012-08-28 18:45:48:810] <12713> KVP_ENCDATA:
INFO	[2012-08-28 18:45:48:810] <12713> KVP_CONAME:
INFO	[2012-08-28 18:45:48:810] <12713> KVP_NOINT:
INFO	[2012-08-28 18:45:48:810] <12713> KVP_QUOTA:
INFO	[2012-08-28 18:45:48:810] <12713> CardNo:
INFO	[2012-08-28 18:45:48:810] <12713> MPI_CAVV:
INFO	[2012-08-28 18:45:48:810] <12713> MPI_ECI:
INFO	[2012-08-28 18:45:48:810] <12713> MPI_MD64:
INFO	[2012-08-28 18:45:48:810] <12713> ExpMon:
INFO	[2012-08-28 18:45:48:810] <12713> ExpYear:
INFO	[2012-08-28 18:45:48:810] <12713> Passwd:
INFO	[2012-08-28 18:45:48:810] <12713> SocId:
INFO	[2012-08-28 18:45:48:810] <12713> ICHE_OUTBANKNAME:
INFO	[2012-08-28 18:45:48:810] <12713> ICHE_OUTACCTNO:
INFO	[2012-08-28 18:45:48:810] <12713> ICHE_OUTBANKMASTER:
INFO	[2012-08-28 18:45:48:810] <12713> ICHE_AMOUNT:
INFO	[2012-08-28 18:45:48:810] <12713> HP_SERVERINFO:
INFO	[2012-08-28 18:45:48:810] <12713> HP_HANDPHONE:
INFO	[2012-08-28 18:45:48:810] <12713> HP_COMPANY:
INFO	[2012-08-28 18:45:48:810] <12713> HP_ID:
INFO	[2012-08-28 18:45:48:810] <12713> HP_SUBID:
INFO	[2012-08-28 18:45:48:810] <12713> HP_UNITType:
INFO	[2012-08-28 18:45:48:810] <12713> HP_IDEN:
INFO	[2012-08-28 18:45:48:810] <12713> HP_IPADDR:
INFO	[2012-08-28 18:45:48:810] <12713> ARS_NAME:
INFO	[2012-08-28 18:45:48:810] <12713> ARS_PHONE:
INFO	[2012-08-28 18:45:48:810] <12713> VIRTUAL_CENTERCD:
INFO	[2012-08-28 18:45:48:810] <12713> VIRTUAL_DEPODT:
INFO	[2012-08-28 18:45:48:810] <12713> ZuminCode:
INFO	[2012-08-28 18:45:48:810] <12713> MallPage:
INFO	[2012-08-28 18:45:48:810] <12713> VIRTUAL_NO:
INFO	[2012-08-28 18:45:48:810] <12713> ES_SENDNO:
INFO	[2012-08-28 18:45:48:810] <12713> ICHE_SOCKETYN:
INFO	[2012-08-28 18:45:48:810] <12713> ICHE_POSMTID:
INFO	[2012-08-28 18:45:48:810] <12713> ICHE_FNBCMTID:
INFO	[2012-08-28 18:45:48:810] <12713> ICHE_APTRTS:
INFO	[2012-08-28 18:45:48:810] <12713> ICHE_REMARK1:
INFO	[2012-08-28 18:45:48:810] <12713> ICHE_REMARK2:
INFO	[2012-08-28 18:45:48:810] <12713> ICHE_ECWYN:
INFO	[2012-08-28 18:45:48:810] <12713> ICHE_ECWID:
INFO	[2012-08-28 18:45:48:811] <12713> ICHE_ECWAMT1:
INFO	[2012-08-28 18:45:48:811] <12713> ICHE_ECWAMT2:
INFO	[2012-08-28 18:45:48:811] <12713> ICHE_CASHYN:
INFO	[2012-08-28 18:45:48:811] <12713> ICHE_CASHGUBUN_CD:
INFO	[2012-08-28 18:45:48:811] <12713> ICHE_CASHID_NO:
INFO	[2012-08-28 18:45:48:811] <12713> ICHEARS_SOCKETYN:
INFO	[2012-08-28 18:45:48:811] <12713> ICHEARS_ADMNO:
INFO	[2012-08-28 18:45:48:811] <12713> ICHEARS_POSMTID:
INFO	[2012-08-28 18:45:48:811] <12713> ICHEARS_CENTERCD:
INFO	[2012-08-28 18:45:48:811] <12713> ICHEARS_HPNO:
INFO	[2012-08-28 18:45:48:811] <12713>  Pay Result Value [
INFO	[2012-08-28 18:45:48:811] <12713> rSuccYn:n
INFO	[2012-08-28 18:45:48:811] <12713> rResMsg:상점아이디 입력여부 확인요망 <br>주문번호 입력여부 확인요망 <br>상품명 입력여부 확인요망 <br>금액 입력여부 확인요망 <br>단말기아이디 입력여부 확인요망 <br>인증여부 입력여부 확인요망 <br>
INFO	[2012-08-28 18:45:48:811] <12713> ]
INFO	[2012-08-28 18:45:48:811] <12713> END  상점아이디 입력여부 확인요망 <br>주문번호 입력여부 확인요망 <br>상품명 입력여부 확인요망 <br>금액 입력여부 확인요망 <br>단말기아이디 입력여부 확인요망 <br>인증여부 입력여부 확인요망 <br> Transaction time:[0.002sec]
INFO	[2012-08-28 18:45:48:811] <12713> ===============================================================
INFO	[2012-08-28 18:50:48:890] <22230> ===============================================================
INFO	[2012-08-28 18:50:48:890] <22230> START AgsPay40 php (OS:Darwin12.0.0,PHP:5.3.5)
INFO	[2012-08-28 18:50:48:890] <22230>  Pay Start!
INFO	[2012-08-28 18:50:48:890] <22230> AgsPayHome:/Applications/MAMP/htdocs/ko/application/logs
INFO	[2012-08-28 18:50:48:890] <22230> StoreId:
INFO	[2012-08-28 18:50:48:890] <22230> log:true
INFO	[2012-08-28 18:50:48:890] <22230> logLevel:INFO
INFO	[2012-08-28 18:50:48:890] <22230> UseNetCancel:true
INFO	[2012-08-28 18:50:48:890] <22230> Type:Pay
INFO	[2012-08-28 18:50:48:890] <22230> RecvLen:7
INFO	[2012-08-28 18:50:48:890] <22230> AuthTy:
INFO	[2012-08-28 18:50:48:890] <22230> SubTy:
INFO	[2012-08-28 18:50:48:890] <22230> OrdNo:
INFO	[2012-08-28 18:50:48:890] <22230> Amt:
INFO	[2012-08-28 18:50:48:890] <22230> UserEmail:
INFO	[2012-08-28 18:50:48:890] <22230> ProdNm:
INFO	[2012-08-28 18:50:48:890] <22230> MallUrl:
INFO	[2012-08-28 18:50:48:891] <22230> UserId:
INFO	[2012-08-28 18:50:48:891] <22230> OrdNm:
INFO	[2012-08-28 18:50:48:891] <22230> OrdPhone:
INFO	[2012-08-28 18:50:48:891] <22230> OrdAddr:
INFO	[2012-08-28 18:50:48:891] <22230> RcpNm:
INFO	[2012-08-28 18:50:48:891] <22230> RcpPhone:
INFO	[2012-08-28 18:50:48:891] <22230> DlvAddr:
INFO	[2012-08-28 18:50:48:891] <22230> Remark:
INFO	[2012-08-28 18:50:48:891] <22230> DeviId:
INFO	[2012-08-28 18:50:48:891] <22230> AuthYn:
INFO	[2012-08-28 18:50:48:891] <22230> Instmt:
INFO	[2012-08-28 18:50:48:891] <22230> UserIp:192.168.0.1
INFO	[2012-08-28 18:50:48:891] <22230> partial_mm:
INFO	[2012-08-28 18:50:48:891] <22230> noIntMonth:
INFO	[2012-08-28 18:50:48:891] <22230> KVP_CURRENCY:
INFO	[2012-08-28 18:50:48:891] <22230> KVP_CARDCODE:
INFO	[2012-08-28 18:50:48:891] <22230> KVP_SESSIONKEY:
INFO	[2012-08-28 18:50:48:891] <22230> KVP_ENCDATA:
INFO	[2012-08-28 18:50:48:891] <22230> KVP_CONAME:
INFO	[2012-08-28 18:50:48:891] <22230> KVP_NOINT:
INFO	[2012-08-28 18:50:48:891] <22230> KVP_QUOTA:
INFO	[2012-08-28 18:50:48:891] <22230> CardNo:
INFO	[2012-08-28 18:50:48:891] <22230> MPI_CAVV:
INFO	[2012-08-28 18:50:48:891] <22230> MPI_ECI:
INFO	[2012-08-28 18:50:48:891] <22230> MPI_MD64:
INFO	[2012-08-28 18:50:48:891] <22230> ExpMon:
INFO	[2012-08-28 18:50:48:891] <22230> ExpYear:
INFO	[2012-08-28 18:50:48:891] <22230> Passwd:
INFO	[2012-08-28 18:50:48:891] <22230> SocId:
INFO	[2012-08-28 18:50:48:891] <22230> ICHE_OUTBANKNAME:
INFO	[2012-08-28 18:50:48:891] <22230> ICHE_OUTACCTNO:
INFO	[2012-08-28 18:50:48:891] <22230> ICHE_OUTBANKMASTER:
INFO	[2012-08-28 18:50:48:891] <22230> ICHE_AMOUNT:
INFO	[2012-08-28 18:50:48:891] <22230> HP_SERVERINFO:
INFO	[2012-08-28 18:50:48:891] <22230> HP_HANDPHONE:
INFO	[2012-08-28 18:50:48:891] <22230> HP_COMPANY:
INFO	[2012-08-28 18:50:48:891] <22230> HP_ID:
INFO	[2012-08-28 18:50:48:891] <22230> HP_SUBID:
INFO	[2012-08-28 18:50:48:891] <22230> HP_UNITType:
INFO	[2012-08-28 18:50:48:891] <22230> HP_IDEN:
INFO	[2012-08-28 18:50:48:891] <22230> HP_IPADDR:
INFO	[2012-08-28 18:50:48:891] <22230> ARS_NAME:
INFO	[2012-08-28 18:50:48:892] <22230> ARS_PHONE:
INFO	[2012-08-28 18:50:48:892] <22230> VIRTUAL_CENTERCD:
INFO	[2012-08-28 18:50:48:892] <22230> VIRTUAL_DEPODT:
INFO	[2012-08-28 18:50:48:892] <22230> ZuminCode:
INFO	[2012-08-28 18:50:48:892] <22230> MallPage:
INFO	[2012-08-28 18:50:48:892] <22230> VIRTUAL_NO:
INFO	[2012-08-28 18:50:48:892] <22230> ES_SENDNO:
INFO	[2012-08-28 18:50:48:892] <22230> ICHE_SOCKETYN:
INFO	[2012-08-28 18:50:48:892] <22230> ICHE_POSMTID:
INFO	[2012-08-28 18:50:48:892] <22230> ICHE_FNBCMTID:
INFO	[2012-08-28 18:50:48:892] <22230> ICHE_APTRTS:
INFO	[2012-08-28 18:50:48:892] <22230> ICHE_REMARK1:
INFO	[2012-08-28 18:50:48:892] <22230> ICHE_REMARK2:
INFO	[2012-08-28 18:50:48:892] <22230> ICHE_ECWYN:
INFO	[2012-08-28 18:50:48:892] <22230> ICHE_ECWID:
INFO	[2012-08-28 18:50:48:892] <22230> ICHE_ECWAMT1:
INFO	[2012-08-28 18:50:48:892] <22230> ICHE_ECWAMT2:
INFO	[2012-08-28 18:50:48:892] <22230> ICHE_CASHYN:
INFO	[2012-08-28 18:50:48:892] <22230> ICHE_CASHGUBUN_CD:
INFO	[2012-08-28 18:50:48:892] <22230> ICHE_CASHID_NO:
INFO	[2012-08-28 18:50:48:892] <22230> ICHEARS_SOCKETYN:
INFO	[2012-08-28 18:50:48:892] <22230> ICHEARS_ADMNO:
INFO	[2012-08-28 18:50:48:892] <22230> ICHEARS_POSMTID:
INFO	[2012-08-28 18:50:48:892] <22230> ICHEARS_CENTERCD:
INFO	[2012-08-28 18:50:48:892] <22230> ICHEARS_HPNO:
INFO	[2012-08-28 18:50:48:892] <22230>  Pay Result Value [
INFO	[2012-08-28 18:50:48:892] <22230> rSuccYn:n
INFO	[2012-08-28 18:50:48:892] <22230> rResMsg:상점아이디 입력여부 확인요망 <br>주문번호 입력여부 확인요망 <br>상품명 입력여부 확인요망 <br>금액 입력여부 확인요망 <br>단말기아이디 입력여부 확인요망 <br>인증여부 입력여부 확인요망 <br>
INFO	[2012-08-28 18:50:48:892] <22230> ]
INFO	[2012-08-28 18:50:48:892] <22230> END  상점아이디 입력여부 확인요망 <br>주문번호 입력여부 확인요망 <br>상품명 입력여부 확인요망 <br>금액 입력여부 확인요망 <br>단말기아이디 입력여부 확인요망 <br>인증여부 입력여부 확인요망 <br> Transaction time:[0.002sec]
INFO	[2012-08-28 18:50:48:892] <22230> ===============================================================
INFO	[2012-08-28 18:50:49:499] <22230> ===============================================================
INFO	[2012-08-28 18:50:49:499] <22230> START AgsPay40 php (OS:Darwin12.0.0,PHP:5.3.5)
INFO	[2012-08-28 18:50:49:499] <22230>  Pay Start!
INFO	[2012-08-28 18:50:49:499] <22230> AgsPayHome:/Applications/MAMP/htdocs/ko/application/logs
INFO	[2012-08-28 18:50:49:499] <22230> StoreId:
INFO	[2012-08-28 18:50:49:499] <22230> log:true
INFO	[2012-08-28 18:50:49:499] <22230> logLevel:INFO
INFO	[2012-08-28 18:50:49:499] <22230> UseNetCancel:true
INFO	[2012-08-28 18:50:49:499] <22230> Type:Pay
INFO	[2012-08-28 18:50:49:499] <22230> RecvLen:7
INFO	[2012-08-28 18:50:49:500] <22230> AuthTy:
INFO	[2012-08-28 18:50:49:500] <22230> SubTy:
INFO	[2012-08-28 18:50:49:500] <22230> OrdNo:
INFO	[2012-08-28 18:50:49:500] <22230> Amt:
INFO	[2012-08-28 18:50:49:500] <22230> UserEmail:
INFO	[2012-08-28 18:50:49:500] <22230> ProdNm:
INFO	[2012-08-28 18:50:49:500] <22230> MallUrl:
INFO	[2012-08-28 18:50:49:500] <22230> UserId:
INFO	[2012-08-28 18:50:49:500] <22230> OrdNm:
INFO	[2012-08-28 18:50:49:500] <22230> OrdPhone:
INFO	[2012-08-28 18:50:49:500] <22230> OrdAddr:
INFO	[2012-08-28 18:50:49:500] <22230> RcpNm:
INFO	[2012-08-28 18:50:49:500] <22230> RcpPhone:
INFO	[2012-08-28 18:50:49:500] <22230> DlvAddr:
INFO	[2012-08-28 18:50:49:500] <22230> Remark:
INFO	[2012-08-28 18:50:49:500] <22230> DeviId:
INFO	[2012-08-28 18:50:49:500] <22230> AuthYn:
INFO	[2012-08-28 18:50:49:500] <22230> Instmt:
INFO	[2012-08-28 18:50:49:500] <22230> UserIp:192.168.0.1
INFO	[2012-08-28 18:50:49:500] <22230> partial_mm:
INFO	[2012-08-28 18:50:49:500] <22230> noIntMonth:
INFO	[2012-08-28 18:50:49:500] <22230> KVP_CURRENCY:
INFO	[2012-08-28 18:50:49:500] <22230> KVP_CARDCODE:
INFO	[2012-08-28 18:50:49:500] <22230> KVP_SESSIONKEY:
INFO	[2012-08-28 18:50:49:500] <22230> KVP_ENCDATA:
INFO	[2012-08-28 18:50:49:500] <22230> KVP_CONAME:
INFO	[2012-08-28 18:50:49:500] <22230> KVP_NOINT:
INFO	[2012-08-28 18:50:49:500] <22230> KVP_QUOTA:
INFO	[2012-08-28 18:50:49:500] <22230> CardNo:
INFO	[2012-08-28 18:50:49:500] <22230> MPI_CAVV:
INFO	[2012-08-28 18:50:49:500] <22230> MPI_ECI:
INFO	[2012-08-28 18:50:49:500] <22230> MPI_MD64:
INFO	[2012-08-28 18:50:49:500] <22230> ExpMon:
INFO	[2012-08-28 18:50:49:500] <22230> ExpYear:
INFO	[2012-08-28 18:50:49:500] <22230> Passwd:
INFO	[2012-08-28 18:50:49:500] <22230> SocId:
INFO	[2012-08-28 18:50:49:500] <22230> ICHE_OUTBANKNAME:
INFO	[2012-08-28 18:50:49:500] <22230> ICHE_OUTACCTNO:
INFO	[2012-08-28 18:50:49:500] <22230> ICHE_OUTBANKMASTER:
INFO	[2012-08-28 18:50:49:501] <22230> ICHE_AMOUNT:
INFO	[2012-08-28 18:50:49:501] <22230> HP_SERVERINFO:
INFO	[2012-08-28 18:50:49:501] <22230> HP_HANDPHONE:
INFO	[2012-08-28 18:50:49:501] <22230> HP_COMPANY:
INFO	[2012-08-28 18:50:49:501] <22230> HP_ID:
INFO	[2012-08-28 18:50:49:501] <22230> HP_SUBID:
INFO	[2012-08-28 18:50:49:501] <22230> HP_UNITType:
INFO	[2012-08-28 18:50:49:501] <22230> HP_IDEN:
INFO	[2012-08-28 18:50:49:501] <22230> HP_IPADDR:
INFO	[2012-08-28 18:50:49:501] <22230> ARS_NAME:
INFO	[2012-08-28 18:50:49:501] <22230> ARS_PHONE:
INFO	[2012-08-28 18:50:49:501] <22230> VIRTUAL_CENTERCD:
INFO	[2012-08-28 18:50:49:501] <22230> VIRTUAL_DEPODT:
INFO	[2012-08-28 18:50:49:501] <22230> ZuminCode:
INFO	[2012-08-28 18:50:49:501] <22230> MallPage:
INFO	[2012-08-28 18:50:49:501] <22230> VIRTUAL_NO:
INFO	[2012-08-28 18:50:49:501] <22230> ES_SENDNO:
INFO	[2012-08-28 18:50:49:501] <22230> ICHE_SOCKETYN:
INFO	[2012-08-28 18:50:49:501] <22230> ICHE_POSMTID:
INFO	[2012-08-28 18:50:49:501] <22230> ICHE_FNBCMTID:
INFO	[2012-08-28 18:50:49:501] <22230> ICHE_APTRTS:
INFO	[2012-08-28 18:50:49:501] <22230> ICHE_REMARK1:
INFO	[2012-08-28 18:50:49:501] <22230> ICHE_REMARK2:
INFO	[2012-08-28 18:50:49:501] <22230> ICHE_ECWYN:
INFO	[2012-08-28 18:50:49:501] <22230> ICHE_ECWID:
INFO	[2012-08-28 18:50:49:501] <22230> ICHE_ECWAMT1:
INFO	[2012-08-28 18:50:49:501] <22230> ICHE_ECWAMT2:
INFO	[2012-08-28 18:50:49:501] <22230> ICHE_CASHYN:
INFO	[2012-08-28 18:50:49:501] <22230> ICHE_CASHGUBUN_CD:
INFO	[2012-08-28 18:50:49:501] <22230> ICHE_CASHID_NO:
INFO	[2012-08-28 18:50:49:501] <22230> ICHEARS_SOCKETYN:
INFO	[2012-08-28 18:50:49:501] <22230> ICHEARS_ADMNO:
INFO	[2012-08-28 18:50:49:501] <22230> ICHEARS_POSMTID:
INFO	[2012-08-28 18:50:49:501] <22230> ICHEARS_CENTERCD:
INFO	[2012-08-28 18:50:49:501] <22230> ICHEARS_HPNO:
INFO	[2012-08-28 18:50:49:501] <22230>  Pay Result Value [
INFO	[2012-08-28 18:50:49:501] <22230> rSuccYn:n
INFO	[2012-08-28 18:50:49:501] <22230> rResMsg:상점아이디 입력여부 확인요망 <br>주문번호 입력여부 확인요망 <br>상품명 입력여부 확인요망 <br>금액 입력여부 확인요망 <br>단말기아이디 입력여부 확인요망 <br>인증여부 입력여부 확인요망 <br>
INFO	[2012-08-28 18:50:49:501] <22230> ]
INFO	[2012-08-28 18:50:49:502] <22230> END  상점아이디 입력여부 확인요망 <br>주문번호 입력여부 확인요망 <br>상품명 입력여부 확인요망 <br>금액 입력여부 확인요망 <br>단말기아이디 입력여부 확인요망 <br>인증여부 입력여부 확인요망 <br> Transaction time:[0.002sec]
INFO	[2012-08-28 18:50:49:502] <22230> ===============================================================
INFO	[2012-08-28 18:51:08:8] <12733> ===============================================================
INFO	[2012-08-28 18:51:08:9] <12733> START AgsPay40 php (OS:Darwin12.0.0,PHP:5.3.5)
INFO	[2012-08-28 18:51:08:9] <12733>  Pay Start!
INFO	[2012-08-28 18:51:08:9] <12733> AgsPayHome:/Applications/MAMP/htdocs/ko/application/logs
INFO	[2012-08-28 18:51:08:9] <12733> StoreId:
INFO	[2012-08-28 18:51:08:9] <12733> log:true
INFO	[2012-08-28 18:51:08:9] <12733> logLevel:INFO
INFO	[2012-08-28 18:51:08:9] <12733> UseNetCancel:true
INFO	[2012-08-28 18:51:08:9] <12733> Type:Pay
INFO	[2012-08-28 18:51:08:9] <12733> RecvLen:7
INFO	[2012-08-28 18:51:08:9] <12733> AuthTy:
INFO	[2012-08-28 18:51:08:9] <12733> SubTy:
INFO	[2012-08-28 18:51:08:9] <12733> OrdNo:
INFO	[2012-08-28 18:51:08:9] <12733> Amt:
INFO	[2012-08-28 18:51:08:9] <12733> UserEmail:
INFO	[2012-08-28 18:51:08:9] <12733> ProdNm:
INFO	[2012-08-28 18:51:08:9] <12733> MallUrl:
INFO	[2012-08-28 18:51:08:9] <12733> UserId:
INFO	[2012-08-28 18:51:08:9] <12733> OrdNm:
INFO	[2012-08-28 18:51:08:9] <12733> OrdPhone:
INFO	[2012-08-28 18:51:08:9] <12733> OrdAddr:
INFO	[2012-08-28 18:51:08:9] <12733> RcpNm:
INFO	[2012-08-28 18:51:08:9] <12733> RcpPhone:
INFO	[2012-08-28 18:51:08:9] <12733> DlvAddr:
INFO	[2012-08-28 18:51:08:9] <12733> Remark:
INFO	[2012-08-28 18:51:08:9] <12733> DeviId:
INFO	[2012-08-28 18:51:08:9] <12733> AuthYn:
INFO	[2012-08-28 18:51:08:9] <12733> Instmt:
INFO	[2012-08-28 18:51:08:9] <12733> UserIp:192.168.0.1
INFO	[2012-08-28 18:51:08:9] <12733> partial_mm:
INFO	[2012-08-28 18:51:08:9] <12733> noIntMonth:
INFO	[2012-08-28 18:51:08:9] <12733> KVP_CURRENCY:
INFO	[2012-08-28 18:51:08:9] <12733> KVP_CARDCODE:
INFO	[2012-08-28 18:51:08:9] <12733> KVP_SESSIONKEY:
INFO	[2012-08-28 18:51:08:9] <12733> KVP_ENCDATA:
INFO	[2012-08-28 18:51:08:9] <12733> KVP_CONAME:
INFO	[2012-08-28 18:51:08:9] <12733> KVP_NOINT:
INFO	[2012-08-28 18:51:08:9] <12733> KVP_QUOTA:
INFO	[2012-08-28 18:51:08:9] <12733> CardNo:
INFO	[2012-08-28 18:51:08:10] <12733> MPI_CAVV:
INFO	[2012-08-28 18:51:08:10] <12733> MPI_ECI:
INFO	[2012-08-28 18:51:08:10] <12733> MPI_MD64:
INFO	[2012-08-28 18:51:08:10] <12733> ExpMon:
INFO	[2012-08-28 18:51:08:10] <12733> ExpYear:
INFO	[2012-08-28 18:51:08:10] <12733> Passwd:
INFO	[2012-08-28 18:51:08:10] <12733> SocId:
INFO	[2012-08-28 18:51:08:10] <12733> ICHE_OUTBANKNAME:
INFO	[2012-08-28 18:51:08:10] <12733> ICHE_OUTACCTNO:
INFO	[2012-08-28 18:51:08:10] <12733> ICHE_OUTBANKMASTER:
INFO	[2012-08-28 18:51:08:10] <12733> ICHE_AMOUNT:
INFO	[2012-08-28 18:51:08:10] <12733> HP_SERVERINFO:
INFO	[2012-08-28 18:51:08:10] <12733> HP_HANDPHONE:
INFO	[2012-08-28 18:51:08:10] <12733> HP_COMPANY:
INFO	[2012-08-28 18:51:08:10] <12733> HP_ID:
INFO	[2012-08-28 18:51:08:10] <12733> HP_SUBID:
INFO	[2012-08-28 18:51:08:10] <12733> HP_UNITType:
INFO	[2012-08-28 18:51:08:10] <12733> HP_IDEN:
INFO	[2012-08-28 18:51:08:10] <12733> HP_IPADDR:
INFO	[2012-08-28 18:51:08:10] <12733> ARS_NAME:
INFO	[2012-08-28 18:51:08:10] <12733> ARS_PHONE:
INFO	[2012-08-28 18:51:08:10] <12733> VIRTUAL_CENTERCD:
INFO	[2012-08-28 18:51:08:10] <12733> VIRTUAL_DEPODT:
INFO	[2012-08-28 18:51:08:10] <12733> ZuminCode:
INFO	[2012-08-28 18:51:08:10] <12733> MallPage:
INFO	[2012-08-28 18:51:08:10] <12733> VIRTUAL_NO:
INFO	[2012-08-28 18:51:08:10] <12733> ES_SENDNO:
INFO	[2012-08-28 18:51:08:10] <12733> ICHE_SOCKETYN:
INFO	[2012-08-28 18:51:08:10] <12733> ICHE_POSMTID:
INFO	[2012-08-28 18:51:08:10] <12733> ICHE_FNBCMTID:
INFO	[2012-08-28 18:51:08:10] <12733> ICHE_APTRTS:
INFO	[2012-08-28 18:51:08:10] <12733> ICHE_REMARK1:
INFO	[2012-08-28 18:51:08:10] <12733> ICHE_REMARK2:
INFO	[2012-08-28 18:51:08:10] <12733> ICHE_ECWYN:
INFO	[2012-08-28 18:51:08:10] <12733> ICHE_ECWID:
INFO	[2012-08-28 18:51:08:10] <12733> ICHE_ECWAMT1:
INFO	[2012-08-28 18:51:08:10] <12733> ICHE_ECWAMT2:
INFO	[2012-08-28 18:51:08:10] <12733> ICHE_CASHYN:
INFO	[2012-08-28 18:51:08:10] <12733> ICHE_CASHGUBUN_CD:
INFO	[2012-08-28 18:51:08:10] <12733> ICHE_CASHID_NO:
INFO	[2012-08-28 18:51:08:10] <12733> ICHEARS_SOCKETYN:
INFO	[2012-08-28 18:51:08:10] <12733> ICHEARS_ADMNO:
INFO	[2012-08-28 18:51:08:10] <12733> ICHEARS_POSMTID:
INFO	[2012-08-28 18:51:08:11] <12733> ICHEARS_CENTERCD:
INFO	[2012-08-28 18:51:08:11] <12733> ICHEARS_HPNO:
INFO	[2012-08-28 18:51:08:11] <12733>  Pay Result Value [
INFO	[2012-08-28 18:51:08:11] <12733> rSuccYn:n
INFO	[2012-08-28 18:51:08:11] <12733> rResMsg:상점아이디 입력여부 확인요망 <br>주문번호 입력여부 확인요망 <br>상품명 입력여부 확인요망 <br>금액 입력여부 확인요망 <br>단말기아이디 입력여부 확인요망 <br>인증여부 입력여부 확인요망 <br>
INFO	[2012-08-28 18:51:08:11] <12733> ]
INFO	[2012-08-28 18:51:08:11] <12733> END  상점아이디 입력여부 확인요망 <br>주문번호 입력여부 확인요망 <br>상품명 입력여부 확인요망 <br>금액 입력여부 확인요망 <br>단말기아이디 입력여부 확인요망 <br>인증여부 입력여부 확인요망 <br> Transaction time:[0.002sec]
INFO	[2012-08-28 18:51:08:11] <12733> ===============================================================
INFO	[2012-08-28 19:19:23:463] <14591> ===============================================================
INFO	[2012-08-28 19:19:23:463] <14591> START AgsPay40 php (OS:Darwin12.0.0,PHP:5.3.5)
INFO	[2012-08-28 19:19:23:463] <14591>  Pay Start!
INFO	[2012-08-28 19:19:23:463] <14591> AgsPayHome:/Applications/MAMP/htdocs/ko/application/logs
INFO	[2012-08-28 19:19:23:463] <14591> StoreId:
INFO	[2012-08-28 19:19:23:463] <14591> log:true
INFO	[2012-08-28 19:19:23:463] <14591> logLevel:INFO
INFO	[2012-08-28 19:19:23:463] <14591> UseNetCancel:true
INFO	[2012-08-28 19:19:23:463] <14591> Type:Pay
INFO	[2012-08-28 19:19:23:463] <14591> RecvLen:7
INFO	[2012-08-28 19:19:23:463] <14591> AuthTy:
INFO	[2012-08-28 19:19:23:464] <14591> SubTy:
INFO	[2012-08-28 19:19:23:464] <14591> OrdNo:
INFO	[2012-08-28 19:19:23:464] <14591> Amt:
INFO	[2012-08-28 19:19:23:464] <14591> UserEmail:
INFO	[2012-08-28 19:19:23:464] <14591> ProdNm:
INFO	[2012-08-28 19:19:23:464] <14591> MallUrl:
INFO	[2012-08-28 19:19:23:464] <14591> UserId:
INFO	[2012-08-28 19:19:23:464] <14591> OrdNm:
INFO	[2012-08-28 19:19:23:464] <14591> OrdPhone:
INFO	[2012-08-28 19:19:23:464] <14591> OrdAddr:
INFO	[2012-08-28 19:19:23:464] <14591> RcpNm:
INFO	[2012-08-28 19:19:23:464] <14591> RcpPhone:
INFO	[2012-08-28 19:19:23:464] <14591> DlvAddr:
INFO	[2012-08-28 19:19:23:464] <14591> Remark:
INFO	[2012-08-28 19:19:23:464] <14591> DeviId:
INFO	[2012-08-28 19:19:23:464] <14591> AuthYn:
INFO	[2012-08-28 19:19:23:464] <14591> Instmt:
INFO	[2012-08-28 19:19:23:464] <14591> UserIp:192.168.0.1
INFO	[2012-08-28 19:19:23:464] <14591> partial_mm:
INFO	[2012-08-28 19:19:23:464] <14591> noIntMonth:
INFO	[2012-08-28 19:19:23:464] <14591> KVP_CURRENCY:
INFO	[2012-08-28 19:19:23:464] <14591> KVP_CARDCODE:
INFO	[2012-08-28 19:19:23:464] <14591> KVP_SESSIONKEY:
INFO	[2012-08-28 19:19:23:464] <14591> KVP_ENCDATA:
INFO	[2012-08-28 19:19:23:464] <14591> KVP_CONAME:
INFO	[2012-08-28 19:19:23:464] <14591> KVP_NOINT:
INFO	[2012-08-28 19:19:23:464] <14591> KVP_QUOTA:
INFO	[2012-08-28 19:19:23:464] <14591> CardNo:
INFO	[2012-08-28 19:19:23:464] <14591> MPI_CAVV:
INFO	[2012-08-28 19:19:23:464] <14591> MPI_ECI:
INFO	[2012-08-28 19:19:23:464] <14591> MPI_MD64:
INFO	[2012-08-28 19:19:23:464] <14591> ExpMon:
INFO	[2012-08-28 19:19:23:464] <14591> ExpYear:
INFO	[2012-08-28 19:19:23:464] <14591> Passwd:
INFO	[2012-08-28 19:19:23:464] <14591> SocId:
INFO	[2012-08-28 19:19:23:464] <14591> ICHE_OUTBANKNAME:
INFO	[2012-08-28 19:19:23:464] <14591> ICHE_OUTACCTNO:
INFO	[2012-08-28 19:19:23:464] <14591> ICHE_OUTBANKMASTER:
INFO	[2012-08-28 19:19:23:464] <14591> ICHE_AMOUNT:
INFO	[2012-08-28 19:19:23:464] <14591> HP_SERVERINFO:
INFO	[2012-08-28 19:19:23:465] <14591> HP_HANDPHONE:
INFO	[2012-08-28 19:19:23:465] <14591> HP_COMPANY:
INFO	[2012-08-28 19:19:23:465] <14591> HP_ID:
INFO	[2012-08-28 19:19:23:465] <14591> HP_SUBID:
INFO	[2012-08-28 19:19:23:465] <14591> HP_UNITType:
INFO	[2012-08-28 19:19:23:465] <14591> HP_IDEN:
INFO	[2012-08-28 19:19:23:465] <14591> HP_IPADDR:
INFO	[2012-08-28 19:19:23:465] <14591> ARS_NAME:
INFO	[2012-08-28 19:19:23:465] <14591> ARS_PHONE:
INFO	[2012-08-28 19:19:23:465] <14591> VIRTUAL_CENTERCD:
INFO	[2012-08-28 19:19:23:465] <14591> VIRTUAL_DEPODT:
INFO	[2012-08-28 19:19:23:465] <14591> ZuminCode:
INFO	[2012-08-28 19:19:23:465] <14591> MallPage:
INFO	[2012-08-28 19:19:23:465] <14591> VIRTUAL_NO:
INFO	[2012-08-28 19:19:23:465] <14591> ES_SENDNO:
INFO	[2012-08-28 19:19:23:465] <14591> ICHE_SOCKETYN:
INFO	[2012-08-28 19:19:23:465] <14591> ICHE_POSMTID:
INFO	[2012-08-28 19:19:23:465] <14591> ICHE_FNBCMTID:
INFO	[2012-08-28 19:19:23:465] <14591> ICHE_APTRTS:
INFO	[2012-08-28 19:19:23:465] <14591> ICHE_REMARK1:
INFO	[2012-08-28 19:19:23:465] <14591> ICHE_REMARK2:
INFO	[2012-08-28 19:19:23:465] <14591> ICHE_ECWYN:
INFO	[2012-08-28 19:19:23:465] <14591> ICHE_ECWID:
INFO	[2012-08-28 19:19:23:465] <14591> ICHE_ECWAMT1:
INFO	[2012-08-28 19:19:23:465] <14591> ICHE_ECWAMT2:
INFO	[2012-08-28 19:19:23:465] <14591> ICHE_CASHYN:
INFO	[2012-08-28 19:19:23:465] <14591> ICHE_CASHGUBUN_CD:
INFO	[2012-08-28 19:19:23:465] <14591> ICHE_CASHID_NO:
INFO	[2012-08-28 19:19:23:465] <14591> ICHEARS_SOCKETYN:
INFO	[2012-08-28 19:19:23:465] <14591> ICHEARS_ADMNO:
INFO	[2012-08-28 19:19:23:465] <14591> ICHEARS_POSMTID:
INFO	[2012-08-28 19:19:23:465] <14591> ICHEARS_CENTERCD:
INFO	[2012-08-28 19:19:23:465] <14591> ICHEARS_HPNO:
INFO	[2012-08-28 19:19:23:465] <14591>  Pay Result Value [
INFO	[2012-08-28 19:19:23:465] <14591> rSuccYn:n
INFO	[2012-08-28 19:19:23:465] <14591> rResMsg:상점아이디 입력여부 확인요망 <br>주문번호 입력여부 확인요망 <br>상품명 입력여부 확인요망 <br>금액 입력여부 확인요망 <br>단말기아이디 입력여부 확인요망 <br>인증여부 입력여부 확인요망 <br>
INFO	[2012-08-28 19:19:23:465] <14591> ]
INFO	[2012-08-28 19:19:23:466] <14591> END  상점아이디 입력여부 확인요망 <br>주문번호 입력여부 확인요망 <br>상품명 입력여부 확인요망 <br>금액 입력여부 확인요망 <br>단말기아이디 입력여부 확인요망 <br>인증여부 입력여부 확인요망 <br> Transaction time:[0.01sec]
INFO	[2012-08-28 19:19:23:466] <14591> ===============================================================
INFO	[2012-08-28 19:29:35:373] <12712> ===============================================================
INFO	[2012-08-28 19:29:35:373] <12712> START AgsPay40 php (OS:Darwin12.0.0,PHP:5.3.5)
INFO	[2012-08-28 19:29:35:373] <12712>  Pay Start!
INFO	[2012-08-28 19:29:35:373] <12712> AgsPayHome:/Applications/MAMP/htdocs/ko/application/logs
INFO	[2012-08-28 19:29:35:373] <12712> StoreId:
INFO	[2012-08-28 19:29:35:373] <12712> log:true
INFO	[2012-08-28 19:29:35:373] <12712> logLevel:INFO
INFO	[2012-08-28 19:29:35:373] <12712> UseNetCancel:true
INFO	[2012-08-28 19:29:35:373] <12712> Type:Pay
INFO	[2012-08-28 19:29:35:373] <12712> RecvLen:7
INFO	[2012-08-28 19:29:35:373] <12712> AuthTy:
INFO	[2012-08-28 19:29:35:373] <12712> SubTy:
INFO	[2012-08-28 19:29:35:373] <12712> OrdNo:
INFO	[2012-08-28 19:29:35:373] <12712> Amt:
INFO	[2012-08-28 19:29:35:373] <12712> UserEmail:
INFO	[2012-08-28 19:29:35:373] <12712> ProdNm:
INFO	[2012-08-28 19:29:35:373] <12712> MallUrl:
INFO	[2012-08-28 19:29:35:373] <12712> UserId:
INFO	[2012-08-28 19:29:35:373] <12712> OrdNm:
INFO	[2012-08-28 19:29:35:373] <12712> OrdPhone:
INFO	[2012-08-28 19:29:35:374] <12712> OrdAddr:
INFO	[2012-08-28 19:29:35:374] <12712> RcpNm:
INFO	[2012-08-28 19:29:35:374] <12712> RcpPhone:
INFO	[2012-08-28 19:29:35:374] <12712> DlvAddr:
INFO	[2012-08-28 19:29:35:374] <12712> Remark:
INFO	[2012-08-28 19:29:35:374] <12712> DeviId:
INFO	[2012-08-28 19:29:35:374] <12712> AuthYn:
INFO	[2012-08-28 19:29:35:374] <12712> Instmt:
INFO	[2012-08-28 19:29:35:374] <12712> UserIp:192.168.0.1
INFO	[2012-08-28 19:29:35:374] <12712> partial_mm:
INFO	[2012-08-28 19:29:35:374] <12712> noIntMonth:
INFO	[2012-08-28 19:29:35:374] <12712> KVP_CURRENCY:
INFO	[2012-08-28 19:29:35:374] <12712> KVP_CARDCODE:
INFO	[2012-08-28 19:29:35:374] <12712> KVP_SESSIONKEY:
INFO	[2012-08-28 19:29:35:374] <12712> KVP_ENCDATA:
INFO	[2012-08-28 19:29:35:374] <12712> KVP_CONAME:
INFO	[2012-08-28 19:29:35:374] <12712> KVP_NOINT:
INFO	[2012-08-28 19:29:35:374] <12712> KVP_QUOTA:
INFO	[2012-08-28 19:29:35:374] <12712> CardNo:
INFO	[2012-08-28 19:29:35:374] <12712> MPI_CAVV:
INFO	[2012-08-28 19:29:35:374] <12712> MPI_ECI:
INFO	[2012-08-28 19:29:35:374] <12712> MPI_MD64:
INFO	[2012-08-28 19:29:35:374] <12712> ExpMon:
INFO	[2012-08-28 19:29:35:374] <12712> ExpYear:
INFO	[2012-08-28 19:29:35:374] <12712> Passwd:
INFO	[2012-08-28 19:29:35:374] <12712> SocId:
INFO	[2012-08-28 19:29:35:374] <12712> ICHE_OUTBANKNAME:
INFO	[2012-08-28 19:29:35:374] <12712> ICHE_OUTACCTNO:
INFO	[2012-08-28 19:29:35:374] <12712> ICHE_OUTBANKMASTER:
INFO	[2012-08-28 19:29:35:374] <12712> ICHE_AMOUNT:
INFO	[2012-08-28 19:29:35:374] <12712> HP_SERVERINFO:
INFO	[2012-08-28 19:29:35:374] <12712> HP_HANDPHONE:
INFO	[2012-08-28 19:29:35:374] <12712> HP_COMPANY:
INFO	[2012-08-28 19:29:35:374] <12712> HP_ID:
INFO	[2012-08-28 19:29:35:374] <12712> HP_SUBID:
INFO	[2012-08-28 19:29:35:374] <12712> HP_UNITType:
INFO	[2012-08-28 19:29:35:374] <12712> HP_IDEN:
INFO	[2012-08-28 19:29:35:374] <12712> HP_IPADDR:
INFO	[2012-08-28 19:29:35:374] <12712> ARS_NAME:
INFO	[2012-08-28 19:29:35:375] <12712> ARS_PHONE:
INFO	[2012-08-28 19:29:35:375] <12712> VIRTUAL_CENTERCD:
INFO	[2012-08-28 19:29:35:375] <12712> VIRTUAL_DEPODT:
INFO	[2012-08-28 19:29:35:375] <12712> ZuminCode:
INFO	[2012-08-28 19:29:35:375] <12712> MallPage:
INFO	[2012-08-28 19:29:35:375] <12712> VIRTUAL_NO:
INFO	[2012-08-28 19:29:35:375] <12712> ES_SENDNO:
INFO	[2012-08-28 19:29:35:375] <12712> ICHE_SOCKETYN:
INFO	[2012-08-28 19:29:35:375] <12712> ICHE_POSMTID:
INFO	[2012-08-28 19:29:35:375] <12712> ICHE_FNBCMTID:
INFO	[2012-08-28 19:29:35:375] <12712> ICHE_APTRTS:
INFO	[2012-08-28 19:29:35:375] <12712> ICHE_REMARK1:
INFO	[2012-08-28 19:29:35:375] <12712> ICHE_REMARK2:
INFO	[2012-08-28 19:29:35:375] <12712> ICHE_ECWYN:
INFO	[2012-08-28 19:29:35:375] <12712> ICHE_ECWID:
INFO	[2012-08-28 19:29:35:375] <12712> ICHE_ECWAMT1:
INFO	[2012-08-28 19:29:35:375] <12712> ICHE_ECWAMT2:
INFO	[2012-08-28 19:29:35:375] <12712> ICHE_CASHYN:
INFO	[2012-08-28 19:29:35:375] <12712> ICHE_CASHGUBUN_CD:
INFO	[2012-08-28 19:29:35:375] <12712> ICHE_CASHID_NO:
INFO	[2012-08-28 19:29:35:375] <12712> ICHEARS_SOCKETYN:
INFO	[2012-08-28 19:29:35:375] <12712> ICHEARS_ADMNO:
INFO	[2012-08-28 19:29:35:375] <12712> ICHEARS_POSMTID:
INFO	[2012-08-28 19:29:35:375] <12712> ICHEARS_CENTERCD:
INFO	[2012-08-28 19:29:35:375] <12712> ICHEARS_HPNO:
INFO	[2012-08-28 19:29:35:375] <12712>  Pay Result Value [
INFO	[2012-08-28 19:29:35:375] <12712> rSuccYn:n
INFO	[2012-08-28 19:29:35:375] <12712> rResMsg:상점아이디 입력여부 확인요망 <br>주문번호 입력여부 확인요망 <br>상품명 입력여부 확인요망 <br>금액 입력여부 확인요망 <br>단말기아이디 입력여부 확인요망 <br>인증여부 입력여부 확인요망 <br>
INFO	[2012-08-28 19:29:35:375] <12712> ]
INFO	[2012-08-28 19:29:35:375] <12712> END  상점아이디 입력여부 확인요망 <br>주문번호 입력여부 확인요망 <br>상품명 입력여부 확인요망 <br>금액 입력여부 확인요망 <br>단말기아이디 입력여부 확인요망 <br>인증여부 입력여부 확인요망 <br> Transaction time:[0.002sec]
INFO	[2012-08-28 19:29:35:375] <12712> ===============================================================
INFO	[2012-08-28 19:56:19:389] <12712> ===============================================================
INFO	[2012-08-28 19:56:19:389] <12712> START AgsPay40 php (OS:Darwin12.0.0,PHP:5.3.5)
INFO	[2012-08-28 19:56:19:389] <12712>  Pay Start!
INFO	[2012-08-28 19:56:19:389] <12712> AgsPayHome:/Applications/MAMP/htdocs/ko/application/logs
INFO	[2012-08-28 19:56:19:389] <12712> StoreId:
INFO	[2012-08-28 19:56:19:389] <12712> log:true
INFO	[2012-08-28 19:56:19:389] <12712> logLevel:INFO
INFO	[2012-08-28 19:56:19:389] <12712> UseNetCancel:true
INFO	[2012-08-28 19:56:19:389] <12712> Type:Pay
INFO	[2012-08-28 19:56:19:389] <12712> RecvLen:7
INFO	[2012-08-28 19:56:19:389] <12712> AuthTy:
INFO	[2012-08-28 19:56:19:389] <12712> SubTy:
INFO	[2012-08-28 19:56:19:389] <12712> OrdNo:
INFO	[2012-08-28 19:56:19:389] <12712> Amt:
INFO	[2012-08-28 19:56:19:389] <12712> UserEmail:
INFO	[2012-08-28 19:56:19:389] <12712> ProdNm:
INFO	[2012-08-28 19:56:19:389] <12712> MallUrl:
INFO	[2012-08-28 19:56:19:389] <12712> UserId:
INFO	[2012-08-28 19:56:19:389] <12712> OrdNm:
INFO	[2012-08-28 19:56:19:389] <12712> OrdPhone:
INFO	[2012-08-28 19:56:19:389] <12712> OrdAddr:
INFO	[2012-08-28 19:56:19:389] <12712> RcpNm:
INFO	[2012-08-28 19:56:19:389] <12712> RcpPhone:
INFO	[2012-08-28 19:56:19:389] <12712> DlvAddr:
INFO	[2012-08-28 19:56:19:389] <12712> Remark:
INFO	[2012-08-28 19:56:19:389] <12712> DeviId:
INFO	[2012-08-28 19:56:19:389] <12712> AuthYn:
INFO	[2012-08-28 19:56:19:389] <12712> Instmt:
INFO	[2012-08-28 19:56:19:390] <12712> UserIp:192.168.0.1
INFO	[2012-08-28 19:56:19:390] <12712> partial_mm:
INFO	[2012-08-28 19:56:19:390] <12712> noIntMonth:
INFO	[2012-08-28 19:56:19:390] <12712> KVP_CURRENCY:
INFO	[2012-08-28 19:56:19:390] <12712> KVP_CARDCODE:
INFO	[2012-08-28 19:56:19:390] <12712> KVP_SESSIONKEY:
INFO	[2012-08-28 19:56:19:390] <12712> KVP_ENCDATA:
INFO	[2012-08-28 19:56:19:390] <12712> KVP_CONAME:
INFO	[2012-08-28 19:56:19:390] <12712> KVP_NOINT:
INFO	[2012-08-28 19:56:19:390] <12712> KVP_QUOTA:
INFO	[2012-08-28 19:56:19:390] <12712> CardNo:
INFO	[2012-08-28 19:56:19:390] <12712> MPI_CAVV:
INFO	[2012-08-28 19:56:19:390] <12712> MPI_ECI:
INFO	[2012-08-28 19:56:19:390] <12712> MPI_MD64:
INFO	[2012-08-28 19:56:19:390] <12712> ExpMon:
INFO	[2012-08-28 19:56:19:390] <12712> ExpYear:
INFO	[2012-08-28 19:56:19:390] <12712> Passwd:
INFO	[2012-08-28 19:56:19:390] <12712> SocId:
INFO	[2012-08-28 19:56:19:390] <12712> ICHE_OUTBANKNAME:
INFO	[2012-08-28 19:56:19:390] <12712> ICHE_OUTACCTNO:
INFO	[2012-08-28 19:56:19:390] <12712> ICHE_OUTBANKMASTER:
INFO	[2012-08-28 19:56:19:390] <12712> ICHE_AMOUNT:
INFO	[2012-08-28 19:56:19:390] <12712> HP_SERVERINFO:
INFO	[2012-08-28 19:56:19:390] <12712> HP_HANDPHONE:
INFO	[2012-08-28 19:56:19:390] <12712> HP_COMPANY:
INFO	[2012-08-28 19:56:19:390] <12712> HP_ID:
INFO	[2012-08-28 19:56:19:390] <12712> HP_SUBID:
INFO	[2012-08-28 19:56:19:390] <12712> HP_UNITType:
INFO	[2012-08-28 19:56:19:390] <12712> HP_IDEN:
INFO	[2012-08-28 19:56:19:390] <12712> HP_IPADDR:
INFO	[2012-08-28 19:56:19:390] <12712> ARS_NAME:
INFO	[2012-08-28 19:56:19:390] <12712> ARS_PHONE:
INFO	[2012-08-28 19:56:19:390] <12712> VIRTUAL_CENTERCD:
INFO	[2012-08-28 19:56:19:390] <12712> VIRTUAL_DEPODT:
INFO	[2012-08-28 19:56:19:390] <12712> ZuminCode:
INFO	[2012-08-28 19:56:19:390] <12712> MallPage:
INFO	[2012-08-28 19:56:19:390] <12712> VIRTUAL_NO:
INFO	[2012-08-28 19:56:19:390] <12712> ES_SENDNO:
INFO	[2012-08-28 19:56:19:390] <12712> ICHE_SOCKETYN:
INFO	[2012-08-28 19:56:19:390] <12712> ICHE_POSMTID:
INFO	[2012-08-28 19:56:19:391] <12712> ICHE_FNBCMTID:
INFO	[2012-08-28 19:56:19:391] <12712> ICHE_APTRTS:
INFO	[2012-08-28 19:56:19:391] <12712> ICHE_REMARK1:
INFO	[2012-08-28 19:56:19:391] <12712> ICHE_REMARK2:
INFO	[2012-08-28 19:56:19:391] <12712> ICHE_ECWYN:
INFO	[2012-08-28 19:56:19:391] <12712> ICHE_ECWID:
INFO	[2012-08-28 19:56:19:391] <12712> ICHE_ECWAMT1:
INFO	[2012-08-28 19:56:19:391] <12712> ICHE_ECWAMT2:
INFO	[2012-08-28 19:56:19:391] <12712> ICHE_CASHYN:
INFO	[2012-08-28 19:56:19:391] <12712> ICHE_CASHGUBUN_CD:
INFO	[2012-08-28 19:56:19:391] <12712> ICHE_CASHID_NO:
INFO	[2012-08-28 19:56:19:391] <12712> ICHEARS_SOCKETYN:
INFO	[2012-08-28 19:56:19:391] <12712> ICHEARS_ADMNO:
INFO	[2012-08-28 19:56:19:391] <12712> ICHEARS_POSMTID:
INFO	[2012-08-28 19:56:19:391] <12712> ICHEARS_CENTERCD:
INFO	[2012-08-28 19:56:19:391] <12712> ICHEARS_HPNO:
INFO	[2012-08-28 19:56:19:391] <12712>  Pay Result Value [
INFO	[2012-08-28 19:56:19:391] <12712> rSuccYn:n
INFO	[2012-08-28 19:56:19:391] <12712> rResMsg:상점아이디 입력여부 확인요망 <br>주문번호 입력여부 확인요망 <br>상품명 입력여부 확인요망 <br>금액 입력여부 확인요망 <br>단말기아이디 입력여부 확인요망 <br>인증여부 입력여부 확인요망 <br>
INFO	[2012-08-28 19:56:19:391] <12712> ]
INFO	[2012-08-28 19:56:19:391] <12712> END   Transaction time:[0.002sec]
INFO	[2012-08-28 19:56:19:391] <12712> ===============================================================
