INFO	[2012-08-28 18:36:40:986] <12713> ===============================================================
INFO	[2012-08-28 18:36:40:986] <12713> START AgsPay40 php (OS:Darwin12.0.0,PHP:5.3.5)
INFO	[2012-08-28 18:39:37:264] <12711> ===============================================================
INFO	[2012-08-28 18:39:37:264] <12711> START AgsPay40 php (OS:Darwin12.0.0,PHP:5.3.5)
INFO	[2012-08-28 18:40:04:390] <12733> ===============================================================
INFO	[2012-08-28 18:40:04:390] <12733> START AgsPay40 php (OS:Darwin12.0.0,PHP:5.3.5)
INFO	[2012-08-28 18:40:15:613] <12733> ===============================================================
INFO	[2012-08-28 18:40:15:613] <12733> START AgsPay40 php (OS:Darwin12.0.0,PHP:5.3.5)
INFO	[2012-08-28 18:42:16:37] <12732> ===============================================================
INFO	[2012-08-28 18:42:16:37] <12732> START AgsPay40 php (OS:Darwin12.0.0,PHP:5.3.5)
INFO	[2012-08-28 18:42:38:804] <12734> ===============================================================
INFO	[2012-08-28 18:42:38:804] <12734> START AgsPay40 php (OS:Darwin12.0.0,PHP:5.3.5)
INFO	[2012-08-28 18:42:40:71] <12734> ===============================================================
INFO	[2012-08-28 18:42:40:71] <12734> START AgsPay40 php (OS:Darwin12.0.0,PHP:5.3.5)
INFO	[2012-08-28 18:42:40:893] <12734> ===============================================================
INFO	[2012-08-28 18:42:40:893] <12734> START AgsPay40 php (OS:Darwin12.0.0,PHP:5.3.5)
INFO	[2012-08-28 18:43:13:469] <12710> ===============================================================
INFO	[2012-08-28 18:43:13:469] <12710> START AgsPay40 php (OS:Darwin12.0.0,PHP:5.3.5)
INFO	[2012-08-28 18:43:32:98] <12798> ===============================================================
INFO	[2012-08-28 18:43:32:98] <12798> START AgsPay40 php (OS:Darwin12.0.0,PHP:5.3.5)
INFO	[2012-08-28 18:45:20:902] <14591> ===============================================================
INFO	[2012-08-28 18:45:20:902] <14591> START AgsPay40 php (OS:Darwin12.0.0,PHP:5.3.5)
INFO	[2012-08-28 18:47:07:221] <14095> ===============================================================
INFO	[2012-08-28 18:47:07:221] <14095> START AgsPay40 php (OS:Darwin12.0.0,PHP:5.3.5)
INFO	[2012-08-28 18:47:07:221] <14095> card Pay Start!
INFO	[2012-08-28 18:47:07:221] <14095> AgsPayHome:/Applications/MAMP/htdocs/loveholic/application/logs
INFO	[2012-08-28 18:47:07:222] <14095> StoreId:aegis
INFO	[2012-08-28 18:47:07:222] <14095> log:true
INFO	[2012-08-28 18:47:07:222] <14095> logLevel:INFO
INFO	[2012-08-28 18:47:07:222] <14095> UseNetCancel:true
INFO	[2012-08-28 18:47:07:222] <14095> Type:Pay
INFO	[2012-08-28 18:47:07:222] <14095> RecvLen:7
INFO	[2012-08-28 18:47:07:222] <14095> AuthTy:card
INFO	[2012-08-28 18:47:07:222] <14095> SubTy:visa3d
INFO	[2012-08-28 18:47:07:222] <14095> OrdNo:1000000001
INFO	[2012-08-28 18:47:07:222] <14095> Amt:1000
INFO	[2012-08-28 18:47:07:222] <14095> UserEmail:test@test.com
INFO	[2012-08-28 18:47:07:222] <14095> ProdNm:
INFO	[2012-08-28 18:47:07:222] <14095> MallUrl:http://www.allthegate.com
INFO	[2012-08-28 18:47:07:222] <14095> UserId:test
INFO	[2012-08-28 18:47:07:222] <14095> OrdNm:
INFO	[2012-08-28 18:47:07:222] <14095> OrdPhone:02-111-1111
INFO	[2012-08-28 18:47:07:222] <14095> OrdAddr:
INFO	[2012-08-28 18:47:07:222] <14095> RcpNm:
INFO	[2012-08-28 18:47:07:222] <14095> RcpPhone:02-111-1111
INFO	[2012-08-28 18:47:07:222] <14095> DlvAddr:
INFO	[2012-08-28 18:47:07:222] <14095> Remark:
INFO	[2012-08-28 18:47:07:222] <14095> DeviId:9000400001
INFO	[2012-08-28 18:47:07:222] <14095> AuthYn:N;211.48.34.44;N;;1000;;null;;;
INFO	[2012-08-28 18:47:07:222] <14095> Instmt:00
INFO	[2012-08-28 18:47:07:222] <14095> UserIp:192.168.0.1
INFO	[2012-08-28 18:47:07:222] <14095> partial_mm:
INFO	[2012-08-28 18:47:07:222] <14095> noIntMonth:
INFO	[2012-08-28 18:47:07:222] <14095> KVP_CURRENCY:WON
INFO	[2012-08-28 18:47:07:222] <14095> KVP_CARDCODE:
INFO	[2012-08-28 18:47:07:222] <14095> KVP_SESSIONKEY:
INFO	[2012-08-28 18:47:07:222] <14095> KVP_ENCDATA:
INFO	[2012-08-28 18:47:07:224] <14095> KVP_CONAME:
INFO	[2012-08-28 18:47:07:224] <14095> KVP_NOINT:
INFO	[2012-08-28 18:47:07:224] <14095> KVP_QUOTA:
INFO	[2012-08-28 18:47:07:224] <14095> CardNo:4374360069657003
INFO	[2012-08-28 18:47:07:224] <14095> MPI_CAVV:AAABAAVpkCASCCgYRmmQAAAAAAA=
INFO	[2012-08-28 18:47:07:224] <14095> MPI_ECI:05
INFO	[2012-08-28 18:47:07:224] <14095> MPI_MD64:MjAxMjA4MjgxODQ2MDU1NjcxMDY=
INFO	[2012-08-28 18:47:07:224] <14095> ExpMon:12
INFO	[2012-08-28 18:47:07:224] <14095> ExpYear:2049
INFO	[2012-08-28 18:47:07:224] <14095> Passwd:
INFO	[2012-08-28 18:47:07:224] <14095> SocId:
INFO	[2012-08-28 18:47:07:224] <14095> ICHE_OUTBANKNAME:
INFO	[2012-08-28 18:47:07:224] <14095> ICHE_OUTACCTNO:
INFO	[2012-08-28 18:47:07:224] <14095> ICHE_OUTBANKMASTER:
INFO	[2012-08-28 18:47:07:224] <14095> ICHE_AMOUNT:
INFO	[2012-08-28 18:47:07:224] <14095> HP_SERVERINFO:
INFO	[2012-08-28 18:47:07:224] <14095> HP_HANDPHONE:
INFO	[2012-08-28 18:47:07:224] <14095> HP_COMPANY:
INFO	[2012-08-28 18:47:07:224] <14095> HP_ID:
INFO	[2012-08-28 18:47:07:224] <14095> HP_SUBID:
INFO	[2012-08-28 18:47:07:224] <14095> HP_UNITType:1
INFO	[2012-08-28 18:47:07:224] <14095> HP_IDEN:
INFO	[2012-08-28 18:47:07:224] <14095> HP_IPADDR:
INFO	[2012-08-28 18:47:07:225] <14095> ARS_NAME:
INFO	[2012-08-28 18:47:07:225] <14095> ARS_PHONE:
INFO	[2012-08-28 18:47:07:225] <14095> VIRTUAL_CENTERCD:99
INFO	[2012-08-28 18:47:07:225] <14095> VIRTUAL_DEPODT:
INFO	[2012-08-28 18:47:07:225] <14095> ZuminCode:
INFO	[2012-08-28 18:47:07:225] <14095> MallPage:/mall/AGS_VirAcctResult.php
INFO	[2012-08-28 18:47:07:225] <14095> VIRTUAL_NO:
INFO	[2012-08-28 18:47:07:225] <14095> ES_SENDNO:
INFO	[2012-08-28 18:47:07:225] <14095> ICHE_SOCKETYN:Y
INFO	[2012-08-28 18:47:07:225] <14095> ICHE_POSMTID:
INFO	[2012-08-28 18:47:07:225] <14095> ICHE_FNBCMTID:
INFO	[2012-08-28 18:47:07:225] <14095> ICHE_APTRTS:
INFO	[2012-08-28 18:47:07:225] <14095> ICHE_REMARK1:
INFO	[2012-08-28 18:47:07:225] <14095> ICHE_REMARK2:
INFO	[2012-08-28 18:47:07:225] <14095> ICHE_ECWYN:
INFO	[2012-08-28 18:47:07:225] <14095> ICHE_ECWID:
INFO	[2012-08-28 18:47:07:225] <14095> ICHE_ECWAMT1:
INFO	[2012-08-28 18:47:07:225] <14095> ICHE_ECWAMT2:
INFO	[2012-08-28 18:47:07:225] <14095> ICHE_CASHYN:N
INFO	[2012-08-28 18:47:07:225] <14095> ICHE_CASHGUBUN_CD:
INFO	[2012-08-28 18:47:07:225] <14095> ICHE_CASHID_NO:
INFO	[2012-08-28 18:47:07:225] <14095> ICHEARS_SOCKETYN:Y
INFO	[2012-08-28 18:47:07:225] <14095> ICHEARS_ADMNO:
INFO	[2012-08-28 18:47:07:225] <14095> ICHEARS_POSMTID:
INFO	[2012-08-28 18:47:07:225] <14095> ICHEARS_CENTERCD:
INFO	[2012-08-28 18:47:07:225] <14095> ICHEARS_HPNO:
INFO	[2012-08-28 18:47:07:225] <14095> card Pay Result Value [
INFO	[2012-08-28 18:47:07:225] <14095> rSuccYn:n
INFO	[2012-08-28 18:47:07:225] <14095> rResMsg:상품명 입력여부 확인요망 <br>
INFO	[2012-08-28 18:47:07:225] <14095> ]
INFO	[2012-08-28 18:47:07:225] <14095> END  상품명 입력여부 확인요망 <br> Transaction time:[0.004sec]
INFO	[2012-08-28 18:47:07:225] <14095> ===============================================================
INFO	[2012-08-28 18:52:01:423] <14095> ===============================================================
INFO	[2012-08-28 18:52:01:423] <14095> START AgsPay40 php (OS:Darwin12.0.0,PHP:5.3.5)
INFO	[2012-08-28 18:52:01:423] <14095> card Pay Start!
INFO	[2012-08-28 18:52:01:423] <14095> AgsPayHome:/Applications/MAMP/htdocs/loveholic/application/logs
INFO	[2012-08-28 18:52:01:423] <14095> StoreId:aegis
INFO	[2012-08-28 18:52:01:423] <14095> log:true
INFO	[2012-08-28 18:52:01:423] <14095> logLevel:INFO
INFO	[2012-08-28 18:52:01:423] <14095> UseNetCancel:true
INFO	[2012-08-28 18:52:01:423] <14095> Type:Pay
INFO	[2012-08-28 18:52:01:423] <14095> RecvLen:7
INFO	[2012-08-28 18:52:01:423] <14095> AuthTy:card
INFO	[2012-08-28 18:52:01:423] <14095> SubTy:visa3d
INFO	[2012-08-28 18:52:01:423] <14095> OrdNo:1000000001
INFO	[2012-08-28 18:52:01:423] <14095> Amt:1000
INFO	[2012-08-28 18:52:01:423] <14095> UserEmail:test@test.com
INFO	[2012-08-28 18:52:01:423] <14095> ProdNm:
INFO	[2012-08-28 18:52:01:424] <14095> MallUrl:http://www.allthegate.com
INFO	[2012-08-28 18:52:01:424] <14095> UserId:test
INFO	[2012-08-28 18:52:01:424] <14095> OrdNm:
INFO	[2012-08-28 18:52:01:424] <14095> OrdPhone:02-111-1111
INFO	[2012-08-28 18:52:01:424] <14095> OrdAddr:
INFO	[2012-08-28 18:52:01:424] <14095> RcpNm:
INFO	[2012-08-28 18:52:01:424] <14095> RcpPhone:02-111-1111
INFO	[2012-08-28 18:52:01:424] <14095> DlvAddr:
INFO	[2012-08-28 18:52:01:424] <14095> Remark:
INFO	[2012-08-28 18:52:01:424] <14095> DeviId:9000400001
INFO	[2012-08-28 18:52:01:424] <14095> AuthYn:N;211.48.34.44;N;;1000;;null;;;
INFO	[2012-08-28 18:52:01:424] <14095> Instmt:00
INFO	[2012-08-28 18:52:01:424] <14095> UserIp:192.168.0.1
INFO	[2012-08-28 18:52:01:424] <14095> partial_mm:
INFO	[2012-08-28 18:52:01:424] <14095> noIntMonth:
INFO	[2012-08-28 18:52:01:424] <14095> KVP_CURRENCY:WON
INFO	[2012-08-28 18:52:01:424] <14095> KVP_CARDCODE:
INFO	[2012-08-28 18:52:01:424] <14095> KVP_SESSIONKEY:
INFO	[2012-08-28 18:52:01:424] <14095> KVP_ENCDATA:
INFO	[2012-08-28 18:52:01:424] <14095> KVP_CONAME:
INFO	[2012-08-28 18:52:01:424] <14095> KVP_NOINT:
INFO	[2012-08-28 18:52:01:424] <14095> KVP_QUOTA:
INFO	[2012-08-28 18:52:01:424] <14095> CardNo:4374360069657003
INFO	[2012-08-28 18:52:01:424] <14095> MPI_CAVV:AAABA5KCYiASCCgYUoJiAAAAAAA=
INFO	[2012-08-28 18:52:01:424] <14095> MPI_ECI:05
INFO	[2012-08-28 18:52:01:424] <14095> MPI_MD64:MjAxMjA4MjgxODUxMjE2MjgxMDY=
INFO	[2012-08-28 18:52:01:424] <14095> ExpMon:12
INFO	[2012-08-28 18:52:01:424] <14095> ExpYear:2049
INFO	[2012-08-28 18:52:01:424] <14095> Passwd:
INFO	[2012-08-28 18:52:01:425] <14095> SocId:
INFO	[2012-08-28 18:52:01:425] <14095> ICHE_OUTBANKNAME:
INFO	[2012-08-28 18:52:01:425] <14095> ICHE_OUTACCTNO:
INFO	[2012-08-28 18:52:01:425] <14095> ICHE_OUTBANKMASTER:
INFO	[2012-08-28 18:52:01:425] <14095> ICHE_AMOUNT:
INFO	[2012-08-28 18:52:01:425] <14095> HP_SERVERINFO:
INFO	[2012-08-28 18:52:01:425] <14095> HP_HANDPHONE:
INFO	[2012-08-28 18:52:01:425] <14095> HP_COMPANY:
INFO	[2012-08-28 18:52:01:425] <14095> HP_ID:
INFO	[2012-08-28 18:52:01:425] <14095> HP_SUBID:
INFO	[2012-08-28 18:52:01:425] <14095> HP_UNITType:1
INFO	[2012-08-28 18:52:01:425] <14095> HP_IDEN:
INFO	[2012-08-28 18:52:01:425] <14095> HP_IPADDR:
INFO	[2012-08-28 18:52:01:425] <14095> ARS_NAME:
INFO	[2012-08-28 18:52:01:425] <14095> ARS_PHONE:
INFO	[2012-08-28 18:52:01:425] <14095> VIRTUAL_CENTERCD:99
INFO	[2012-08-28 18:52:01:426] <14095> VIRTUAL_DEPODT:
INFO	[2012-08-28 18:52:01:426] <14095> ZuminCode:
INFO	[2012-08-28 18:52:01:426] <14095> MallPage:/mall/AGS_VirAcctResult.php
INFO	[2012-08-28 18:52:01:426] <14095> VIRTUAL_NO:
INFO	[2012-08-28 18:52:01:426] <14095> ES_SENDNO:
INFO	[2012-08-28 18:52:01:426] <14095> ICHE_SOCKETYN:Y
INFO	[2012-08-28 18:52:01:426] <14095> ICHE_POSMTID:
INFO	[2012-08-28 18:52:01:426] <14095> ICHE_FNBCMTID:
INFO	[2012-08-28 18:52:01:426] <14095> ICHE_APTRTS:
INFO	[2012-08-28 18:52:01:426] <14095> ICHE_REMARK1:
INFO	[2012-08-28 18:52:01:426] <14095> ICHE_REMARK2:
INFO	[2012-08-28 18:52:01:426] <14095> ICHE_ECWYN:
INFO	[2012-08-28 18:52:01:426] <14095> ICHE_ECWID:
INFO	[2012-08-28 18:52:01:426] <14095> ICHE_ECWAMT1:
INFO	[2012-08-28 18:52:01:426] <14095> ICHE_ECWAMT2:
INFO	[2012-08-28 18:52:01:426] <14095> ICHE_CASHYN:N
INFO	[2012-08-28 18:52:01:426] <14095> ICHE_CASHGUBUN_CD:
INFO	[2012-08-28 18:52:01:426] <14095> ICHE_CASHID_NO:
INFO	[2012-08-28 18:52:01:426] <14095> ICHEARS_SOCKETYN:Y
INFO	[2012-08-28 18:52:01:426] <14095> ICHEARS_ADMNO:
INFO	[2012-08-28 18:52:01:426] <14095> ICHEARS_POSMTID:
INFO	[2012-08-28 18:52:01:426] <14095> ICHEARS_CENTERCD:
INFO	[2012-08-28 18:52:01:427] <14095> ICHEARS_HPNO:
INFO	[2012-08-28 18:52:01:427] <14095> card Pay Result Value [
INFO	[2012-08-28 18:52:01:427] <14095> rSuccYn:n
INFO	[2012-08-28 18:52:01:427] <14095> rResMsg:상품명 입력여부 확인요망 <br>
INFO	[2012-08-28 18:52:01:427] <14095> ]
INFO	[2012-08-28 18:52:01:427] <14095> END  상품명 입력여부 확인요망 <br> Transaction time:[0.004sec]
INFO	[2012-08-28 18:52:01:427] <14095> ===============================================================
INFO	[2012-08-28 19:01:52:779] <12712> ===============================================================
INFO	[2012-08-28 19:01:52:779] <12712> START AgsPay40 php (OS:Darwin12.0.0,PHP:5.3.5)
INFO	[2012-08-28 19:01:52:779] <12712> card Pay Start!
INFO	[2012-08-28 19:01:52:780] <12712> AgsPayHome:/Applications/MAMP/htdocs/loveholic/application/logs
INFO	[2012-08-28 19:01:52:780] <12712> StoreId:aegis
INFO	[2012-08-28 19:01:52:780] <12712> log:true
INFO	[2012-08-28 19:01:52:780] <12712> logLevel:INFO
INFO	[2012-08-28 19:01:52:780] <12712> UseNetCancel:true
INFO	[2012-08-28 19:01:52:780] <12712> Type:Pay
INFO	[2012-08-28 19:01:52:780] <12712> RecvLen:7
INFO	[2012-08-28 19:01:52:780] <12712> AuthTy:card
INFO	[2012-08-28 19:01:52:780] <12712> SubTy:visa3d
INFO	[2012-08-28 19:01:52:780] <12712> OrdNo:1000000001
INFO	[2012-08-28 19:01:52:780] <12712> Amt:1000
INFO	[2012-08-28 19:01:52:780] <12712> UserEmail:test@test.com
INFO	[2012-08-28 19:01:52:780] <12712> ProdNm:
INFO	[2012-08-28 19:01:52:780] <12712> MallUrl:http://www.allthegate.com
INFO	[2012-08-28 19:01:52:780] <12712> UserId:test
INFO	[2012-08-28 19:01:52:780] <12712> OrdNm:
INFO	[2012-08-28 19:01:52:780] <12712> OrdPhone:02-111-1111
INFO	[2012-08-28 19:01:52:780] <12712> OrdAddr:
INFO	[2012-08-28 19:01:52:780] <12712> RcpNm:
INFO	[2012-08-28 19:01:52:780] <12712> RcpPhone:02-111-1111
INFO	[2012-08-28 19:01:52:780] <12712> DlvAddr:
INFO	[2012-08-28 19:01:52:780] <12712> Remark:
INFO	[2012-08-28 19:01:52:780] <12712> DeviId:9000400001
INFO	[2012-08-28 19:01:52:780] <12712> AuthYn:N;211.48.34.44;N;;1000;;null;;;
INFO	[2012-08-28 19:01:52:780] <12712> Instmt:00
INFO	[2012-08-28 19:01:52:780] <12712> UserIp:192.168.0.1
INFO	[2012-08-28 19:01:52:780] <12712> partial_mm:
INFO	[2012-08-28 19:01:52:780] <12712> noIntMonth:
INFO	[2012-08-28 19:01:52:780] <12712> KVP_CURRENCY:WON
INFO	[2012-08-28 19:01:52:780] <12712> KVP_CARDCODE:
INFO	[2012-08-28 19:01:52:780] <12712> KVP_SESSIONKEY:
INFO	[2012-08-28 19:01:52:780] <12712> KVP_ENCDATA:
INFO	[2012-08-28 19:01:52:780] <12712> KVP_CONAME:
INFO	[2012-08-28 19:01:52:780] <12712> KVP_NOINT:
INFO	[2012-08-28 19:01:52:780] <12712> KVP_QUOTA:
INFO	[2012-08-28 19:01:52:780] <12712> CardNo:4374360069657003
INFO	[2012-08-28 19:01:52:780] <12712> MPI_CAVV:AAABA5KCYiASCCgYUoJiAAAAAAA=
INFO	[2012-08-28 19:01:52:780] <12712> MPI_ECI:05
INFO	[2012-08-28 19:01:52:780] <12712> MPI_MD64:MjAxMjA4MjgxODUxMjE2MjgxMDY=
INFO	[2012-08-28 19:01:52:781] <12712> ExpMon:12
INFO	[2012-08-28 19:01:52:781] <12712> ExpYear:2049
INFO	[2012-08-28 19:01:52:781] <12712> Passwd:
INFO	[2012-08-28 19:01:52:781] <12712> SocId:
INFO	[2012-08-28 19:01:52:781] <12712> ICHE_OUTBANKNAME:
INFO	[2012-08-28 19:01:52:781] <12712> ICHE_OUTACCTNO:
INFO	[2012-08-28 19:01:52:781] <12712> ICHE_OUTBANKMASTER:
INFO	[2012-08-28 19:01:52:781] <12712> ICHE_AMOUNT:
INFO	[2012-08-28 19:01:52:781] <12712> HP_SERVERINFO:
INFO	[2012-08-28 19:01:52:781] <12712> HP_HANDPHONE:
INFO	[2012-08-28 19:01:52:781] <12712> HP_COMPANY:
INFO	[2012-08-28 19:01:52:781] <12712> HP_ID:
INFO	[2012-08-28 19:01:52:781] <12712> HP_SUBID:
INFO	[2012-08-28 19:01:52:781] <12712> HP_UNITType:1
INFO	[2012-08-28 19:01:52:781] <12712> HP_IDEN:
INFO	[2012-08-28 19:01:52:781] <12712> HP_IPADDR:
INFO	[2012-08-28 19:01:52:781] <12712> ARS_NAME:
INFO	[2012-08-28 19:01:52:781] <12712> ARS_PHONE:
INFO	[2012-08-28 19:01:52:781] <12712> VIRTUAL_CENTERCD:99
INFO	[2012-08-28 19:01:52:781] <12712> VIRTUAL_DEPODT:
INFO	[2012-08-28 19:01:52:781] <12712> ZuminCode:
INFO	[2012-08-28 19:01:52:781] <12712> MallPage:/mall/AGS_VirAcctResult.php
INFO	[2012-08-28 19:01:52:781] <12712> VIRTUAL_NO:
INFO	[2012-08-28 19:01:52:781] <12712> ES_SENDNO:
INFO	[2012-08-28 19:01:52:781] <12712> ICHE_SOCKETYN:Y
INFO	[2012-08-28 19:01:52:781] <12712> ICHE_POSMTID:
INFO	[2012-08-28 19:01:52:781] <12712> ICHE_FNBCMTID:
INFO	[2012-08-28 19:01:52:781] <12712> ICHE_APTRTS:
INFO	[2012-08-28 19:01:52:781] <12712> ICHE_REMARK1:
INFO	[2012-08-28 19:01:52:781] <12712> ICHE_REMARK2:
INFO	[2012-08-28 19:01:52:781] <12712> ICHE_ECWYN:
INFO	[2012-08-28 19:01:52:781] <12712> ICHE_ECWID:
INFO	[2012-08-28 19:01:52:781] <12712> ICHE_ECWAMT1:
INFO	[2012-08-28 19:01:52:781] <12712> ICHE_ECWAMT2:
INFO	[2012-08-28 19:01:52:781] <12712> ICHE_CASHYN:N
INFO	[2012-08-28 19:01:52:781] <12712> ICHE_CASHGUBUN_CD:
INFO	[2012-08-28 19:01:52:781] <12712> ICHE_CASHID_NO:
INFO	[2012-08-28 19:01:52:781] <12712> ICHEARS_SOCKETYN:Y
INFO	[2012-08-28 19:01:52:781] <12712> ICHEARS_ADMNO:
INFO	[2012-08-28 19:01:52:782] <12712> ICHEARS_POSMTID:
INFO	[2012-08-28 19:01:52:782] <12712> ICHEARS_CENTERCD:
INFO	[2012-08-28 19:01:52:782] <12712> ICHEARS_HPNO:
INFO	[2012-08-28 19:01:52:782] <12712> card Pay Result Value [
INFO	[2012-08-28 19:01:52:782] <12712> rSuccYn:n
INFO	[2012-08-28 19:01:52:782] <12712> rResMsg:상품명 입력여부 확인요망 <br>
INFO	[2012-08-28 19:01:52:782] <12712> ]
INFO	[2012-08-28 19:01:52:782] <12712> END  상품명 입력여부 확인요망 <br> Transaction time:[0.002sec]
INFO	[2012-08-28 19:01:52:782] <12712> ===============================================================
INFO	[2012-08-28 19:02:06:482] <12712> ===============================================================
INFO	[2012-08-28 19:02:06:482] <12712> START AgsPay40 php (OS:Darwin12.0.0,PHP:5.3.5)
INFO	[2012-08-28 19:02:06:482] <12712> card Pay Start!
INFO	[2012-08-28 19:02:06:482] <12712> AgsPayHome:/Applications/MAMP/htdocs/loveholic/application/logs
INFO	[2012-08-28 19:02:06:482] <12712> StoreId:aegis
INFO	[2012-08-28 19:02:06:482] <12712> log:true
INFO	[2012-08-28 19:02:06:482] <12712> logLevel:INFO
INFO	[2012-08-28 19:02:06:482] <12712> UseNetCancel:true
INFO	[2012-08-28 19:02:06:482] <12712> Type:Pay
INFO	[2012-08-28 19:02:06:482] <12712> RecvLen:7
INFO	[2012-08-28 19:02:06:482] <12712> AuthTy:card
INFO	[2012-08-28 19:02:06:482] <12712> SubTy:visa3d
INFO	[2012-08-28 19:02:06:482] <12712> OrdNo:1000000001
INFO	[2012-08-28 19:02:06:482] <12712> Amt:1000
INFO	[2012-08-28 19:02:06:482] <12712> UserEmail:test@test.com
INFO	[2012-08-28 19:02:06:482] <12712> ProdNm:
INFO	[2012-08-28 19:02:06:482] <12712> MallUrl:http://www.allthegate.com
INFO	[2012-08-28 19:02:06:482] <12712> UserId:test
INFO	[2012-08-28 19:02:06:482] <12712> OrdNm:
INFO	[2012-08-28 19:02:06:482] <12712> OrdPhone:02-111-1111
INFO	[2012-08-28 19:02:06:482] <12712> OrdAddr:
INFO	[2012-08-28 19:02:06:482] <12712> RcpNm:
INFO	[2012-08-28 19:02:06:482] <12712> RcpPhone:02-111-1111
INFO	[2012-08-28 19:02:06:482] <12712> DlvAddr:
INFO	[2012-08-28 19:02:06:482] <12712> Remark:
INFO	[2012-08-28 19:02:06:483] <12712> DeviId:9000400001
INFO	[2012-08-28 19:02:06:483] <12712> AuthYn:N;211.48.34.44;N;;1000;;null;;;
INFO	[2012-08-28 19:02:06:483] <12712> Instmt:00
INFO	[2012-08-28 19:02:06:483] <12712> UserIp:192.168.0.1
INFO	[2012-08-28 19:02:06:483] <12712> partial_mm:
INFO	[2012-08-28 19:02:06:483] <12712> noIntMonth:
INFO	[2012-08-28 19:02:06:483] <12712> KVP_CURRENCY:WON
INFO	[2012-08-28 19:02:06:483] <12712> KVP_CARDCODE:
INFO	[2012-08-28 19:02:06:483] <12712> KVP_SESSIONKEY:
INFO	[2012-08-28 19:02:06:483] <12712> KVP_ENCDATA:
INFO	[2012-08-28 19:02:06:483] <12712> KVP_CONAME:
INFO	[2012-08-28 19:02:06:483] <12712> KVP_NOINT:
INFO	[2012-08-28 19:02:06:483] <12712> KVP_QUOTA:
INFO	[2012-08-28 19:02:06:483] <12712> CardNo:4374360069657003
INFO	[2012-08-28 19:02:06:483] <12712> MPI_CAVV:AAABA5KCYiASCCgYUoJiAAAAAAA=
INFO	[2012-08-28 19:02:06:483] <12712> MPI_ECI:05
INFO	[2012-08-28 19:02:06:483] <12712> MPI_MD64:MjAxMjA4MjgxODUxMjE2MjgxMDY=
INFO	[2012-08-28 19:02:06:483] <12712> ExpMon:12
INFO	[2012-08-28 19:02:06:483] <12712> ExpYear:2049
INFO	[2012-08-28 19:02:06:483] <12712> Passwd:
INFO	[2012-08-28 19:02:06:483] <12712> SocId:
INFO	[2012-08-28 19:02:06:483] <12712> ICHE_OUTBANKNAME:
INFO	[2012-08-28 19:02:06:483] <12712> ICHE_OUTACCTNO:
INFO	[2012-08-28 19:02:06:483] <12712> ICHE_OUTBANKMASTER:
INFO	[2012-08-28 19:02:06:483] <12712> ICHE_AMOUNT:
INFO	[2012-08-28 19:02:06:483] <12712> HP_SERVERINFO:
INFO	[2012-08-28 19:02:06:483] <12712> HP_HANDPHONE:
INFO	[2012-08-28 19:02:06:483] <12712> HP_COMPANY:
INFO	[2012-08-28 19:02:06:483] <12712> HP_ID:
INFO	[2012-08-28 19:02:06:483] <12712> HP_SUBID:
INFO	[2012-08-28 19:02:06:483] <12712> HP_UNITType:1
INFO	[2012-08-28 19:02:06:483] <12712> HP_IDEN:
INFO	[2012-08-28 19:02:06:483] <12712> HP_IPADDR:
INFO	[2012-08-28 19:02:06:483] <12712> ARS_NAME:
INFO	[2012-08-28 19:02:06:483] <12712> ARS_PHONE:
INFO	[2012-08-28 19:02:06:483] <12712> VIRTUAL_CENTERCD:99
INFO	[2012-08-28 19:02:06:483] <12712> VIRTUAL_DEPODT:
INFO	[2012-08-28 19:02:06:483] <12712> ZuminCode:
INFO	[2012-08-28 19:02:06:483] <12712> MallPage:/mall/AGS_VirAcctResult.php
INFO	[2012-08-28 19:02:06:484] <12712> VIRTUAL_NO:
INFO	[2012-08-28 19:02:06:484] <12712> ES_SENDNO:
INFO	[2012-08-28 19:02:06:484] <12712> ICHE_SOCKETYN:Y
INFO	[2012-08-28 19:02:06:484] <12712> ICHE_POSMTID:
INFO	[2012-08-28 19:02:06:484] <12712> ICHE_FNBCMTID:
INFO	[2012-08-28 19:02:06:484] <12712> ICHE_APTRTS:
INFO	[2012-08-28 19:02:06:484] <12712> ICHE_REMARK1:
INFO	[2012-08-28 19:02:06:484] <12712> ICHE_REMARK2:
INFO	[2012-08-28 19:02:06:484] <12712> ICHE_ECWYN:
INFO	[2012-08-28 19:02:06:484] <12712> ICHE_ECWID:
INFO	[2012-08-28 19:02:06:484] <12712> ICHE_ECWAMT1:
INFO	[2012-08-28 19:02:06:484] <12712> ICHE_ECWAMT2:
INFO	[2012-08-28 19:02:06:484] <12712> ICHE_CASHYN:N
INFO	[2012-08-28 19:02:06:484] <12712> ICHE_CASHGUBUN_CD:
INFO	[2012-08-28 19:02:06:484] <12712> ICHE_CASHID_NO:
INFO	[2012-08-28 19:02:06:484] <12712> ICHEARS_SOCKETYN:Y
INFO	[2012-08-28 19:02:06:484] <12712> ICHEARS_ADMNO:
INFO	[2012-08-28 19:02:06:484] <12712> ICHEARS_POSMTID:
INFO	[2012-08-28 19:02:06:484] <12712> ICHEARS_CENTERCD:
INFO	[2012-08-28 19:02:06:484] <12712> ICHEARS_HPNO:
INFO	[2012-08-28 19:02:06:484] <12712> card Pay Result Value [
INFO	[2012-08-28 19:02:06:484] <12712> rSuccYn:n
INFO	[2012-08-28 19:02:06:484] <12712> rResMsg:상품명 입력여부 확인요망 <br>
INFO	[2012-08-28 19:02:06:484] <12712> ]
INFO	[2012-08-28 19:02:06:484] <12712> END  상품명 입력여부 확인요망 <br> Transaction time:[0.002sec]
INFO	[2012-08-28 19:02:06:484] <12712> ===============================================================
INFO	[2012-08-28 19:03:08:303] <14591> ===============================================================
INFO	[2012-08-28 19:03:08:303] <14591> START AgsPay40 php (OS:Darwin12.0.0,PHP:5.3.5)
INFO	[2012-08-28 19:03:08:303] <14591> card Pay Start!
INFO	[2012-08-28 19:03:08:303] <14591> AgsPayHome:/Applications/MAMP/htdocs/loveholic/application/logs
INFO	[2012-08-28 19:03:08:303] <14591> StoreId:aegis
INFO	[2012-08-28 19:03:08:303] <14591> log:true
INFO	[2012-08-28 19:03:08:303] <14591> logLevel:INFO
INFO	[2012-08-28 19:03:08:304] <14591> UseNetCancel:true
INFO	[2012-08-28 19:03:08:304] <14591> Type:Pay
INFO	[2012-08-28 19:03:08:304] <14591> RecvLen:7
INFO	[2012-08-28 19:03:08:304] <14591> AuthTy:card
INFO	[2012-08-28 19:03:08:304] <14591> SubTy:visa3d
INFO	[2012-08-28 19:03:08:304] <14591> OrdNo:1000000001
INFO	[2012-08-28 19:03:08:304] <14591> Amt:1000
INFO	[2012-08-28 19:03:08:304] <14591> UserEmail:test@test.com
INFO	[2012-08-28 19:03:08:304] <14591> ProdNm:
INFO	[2012-08-28 19:03:08:304] <14591> MallUrl:http://www.allthegate.com
INFO	[2012-08-28 19:03:08:304] <14591> UserId:test
INFO	[2012-08-28 19:03:08:304] <14591> OrdNm:
INFO	[2012-08-28 19:03:08:304] <14591> OrdPhone:02-111-1111
INFO	[2012-08-28 19:03:08:304] <14591> OrdAddr:
INFO	[2012-08-28 19:03:08:304] <14591> RcpNm:
INFO	[2012-08-28 19:03:08:304] <14591> RcpPhone:02-111-1111
INFO	[2012-08-28 19:03:08:304] <14591> DlvAddr:
INFO	[2012-08-28 19:03:08:304] <14591> Remark:
INFO	[2012-08-28 19:03:08:304] <14591> DeviId:9000400001
INFO	[2012-08-28 19:03:08:304] <14591> AuthYn:N;211.48.34.44;N;;1000;;null;;;
INFO	[2012-08-28 19:03:08:304] <14591> Instmt:00
INFO	[2012-08-28 19:03:08:304] <14591> UserIp:192.168.0.1
INFO	[2012-08-28 19:03:08:304] <14591> partial_mm:
INFO	[2012-08-28 19:03:08:304] <14591> noIntMonth:
INFO	[2012-08-28 19:03:08:304] <14591> KVP_CURRENCY:WON
INFO	[2012-08-28 19:03:08:304] <14591> KVP_CARDCODE:
INFO	[2012-08-28 19:03:08:304] <14591> KVP_SESSIONKEY:
INFO	[2012-08-28 19:03:08:304] <14591> KVP_ENCDATA:
INFO	[2012-08-28 19:03:08:304] <14591> KVP_CONAME:
INFO	[2012-08-28 19:03:08:304] <14591> KVP_NOINT:
INFO	[2012-08-28 19:03:08:304] <14591> KVP_QUOTA:
INFO	[2012-08-28 19:03:08:304] <14591> CardNo:4374360069657003
INFO	[2012-08-28 19:03:08:304] <14591> MPI_CAVV:AAABBkRzCSASCCgZAnMJAAAAAAA=
INFO	[2012-08-28 19:03:08:304] <14591> MPI_ECI:05
INFO	[2012-08-28 19:03:08:304] <14591> MPI_MD64:MjAxMjA4MjgxOTAyMzUzMzkxMDY=
INFO	[2012-08-28 19:03:08:304] <14591> ExpMon:12
INFO	[2012-08-28 19:03:08:304] <14591> ExpYear:2049
INFO	[2012-08-28 19:03:08:304] <14591> Passwd:
INFO	[2012-08-28 19:03:08:304] <14591> SocId:
INFO	[2012-08-28 19:03:08:305] <14591> ICHE_OUTBANKNAME:
INFO	[2012-08-28 19:03:08:305] <14591> ICHE_OUTACCTNO:
INFO	[2012-08-28 19:03:08:305] <14591> ICHE_OUTBANKMASTER:
INFO	[2012-08-28 19:03:08:305] <14591> ICHE_AMOUNT:
INFO	[2012-08-28 19:03:08:305] <14591> HP_SERVERINFO:
INFO	[2012-08-28 19:03:08:305] <14591> HP_HANDPHONE:
INFO	[2012-08-28 19:03:08:305] <14591> HP_COMPANY:
INFO	[2012-08-28 19:03:08:305] <14591> HP_ID:
INFO	[2012-08-28 19:03:08:305] <14591> HP_SUBID:
INFO	[2012-08-28 19:03:08:305] <14591> HP_UNITType:1
INFO	[2012-08-28 19:03:08:305] <14591> HP_IDEN:
INFO	[2012-08-28 19:03:08:305] <14591> HP_IPADDR:
INFO	[2012-08-28 19:03:08:305] <14591> ARS_NAME:
INFO	[2012-08-28 19:03:08:305] <14591> ARS_PHONE:
INFO	[2012-08-28 19:03:08:305] <14591> VIRTUAL_CENTERCD:99
INFO	[2012-08-28 19:03:08:305] <14591> VIRTUAL_DEPODT:
INFO	[2012-08-28 19:03:08:305] <14591> ZuminCode:
INFO	[2012-08-28 19:03:08:305] <14591> MallPage:/mall/AGS_VirAcctResult.php
INFO	[2012-08-28 19:03:08:305] <14591> VIRTUAL_NO:
INFO	[2012-08-28 19:03:08:305] <14591> ES_SENDNO:
INFO	[2012-08-28 19:03:08:305] <14591> ICHE_SOCKETYN:Y
INFO	[2012-08-28 19:03:08:305] <14591> ICHE_POSMTID:
INFO	[2012-08-28 19:03:08:305] <14591> ICHE_FNBCMTID:
INFO	[2012-08-28 19:03:08:305] <14591> ICHE_APTRTS:
INFO	[2012-08-28 19:03:08:305] <14591> ICHE_REMARK1:
INFO	[2012-08-28 19:03:08:305] <14591> ICHE_REMARK2:
INFO	[2012-08-28 19:03:08:305] <14591> ICHE_ECWYN:
INFO	[2012-08-28 19:03:08:305] <14591> ICHE_ECWID:
INFO	[2012-08-28 19:03:08:305] <14591> ICHE_ECWAMT1:
INFO	[2012-08-28 19:03:08:305] <14591> ICHE_ECWAMT2:
INFO	[2012-08-28 19:03:08:305] <14591> ICHE_CASHYN:N
INFO	[2012-08-28 19:03:08:305] <14591> ICHE_CASHGUBUN_CD:
INFO	[2012-08-28 19:03:08:305] <14591> ICHE_CASHID_NO:
INFO	[2012-08-28 19:03:08:305] <14591> ICHEARS_SOCKETYN:Y
INFO	[2012-08-28 19:03:08:305] <14591> ICHEARS_ADMNO:
INFO	[2012-08-28 19:03:08:305] <14591> ICHEARS_POSMTID:
INFO	[2012-08-28 19:03:08:305] <14591> ICHEARS_CENTERCD:
INFO	[2012-08-28 19:03:08:305] <14591> ICHEARS_HPNO:
INFO	[2012-08-28 19:03:08:305] <14591> card Pay Result Value [
INFO	[2012-08-28 19:03:08:306] <14591> rSuccYn:n
INFO	[2012-08-28 19:03:08:306] <14591> rResMsg:상품명 입력여부 확인요망 <br>
INFO	[2012-08-28 19:03:08:306] <14591> ]
INFO	[2012-08-28 19:03:08:306] <14591> END  상품명 입력여부 확인요망 <br> Transaction time:[0.002sec]
INFO	[2012-08-28 19:03:08:306] <14591> ===============================================================
INFO	[2012-08-28 19:07:58:991] <22231> ===============================================================
INFO	[2012-08-28 19:07:58:991] <22231> START AgsPay40 php (OS:Darwin12.0.0,PHP:5.3.5)
INFO	[2012-08-28 19:07:58:991] <22231> card Pay Start!
INFO	[2012-08-28 19:07:58:991] <22231> AgsPayHome:/Applications/MAMP/htdocs/loveholic/application/logs
INFO	[2012-08-28 19:07:58:991] <22231> StoreId:aegis
INFO	[2012-08-28 19:07:58:991] <22231> log:true
INFO	[2012-08-28 19:07:58:991] <22231> logLevel:INFO
INFO	[2012-08-28 19:07:58:991] <22231> UseNetCancel:true
INFO	[2012-08-28 19:07:58:991] <22231> Type:Pay
INFO	[2012-08-28 19:07:58:991] <22231> RecvLen:7
INFO	[2012-08-28 19:07:58:991] <22231> AuthTy:card
INFO	[2012-08-28 19:07:58:991] <22231> SubTy:visa3d
INFO	[2012-08-28 19:07:58:991] <22231> OrdNo:1000000001
INFO	[2012-08-28 19:07:58:991] <22231> Amt:1000
INFO	[2012-08-28 19:07:58:991] <22231> UserEmail:test@test.com
INFO	[2012-08-28 19:07:58:991] <22231> ProdNm:
INFO	[2012-08-28 19:07:58:992] <22231> MallUrl:http://www.allthegate.com
INFO	[2012-08-28 19:07:58:992] <22231> UserId:test
INFO	[2012-08-28 19:07:58:992] <22231> OrdNm:
INFO	[2012-08-28 19:07:58:992] <22231> OrdPhone:02-111-1111
INFO	[2012-08-28 19:07:58:992] <22231> OrdAddr:
INFO	[2012-08-28 19:07:58:992] <22231> RcpNm:
INFO	[2012-08-28 19:07:58:992] <22231> RcpPhone:02-111-1111
INFO	[2012-08-28 19:07:58:992] <22231> DlvAddr:
INFO	[2012-08-28 19:07:58:992] <22231> Remark:
INFO	[2012-08-28 19:07:58:992] <22231> DeviId:9000400001
INFO	[2012-08-28 19:07:58:992] <22231> AuthYn:N;211.48.34.44;N;;1000;;null;;;
INFO	[2012-08-28 19:07:58:992] <22231> Instmt:00
INFO	[2012-08-28 19:07:58:992] <22231> UserIp:192.168.0.1
INFO	[2012-08-28 19:07:58:992] <22231> partial_mm:
INFO	[2012-08-28 19:07:58:992] <22231> noIntMonth:
INFO	[2012-08-28 19:07:58:992] <22231> KVP_CURRENCY:WON
INFO	[2012-08-28 19:07:58:992] <22231> KVP_CARDCODE:
INFO	[2012-08-28 19:07:58:992] <22231> KVP_SESSIONKEY:
INFO	[2012-08-28 19:07:58:992] <22231> KVP_ENCDATA:
INFO	[2012-08-28 19:07:58:992] <22231> KVP_CONAME:
INFO	[2012-08-28 19:07:58:992] <22231> KVP_NOINT:
INFO	[2012-08-28 19:07:58:992] <22231> KVP_QUOTA:
INFO	[2012-08-28 19:07:58:992] <22231> CardNo:4374360069657003
INFO	[2012-08-28 19:07:58:992] <22231> MPI_CAVV:AAABBkRzCSASCCgZAnMJAAAAAAA=
INFO	[2012-08-28 19:07:58:992] <22231> MPI_ECI:05
INFO	[2012-08-28 19:07:58:992] <22231> MPI_MD64:MjAxMjA4MjgxOTAyMzUzMzkxMDY=
INFO	[2012-08-28 19:07:58:992] <22231> ExpMon:12
INFO	[2012-08-28 19:07:58:992] <22231> ExpYear:2049
INFO	[2012-08-28 19:07:58:992] <22231> Passwd:
INFO	[2012-08-28 19:07:58:992] <22231> SocId:
INFO	[2012-08-28 19:07:58:992] <22231> ICHE_OUTBANKNAME:
INFO	[2012-08-28 19:07:58:992] <22231> ICHE_OUTACCTNO:
INFO	[2012-08-28 19:07:58:992] <22231> ICHE_OUTBANKMASTER:
INFO	[2012-08-28 19:07:58:992] <22231> ICHE_AMOUNT:
INFO	[2012-08-28 19:07:58:992] <22231> HP_SERVERINFO:
INFO	[2012-08-28 19:07:58:992] <22231> HP_HANDPHONE:
INFO	[2012-08-28 19:07:58:992] <22231> HP_COMPANY:
INFO	[2012-08-28 19:07:58:992] <22231> HP_ID:
INFO	[2012-08-28 19:07:58:992] <22231> HP_SUBID:
INFO	[2012-08-28 19:07:58:992] <22231> HP_UNITType:1
INFO	[2012-08-28 19:07:58:992] <22231> HP_IDEN:
INFO	[2012-08-28 19:07:58:992] <22231> HP_IPADDR:
INFO	[2012-08-28 19:07:58:993] <22231> ARS_NAME:
INFO	[2012-08-28 19:07:58:993] <22231> ARS_PHONE:
INFO	[2012-08-28 19:07:58:993] <22231> VIRTUAL_CENTERCD:99
INFO	[2012-08-28 19:07:58:993] <22231> VIRTUAL_DEPODT:
INFO	[2012-08-28 19:07:58:993] <22231> ZuminCode:
INFO	[2012-08-28 19:07:58:993] <22231> MallPage:/mall/AGS_VirAcctResult.php
INFO	[2012-08-28 19:07:58:993] <22231> VIRTUAL_NO:
INFO	[2012-08-28 19:07:58:993] <22231> ES_SENDNO:
INFO	[2012-08-28 19:07:58:993] <22231> ICHE_SOCKETYN:Y
INFO	[2012-08-28 19:07:58:993] <22231> ICHE_POSMTID:
INFO	[2012-08-28 19:07:58:993] <22231> ICHE_FNBCMTID:
INFO	[2012-08-28 19:07:58:993] <22231> ICHE_APTRTS:
INFO	[2012-08-28 19:07:58:993] <22231> ICHE_REMARK1:
INFO	[2012-08-28 19:07:58:993] <22231> ICHE_REMARK2:
INFO	[2012-08-28 19:07:58:993] <22231> ICHE_ECWYN:
INFO	[2012-08-28 19:07:58:993] <22231> ICHE_ECWID:
INFO	[2012-08-28 19:07:58:993] <22231> ICHE_ECWAMT1:
INFO	[2012-08-28 19:07:58:993] <22231> ICHE_ECWAMT2:
INFO	[2012-08-28 19:07:58:993] <22231> ICHE_CASHYN:N
INFO	[2012-08-28 19:07:58:993] <22231> ICHE_CASHGUBUN_CD:
INFO	[2012-08-28 19:07:58:993] <22231> ICHE_CASHID_NO:
INFO	[2012-08-28 19:07:58:993] <22231> ICHEARS_SOCKETYN:Y
INFO	[2012-08-28 19:07:58:993] <22231> ICHEARS_ADMNO:
INFO	[2012-08-28 19:07:58:993] <22231> ICHEARS_POSMTID:
INFO	[2012-08-28 19:07:58:993] <22231> ICHEARS_CENTERCD:
INFO	[2012-08-28 19:07:58:993] <22231> ICHEARS_HPNO:
INFO	[2012-08-28 19:07:58:993] <22231> card Pay Result Value [
INFO	[2012-08-28 19:07:58:993] <22231> rSuccYn:n
INFO	[2012-08-28 19:07:58:993] <22231> rResMsg:상품명 입력여부 확인요망 <br>
INFO	[2012-08-28 19:07:58:993] <22231> ]
INFO	[2012-08-28 19:07:58:993] <22231> END  상품명 입력여부 확인요망 <br> Transaction time:[0sec]
INFO	[2012-08-28 19:07:58:993] <22231> ===============================================================
INFO	[2012-08-28 19:21:03:510] <12711> ===============================================================
INFO	[2012-08-28 19:21:03:511] <12711> START AgsPay40 php (OS:Darwin12.0.0,PHP:5.3.5)
INFO	[2012-08-28 19:21:03:511] <12711> card Pay Start!
INFO	[2012-08-28 19:21:03:511] <12711> AgsPayHome:/Applications/MAMP/htdocs/loveholic/application/logs
INFO	[2012-08-28 19:21:03:511] <12711> StoreId:aegis
INFO	[2012-08-28 19:21:03:511] <12711> log:true
INFO	[2012-08-28 19:21:03:511] <12711> logLevel:INFO
INFO	[2012-08-28 19:21:03:511] <12711> UseNetCancel:true
INFO	[2012-08-28 19:21:03:511] <12711> Type:Pay
INFO	[2012-08-28 19:21:03:511] <12711> RecvLen:7
INFO	[2012-08-28 19:21:03:511] <12711> AuthTy:card
INFO	[2012-08-28 19:21:03:511] <12711> SubTy:visa3d
INFO	[2012-08-28 19:21:03:511] <12711> OrdNo:1000000001
INFO	[2012-08-28 19:21:03:511] <12711> Amt:1000
INFO	[2012-08-28 19:21:03:511] <12711> UserEmail:test@test.com
INFO	[2012-08-28 19:21:03:511] <12711> ProdNm:
INFO	[2012-08-28 19:21:03:511] <12711> MallUrl:http://www.allthegate.com
INFO	[2012-08-28 19:21:03:511] <12711> UserId:test
INFO	[2012-08-28 19:21:03:511] <12711> OrdNm:
INFO	[2012-08-28 19:21:03:511] <12711> OrdPhone:02-111-1111
INFO	[2012-08-28 19:21:03:511] <12711> OrdAddr:
INFO	[2012-08-28 19:21:03:511] <12711> RcpNm:
INFO	[2012-08-28 19:21:03:511] <12711> RcpPhone:02-111-1111
INFO	[2012-08-28 19:21:03:511] <12711> DlvAddr:
INFO	[2012-08-28 19:21:03:511] <12711> Remark:
INFO	[2012-08-28 19:21:03:511] <12711> DeviId:9000400001
INFO	[2012-08-28 19:21:03:511] <12711> AuthYn:N;211.48.34.44;N;;1000;;null;;;
INFO	[2012-08-28 19:21:03:511] <12711> Instmt:00
INFO	[2012-08-28 19:21:03:511] <12711> UserIp:192.168.0.1
INFO	[2012-08-28 19:21:03:511] <12711> partial_mm:
INFO	[2012-08-28 19:21:03:511] <12711> noIntMonth:
INFO	[2012-08-28 19:21:03:511] <12711> KVP_CURRENCY:WON
INFO	[2012-08-28 19:21:03:511] <12711> KVP_CARDCODE:
INFO	[2012-08-28 19:21:03:511] <12711> KVP_SESSIONKEY:
INFO	[2012-08-28 19:21:03:511] <12711> KVP_ENCDATA:
INFO	[2012-08-28 19:21:03:511] <12711> KVP_CONAME:
INFO	[2012-08-28 19:21:03:511] <12711> KVP_NOINT:
INFO	[2012-08-28 19:21:03:511] <12711> KVP_QUOTA:
INFO	[2012-08-28 19:21:03:512] <12711> CardNo:4374360069657003
INFO	[2012-08-28 19:21:03:512] <12711> MPI_CAVV:AAABBAaDcCASCCgZIINwAAAAAAA=
INFO	[2012-08-28 19:21:03:512] <12711> MPI_ECI:05
INFO	[2012-08-28 19:21:03:512] <12711> MPI_MD64:MjAxMjA4MjgxOTIwMjQyNjIxMDY=
INFO	[2012-08-28 19:21:03:512] <12711> ExpMon:12
INFO	[2012-08-28 19:21:03:512] <12711> ExpYear:2049
INFO	[2012-08-28 19:21:03:512] <12711> Passwd:
INFO	[2012-08-28 19:21:03:512] <12711> SocId:
INFO	[2012-08-28 19:21:03:512] <12711> ICHE_OUTBANKNAME:
INFO	[2012-08-28 19:21:03:512] <12711> ICHE_OUTACCTNO:
INFO	[2012-08-28 19:21:03:512] <12711> ICHE_OUTBANKMASTER:
INFO	[2012-08-28 19:21:03:512] <12711> ICHE_AMOUNT:
INFO	[2012-08-28 19:21:03:512] <12711> HP_SERVERINFO:
INFO	[2012-08-28 19:21:03:512] <12711> HP_HANDPHONE:
INFO	[2012-08-28 19:21:03:512] <12711> HP_COMPANY:
INFO	[2012-08-28 19:21:03:512] <12711> HP_ID:
INFO	[2012-08-28 19:21:03:512] <12711> HP_SUBID:
INFO	[2012-08-28 19:21:03:512] <12711> HP_UNITType:1
INFO	[2012-08-28 19:21:03:512] <12711> HP_IDEN:
INFO	[2012-08-28 19:21:03:512] <12711> HP_IPADDR:
INFO	[2012-08-28 19:21:03:512] <12711> ARS_NAME:
INFO	[2012-08-28 19:21:03:512] <12711> ARS_PHONE:
INFO	[2012-08-28 19:21:03:512] <12711> VIRTUAL_CENTERCD:99
INFO	[2012-08-28 19:21:03:512] <12711> VIRTUAL_DEPODT:
INFO	[2012-08-28 19:21:03:512] <12711> ZuminCode:
INFO	[2012-08-28 19:21:03:512] <12711> MallPage:/mall/AGS_VirAcctResult.php
INFO	[2012-08-28 19:21:03:513] <12711> VIRTUAL_NO:
INFO	[2012-08-28 19:21:03:513] <12711> ES_SENDNO:
INFO	[2012-08-28 19:21:03:513] <12711> ICHE_SOCKETYN:Y
INFO	[2012-08-28 19:21:03:513] <12711> ICHE_POSMTID:
INFO	[2012-08-28 19:21:03:514] <12711> ICHE_FNBCMTID:
INFO	[2012-08-28 19:21:03:514] <12711> ICHE_APTRTS:
INFO	[2012-08-28 19:21:03:514] <12711> ICHE_REMARK1:
INFO	[2012-08-28 19:21:03:514] <12711> ICHE_REMARK2:
INFO	[2012-08-28 19:21:03:514] <12711> ICHE_ECWYN:
INFO	[2012-08-28 19:21:03:514] <12711> ICHE_ECWID:
INFO	[2012-08-28 19:21:03:514] <12711> ICHE_ECWAMT1:
INFO	[2012-08-28 19:21:03:514] <12711> ICHE_ECWAMT2:
INFO	[2012-08-28 19:21:03:514] <12711> ICHE_CASHYN:N
INFO	[2012-08-28 19:21:03:514] <12711> ICHE_CASHGUBUN_CD:
INFO	[2012-08-28 19:21:03:514] <12711> ICHE_CASHID_NO:
INFO	[2012-08-28 19:21:03:514] <12711> ICHEARS_SOCKETYN:Y
INFO	[2012-08-28 19:21:03:514] <12711> ICHEARS_ADMNO:
INFO	[2012-08-28 19:21:03:514] <12711> ICHEARS_POSMTID:
INFO	[2012-08-28 19:21:03:514] <12711> ICHEARS_CENTERCD:
INFO	[2012-08-28 19:21:03:514] <12711> ICHEARS_HPNO:
INFO	[2012-08-28 19:21:03:514] <12711> card Pay Result Value [
INFO	[2012-08-28 19:21:03:514] <12711> rSuccYn:n
INFO	[2012-08-28 19:21:03:514] <12711> rResMsg:상품명 입력여부 확인요망 <br>
INFO	[2012-08-28 19:21:03:514] <12711> ]
INFO	[2012-08-28 19:21:03:514] <12711> END  상품명 입력여부 확인요망 <br> Transaction time:[0sec]
INFO	[2012-08-28 19:21:03:514] <12711> ===============================================================
INFO	[2012-08-28 19:31:50:116] <12711> ===============================================================
INFO	[2012-08-28 19:31:50:116] <12711> START AgsPay40 php (OS:Darwin12.0.0,PHP:5.3.5)
INFO	[2012-08-28 19:31:50:116] <12711> card Pay Start!
INFO	[2012-08-28 19:31:50:116] <12711> AgsPayHome:/Applications/MAMP/htdocs/loveholic/application/logs
INFO	[2012-08-28 19:31:50:116] <12711> StoreId:aegis
INFO	[2012-08-28 19:31:50:116] <12711> log:true
INFO	[2012-08-28 19:31:50:116] <12711> logLevel:INFO
INFO	[2012-08-28 19:31:50:116] <12711> UseNetCancel:true
INFO	[2012-08-28 19:31:50:116] <12711> Type:Pay
INFO	[2012-08-28 19:31:50:116] <12711> RecvLen:7
INFO	[2012-08-28 19:31:50:116] <12711> AuthTy:card
INFO	[2012-08-28 19:31:50:116] <12711> SubTy:visa3d
INFO	[2012-08-28 19:31:50:116] <12711> OrdNo:1000000001
INFO	[2012-08-28 19:31:50:116] <12711> Amt:1000
INFO	[2012-08-28 19:31:50:116] <12711> UserEmail:test@test.com
INFO	[2012-08-28 19:31:50:116] <12711> ProdNm:
INFO	[2012-08-28 19:31:50:116] <12711> MallUrl:http://www.allthegate.com
INFO	[2012-08-28 19:31:50:116] <12711> UserId:test
INFO	[2012-08-28 19:31:50:116] <12711> OrdNm:
INFO	[2012-08-28 19:31:50:116] <12711> OrdPhone:02-111-1111
INFO	[2012-08-28 19:31:50:116] <12711> OrdAddr:
INFO	[2012-08-28 19:31:50:116] <12711> RcpNm:
INFO	[2012-08-28 19:31:50:117] <12711> RcpPhone:02-111-1111
INFO	[2012-08-28 19:31:50:117] <12711> DlvAddr:
INFO	[2012-08-28 19:31:50:117] <12711> Remark:
INFO	[2012-08-28 19:31:50:117] <12711> DeviId:9000400001
INFO	[2012-08-28 19:31:50:117] <12711> AuthYn:N;211.48.34.44;N;;1000;;null;;;
INFO	[2012-08-28 19:31:50:117] <12711> Instmt:00
INFO	[2012-08-28 19:31:50:117] <12711> UserIp:192.168.0.1
INFO	[2012-08-28 19:31:50:117] <12711> partial_mm:
INFO	[2012-08-28 19:31:50:117] <12711> noIntMonth:
INFO	[2012-08-28 19:31:50:117] <12711> KVP_CURRENCY:WON
INFO	[2012-08-28 19:31:50:117] <12711> KVP_CARDCODE:
INFO	[2012-08-28 19:31:50:117] <12711> KVP_SESSIONKEY:
INFO	[2012-08-28 19:31:50:117] <12711> KVP_ENCDATA:
INFO	[2012-08-28 19:31:50:117] <12711> KVP_CONAME:
INFO	[2012-08-28 19:31:50:117] <12711> KVP_NOINT:
INFO	[2012-08-28 19:31:50:117] <12711> KVP_QUOTA:
INFO	[2012-08-28 19:31:50:117] <12711> CardNo:4374360069657003
INFO	[2012-08-28 19:31:50:117] <12711> MPI_CAVV:AAABAJIFVSASCCgZMQVVAAAAAAA=
INFO	[2012-08-28 19:31:50:117] <12711> MPI_ECI:05
INFO	[2012-08-28 19:31:50:117] <12711> MPI_MD64:MjAxMjA4MjgxOTMwMTIzNzkxMDY=
INFO	[2012-08-28 19:31:50:117] <12711> ExpMon:12
INFO	[2012-08-28 19:31:50:117] <12711> ExpYear:2049
INFO	[2012-08-28 19:31:50:117] <12711> Passwd:
INFO	[2012-08-28 19:31:50:117] <12711> SocId:
INFO	[2012-08-28 19:31:50:117] <12711> ICHE_OUTBANKNAME:
INFO	[2012-08-28 19:31:50:117] <12711> ICHE_OUTACCTNO:
INFO	[2012-08-28 19:31:50:117] <12711> ICHE_OUTBANKMASTER:
INFO	[2012-08-28 19:31:50:117] <12711> ICHE_AMOUNT:
INFO	[2012-08-28 19:31:50:117] <12711> HP_SERVERINFO:
INFO	[2012-08-28 19:31:50:117] <12711> HP_HANDPHONE:
INFO	[2012-08-28 19:31:50:117] <12711> HP_COMPANY:
INFO	[2012-08-28 19:31:50:117] <12711> HP_ID:
INFO	[2012-08-28 19:31:50:117] <12711> HP_SUBID:
INFO	[2012-08-28 19:31:50:117] <12711> HP_UNITType:1
INFO	[2012-08-28 19:31:50:117] <12711> HP_IDEN:
INFO	[2012-08-28 19:31:50:117] <12711> HP_IPADDR:
INFO	[2012-08-28 19:31:50:117] <12711> ARS_NAME:
INFO	[2012-08-28 19:31:50:117] <12711> ARS_PHONE:
INFO	[2012-08-28 19:31:50:118] <12711> VIRTUAL_CENTERCD:99
INFO	[2012-08-28 19:31:50:118] <12711> VIRTUAL_DEPODT:
INFO	[2012-08-28 19:31:50:118] <12711> ZuminCode:
INFO	[2012-08-28 19:31:50:118] <12711> MallPage:/mall/AGS_VirAcctResult.php
INFO	[2012-08-28 19:31:50:118] <12711> VIRTUAL_NO:
INFO	[2012-08-28 19:31:50:118] <12711> ES_SENDNO:
INFO	[2012-08-28 19:31:50:118] <12711> ICHE_SOCKETYN:Y
INFO	[2012-08-28 19:31:50:118] <12711> ICHE_POSMTID:
INFO	[2012-08-28 19:31:50:118] <12711> ICHE_FNBCMTID:
INFO	[2012-08-28 19:31:50:118] <12711> ICHE_APTRTS:
INFO	[2012-08-28 19:31:50:118] <12711> ICHE_REMARK1:
INFO	[2012-08-28 19:31:50:118] <12711> ICHE_REMARK2:
INFO	[2012-08-28 19:31:50:118] <12711> ICHE_ECWYN:
INFO	[2012-08-28 19:31:50:118] <12711> ICHE_ECWID:
INFO	[2012-08-28 19:31:50:118] <12711> ICHE_ECWAMT1:
INFO	[2012-08-28 19:31:50:118] <12711> ICHE_ECWAMT2:
INFO	[2012-08-28 19:31:50:118] <12711> ICHE_CASHYN:N
INFO	[2012-08-28 19:31:50:118] <12711> ICHE_CASHGUBUN_CD:
INFO	[2012-08-28 19:31:50:118] <12711> ICHE_CASHID_NO:
INFO	[2012-08-28 19:31:50:118] <12711> ICHEARS_SOCKETYN:Y
INFO	[2012-08-28 19:31:50:118] <12711> ICHEARS_ADMNO:
INFO	[2012-08-28 19:31:50:118] <12711> ICHEARS_POSMTID:
INFO	[2012-08-28 19:31:50:118] <12711> ICHEARS_CENTERCD:
INFO	[2012-08-28 19:31:50:118] <12711> ICHEARS_HPNO:
INFO	[2012-08-28 19:31:50:118] <12711> card Pay Result Value [
INFO	[2012-08-28 19:31:50:118] <12711> rSuccYn:n
INFO	[2012-08-28 19:31:50:118] <12711> rResMsg:상품명 입력여부 확인요망 <br>
INFO	[2012-08-28 19:31:50:118] <12711> ]
INFO	[2012-08-28 19:31:50:118] <12711> END  상품명 입력여부 확인요망 <br> Transaction time:[0.003sec]
INFO	[2012-08-28 19:31:50:118] <12711> ===============================================================
INFO	[2012-08-28 19:40:41:737] <12732> ===============================================================
INFO	[2012-08-28 19:40:41:737] <12732> START AgsPay40 php (OS:Darwin12.0.0,PHP:5.3.5)
INFO	[2012-08-28 19:40:41:737] <12732> y Pay Start!
INFO	[2012-08-28 19:40:41:738] <12732> AgsPayHome:/Applications/MAMP/htdocs/loveholic/application/logs
INFO	[2012-08-28 19:40:41:738] <12732> StoreId:aegis
INFO	[2012-08-28 19:40:41:738] <12732> log:true
INFO	[2012-08-28 19:40:41:738] <12732> logLevel:INFO
INFO	[2012-08-28 19:40:41:738] <12732> UseNetCancel:true
INFO	[2012-08-28 19:40:41:738] <12732> Type:Pay
INFO	[2012-08-28 19:40:41:738] <12732> RecvLen:7
INFO	[2012-08-28 19:40:41:738] <12732> AuthTy:y
INFO	[2012-08-28 19:40:41:738] <12732> SubTy:visa3d
INFO	[2012-08-28 19:40:41:738] <12732> OrdNo:1000000001
INFO	[2012-08-28 19:40:41:738] <12732> Amt:1000
INFO	[2012-08-28 19:40:41:738] <12732> UserEmail:test@test.com
INFO	[2012-08-28 19:40:41:738] <12732> ProdNm:
INFO	[2012-08-28 19:40:41:738] <12732> MallUrl:http://www.allthegate.com
INFO	[2012-08-28 19:40:41:738] <12732> UserId:test
INFO	[2012-08-28 19:40:41:738] <12732> OrdNm:
INFO	[2012-08-28 19:40:41:738] <12732> OrdPhone:02-111-1111
INFO	[2012-08-28 19:40:41:738] <12732> OrdAddr:
INFO	[2012-08-28 19:40:41:738] <12732> RcpNm:
INFO	[2012-08-28 19:40:41:738] <12732> RcpPhone:02-111-1111
INFO	[2012-08-28 19:40:41:738] <12732> DlvAddr:
INFO	[2012-08-28 19:40:41:738] <12732> Remark:
INFO	[2012-08-28 19:40:41:738] <12732> DeviId:9000400001
INFO	[2012-08-28 19:40:41:738] <12732> AuthYn:N;211.48.34.44;N;;1000;;null;;;
INFO	[2012-08-28 19:40:41:738] <12732> Instmt:00
INFO	[2012-08-28 19:40:41:738] <12732> UserIp:192.168.0.1
INFO	[2012-08-28 19:40:41:738] <12732> partial_mm:
INFO	[2012-08-28 19:40:41:738] <12732> noIntMonth:
INFO	[2012-08-28 19:40:41:738] <12732> KVP_CURRENCY:WON
INFO	[2012-08-28 19:40:41:738] <12732> KVP_CARDCODE:
INFO	[2012-08-28 19:40:41:738] <12732> KVP_SESSIONKEY:
INFO	[2012-08-28 19:40:41:738] <12732> KVP_ENCDATA:
INFO	[2012-08-28 19:40:41:738] <12732> KVP_CONAME:
INFO	[2012-08-28 19:40:41:738] <12732> KVP_NOINT:
INFO	[2012-08-28 19:40:41:738] <12732> KVP_QUOTA:
INFO	[2012-08-28 19:40:41:738] <12732> CardNo:4374360069657003
INFO	[2012-08-28 19:40:41:738] <12732> MPI_CAVV:AAABAJIFVSASCCgZMQVVAAAAAAA=
INFO	[2012-08-28 19:40:41:739] <12732> MPI_ECI:05
INFO	[2012-08-28 19:40:41:739] <12732> MPI_MD64:MjAxMjA4MjgxOTMwMTIzNzkxMDY=
INFO	[2012-08-28 19:40:41:739] <12732> ExpMon:12
INFO	[2012-08-28 19:40:41:739] <12732> ExpYear:2049
INFO	[2012-08-28 19:40:41:739] <12732> Passwd:
INFO	[2012-08-28 19:40:41:739] <12732> SocId:
INFO	[2012-08-28 19:40:41:739] <12732> ICHE_OUTBANKNAME:
INFO	[2012-08-28 19:40:41:739] <12732> ICHE_OUTACCTNO:
INFO	[2012-08-28 19:40:41:739] <12732> ICHE_OUTBANKMASTER:
INFO	[2012-08-28 19:40:41:739] <12732> ICHE_AMOUNT:
INFO	[2012-08-28 19:40:41:739] <12732> HP_SERVERINFO:
INFO	[2012-08-28 19:40:41:739] <12732> HP_HANDPHONE:
INFO	[2012-08-28 19:40:41:739] <12732> HP_COMPANY:
INFO	[2012-08-28 19:40:41:739] <12732> HP_ID:
INFO	[2012-08-28 19:40:41:739] <12732> HP_SUBID:
INFO	[2012-08-28 19:40:41:739] <12732> HP_UNITType:1
INFO	[2012-08-28 19:40:41:739] <12732> HP_IDEN:
INFO	[2012-08-28 19:40:41:739] <12732> HP_IPADDR:
INFO	[2012-08-28 19:40:41:739] <12732> ARS_NAME:
INFO	[2012-08-28 19:40:41:739] <12732> ARS_PHONE:
INFO	[2012-08-28 19:40:41:739] <12732> VIRTUAL_CENTERCD:99
INFO	[2012-08-28 19:40:41:739] <12732> VIRTUAL_DEPODT:
INFO	[2012-08-28 19:40:41:739] <12732> ZuminCode:
INFO	[2012-08-28 19:40:41:739] <12732> MallPage:/mall/AGS_VirAcctResult.php
INFO	[2012-08-28 19:40:41:739] <12732> VIRTUAL_NO:
INFO	[2012-08-28 19:40:41:739] <12732> ES_SENDNO:
INFO	[2012-08-28 19:40:41:739] <12732> ICHE_SOCKETYN:Y
INFO	[2012-08-28 19:40:41:739] <12732> ICHE_POSMTID:
INFO	[2012-08-28 19:40:41:739] <12732> ICHE_FNBCMTID:
INFO	[2012-08-28 19:40:41:739] <12732> ICHE_APTRTS:
INFO	[2012-08-28 19:40:41:739] <12732> ICHE_REMARK1:
INFO	[2012-08-28 19:40:41:739] <12732> ICHE_REMARK2:
INFO	[2012-08-28 19:40:41:739] <12732> ICHE_ECWYN:
INFO	[2012-08-28 19:40:41:739] <12732> ICHE_ECWID:
INFO	[2012-08-28 19:40:41:739] <12732> ICHE_ECWAMT1:
INFO	[2012-08-28 19:40:41:739] <12732> ICHE_ECWAMT2:
INFO	[2012-08-28 19:40:41:739] <12732> ICHE_CASHYN:N
INFO	[2012-08-28 19:40:41:739] <12732> ICHE_CASHGUBUN_CD:
INFO	[2012-08-28 19:40:41:739] <12732> ICHE_CASHID_NO:
INFO	[2012-08-28 19:40:41:739] <12732> ICHEARS_SOCKETYN:Y
INFO	[2012-08-28 19:40:41:740] <12732> ICHEARS_ADMNO:
INFO	[2012-08-28 19:40:41:740] <12732> ICHEARS_POSMTID:
INFO	[2012-08-28 19:40:41:740] <12732> ICHEARS_CENTERCD:
INFO	[2012-08-28 19:40:41:740] <12732> ICHEARS_HPNO:
INFO	[2012-08-28 19:40:41:740] <12732> y Pay Result Value [
INFO	[2012-08-28 19:40:41:740] <12732> rSuccYn:n
INFO	[2012-08-28 19:40:41:740] <12732> rResMsg:상품명 입력여부 확인요망 <br>
INFO	[2012-08-28 19:40:41:740] <12732> ]
INFO	[2012-08-28 19:40:41:740] <12732> END  상품명 입력여부 확인요망 <br> Transaction time:[0.002sec]
INFO	[2012-08-28 19:40:41:740] <12732> ===============================================================
INFO	[2012-08-28 19:42:11:309] <22230> ===============================================================
INFO	[2012-08-28 19:42:11:309] <22230> START AgsPay40 php (OS:Darwin12.0.0,PHP:5.3.5)
INFO	[2012-08-28 19:42:11:309] <22230> y Pay Start!
INFO	[2012-08-28 19:42:11:309] <22230> AgsPayHome:/Applications/MAMP/htdocs/loveholic/application/logs
INFO	[2012-08-28 19:42:11:309] <22230> StoreId:aegis
INFO	[2012-08-28 19:42:11:309] <22230> log:true
INFO	[2012-08-28 19:42:11:309] <22230> logLevel:INFO
INFO	[2012-08-28 19:42:11:309] <22230> UseNetCancel:true
INFO	[2012-08-28 19:42:11:309] <22230> Type:Pay
INFO	[2012-08-28 19:42:11:309] <22230> RecvLen:7
INFO	[2012-08-28 19:42:11:309] <22230> AuthTy:y
INFO	[2012-08-28 19:42:11:309] <22230> SubTy:visa3d
INFO	[2012-08-28 19:42:11:309] <22230> OrdNo:1000000001
INFO	[2012-08-28 19:42:11:309] <22230> Amt:1000
INFO	[2012-08-28 19:42:11:309] <22230> UserEmail:test@test.com
INFO	[2012-08-28 19:42:11:309] <22230> ProdNm:
INFO	[2012-08-28 19:42:11:309] <22230> MallUrl:http://www.allthegate.com
INFO	[2012-08-28 19:42:11:309] <22230> UserId:test
INFO	[2012-08-28 19:42:11:309] <22230> OrdNm:
INFO	[2012-08-28 19:42:11:309] <22230> OrdPhone:02-111-1111
INFO	[2012-08-28 19:42:11:309] <22230> OrdAddr:
INFO	[2012-08-28 19:42:11:309] <22230> RcpNm:
INFO	[2012-08-28 19:42:11:310] <22230> RcpPhone:02-111-1111
INFO	[2012-08-28 19:42:11:310] <22230> DlvAddr:
INFO	[2012-08-28 19:42:11:310] <22230> Remark:
INFO	[2012-08-28 19:42:11:310] <22230> DeviId:9000400001
INFO	[2012-08-28 19:42:11:310] <22230> AuthYn:N;211.48.34.44;N;;1000;;null;;;
INFO	[2012-08-28 19:42:11:310] <22230> Instmt:00
INFO	[2012-08-28 19:42:11:310] <22230> UserIp:192.168.0.1
INFO	[2012-08-28 19:42:11:310] <22230> partial_mm:
INFO	[2012-08-28 19:42:11:310] <22230> noIntMonth:
INFO	[2012-08-28 19:42:11:310] <22230> KVP_CURRENCY:WON
INFO	[2012-08-28 19:42:11:310] <22230> KVP_CARDCODE:
INFO	[2012-08-28 19:42:11:310] <22230> KVP_SESSIONKEY:
INFO	[2012-08-28 19:42:11:310] <22230> KVP_ENCDATA:
INFO	[2012-08-28 19:42:11:310] <22230> KVP_CONAME:
INFO	[2012-08-28 19:42:11:310] <22230> KVP_NOINT:
INFO	[2012-08-28 19:42:11:310] <22230> KVP_QUOTA:
INFO	[2012-08-28 19:42:11:310] <22230> CardNo:4374360069657003
INFO	[2012-08-28 19:42:11:310] <22230> MPI_CAVV:AAABAJIFVSASCCgZMQVVAAAAAAA=
INFO	[2012-08-28 19:42:11:310] <22230> MPI_ECI:05
INFO	[2012-08-28 19:42:11:310] <22230> MPI_MD64:MjAxMjA4MjgxOTMwMTIzNzkxMDY=
INFO	[2012-08-28 19:42:11:310] <22230> ExpMon:12
INFO	[2012-08-28 19:42:11:310] <22230> ExpYear:2049
INFO	[2012-08-28 19:42:11:310] <22230> Passwd:
INFO	[2012-08-28 19:42:11:310] <22230> SocId:
INFO	[2012-08-28 19:42:11:310] <22230> ICHE_OUTBANKNAME:
INFO	[2012-08-28 19:42:11:310] <22230> ICHE_OUTACCTNO:
INFO	[2012-08-28 19:42:11:310] <22230> ICHE_OUTBANKMASTER:
INFO	[2012-08-28 19:42:11:310] <22230> ICHE_AMOUNT:
INFO	[2012-08-28 19:42:11:310] <22230> HP_SERVERINFO:
INFO	[2012-08-28 19:42:11:310] <22230> HP_HANDPHONE:
INFO	[2012-08-28 19:42:11:310] <22230> HP_COMPANY:
INFO	[2012-08-28 19:42:11:310] <22230> HP_ID:
INFO	[2012-08-28 19:42:11:310] <22230> HP_SUBID:
INFO	[2012-08-28 19:42:11:310] <22230> HP_UNITType:1
INFO	[2012-08-28 19:42:11:310] <22230> HP_IDEN:
INFO	[2012-08-28 19:42:11:310] <22230> HP_IPADDR:
INFO	[2012-08-28 19:42:11:310] <22230> ARS_NAME:
INFO	[2012-08-28 19:42:11:310] <22230> ARS_PHONE:
INFO	[2012-08-28 19:42:11:310] <22230> VIRTUAL_CENTERCD:99
INFO	[2012-08-28 19:42:11:310] <22230> VIRTUAL_DEPODT:
INFO	[2012-08-28 19:42:11:311] <22230> ZuminCode:
INFO	[2012-08-28 19:42:11:311] <22230> MallPage:/mall/AGS_VirAcctResult.php
INFO	[2012-08-28 19:42:11:311] <22230> VIRTUAL_NO:
INFO	[2012-08-28 19:42:11:311] <22230> ES_SENDNO:
INFO	[2012-08-28 19:42:11:311] <22230> ICHE_SOCKETYN:Y
INFO	[2012-08-28 19:42:11:311] <22230> ICHE_POSMTID:
INFO	[2012-08-28 19:42:11:311] <22230> ICHE_FNBCMTID:
INFO	[2012-08-28 19:42:11:311] <22230> ICHE_APTRTS:
INFO	[2012-08-28 19:42:11:311] <22230> ICHE_REMARK1:
INFO	[2012-08-28 19:42:11:311] <22230> ICHE_REMARK2:
INFO	[2012-08-28 19:42:11:311] <22230> ICHE_ECWYN:
INFO	[2012-08-28 19:42:11:311] <22230> ICHE_ECWID:
INFO	[2012-08-28 19:42:11:311] <22230> ICHE_ECWAMT1:
INFO	[2012-08-28 19:42:11:311] <22230> ICHE_ECWAMT2:
INFO	[2012-08-28 19:42:11:311] <22230> ICHE_CASHYN:N
INFO	[2012-08-28 19:42:11:311] <22230> ICHE_CASHGUBUN_CD:
INFO	[2012-08-28 19:42:11:311] <22230> ICHE_CASHID_NO:
INFO	[2012-08-28 19:42:11:311] <22230> ICHEARS_SOCKETYN:Y
INFO	[2012-08-28 19:42:11:311] <22230> ICHEARS_ADMNO:
INFO	[2012-08-28 19:42:11:311] <22230> ICHEARS_POSMTID:
INFO	[2012-08-28 19:42:11:311] <22230> ICHEARS_CENTERCD:
INFO	[2012-08-28 19:42:11:311] <22230> ICHEARS_HPNO:
INFO	[2012-08-28 19:42:11:311] <22230> y Pay Result Value [
INFO	[2012-08-28 19:42:11:311] <22230> rSuccYn:n
INFO	[2012-08-28 19:42:11:311] <22230> rResMsg:상품명 입력여부 확인요망 <br>
INFO	[2012-08-28 19:42:11:311] <22230> ]
INFO	[2012-08-28 19:42:11:311] <22230> END  상품명 입력여부 확인요망 <br> Transaction time:[0.002sec]
INFO	[2012-08-28 19:42:11:311] <22230> ===============================================================
INFO	[2012-08-28 19:42:51:944] <22231> ===============================================================
INFO	[2012-08-28 19:42:51:944] <22231> START AgsPay40 php (OS:Darwin12.0.0,PHP:5.3.5)
INFO	[2012-08-28 19:42:51:944] <22231> y Pay Start!
INFO	[2012-08-28 19:42:51:944] <22231> AgsPayHome:/Applications/MAMP/htdocs/loveholic/application/logs
INFO	[2012-08-28 19:42:51:944] <22231> StoreId:aegis
INFO	[2012-08-28 19:42:51:944] <22231> log:true
INFO	[2012-08-28 19:42:51:945] <22231> logLevel:INFO
INFO	[2012-08-28 19:42:51:945] <22231> UseNetCancel:true
INFO	[2012-08-28 19:42:51:945] <22231> Type:Pay
INFO	[2012-08-28 19:42:51:945] <22231> RecvLen:7
INFO	[2012-08-28 19:42:51:945] <22231> AuthTy:y
INFO	[2012-08-28 19:42:51:945] <22231> SubTy:visa3d
INFO	[2012-08-28 19:42:51:945] <22231> OrdNo:1000000001
INFO	[2012-08-28 19:42:51:945] <22231> Amt:1000
INFO	[2012-08-28 19:42:51:945] <22231> UserEmail:test@test.com
INFO	[2012-08-28 19:42:51:945] <22231> ProdNm:
INFO	[2012-08-28 19:42:51:945] <22231> MallUrl:http://www.allthegate.com
INFO	[2012-08-28 19:42:51:945] <22231> UserId:test
INFO	[2012-08-28 19:42:51:945] <22231> OrdNm:
INFO	[2012-08-28 19:42:51:945] <22231> OrdPhone:02-111-1111
INFO	[2012-08-28 19:42:51:945] <22231> OrdAddr:
INFO	[2012-08-28 19:42:51:945] <22231> RcpNm:
INFO	[2012-08-28 19:42:51:945] <22231> RcpPhone:02-111-1111
INFO	[2012-08-28 19:42:51:945] <22231> DlvAddr:
INFO	[2012-08-28 19:42:51:945] <22231> Remark:
INFO	[2012-08-28 19:42:51:945] <22231> DeviId:9000400001
INFO	[2012-08-28 19:42:51:945] <22231> AuthYn:N;211.48.34.44;N;;1000;;null;;;
INFO	[2012-08-28 19:42:51:945] <22231> Instmt:00
INFO	[2012-08-28 19:42:51:945] <22231> UserIp:192.168.0.1
INFO	[2012-08-28 19:42:51:945] <22231> partial_mm:
INFO	[2012-08-28 19:42:51:945] <22231> noIntMonth:
INFO	[2012-08-28 19:42:51:945] <22231> KVP_CURRENCY:WON
INFO	[2012-08-28 19:42:51:945] <22231> KVP_CARDCODE:
INFO	[2012-08-28 19:42:51:945] <22231> KVP_SESSIONKEY:
INFO	[2012-08-28 19:42:51:945] <22231> KVP_ENCDATA:
INFO	[2012-08-28 19:42:51:945] <22231> KVP_CONAME:
INFO	[2012-08-28 19:42:51:945] <22231> KVP_NOINT:
INFO	[2012-08-28 19:42:51:945] <22231> KVP_QUOTA:
INFO	[2012-08-28 19:42:51:945] <22231> CardNo:4374360069657003
INFO	[2012-08-28 19:42:51:945] <22231> MPI_CAVV:AAABAJIFVSASCCgZMQVVAAAAAAA=
INFO	[2012-08-28 19:42:51:945] <22231> MPI_ECI:05
INFO	[2012-08-28 19:42:51:945] <22231> MPI_MD64:MjAxMjA4MjgxOTMwMTIzNzkxMDY=
INFO	[2012-08-28 19:42:51:945] <22231> ExpMon:12
INFO	[2012-08-28 19:42:51:945] <22231> ExpYear:2049
INFO	[2012-08-28 19:42:51:945] <22231> Passwd:
INFO	[2012-08-28 19:42:51:945] <22231> SocId:
INFO	[2012-08-28 19:42:51:946] <22231> ICHE_OUTBANKNAME:
INFO	[2012-08-28 19:42:51:946] <22231> ICHE_OUTACCTNO:
INFO	[2012-08-28 19:42:51:946] <22231> ICHE_OUTBANKMASTER:
INFO	[2012-08-28 19:42:51:946] <22231> ICHE_AMOUNT:
INFO	[2012-08-28 19:42:51:946] <22231> HP_SERVERINFO:
INFO	[2012-08-28 19:42:51:946] <22231> HP_HANDPHONE:
INFO	[2012-08-28 19:42:51:946] <22231> HP_COMPANY:
INFO	[2012-08-28 19:42:51:946] <22231> HP_ID:
INFO	[2012-08-28 19:42:51:946] <22231> HP_SUBID:
INFO	[2012-08-28 19:42:51:946] <22231> HP_UNITType:1
INFO	[2012-08-28 19:42:51:946] <22231> HP_IDEN:
INFO	[2012-08-28 19:42:51:946] <22231> HP_IPADDR:
INFO	[2012-08-28 19:42:51:946] <22231> ARS_NAME:
INFO	[2012-08-28 19:42:51:946] <22231> ARS_PHONE:
INFO	[2012-08-28 19:42:51:946] <22231> VIRTUAL_CENTERCD:99
INFO	[2012-08-28 19:42:51:946] <22231> VIRTUAL_DEPODT:
INFO	[2012-08-28 19:42:51:946] <22231> ZuminCode:
INFO	[2012-08-28 19:42:51:946] <22231> MallPage:/mall/AGS_VirAcctResult.php
INFO	[2012-08-28 19:42:51:946] <22231> VIRTUAL_NO:
INFO	[2012-08-28 19:42:51:946] <22231> ES_SENDNO:
INFO	[2012-08-28 19:42:51:946] <22231> ICHE_SOCKETYN:Y
INFO	[2012-08-28 19:42:51:946] <22231> ICHE_POSMTID:
INFO	[2012-08-28 19:42:51:946] <22231> ICHE_FNBCMTID:
INFO	[2012-08-28 19:42:51:946] <22231> ICHE_APTRTS:
INFO	[2012-08-28 19:42:51:946] <22231> ICHE_REMARK1:
INFO	[2012-08-28 19:42:51:946] <22231> ICHE_REMARK2:
INFO	[2012-08-28 19:42:51:946] <22231> ICHE_ECWYN:
INFO	[2012-08-28 19:42:51:946] <22231> ICHE_ECWID:
INFO	[2012-08-28 19:42:51:946] <22231> ICHE_ECWAMT1:
INFO	[2012-08-28 19:42:51:946] <22231> ICHE_ECWAMT2:
INFO	[2012-08-28 19:42:51:946] <22231> ICHE_CASHYN:N
INFO	[2012-08-28 19:42:51:946] <22231> ICHE_CASHGUBUN_CD:
INFO	[2012-08-28 19:42:51:946] <22231> ICHE_CASHID_NO:
INFO	[2012-08-28 19:42:51:946] <22231> ICHEARS_SOCKETYN:Y
INFO	[2012-08-28 19:42:51:946] <22231> ICHEARS_ADMNO:
INFO	[2012-08-28 19:42:51:946] <22231> ICHEARS_POSMTID:
INFO	[2012-08-28 19:42:51:946] <22231> ICHEARS_CENTERCD:
INFO	[2012-08-28 19:42:51:946] <22231> ICHEARS_HPNO:
INFO	[2012-08-28 19:42:51:947] <22231> y Pay Result Value [
INFO	[2012-08-28 19:42:51:947] <22231> rSuccYn:n
INFO	[2012-08-28 19:42:51:947] <22231> rResMsg:상품명 입력여부 확인요망 <br>
INFO	[2012-08-28 19:42:51:947] <22231> ]
INFO	[2012-08-28 19:42:51:947] <22231> END  상품명 입력여부 확인요망 <br> Transaction time:[0.002sec]
INFO	[2012-08-28 19:42:51:947] <22231> ===============================================================
INFO	[2012-08-28 19:44:20:503] <12733> ===============================================================
INFO	[2012-08-28 19:44:20:503] <12733> START AgsPay40 php (OS:Darwin12.0.0,PHP:5.3.5)
INFO	[2012-08-28 19:44:20:503] <12733> y Pay Start!
INFO	[2012-08-28 19:44:20:503] <12733> AgsPayHome:/Applications/MAMP/htdocs/loveholic/application/logs
INFO	[2012-08-28 19:44:20:503] <12733> StoreId:aegis
INFO	[2012-08-28 19:44:20:503] <12733> log:true
INFO	[2012-08-28 19:44:20:503] <12733> logLevel:INFO
INFO	[2012-08-28 19:44:20:503] <12733> UseNetCancel:true
INFO	[2012-08-28 19:44:20:503] <12733> Type:Pay
INFO	[2012-08-28 19:44:20:503] <12733> RecvLen:7
INFO	[2012-08-28 19:44:20:503] <12733> AuthTy:y
INFO	[2012-08-28 19:44:20:503] <12733> SubTy:visa3d
INFO	[2012-08-28 19:44:20:503] <12733> OrdNo:1000000001
INFO	[2012-08-28 19:44:20:503] <12733> Amt:1000
INFO	[2012-08-28 19:44:20:503] <12733> UserEmail:test@test.com
INFO	[2012-08-28 19:44:20:503] <12733> ProdNm:
INFO	[2012-08-28 19:44:20:503] <12733> MallUrl:http://www.allthegate.com
INFO	[2012-08-28 19:44:20:503] <12733> UserId:test
INFO	[2012-08-28 19:44:20:503] <12733> OrdNm:
INFO	[2012-08-28 19:44:20:503] <12733> OrdPhone:02-111-1111
INFO	[2012-08-28 19:44:20:503] <12733> OrdAddr:
INFO	[2012-08-28 19:44:20:503] <12733> RcpNm:
INFO	[2012-08-28 19:44:20:503] <12733> RcpPhone:02-111-1111
INFO	[2012-08-28 19:44:20:503] <12733> DlvAddr:
INFO	[2012-08-28 19:44:20:503] <12733> Remark:
INFO	[2012-08-28 19:44:20:503] <12733> DeviId:9000400001
INFO	[2012-08-28 19:44:20:503] <12733> AuthYn:N;211.48.34.44;N;;1000;;null;;;
INFO	[2012-08-28 19:44:20:503] <12733> Instmt:00
INFO	[2012-08-28 19:44:20:503] <12733> UserIp:192.168.0.1
INFO	[2012-08-28 19:44:20:503] <12733> partial_mm:
INFO	[2012-08-28 19:44:20:503] <12733> noIntMonth:
INFO	[2012-08-28 19:44:20:503] <12733> KVP_CURRENCY:WON
INFO	[2012-08-28 19:44:20:503] <12733> KVP_CARDCODE:
INFO	[2012-08-28 19:44:20:503] <12733> KVP_SESSIONKEY:
INFO	[2012-08-28 19:44:20:503] <12733> KVP_ENCDATA:
INFO	[2012-08-28 19:44:20:503] <12733> KVP_CONAME:
INFO	[2012-08-28 19:44:20:504] <12733> KVP_NOINT:
INFO	[2012-08-28 19:44:20:504] <12733> KVP_QUOTA:
INFO	[2012-08-28 19:44:20:504] <12733> CardNo:4374360069657003
INFO	[2012-08-28 19:44:20:504] <12733> MPI_CAVV:AAABAJIFVSASCCgZMQVVAAAAAAA=
INFO	[2012-08-28 19:44:20:504] <12733> MPI_ECI:05
INFO	[2012-08-28 19:44:20:504] <12733> MPI_MD64:MjAxMjA4MjgxOTMwMTIzNzkxMDY=
INFO	[2012-08-28 19:44:20:504] <12733> ExpMon:12
INFO	[2012-08-28 19:44:20:504] <12733> ExpYear:2049
INFO	[2012-08-28 19:44:20:504] <12733> Passwd:
INFO	[2012-08-28 19:44:20:504] <12733> SocId:
INFO	[2012-08-28 19:44:20:504] <12733> ICHE_OUTBANKNAME:
INFO	[2012-08-28 19:44:20:504] <12733> ICHE_OUTACCTNO:
INFO	[2012-08-28 19:44:20:504] <12733> ICHE_OUTBANKMASTER:
INFO	[2012-08-28 19:44:20:504] <12733> ICHE_AMOUNT:
INFO	[2012-08-28 19:44:20:504] <12733> HP_SERVERINFO:
INFO	[2012-08-28 19:44:20:504] <12733> HP_HANDPHONE:
INFO	[2012-08-28 19:44:20:504] <12733> HP_COMPANY:
INFO	[2012-08-28 19:44:20:504] <12733> HP_ID:
INFO	[2012-08-28 19:44:20:504] <12733> HP_SUBID:
INFO	[2012-08-28 19:44:20:504] <12733> HP_UNITType:1
INFO	[2012-08-28 19:44:20:504] <12733> HP_IDEN:
INFO	[2012-08-28 19:44:20:504] <12733> HP_IPADDR:
INFO	[2012-08-28 19:44:20:504] <12733> ARS_NAME:
INFO	[2012-08-28 19:44:20:504] <12733> ARS_PHONE:
INFO	[2012-08-28 19:44:20:504] <12733> VIRTUAL_CENTERCD:99
INFO	[2012-08-28 19:44:20:504] <12733> VIRTUAL_DEPODT:
INFO	[2012-08-28 19:44:20:504] <12733> ZuminCode:
INFO	[2012-08-28 19:44:20:504] <12733> MallPage:/mall/AGS_VirAcctResult.php
INFO	[2012-08-28 19:44:20:504] <12733> VIRTUAL_NO:
INFO	[2012-08-28 19:44:20:504] <12733> ES_SENDNO:
INFO	[2012-08-28 19:44:20:504] <12733> ICHE_SOCKETYN:Y
INFO	[2012-08-28 19:44:20:504] <12733> ICHE_POSMTID:
INFO	[2012-08-28 19:44:20:504] <12733> ICHE_FNBCMTID:
INFO	[2012-08-28 19:44:20:504] <12733> ICHE_APTRTS:
INFO	[2012-08-28 19:44:20:504] <12733> ICHE_REMARK1:
INFO	[2012-08-28 19:44:20:504] <12733> ICHE_REMARK2:
INFO	[2012-08-28 19:44:20:504] <12733> ICHE_ECWYN:
INFO	[2012-08-28 19:44:20:504] <12733> ICHE_ECWID:
INFO	[2012-08-28 19:44:20:505] <12733> ICHE_ECWAMT1:
INFO	[2012-08-28 19:44:20:505] <12733> ICHE_ECWAMT2:
INFO	[2012-08-28 19:44:20:505] <12733> ICHE_CASHYN:N
INFO	[2012-08-28 19:44:20:505] <12733> ICHE_CASHGUBUN_CD:
INFO	[2012-08-28 19:44:20:505] <12733> ICHE_CASHID_NO:
INFO	[2012-08-28 19:44:20:505] <12733> ICHEARS_SOCKETYN:Y
INFO	[2012-08-28 19:44:20:505] <12733> ICHEARS_ADMNO:
INFO	[2012-08-28 19:44:20:505] <12733> ICHEARS_POSMTID:
INFO	[2012-08-28 19:44:20:505] <12733> ICHEARS_CENTERCD:
INFO	[2012-08-28 19:44:20:505] <12733> ICHEARS_HPNO:
INFO	[2012-08-28 19:44:20:505] <12733> y Pay Result Value [
INFO	[2012-08-28 19:44:20:505] <12733> rSuccYn:n
INFO	[2012-08-28 19:44:20:505] <12733> rResMsg:상품명 입력여부 확인요망 <br>
INFO	[2012-08-28 19:44:20:505] <12733> ]
INFO	[2012-08-28 19:44:20:505] <12733> END  상품명 입력여부 확인요망 <br> Transaction time:[0.002sec]
INFO	[2012-08-28 19:44:20:505] <12733> ===============================================================
INFO	[2012-08-28 19:44:39:544] <14095> ===============================================================
INFO	[2012-08-28 19:44:39:544] <14095> START AgsPay40 php (OS:Darwin12.0.0,PHP:5.3.5)
INFO	[2012-08-28 19:44:39:544] <14095> y Pay Start!
INFO	[2012-08-28 19:44:39:544] <14095> AgsPayHome:/Applications/MAMP/htdocs/loveholic/application/logs
INFO	[2012-08-28 19:44:39:544] <14095> StoreId:aegis
INFO	[2012-08-28 19:44:39:544] <14095> log:true
INFO	[2012-08-28 19:44:39:544] <14095> logLevel:INFO
INFO	[2012-08-28 19:44:39:544] <14095> UseNetCancel:true
INFO	[2012-08-28 19:44:39:544] <14095> Type:Pay
INFO	[2012-08-28 19:44:39:544] <14095> RecvLen:7
INFO	[2012-08-28 19:44:39:544] <14095> AuthTy:y
INFO	[2012-08-28 19:44:39:544] <14095> SubTy:visa3d
INFO	[2012-08-28 19:44:39:544] <14095> OrdNo:1000000001
INFO	[2012-08-28 19:44:39:544] <14095> Amt:1000
INFO	[2012-08-28 19:44:39:544] <14095> UserEmail:test@test.com
INFO	[2012-08-28 19:44:39:544] <14095> ProdNm:
INFO	[2012-08-28 19:44:39:544] <14095> MallUrl:http://www.allthegate.com
INFO	[2012-08-28 19:44:39:544] <14095> UserId:test
INFO	[2012-08-28 19:44:39:544] <14095> OrdNm:
INFO	[2012-08-28 19:44:39:544] <14095> OrdPhone:02-111-1111
INFO	[2012-08-28 19:44:39:544] <14095> OrdAddr:
INFO	[2012-08-28 19:44:39:544] <14095> RcpNm:
INFO	[2012-08-28 19:44:39:544] <14095> RcpPhone:02-111-1111
INFO	[2012-08-28 19:44:39:544] <14095> DlvAddr:
INFO	[2012-08-28 19:44:39:544] <14095> Remark:
INFO	[2012-08-28 19:44:39:544] <14095> DeviId:9000400001
INFO	[2012-08-28 19:44:39:544] <14095> AuthYn:N;211.48.34.44;N;;1000;;null;;;
INFO	[2012-08-28 19:44:39:544] <14095> Instmt:00
INFO	[2012-08-28 19:44:39:545] <14095> UserIp:192.168.0.1
INFO	[2012-08-28 19:44:39:545] <14095> partial_mm:
INFO	[2012-08-28 19:44:39:545] <14095> noIntMonth:
INFO	[2012-08-28 19:44:39:545] <14095> KVP_CURRENCY:WON
INFO	[2012-08-28 19:44:39:545] <14095> KVP_CARDCODE:
INFO	[2012-08-28 19:44:39:545] <14095> KVP_SESSIONKEY:
INFO	[2012-08-28 19:44:39:545] <14095> KVP_ENCDATA:
INFO	[2012-08-28 19:44:39:545] <14095> KVP_CONAME:
INFO	[2012-08-28 19:44:39:545] <14095> KVP_NOINT:
INFO	[2012-08-28 19:44:39:545] <14095> KVP_QUOTA:
INFO	[2012-08-28 19:44:39:545] <14095> CardNo:4374360069657003
INFO	[2012-08-28 19:44:39:545] <14095> MPI_CAVV:AAABAJIFVSASCCgZMQVVAAAAAAA=
INFO	[2012-08-28 19:44:39:545] <14095> MPI_ECI:05
INFO	[2012-08-28 19:44:39:545] <14095> MPI_MD64:MjAxMjA4MjgxOTMwMTIzNzkxMDY=
INFO	[2012-08-28 19:44:39:545] <14095> ExpMon:12
INFO	[2012-08-28 19:44:39:545] <14095> ExpYear:2049
INFO	[2012-08-28 19:44:39:545] <14095> Passwd:
INFO	[2012-08-28 19:44:39:545] <14095> SocId:
INFO	[2012-08-28 19:44:39:545] <14095> ICHE_OUTBANKNAME:
INFO	[2012-08-28 19:44:39:545] <14095> ICHE_OUTACCTNO:
INFO	[2012-08-28 19:44:39:545] <14095> ICHE_OUTBANKMASTER:
INFO	[2012-08-28 19:44:39:545] <14095> ICHE_AMOUNT:
INFO	[2012-08-28 19:44:39:545] <14095> HP_SERVERINFO:
INFO	[2012-08-28 19:44:39:545] <14095> HP_HANDPHONE:
INFO	[2012-08-28 19:44:39:545] <14095> HP_COMPANY:
INFO	[2012-08-28 19:44:39:545] <14095> HP_ID:
INFO	[2012-08-28 19:44:39:545] <14095> HP_SUBID:
INFO	[2012-08-28 19:44:39:545] <14095> HP_UNITType:1
INFO	[2012-08-28 19:44:39:545] <14095> HP_IDEN:
INFO	[2012-08-28 19:44:39:545] <14095> HP_IPADDR:
INFO	[2012-08-28 19:44:39:545] <14095> ARS_NAME:
INFO	[2012-08-28 19:44:39:545] <14095> ARS_PHONE:
INFO	[2012-08-28 19:44:39:545] <14095> VIRTUAL_CENTERCD:99
INFO	[2012-08-28 19:44:39:545] <14095> VIRTUAL_DEPODT:
INFO	[2012-08-28 19:44:39:545] <14095> ZuminCode:
INFO	[2012-08-28 19:44:39:545] <14095> MallPage:/mall/AGS_VirAcctResult.php
INFO	[2012-08-28 19:44:39:545] <14095> VIRTUAL_NO:
INFO	[2012-08-28 19:44:39:545] <14095> ES_SENDNO:
INFO	[2012-08-28 19:44:39:545] <14095> ICHE_SOCKETYN:Y
INFO	[2012-08-28 19:44:39:545] <14095> ICHE_POSMTID:
INFO	[2012-08-28 19:44:39:545] <14095> ICHE_FNBCMTID:
INFO	[2012-08-28 19:44:39:546] <14095> ICHE_APTRTS:
INFO	[2012-08-28 19:44:39:546] <14095> ICHE_REMARK1:
INFO	[2012-08-28 19:44:39:546] <14095> ICHE_REMARK2:
INFO	[2012-08-28 19:44:39:546] <14095> ICHE_ECWYN:
INFO	[2012-08-28 19:44:39:546] <14095> ICHE_ECWID:
INFO	[2012-08-28 19:44:39:546] <14095> ICHE_ECWAMT1:
INFO	[2012-08-28 19:44:39:546] <14095> ICHE_ECWAMT2:
INFO	[2012-08-28 19:44:39:546] <14095> ICHE_CASHYN:N
INFO	[2012-08-28 19:44:39:546] <14095> ICHE_CASHGUBUN_CD:
INFO	[2012-08-28 19:44:39:546] <14095> ICHE_CASHID_NO:
INFO	[2012-08-28 19:44:39:546] <14095> ICHEARS_SOCKETYN:Y
INFO	[2012-08-28 19:44:39:546] <14095> ICHEARS_ADMNO:
INFO	[2012-08-28 19:44:39:546] <14095> ICHEARS_POSMTID:
INFO	[2012-08-28 19:44:39:546] <14095> ICHEARS_CENTERCD:
INFO	[2012-08-28 19:44:39:546] <14095> ICHEARS_HPNO:
INFO	[2012-08-28 19:44:39:546] <14095> y Pay Result Value [
INFO	[2012-08-28 19:44:39:546] <14095> rSuccYn:n
INFO	[2012-08-28 19:44:39:546] <14095> rResMsg:상품명 입력여부 확인요망 <br>
INFO	[2012-08-28 19:44:39:546] <14095> ]
INFO	[2012-08-28 19:44:39:546] <14095> END  상품명 입력여부 확인요망 <br> Transaction time:[0.002sec]
INFO	[2012-08-28 19:44:39:546] <14095> ===============================================================
INFO	[2012-08-28 19:48:36:889] <12712> ===============================================================
INFO	[2012-08-28 19:48:36:889] <12712> START AgsPay40 php (OS:Darwin12.0.0,PHP:5.3.5)
INFO	[2012-08-28 19:48:36:889] <12712> y Pay Start!
INFO	[2012-08-28 19:48:36:889] <12712> AgsPayHome:/Applications/MAMP/htdocs/loveholic/application/logs
INFO	[2012-08-28 19:48:36:889] <12712> StoreId:aegis
INFO	[2012-08-28 19:48:36:889] <12712> log:true
INFO	[2012-08-28 19:48:36:889] <12712> logLevel:INFO
INFO	[2012-08-28 19:48:36:889] <12712> UseNetCancel:true
INFO	[2012-08-28 19:48:36:889] <12712> Type:Pay
INFO	[2012-08-28 19:48:36:889] <12712> RecvLen:7
INFO	[2012-08-28 19:48:36:889] <12712> AuthTy:y
INFO	[2012-08-28 19:48:36:889] <12712> SubTy:visa3d
INFO	[2012-08-28 19:48:36:889] <12712> OrdNo:1000000001
INFO	[2012-08-28 19:48:36:889] <12712> Amt:1000
INFO	[2012-08-28 19:48:36:889] <12712> UserEmail:test@test.com
INFO	[2012-08-28 19:48:36:889] <12712> ProdNm:
INFO	[2012-08-28 19:48:36:889] <12712> MallUrl:http://www.allthegate.com
INFO	[2012-08-28 19:48:36:889] <12712> UserId:test
INFO	[2012-08-28 19:48:36:889] <12712> OrdNm:
INFO	[2012-08-28 19:48:36:890] <12712> OrdPhone:02-111-1111
INFO	[2012-08-28 19:48:36:890] <12712> OrdAddr:
INFO	[2012-08-28 19:48:36:890] <12712> RcpNm:
INFO	[2012-08-28 19:48:36:890] <12712> RcpPhone:02-111-1111
INFO	[2012-08-28 19:48:36:890] <12712> DlvAddr:
INFO	[2012-08-28 19:48:36:890] <12712> Remark:
INFO	[2012-08-28 19:48:36:890] <12712> DeviId:9000400001
INFO	[2012-08-28 19:48:36:890] <12712> AuthYn:N;211.48.34.44;N;;1000;;null;;;
INFO	[2012-08-28 19:48:36:890] <12712> Instmt:00
INFO	[2012-08-28 19:48:36:890] <12712> UserIp:192.168.0.1
INFO	[2012-08-28 19:48:36:890] <12712> partial_mm:
INFO	[2012-08-28 19:48:36:890] <12712> noIntMonth:
INFO	[2012-08-28 19:48:36:890] <12712> KVP_CURRENCY:WON
INFO	[2012-08-28 19:48:36:890] <12712> KVP_CARDCODE:
INFO	[2012-08-28 19:48:36:890] <12712> KVP_SESSIONKEY:
INFO	[2012-08-28 19:48:36:890] <12712> KVP_ENCDATA:
INFO	[2012-08-28 19:48:36:890] <12712> KVP_CONAME:
INFO	[2012-08-28 19:48:36:890] <12712> KVP_NOINT:
INFO	[2012-08-28 19:48:36:890] <12712> KVP_QUOTA:
INFO	[2012-08-28 19:48:36:890] <12712> CardNo:4374360069657003
INFO	[2012-08-28 19:48:36:890] <12712> MPI_CAVV:AAABAJIFVSASCCgZMQVVAAAAAAA=
INFO	[2012-08-28 19:48:36:890] <12712> MPI_ECI:05
INFO	[2012-08-28 19:48:36:890] <12712> MPI_MD64:MjAxMjA4MjgxOTMwMTIzNzkxMDY=
INFO	[2012-08-28 19:48:36:890] <12712> ExpMon:12
INFO	[2012-08-28 19:48:36:890] <12712> ExpYear:2049
INFO	[2012-08-28 19:48:36:890] <12712> Passwd:
INFO	[2012-08-28 19:48:36:890] <12712> SocId:
INFO	[2012-08-28 19:48:36:890] <12712> ICHE_OUTBANKNAME:
INFO	[2012-08-28 19:48:36:890] <12712> ICHE_OUTACCTNO:
INFO	[2012-08-28 19:48:36:890] <12712> ICHE_OUTBANKMASTER:
INFO	[2012-08-28 19:48:36:890] <12712> ICHE_AMOUNT:
INFO	[2012-08-28 19:48:36:890] <12712> HP_SERVERINFO:
INFO	[2012-08-28 19:48:36:890] <12712> HP_HANDPHONE:
INFO	[2012-08-28 19:48:36:890] <12712> HP_COMPANY:
INFO	[2012-08-28 19:48:36:890] <12712> HP_ID:
INFO	[2012-08-28 19:48:36:890] <12712> HP_SUBID:
INFO	[2012-08-28 19:48:36:890] <12712> HP_UNITType:1
INFO	[2012-08-28 19:48:36:890] <12712> HP_IDEN:
INFO	[2012-08-28 19:48:36:890] <12712> HP_IPADDR:
INFO	[2012-08-28 19:48:36:890] <12712> ARS_NAME:
INFO	[2012-08-28 19:48:36:890] <12712> ARS_PHONE:
INFO	[2012-08-28 19:48:36:890] <12712> VIRTUAL_CENTERCD:99
INFO	[2012-08-28 19:48:36:890] <12712> VIRTUAL_DEPODT:
INFO	[2012-08-28 19:48:36:890] <12712> ZuminCode:
INFO	[2012-08-28 19:48:36:891] <12712> MallPage:/mall/AGS_VirAcctResult.php
INFO	[2012-08-28 19:48:36:891] <12712> VIRTUAL_NO:
INFO	[2012-08-28 19:48:36:891] <12712> ES_SENDNO:
INFO	[2012-08-28 19:48:36:891] <12712> ICHE_SOCKETYN:Y
INFO	[2012-08-28 19:48:36:891] <12712> ICHE_POSMTID:
INFO	[2012-08-28 19:48:36:891] <12712> ICHE_FNBCMTID:
INFO	[2012-08-28 19:48:36:891] <12712> ICHE_APTRTS:
INFO	[2012-08-28 19:48:36:891] <12712> ICHE_REMARK1:
INFO	[2012-08-28 19:48:36:891] <12712> ICHE_REMARK2:
INFO	[2012-08-28 19:48:36:891] <12712> ICHE_ECWYN:
INFO	[2012-08-28 19:48:36:891] <12712> ICHE_ECWID:
INFO	[2012-08-28 19:48:36:891] <12712> ICHE_ECWAMT1:
INFO	[2012-08-28 19:48:36:891] <12712> ICHE_ECWAMT2:
INFO	[2012-08-28 19:48:36:891] <12712> ICHE_CASHYN:N
INFO	[2012-08-28 19:48:36:891] <12712> ICHE_CASHGUBUN_CD:
INFO	[2012-08-28 19:48:36:891] <12712> ICHE_CASHID_NO:
INFO	[2012-08-28 19:48:36:891] <12712> ICHEARS_SOCKETYN:Y
INFO	[2012-08-28 19:48:36:891] <12712> ICHEARS_ADMNO:
INFO	[2012-08-28 19:48:36:891] <12712> ICHEARS_POSMTID:
INFO	[2012-08-28 19:48:36:891] <12712> ICHEARS_CENTERCD:
INFO	[2012-08-28 19:48:36:891] <12712> ICHEARS_HPNO:
INFO	[2012-08-28 19:48:36:891] <12712> y Pay Result Value [
INFO	[2012-08-28 19:48:36:891] <12712> rSuccYn:n
INFO	[2012-08-28 19:48:36:891] <12712> rResMsg:상품명 입력여부 확인요망 <br>
INFO	[2012-08-28 19:48:36:891] <12712> ]
INFO	[2012-08-28 19:48:36:891] <12712> END  상품명 입력여부 확인요망 <br> Transaction time:[0.002sec]
INFO	[2012-08-28 19:48:36:891] <12712> ===============================================================
INFO	[2012-08-28 19:49:51:634] <12734> ===============================================================
INFO	[2012-08-28 19:49:51:634] <12734> START AgsPay40 php (OS:Darwin12.0.0,PHP:5.3.5)
INFO	[2012-08-28 19:49:51:634] <12734> y Pay Start!
INFO	[2012-08-28 19:49:51:634] <12734> AgsPayHome:/Applications/MAMP/htdocs/loveholic/application/logs
INFO	[2012-08-28 19:49:51:634] <12734> StoreId:aegis
INFO	[2012-08-28 19:49:51:634] <12734> log:true
INFO	[2012-08-28 19:49:51:634] <12734> logLevel:INFO
INFO	[2012-08-28 19:49:51:634] <12734> UseNetCancel:true
INFO	[2012-08-28 19:49:51:634] <12734> Type:Pay
INFO	[2012-08-28 19:49:51:634] <12734> RecvLen:7
INFO	[2012-08-28 19:49:51:634] <12734> AuthTy:y
INFO	[2012-08-28 19:49:51:634] <12734> SubTy:visa3d
INFO	[2012-08-28 19:49:51:634] <12734> OrdNo:1000000001
INFO	[2012-08-28 19:49:51:634] <12734> Amt:1000
INFO	[2012-08-28 19:49:51:634] <12734> UserEmail:test@test.com
INFO	[2012-08-28 19:49:51:634] <12734> ProdNm:
INFO	[2012-08-28 19:49:51:634] <12734> MallUrl:http://www.allthegate.com
INFO	[2012-08-28 19:49:51:634] <12734> UserId:test
INFO	[2012-08-28 19:49:51:634] <12734> OrdNm:
INFO	[2012-08-28 19:49:51:634] <12734> OrdPhone:02-111-1111
INFO	[2012-08-28 19:49:51:634] <12734> OrdAddr:
INFO	[2012-08-28 19:49:51:634] <12734> RcpNm:
INFO	[2012-08-28 19:49:51:634] <12734> RcpPhone:02-111-1111
INFO	[2012-08-28 19:49:51:635] <12734> DlvAddr:
INFO	[2012-08-28 19:49:51:635] <12734> Remark:
INFO	[2012-08-28 19:49:51:635] <12734> DeviId:9000400001
INFO	[2012-08-28 19:49:51:635] <12734> AuthYn:N;211.48.34.44;N;;1000;;null;;;
INFO	[2012-08-28 19:49:51:635] <12734> Instmt:00
INFO	[2012-08-28 19:49:51:635] <12734> UserIp:192.168.0.1
INFO	[2012-08-28 19:49:51:635] <12734> partial_mm:
INFO	[2012-08-28 19:49:51:635] <12734> noIntMonth:
INFO	[2012-08-28 19:49:51:635] <12734> KVP_CURRENCY:WON
INFO	[2012-08-28 19:49:51:635] <12734> KVP_CARDCODE:
INFO	[2012-08-28 19:49:51:635] <12734> KVP_SESSIONKEY:
INFO	[2012-08-28 19:49:51:635] <12734> KVP_ENCDATA:
INFO	[2012-08-28 19:49:51:635] <12734> KVP_CONAME:
INFO	[2012-08-28 19:49:51:635] <12734> KVP_NOINT:
INFO	[2012-08-28 19:49:51:635] <12734> KVP_QUOTA:
INFO	[2012-08-28 19:49:51:635] <12734> CardNo:4374360069657003
INFO	[2012-08-28 19:49:51:635] <12734> MPI_CAVV:AAABAJIFVSASCCgZMQVVAAAAAAA=
INFO	[2012-08-28 19:49:51:635] <12734> MPI_ECI:05
INFO	[2012-08-28 19:49:51:635] <12734> MPI_MD64:MjAxMjA4MjgxOTMwMTIzNzkxMDY=
INFO	[2012-08-28 19:49:51:635] <12734> ExpMon:12
INFO	[2012-08-28 19:49:51:635] <12734> ExpYear:2049
INFO	[2012-08-28 19:49:51:635] <12734> Passwd:
INFO	[2012-08-28 19:49:51:635] <12734> SocId:
INFO	[2012-08-28 19:49:51:635] <12734> ICHE_OUTBANKNAME:
INFO	[2012-08-28 19:49:51:635] <12734> ICHE_OUTACCTNO:
INFO	[2012-08-28 19:49:51:635] <12734> ICHE_OUTBANKMASTER:
INFO	[2012-08-28 19:49:51:635] <12734> ICHE_AMOUNT:
INFO	[2012-08-28 19:49:51:635] <12734> HP_SERVERINFO:
INFO	[2012-08-28 19:49:51:635] <12734> HP_HANDPHONE:
INFO	[2012-08-28 19:49:51:635] <12734> HP_COMPANY:
INFO	[2012-08-28 19:49:51:635] <12734> HP_ID:
INFO	[2012-08-28 19:49:51:635] <12734> HP_SUBID:
INFO	[2012-08-28 19:49:51:635] <12734> HP_UNITType:1
INFO	[2012-08-28 19:49:51:635] <12734> HP_IDEN:
INFO	[2012-08-28 19:49:51:635] <12734> HP_IPADDR:
INFO	[2012-08-28 19:49:51:635] <12734> ARS_NAME:
INFO	[2012-08-28 19:49:51:635] <12734> ARS_PHONE:
INFO	[2012-08-28 19:49:51:635] <12734> VIRTUAL_CENTERCD:99
INFO	[2012-08-28 19:49:51:635] <12734> VIRTUAL_DEPODT:
INFO	[2012-08-28 19:49:51:635] <12734> ZuminCode:
INFO	[2012-08-28 19:49:51:635] <12734> MallPage:/mall/AGS_VirAcctResult.php
INFO	[2012-08-28 19:49:51:635] <12734> VIRTUAL_NO:
INFO	[2012-08-28 19:49:51:635] <12734> ES_SENDNO:
INFO	[2012-08-28 19:49:51:635] <12734> ICHE_SOCKETYN:Y
INFO	[2012-08-28 19:49:51:636] <12734> ICHE_POSMTID:
INFO	[2012-08-28 19:49:51:636] <12734> ICHE_FNBCMTID:
INFO	[2012-08-28 19:49:51:636] <12734> ICHE_APTRTS:
INFO	[2012-08-28 19:49:51:636] <12734> ICHE_REMARK1:
INFO	[2012-08-28 19:49:51:636] <12734> ICHE_REMARK2:
INFO	[2012-08-28 19:49:51:636] <12734> ICHE_ECWYN:
INFO	[2012-08-28 19:49:51:636] <12734> ICHE_ECWID:
INFO	[2012-08-28 19:49:51:636] <12734> ICHE_ECWAMT1:
INFO	[2012-08-28 19:49:51:636] <12734> ICHE_ECWAMT2:
INFO	[2012-08-28 19:49:51:636] <12734> ICHE_CASHYN:N
INFO	[2012-08-28 19:49:51:636] <12734> ICHE_CASHGUBUN_CD:
INFO	[2012-08-28 19:49:51:636] <12734> ICHE_CASHID_NO:
INFO	[2012-08-28 19:49:51:636] <12734> ICHEARS_SOCKETYN:Y
INFO	[2012-08-28 19:49:51:636] <12734> ICHEARS_ADMNO:
INFO	[2012-08-28 19:49:51:636] <12734> ICHEARS_POSMTID:
INFO	[2012-08-28 19:49:51:636] <12734> ICHEARS_CENTERCD:
INFO	[2012-08-28 19:49:51:636] <12734> ICHEARS_HPNO:
INFO	[2012-08-28 19:49:51:636] <12734> y Pay Result Value [
INFO	[2012-08-28 19:49:51:636] <12734> rSuccYn:n
INFO	[2012-08-28 19:49:51:636] <12734> rResMsg:상품명 입력여부 확인요망 <br>
INFO	[2012-08-28 19:49:51:636] <12734> ]
INFO	[2012-08-28 19:49:51:636] <12734> END   Transaction time:[0.002sec]
INFO	[2012-08-28 19:49:51:636] <12734> ===============================================================
INFO	[2012-08-28 19:51:01:745] <14591> ===============================================================
INFO	[2012-08-28 19:51:01:745] <14591> START AgsPay40 php (OS:Darwin12.0.0,PHP:5.3.5)
INFO	[2012-08-28 19:51:01:745] <14591> y Pay Start!
INFO	[2012-08-28 19:51:01:745] <14591> AgsPayHome:/Applications/MAMP/htdocs/loveholic/application/logs
INFO	[2012-08-28 19:51:01:745] <14591> StoreId:aegis
INFO	[2012-08-28 19:51:01:745] <14591> log:true
INFO	[2012-08-28 19:51:01:745] <14591> logLevel:INFO
INFO	[2012-08-28 19:51:01:745] <14591> UseNetCancel:true
INFO	[2012-08-28 19:51:01:745] <14591> Type:Pay
INFO	[2012-08-28 19:51:01:745] <14591> RecvLen:7
INFO	[2012-08-28 19:51:01:745] <14591> AuthTy:y
INFO	[2012-08-28 19:51:01:745] <14591> SubTy:visa3d
INFO	[2012-08-28 19:51:01:745] <14591> OrdNo:1000000001
INFO	[2012-08-28 19:51:01:745] <14591> Amt:1000
INFO	[2012-08-28 19:51:01:745] <14591> UserEmail:test@test.com
INFO	[2012-08-28 19:51:01:745] <14591> ProdNm:
INFO	[2012-08-28 19:51:01:745] <14591> MallUrl:http://www.allthegate.com
INFO	[2012-08-28 19:51:01:745] <14591> UserId:test
INFO	[2012-08-28 19:51:01:745] <14591> OrdNm:
INFO	[2012-08-28 19:51:01:745] <14591> OrdPhone:02-111-1111
INFO	[2012-08-28 19:51:01:745] <14591> OrdAddr:
INFO	[2012-08-28 19:51:01:745] <14591> RcpNm:
INFO	[2012-08-28 19:51:01:745] <14591> RcpPhone:02-111-1111
INFO	[2012-08-28 19:51:01:745] <14591> DlvAddr:
INFO	[2012-08-28 19:51:01:745] <14591> Remark:
INFO	[2012-08-28 19:51:01:745] <14591> DeviId:9000400001
INFO	[2012-08-28 19:51:01:745] <14591> AuthYn:N;211.48.34.44;N;;1000;;null;;;
INFO	[2012-08-28 19:51:01:745] <14591> Instmt:00
INFO	[2012-08-28 19:51:01:746] <14591> UserIp:192.168.0.1
INFO	[2012-08-28 19:51:01:746] <14591> partial_mm:
INFO	[2012-08-28 19:51:01:746] <14591> noIntMonth:
INFO	[2012-08-28 19:51:01:746] <14591> KVP_CURRENCY:WON
INFO	[2012-08-28 19:51:01:746] <14591> KVP_CARDCODE:
INFO	[2012-08-28 19:51:01:746] <14591> KVP_SESSIONKEY:
INFO	[2012-08-28 19:51:01:746] <14591> KVP_ENCDATA:
INFO	[2012-08-28 19:51:01:746] <14591> KVP_CONAME:
INFO	[2012-08-28 19:51:01:746] <14591> KVP_NOINT:
INFO	[2012-08-28 19:51:01:746] <14591> KVP_QUOTA:
INFO	[2012-08-28 19:51:01:746] <14591> CardNo:4374360069657003
INFO	[2012-08-28 19:51:01:746] <14591> MPI_CAVV:AAABAJIFVSASCCgZMQVVAAAAAAA=
INFO	[2012-08-28 19:51:01:746] <14591> MPI_ECI:05
INFO	[2012-08-28 19:51:01:746] <14591> MPI_MD64:MjAxMjA4MjgxOTMwMTIzNzkxMDY=
INFO	[2012-08-28 19:51:01:746] <14591> ExpMon:12
INFO	[2012-08-28 19:51:01:746] <14591> ExpYear:2049
INFO	[2012-08-28 19:51:01:746] <14591> Passwd:
INFO	[2012-08-28 19:51:01:746] <14591> SocId:
INFO	[2012-08-28 19:51:01:746] <14591> ICHE_OUTBANKNAME:
INFO	[2012-08-28 19:51:01:746] <14591> ICHE_OUTACCTNO:
INFO	[2012-08-28 19:51:01:746] <14591> ICHE_OUTBANKMASTER:
INFO	[2012-08-28 19:51:01:746] <14591> ICHE_AMOUNT:
INFO	[2012-08-28 19:51:01:746] <14591> HP_SERVERINFO:
INFO	[2012-08-28 19:51:01:747] <14591> HP_HANDPHONE:
INFO	[2012-08-28 19:51:01:747] <14591> HP_COMPANY:
INFO	[2012-08-28 19:51:01:747] <14591> HP_ID:
INFO	[2012-08-28 19:51:01:747] <14591> HP_SUBID:
INFO	[2012-08-28 19:51:01:747] <14591> HP_UNITType:1
INFO	[2012-08-28 19:51:01:747] <14591> HP_IDEN:
INFO	[2012-08-28 19:51:01:747] <14591> HP_IPADDR:
INFO	[2012-08-28 19:51:01:747] <14591> ARS_NAME:
INFO	[2012-08-28 19:51:01:747] <14591> ARS_PHONE:
INFO	[2012-08-28 19:51:01:747] <14591> VIRTUAL_CENTERCD:99
INFO	[2012-08-28 19:51:01:747] <14591> VIRTUAL_DEPODT:
INFO	[2012-08-28 19:51:01:747] <14591> ZuminCode:
INFO	[2012-08-28 19:51:01:747] <14591> MallPage:/mall/AGS_VirAcctResult.php
INFO	[2012-08-28 19:51:01:747] <14591> VIRTUAL_NO:
INFO	[2012-08-28 19:51:01:747] <14591> ES_SENDNO:
INFO	[2012-08-28 19:51:01:747] <14591> ICHE_SOCKETYN:Y
INFO	[2012-08-28 19:51:01:747] <14591> ICHE_POSMTID:
INFO	[2012-08-28 19:51:01:747] <14591> ICHE_FNBCMTID:
INFO	[2012-08-28 19:51:01:747] <14591> ICHE_APTRTS:
INFO	[2012-08-28 19:51:01:747] <14591> ICHE_REMARK1:
INFO	[2012-08-28 19:51:01:747] <14591> ICHE_REMARK2:
INFO	[2012-08-28 19:51:01:747] <14591> ICHE_ECWYN:
INFO	[2012-08-28 19:51:01:747] <14591> ICHE_ECWID:
INFO	[2012-08-28 19:51:01:747] <14591> ICHE_ECWAMT1:
INFO	[2012-08-28 19:51:01:747] <14591> ICHE_ECWAMT2:
INFO	[2012-08-28 19:51:01:747] <14591> ICHE_CASHYN:N
INFO	[2012-08-28 19:51:01:747] <14591> ICHE_CASHGUBUN_CD:
INFO	[2012-08-28 19:51:01:747] <14591> ICHE_CASHID_NO:
INFO	[2012-08-28 19:51:01:747] <14591> ICHEARS_SOCKETYN:Y
INFO	[2012-08-28 19:51:01:747] <14591> ICHEARS_ADMNO:
INFO	[2012-08-28 19:51:01:747] <14591> ICHEARS_POSMTID:
INFO	[2012-08-28 19:51:01:747] <14591> ICHEARS_CENTERCD:
INFO	[2012-08-28 19:51:01:747] <14591> ICHEARS_HPNO:
INFO	[2012-08-28 19:51:01:747] <14591> y Pay Result Value [
INFO	[2012-08-28 19:51:01:747] <14591> rSuccYn:n
INFO	[2012-08-28 19:51:01:747] <14591> rResMsg:상품명 입력여부 확인요망 <br>
INFO	[2012-08-28 19:51:01:747] <14591> ]
INFO	[2012-08-28 19:51:01:747] <14591> END   Transaction time:[0.003sec]
INFO	[2012-08-28 19:51:01:747] <14591> ===============================================================
INFO	[2012-08-28 19:57:21:533] <14591> ===============================================================
INFO	[2012-08-28 19:57:21:533] <14591> START AgsPay40 php (OS:Darwin12.0.0,PHP:5.3.5)
INFO	[2012-08-28 19:57:21:533] <14591> card Pay Start!
INFO	[2012-08-28 19:57:21:533] <14591> AgsPayHome:/Applications/MAMP/htdocs/loveholic/application/logs
INFO	[2012-08-28 19:57:21:533] <14591> StoreId:aegis
INFO	[2012-08-28 19:57:21:533] <14591> log:true
INFO	[2012-08-28 19:57:21:533] <14591> logLevel:INFO
INFO	[2012-08-28 19:57:21:533] <14591> UseNetCancel:true
INFO	[2012-08-28 19:57:21:533] <14591> Type:Pay
INFO	[2012-08-28 19:57:21:533] <14591> RecvLen:7
INFO	[2012-08-28 19:57:21:533] <14591> AuthTy:card
INFO	[2012-08-28 19:57:21:533] <14591> SubTy:visa3d
INFO	[2012-08-28 19:57:21:533] <14591> OrdNo:1000000001
INFO	[2012-08-28 19:57:21:533] <14591> Amt:1000
INFO	[2012-08-28 19:57:21:533] <14591> UserEmail:test@test.com
INFO	[2012-08-28 19:57:21:533] <14591> ProdNm:
INFO	[2012-08-28 19:57:21:533] <14591> MallUrl:http://www.allthegate.com
INFO	[2012-08-28 19:57:21:533] <14591> UserId:test
INFO	[2012-08-28 19:57:21:533] <14591> OrdNm:
INFO	[2012-08-28 19:57:21:533] <14591> OrdPhone:02-111-1111
INFO	[2012-08-28 19:57:21:533] <14591> OrdAddr:
INFO	[2012-08-28 19:57:21:533] <14591> RcpNm:
INFO	[2012-08-28 19:57:21:533] <14591> RcpPhone:02-111-1111
INFO	[2012-08-28 19:57:21:533] <14591> DlvAddr:
INFO	[2012-08-28 19:57:21:534] <14591> Remark:
INFO	[2012-08-28 19:57:21:534] <14591> DeviId:9000400001
INFO	[2012-08-28 19:57:21:534] <14591> AuthYn:N;211.48.34.44;N;;1000;;null;;;
INFO	[2012-08-28 19:57:21:534] <14591> Instmt:00
INFO	[2012-08-28 19:57:21:534] <14591> UserIp:192.168.0.1
INFO	[2012-08-28 19:57:21:534] <14591> partial_mm:
INFO	[2012-08-28 19:57:21:534] <14591> noIntMonth:
INFO	[2012-08-28 19:57:21:534] <14591> KVP_CURRENCY:WON
INFO	[2012-08-28 19:57:21:534] <14591> KVP_CARDCODE:
INFO	[2012-08-28 19:57:21:534] <14591> KVP_SESSIONKEY:
INFO	[2012-08-28 19:57:21:534] <14591> KVP_ENCDATA:
INFO	[2012-08-28 19:57:21:534] <14591> KVP_CONAME:
INFO	[2012-08-28 19:57:21:534] <14591> KVP_NOINT:
INFO	[2012-08-28 19:57:21:534] <14591> KVP_QUOTA:
INFO	[2012-08-28 19:57:21:534] <14591> CardNo:4374360069657003
INFO	[2012-08-28 19:57:21:534] <14591> MPI_CAVV:AAABBwcWAiASCCgZVhYCAAAAAAA=
INFO	[2012-08-28 19:57:21:534] <14591> MPI_ECI:05
INFO	[2012-08-28 19:57:21:534] <14591> MPI_MD64:MjAxMjA4MjgxOTU2NTU2NzMxMDY=
INFO	[2012-08-28 19:57:21:534] <14591> ExpMon:12
INFO	[2012-08-28 19:57:21:534] <14591> ExpYear:2049
INFO	[2012-08-28 19:57:21:534] <14591> Passwd:
INFO	[2012-08-28 19:57:21:534] <14591> SocId:
INFO	[2012-08-28 19:57:21:534] <14591> ICHE_OUTBANKNAME:
INFO	[2012-08-28 19:57:21:534] <14591> ICHE_OUTACCTNO:
INFO	[2012-08-28 19:57:21:534] <14591> ICHE_OUTBANKMASTER:
INFO	[2012-08-28 19:57:21:534] <14591> ICHE_AMOUNT:
INFO	[2012-08-28 19:57:21:534] <14591> HP_SERVERINFO:
INFO	[2012-08-28 19:57:21:534] <14591> HP_HANDPHONE:
INFO	[2012-08-28 19:57:21:534] <14591> HP_COMPANY:
INFO	[2012-08-28 19:57:21:534] <14591> HP_ID:
INFO	[2012-08-28 19:57:21:534] <14591> HP_SUBID:
INFO	[2012-08-28 19:57:21:534] <14591> HP_UNITType:1
INFO	[2012-08-28 19:57:21:534] <14591> HP_IDEN:
INFO	[2012-08-28 19:57:21:534] <14591> HP_IPADDR:
INFO	[2012-08-28 19:57:21:534] <14591> ARS_NAME:
INFO	[2012-08-28 19:57:21:534] <14591> ARS_PHONE:
INFO	[2012-08-28 19:57:21:534] <14591> VIRTUAL_CENTERCD:99
INFO	[2012-08-28 19:57:21:534] <14591> VIRTUAL_DEPODT:
INFO	[2012-08-28 19:57:21:535] <14591> ZuminCode:
INFO	[2012-08-28 19:57:21:535] <14591> MallPage:/mall/AGS_VirAcctResult.php
INFO	[2012-08-28 19:57:21:535] <14591> VIRTUAL_NO:
INFO	[2012-08-28 19:57:21:535] <14591> ES_SENDNO:
INFO	[2012-08-28 19:57:21:535] <14591> ICHE_SOCKETYN:Y
INFO	[2012-08-28 19:57:21:535] <14591> ICHE_POSMTID:
INFO	[2012-08-28 19:57:21:535] <14591> ICHE_FNBCMTID:
INFO	[2012-08-28 19:57:21:535] <14591> ICHE_APTRTS:
INFO	[2012-08-28 19:57:21:535] <14591> ICHE_REMARK1:
INFO	[2012-08-28 19:57:21:535] <14591> ICHE_REMARK2:
INFO	[2012-08-28 19:57:21:535] <14591> ICHE_ECWYN:
INFO	[2012-08-28 19:57:21:535] <14591> ICHE_ECWID:
INFO	[2012-08-28 19:57:21:535] <14591> ICHE_ECWAMT1:
INFO	[2012-08-28 19:57:21:535] <14591> ICHE_ECWAMT2:
INFO	[2012-08-28 19:57:21:535] <14591> ICHE_CASHYN:N
INFO	[2012-08-28 19:57:21:535] <14591> ICHE_CASHGUBUN_CD:
INFO	[2012-08-28 19:57:21:535] <14591> ICHE_CASHID_NO:
INFO	[2012-08-28 19:57:21:535] <14591> ICHEARS_SOCKETYN:Y
INFO	[2012-08-28 19:57:21:535] <14591> ICHEARS_ADMNO:
INFO	[2012-08-28 19:57:21:535] <14591> ICHEARS_POSMTID:
INFO	[2012-08-28 19:57:21:535] <14591> ICHEARS_CENTERCD:
INFO	[2012-08-28 19:57:21:535] <14591> ICHEARS_HPNO:
INFO	[2012-08-28 19:57:21:535] <14591> card Pay Result Value [
INFO	[2012-08-28 19:57:21:535] <14591> rSuccYn:n
INFO	[2012-08-28 19:57:21:535] <14591> rResMsg:상품명 입력여부 확인요망 <br>
INFO	[2012-08-28 19:57:21:535] <14591> ]
INFO	[2012-08-28 19:57:21:535] <14591> END   Transaction time:[0.002sec]
INFO	[2012-08-28 19:57:21:535] <14591> ===============================================================
